[12:08:06 B] 0,0;2,1
[12:08:06 A] 2,1;0,0
[12:08:06 B] 0,0;0,0
[12:08:06 A] 0,0;0,1
[12:08:06 B] 0,1;1,0
[12:08:06 A] 1,0;0,0
[12:08:06 B] 0,0;2,2
[12:08:06 A] 2,2;0,0
[12:08:06 B] 0,0;0,2
[12:08:06 A] 0,2;0,0
[12:08:06 B] 0,0;2,0
[12:08:06 A] 2,0;0,0
[12:08:06 B] 1,2;2,2
[12:08:06 A] 2,2;0,1
[12:08:06 B] 0,1;2,2
[12:08:06 A] 2,2;0,2
[12:08:06 B] 0,2;1,1
[12:08:06 A] 1,1;0,0
[12:08:06 B] 1,0;1,2
[12:08:06 A] 1,2;0,0
[12:08:06 B] 2,0;0,2
[12:08:06 A] 0,2;0,1
[12:08:06 B] 0,1;2,1
[12:08:06 A] 2,1;0,1
[12:08:06 B] 0,1;0,1
[12:08:06 A] 0,1;2,0
[12:08:06 B] 2,0;1,0
[12:08:06 A] 1,0;0,1
[12:08:06 B] 0,1;1,2
[12:08:06 A] 1,2;0,1
[12:08:06 B] 0,1;0,0
[12:08:06 A] 0,1;0,2
[12:08:06 B] 0,2;0,2
[12:08:06 A] 0,2;2,0
[12:08:06 B] 2,0;1,2
[12:08:06 A] 1,2;0,2
[12:08:06 B] 0,2;2,1
[12:08:06 A] 2,1;0,2
[12:08:06 B] 0,2;2,2
[12:08:06 A] 0,1;1,1
[12:08:06 B] 1,1;1,2
[12:08:06 A] 0,2;1,0
[12:08:06 A] 0,0;0,0
[12:08:06 B] 0,0;1,1
[12:08:06 A] 1,1;0,0
[12:08:06 B] 0,0;2,2
[12:08:06 A] 2,2;0,0
[12:08:06 B] 0,0;0,1
[12:08:06 A] 0,1;0,0
[12:08:06 B] 0,0;2,0
[12:08:06 A] 2,0;0,0
[12:08:06 B] 0,0;1,2
[12:08:06 A] 1,2;0,0
[12:08:07 B] 0,0;1,0
[12:08:07 A] 1,0;0,0
[12:08:07 B] 2,1;2,2
[12:08:07 A] 2,2;0,1
[12:08:07 B] 0,1;1,1
[12:08:07 A] 1,1;0,1
[12:08:07 B] 0,1;2,2
[12:08:07 A] 2,2;0,2
[12:08:07 B] 0,2;1,2
[12:08:07 A] 1,2;0,1
[12:08:07 B] 0,1;1,0
[12:08:07 A] 1,0;0,1
[12:08:07 B] 0,1;2,1
[12:08:07 A] 2,1;0,0
[12:08:07 B] 0,1;0,1
[12:08:07 A] 1,0;0,2
[12:08:07 B] 0,2;0,0
[12:08:07 A] 1,1;0,2
[12:08:07 B] 0,2;1,0
[12:08:07 A] 0,2;1,1
[12:08:07 B] 2,1;1,2
[12:08:07 A] 1,2;0,2
[12:08:07 B] 0,0;0,2
[12:08:07 A] 0,2;0,0
[12:08:07 B] 0,0;1,0
[12:08:07 A] 1,0;0,0
[12:08:07 B] 0,0;2,1
[12:08:07 A] 2,1;0,0
[12:08:07 B] 0,0;2,0
[12:08:07 A] 2,0;0,0
[12:08:07 B] 0,0;2,2
[12:08:07 A] 2,2;0,0
[12:08:07 B] 2,0;1,1
[12:08:07 A] 1,1;0,0
[12:08:07 B] 2,2;1,1
[12:08:07 A] 1,1;0,1
[12:08:07 B] 0,1;2,1
[12:08:07 A] 2,1;0,1
[12:08:07 B] 0,1;2,0
[12:08:07 A] 2,0;0,1
[12:08:07 B] 0,1;0,2
[12:08:07 A] 0,2;0,1
[12:08:07 B] 0,1;0,1
[12:08:07 A] 0,1;0,0
[12:08:07 B] 1,2;0,1
[12:08:07 A] 0,1;2,2
[12:08:07 B] 2,2;0,2
[12:08:07 A] 0,2;0,2
[12:08:07 B] 2,2;2,2
[12:08:07 A] 2,2;1,2
[12:08:07 B] 1,2;1,1
[12:08:07 A] 1,1;0,2
[12:08:07 B] 1,0;0,1
[12:08:07 A] 0,1;1,1
[12:08:07 B] 2,2;2,1
[12:08:07 A] 2,1;0,2
[12:08:07 A] 0,0;0,0
[12:08:07 B] 0,0;1,2
[12:08:07 A] 1,2;0,0
[12:08:07 B] 0,0;2,2
[12:08:07 A] 2,2;0,0
[12:08:07 B] 0,0;0,2
[12:08:07 A] 0,2;0,0
[12:08:07 B] 0,2;1,1
[12:08:07 A] 1,1;0,0
[12:08:07 B] 1,1;1,1
[12:08:07 A] 1,1;0,1
[12:08:07 B] 0,1;2,1
[12:08:07 A] 2,1;0,0
[12:08:07 B] 0,1;0,1
[12:08:07 A] 0,1;1,1
[12:08:07 B] 1,1;1,2
[12:08:07 A] 1,2;0,1
[12:08:07 B] 0,1;2,2
[12:08:07 A] 2,2;0,1
[12:08:07 B] 0,1;2,0
[12:08:07 A] 2,0;0,0
[12:08:07 B] 2,0;0,2
[12:08:07 A] 0,2;0,1
[12:08:07 B] 2,2;1,2
[12:08:07 A] 1,2;0,2
[12:08:07 B] 0,2;1,0
[12:08:07 A] 1,0;0,0
[12:08:07 B] 2,2;2,2
[12:08:07 A] 2,2;0,2
[12:08:07 B] 0,2;2,1
[12:08:07 A] 2,1;0,1
[12:08:07 B] 2,1;1,0
[12:08:07 A] 1,0;0,1
[12:08:07 B] 0,2;0,2
[12:08:07 A] 0,2;1,2
[12:08:07 B] 2,0;2,1
[12:08:07 A] 2,1;0,2
[12:08:07 B] 0,2;2,0
[12:08:07 B] 0,0;1,0
[12:08:07 A] 1,0;0,0
[12:08:07 B] 0,0;2,2
[12:08:07 A] 2,2;0,0
[12:08:07 B] 0,0;1,2
[12:08:07 A] 1,2;0,0
[12:08:07 B] 0,0;1,1
[12:08:07 A] 1,1;0,0
[12:08:07 B] 0,1;1,1
[12:08:07 A] 1,1;0,1
[12:08:07 B] 0,1;2,2
[12:08:07 A] 2,2;0,1
[12:08:07 B] 0,1;0,1
[12:08:07 A] 0,1;2,1
[12:08:07 B] 2,1;2,1
[12:08:07 A] 2,1;0,0
[12:08:07 B] 2,2;1,2
[12:08:07 A] 1,2;0,1
[12:08:07 B] 0,1;1,2
[12:08:07 A] 1,2;0,2
[12:08:07 B] 0,2;2,2
[12:08:07 A] 2,2;0,2
[12:08:07 B] 0,2;1,1
[12:08:07 A] 1,1;0,2
[12:08:07 B] 0,2;1,2
[12:08:07 A] 0,1;1,0
[12:08:07 B] 1,0;1,0
[12:08:07 A] 1,0;0,1
[12:08:07 B] 0,1;0,2
[12:08:07 A] 0,2;1,0
[12:08:07 B] 1,0;1,2
[12:08:07 A] 0,2;0,2
[12:08:07 B] 0,2;2,0
[12:08:07 A] 2,0;0,0
[12:08:07 B] 0,2;0,0
[12:08:07 A] 0,0;0,0
[12:08:07 B] 0,0;1,2
[12:08:07 A] 1,2;0,0
[12:08:07 B] 0,0;1,1
[12:08:07 A] 1,1;0,0
[12:08:07 B] 0,0;2,1
[12:08:07 A] 2,1;0,0
[12:08:07 B] 0,0;2,2
[12:08:07 A] 2,2;0,0
[12:08:07 B] 0,0;0,2
[12:08:07 A] 0,2;0,0
[12:08:07 B] 2,2;2,2
[12:08:07 A] 2,2;0,1
[12:08:07 B] 0,1;1,2
[12:08:07 A] 1,2;0,1
[12:08:07 B] 0,1;0,2
[12:08:07 A] 0,2;0,1
[12:08:07 B] 0,1;0,1
[12:08:07 A] 0,1;0,0
[12:08:07 B] 2,1;2,0
[12:08:07 A] 2,0;0,0
[12:08:07 B] 0,2;2,0
[12:08:07 A] 2,0;0,1
[12:08:07 B] 0,1;1,1
[12:08:07 A] 1,1;0,1
[12:08:07 B] 0,1;2,2
[12:08:07 A] 2,2;0,2
[12:08:07 B] 0,2;1,2
[12:08:07 A] 1,2;0,2
[12:08:07 B] 0,2;2,2
[12:08:07 A] 0,2;0,2
[12:08:07 B] 0,0;0,0
[12:08:07 A] 0,0;0,1
[12:08:07 B] 0,1;1,0
[12:08:07 A] 1,0;0,0
[12:08:07 B] 0,0;1,0
[12:08:07 A] 1,0;0,1
[12:08:07 B] 0,1;2,2
[12:08:07 A] 2,2;0,0
[12:08:07 B] 0,0;2,2
[12:08:07 A] 2,2;0,1
[12:08:07 B] 0,1;2,0
[12:08:07 A] 2,0;0,0
[12:08:07 B] 0,0;1,2
[12:08:07 A] 1,2;0,0
[12:08:07 B] 0,0;2,1
[12:08:07 A] 2,1;0,0
[12:08:07 B] 0,0;2,0
[12:08:07 A] 2,0;0,1
[12:08:07 B] 0,1;1,1
[12:08:07 A] 1,1;0,0
[12:08:07 B] 0,2;0,1
[12:08:07 A] 0,1;1,2
[12:08:07 B] 1,2;0,2
[12:08:07 A] 0,2;0,0
[12:08:07 B] 2,1;1,0
[12:08:07 A] 1,0;0,2
[12:08:07 B] 0,2;1,2
[12:08:07 A] 1,2;0,1
[12:08:07 B] 0,1;2,1
[12:08:07 A] 2,1;0,1
[12:08:07 B] 0,2;2,2
[12:08:07 A] 2,2;0,2
[12:08:07 B] 0,2;2,0
[12:08:07 A] 2,0;0,2
[12:08:07 B] 0,2;0,2
[12:08:07 A] 0,0;0,0
[12:08:07 B] 0,0;1,2
[12:08:07 A] 1,2;0,0
[12:08:07 B] 0,0;2,0
[12:08:07 A] 2,0;0,0
[12:08:07 B] 0,0;0,2
[12:08:07 A] 0,2;0,0
[12:08:07 B] 0,0;1,1
[12:08:07 A] 1,1;0,0
[12:08:07 B] 0,2;1,2
[12:08:07 A] 1,2;0,1
[12:08:07 B] 0,1;0,1
[12:08:07 A] 0,1;0,0
[12:08:07 B] 2,0;2,0
[12:08:07 A] 2,0;0,1
[12:08:07 B] 0,1;1,1
[12:08:07 A] 1,1;0,1
[12:08:07 B] 0,1;2,2
[12:08:07 A] 2,2;0,0
[12:08:07 B] 0,1;2,0
[12:08:07 A] 2,0;0,2
[12:08:07 B] 0,2;2,2
[12:08:07 A] 2,2;0,1
[12:08:07 B] 0,1;1,0
[12:08:07 A] 1,0;0,0
[12:08:07 B] 1,0;1,2
[12:08:07 A] 1,2;0,2
[12:08:07 B] 0,2;2,0
[12:08:07 A] 0,1;1,2
[12:08:07 B] 2,2;2,2
[12:08:07 A] 2,2;0,2
[12:08:07 B] 0,2;0,2
[12:08:07 A] 0,1;2,1
[12:08:07 B] 2,1;2,2
[12:08:07 A] 0,1;0,2
[12:08:07 B] 1,1;2,0
[12:08:07 A] 1,1;0,2
[12:08:07 B] 2,1;0,1
[12:08:07 A] 1,0;0,1
[12:08:07 B] 1,0;1,1
[12:08:07 A] 1,0;0,2
[12:08:07 B] 0,0;1,1
[12:08:07 A] 1,1;0,0
[12:08:07 B] 0,0;1,0
[12:08:07 A] 1,0;0,0
[12:08:07 B] 0,0;2,1
[12:08:07 A] 2,1;0,0
[12:08:07 B] 0,0;2,0
[12:08:07 A] 2,0;0,0
[12:08:07 B] 0,0;1,2
[12:08:07 A] 1,2;0,0
[12:08:07 B] 1,1;1,0
[12:08:07 A] 1,0;0,1
[12:08:07 B] 0,1;2,0
[12:08:07 A] 2,0;0,1
[12:08:07 B] 0,1;0,2
[12:08:07 A] 0,2;0,0
[12:08:07 B] 2,2;0,1
[12:08:07 A] 0,1;1,1
[12:08:07 B] 1,1;2,0
[12:08:07 A] 2,0;0,2
[12:08:07 B] 0,2;1,2
[12:08:07 A] 1,2;0,1
[12:08:07 B] 0,1;2,1
[12:08:07 A] 2,1;0,1
[12:08:07 B] 0,1;1,2
[12:08:07 A] 1,2;0,2
[12:08:07 B] 0,2;0,1
[12:08:07 A] 0,1;2,2
[12:08:07 B] 2,2;2,2
[12:08:07 A] 2,2;0,0
[12:08:07 B] 0,2;1,1
[12:08:07 A] 1,1;0,1
[12:08:07 B] 0,1;0,1
[12:08:08 A] 0,1;0,0
[12:08:08 B] 1,0;1,0
[12:08:08 A] 1,0;0,2
[12:08:08 B] 0,2;2,1
[12:08:08 A] 2,1;0,2
[12:08:08 B] 2,2;2,1
[12:08:08 A] 1,1;0,2
[12:08:08 A] 0,0;0,0
[12:08:08 B] 0,0;1,1
[12:08:08 A] 1,1;0,0
[12:08:08 B] 0,0;1,2
[12:08:08 A] 1,2;0,0
[12:08:08 B] 0,0;0,1
[12:08:08 A] 0,1;0,0
[12:08:08 B] 0,0;0,2
[12:08:08 A] 0,2;0,0
[12:08:08 B] 0,0;2,0
[12:08:08 A] 2,0;0,0
[12:08:08 B] 1,0;0,0
[12:08:08 A] 0,1;0,1
[12:08:08 B] 0,1;1,1
[12:08:08 A] 1,1;0,1
[12:08:08 B] 0,1;2,0
[12:08:08 A] 2,0;0,1
[12:08:08 B] 0,1;2,1
[12:08:08 A] 2,1;0,0
[12:08:08 B] 0,1;1,2
[12:08:08 A] 1,2;0,1
[12:08:08 B] 0,1;2,2
[12:08:08 A] 2,2;0,0
[12:08:08 B] 2,2;1,2
[12:08:08 A] 1,2;0,2
[12:08:08 B] 0,2;2,1
[12:08:08 A] 2,1;0,1
[12:08:08 B] 1,0;1,1
[12:08:08 A] 1,1;0,2
[12:08:08 B] 0,2;0,2
[12:08:08 A] 0,2;0,1
[12:08:08 B] 0,2;1,2
[12:08:08 A] 0,2;2,2
[12:08:08 B] 2,2;2,2
[12:08:08 A] 2,2;0,2
[12:08:08 B] 0,2;2,0
[12:08:08 A] 2,0;0,2
[12:08:08 B] 0,2;1,0
[12:08:08 A] 1,0;2,2
[12:08:08 B] 2,2;1,0
[12:08:08 A] 1,0;0,1
[12:08:08 B] 2,1;2,1
[12:08:08 A] 2,1;0,2
[12:08:08 B] 0,2;1,1
[12:08:08 B] 0,0;2,1
[12:08:08 A] 2,1;0,0
[12:08:08 B] 0,0;0,2
[12:08:08 A] 0,2;0,0
[12:08:08 B] 0,0;2,0
[12:08:08 A] 2,0;0,0
[12:08:08 B] 0,0;0,0
[12:08:08 A] 0,0;0,1
[12:08:08 B] 0,1;2,2
[12:08:08 A] 2,2;0,0
[12:08:08 B] 0,0;1,0
[12:08:08 A] 1,0;0,0
[12:08:08 B] 2,1;2,2
[12:08:08 A] 2,2;0,1
[12:08:08 B] 0,1;2,1
[12:08:08 A] 2,1;0,1
[12:08:08 B] 0,1;1,1
[12:08:08 A] 1,1;0,0
[12:08:08 B] 2,1;1,0
[12:08:08 A] 1,0;0,1
[12:08:08 B] 0,1;0,0
[12:08:08 A] 1,0;0,2
[12:08:08 B] 0,2;2,0
[12:08:08 A] 2,0;0,1
[12:08:08 B] 2,2;1,1
[12:08:08 A] 1,1;0,1
[12:08:08 B] 0,2;2,2
[12:08:08 A] 2,2;0,2
[12:08:08 B] 0,2;1,1
[12:08:08 A] 1,1;0,2
[12:08:08 B] 0,2;1,2
[12:08:08 A] 1,2;0,0
[12:08:08 B] 1,2;2,1
[12:08:08 A] 2,1;0,2
[12:08:08 B] 0,2;2,1
[12:08:08 A] 0,0;0,0
[12:08:08 B] 0,0;1,2
[12:08:08 A] 1,2;0,0
[12:08:08 B] 0,0;0,2
[12:08:08 A] 0,2;0,0
[12:08:08 B] 0,0;2,0
[12:08:08 A] 2,0;0,0
[12:08:08 B] 0,0;1,1
[12:08:08 A] 1,1;0,0
[12:08:08 B] 0,2;0,2
[12:08:08 A] 0,2;0,1
[12:08:08 B] 0,1;0,2
[12:08:08 A] 0,2;1,0
[12:08:08 B] 1,0;1,2
[12:08:08 A] 1,2;0,1
[12:08:08 B] 0,1;2,1
[12:08:08 A] 2,1;0,0
[12:08:08 B] 2,0;2,1
[12:08:08 A] 2,1;0,1
[12:08:08 B] 0,1;2,2
[12:08:08 A] 2,2;0,0
[12:08:08 B] 1,1;1,2
[12:08:08 A] 1,2;0,2
[12:08:08 B] 0,2;2,2
[12:08:08 A] 2,2;0,1
[12:08:08 B] 0,1;1,2
[12:08:08 A] 0,2;2,0
[12:08:08 B] 2,0;2,2
[12:08:08 A] 2,2;0,2
[12:08:08 B] 0,0;0,0
[12:08:08 A] 0,0;0,1
[12:08:08 B] 0,1;1,2
[12:08:08 A] 1,2;0,0
[12:08:08 B] 0,0;2,0
[12:08:08 A] 2,0;0,0
[12:08:08 B] 0,0;2,1
[12:08:08 A] 2,1;0,0
[12:08:08 B] 0,0;1,0
[12:08:08 A] 1,0;0,0
[12:08:08 B] 1,2;1,0
[12:08:08 A] 1,0;0,1
[12:08:08 B] 0,1;0,2
[12:08:08 A] 0,2;0,0
[12:08:08 B] 0,1;2,2
[12:08:08 A] 2,2;0,0
[12:08:08 B] 2,0;2,0
[12:08:08 A] 2,0;0,1
[12:08:08 B] 0,2;1,1
[12:08:08 A] 1,1;0,0
[12:08:08 B] 1,1;0,2
[12:08:08 A] 0,2;0,1
[12:08:08 B] 2,0;1,0
[12:08:08 A] 1,0;0,2
[12:08:08 B] 0,2;2,0
[12:08:08 A] 2,0;0,2
[12:08:08 B] 0,2;0,2
[12:08:08 A] 0,0;0,0
[12:08:08 B] 0,0;1,2
[12:08:08 A] 1,2;0,0
[12:08:08 B] 0,0;2,1
[12:08:08 A] 2,1;0,0
[12:08:08 B] 0,0;2,0
[12:08:08 A] 2,0;0,0
[12:08:08 B] 0,0;2,2
[12:08:08 A] 2,2;0,0
[12:08:08 B] 2,2;1,0
[12:08:08 A] 1,0;0,0
[12:08:08 B] 1,0;2,0
[12:08:08 A] 2,0;0,1
[12:08:08 B] 0,1;0,2
[12:08:08 A] 0,2;0,0
[12:08:08 B] 0,2;0,1
[12:08:08 A] 0,1;0,0
[12:08:08 B] 0,1;0,1
[12:08:08 A] 0,1;1,0
[12:08:08 B] 1,0;1,2
[12:08:08 A] 1,2;0,1
[12:08:08 B] 0,1;2,0
[12:08:08 A] 2,0;0,2
[12:08:08 B] 0,2;2,1
[12:08:08 A] 2,1;0,1
[12:08:08 B] 0,1;2,2
[12:08:08 A] 2,2;0,1
[12:08:08 B] 0,1;1,1
[12:08:08 A] 1,1;0,0
[12:08:08 B] 2,2;1,2
[12:08:08 A] 1,2;0,2
[12:08:08 B] 0,2;2,0
[12:08:08 A] 0,2;2,2
[12:08:08 B] 2,2;1,1
[12:08:08 A] 1,1;0,1
[12:08:08 B] 2,1;1,0
[12:08:08 A] 1,0;0,1
[12:08:08 B] 2,1;1,1
[12:08:08 A] 1,1;0,2
[12:08:08 B] 0,2;1,2
[12:08:08 A] 0,2;1,1
[12:08:08 B] 0,0;2,2
[12:08:08 A] 2,2;0,0
[12:08:08 B] 0,0;0,2
[12:08:08 A] 0,2;0,0
[12:08:08 B] 0,0;0,0
[12:08:08 A] 0,0;0,1
[12:08:08 B] 0,1;2,0
[12:08:08 A] 2,0;0,0
[12:08:08 B] 0,0;1,0
[12:08:08 A] 1,0;0,0
[12:08:08 B] 0,0;2,1
[12:08:08 A] 2,1;0,0
[12:08:08 B] 0,0;1,2
[12:08:08 A] 1,2;0,0
[12:08:08 B] 2,0;0,1
[12:08:08 A] 0,1;0,0
[12:08:08 B] 0,2;2,1
[12:08:08 A] 2,1;0,1
[12:08:08 B] 0,1;1,2
[12:08:08 A] 1,2;0,1
[12:08:08 B] 0,1;1,0
[12:08:08 A] 1,0;0,1
[12:08:08 B] 0,1;2,2
[12:08:08 A] 2,2;0,1
[12:08:08 B] 0,1;2,1
[12:08:08 A] 2,1;0,2
[12:08:08 B] 0,2;1,2
[12:08:08 A] 1,2;0,2
[12:08:08 B] 0,2;0,2
[12:08:08 A] 0,2;2,2
[12:08:08 B] 2,2;2,0
[12:08:08 A] 2,0;0,2
[12:08:08 B] 0,2;2,0
[12:08:08 A] 2,0;1,0
[12:08:08 B] 1,0;2,1
[12:08:08 A] 0,2;1,1
[12:08:08 B] 1,1;2,0
[12:08:08 A] 2,0;2,0
[12:08:08 B] 2,2;2,1
[12:08:08 A] 1,0;0,2
[12:08:08 B] 2,2;1,1
[12:08:08 A] 1,1;0,0
[12:08:08 B] 1,1;1,1
[12:08:08 A] 1,1;0,2
[12:08:08 B] 1,1;0,1
[12:08:08 A] 1,1;2,1
[12:08:08 B] 2,2;1,2
[12:08:08 A] 2,2;0,2
[12:08:08 A] 0,0;0,0
[12:08:08 B] 0,0;1,0
[12:08:08 A] 1,0;0,0
[12:08:08 B] 0,0;1,2
[12:08:08 A] 1,2;0,0
[12:08:08 B] 0,0;0,1
[12:08:08 A] 0,1;0,0
[12:08:08 B] 0,0;2,1
[12:08:08 A] 2,1;0,0
[12:08:08 B] 0,0;0,2
[12:08:08 A] 0,2;0,0
[12:08:08 B] 0,0;2,0
[12:08:08 A] 2,0;0,0
[12:08:08 B] 0,0;1,1
[12:08:08 A] 1,1;0,0
[12:08:08 B] 2,1;2,2
[12:08:08 A] 2,2;0,0
[12:08:08 B] 2,0;0,2
[12:08:08 A] 0,2;0,1
[12:08:08 B] 0,1;2,2
[12:08:08 A] 2,2;0,1
[12:08:08 B] 0,1;0,2
[12:08:08 A] 0,2;0,2
[12:08:08 B] 2,2;2,0
[12:08:08 A] 2,0;0,1
[12:08:08 B] 0,1;1,2
[12:08:08 A] 1,2;0,1
[12:08:08 B] 1,1;2,1
[12:08:08 A] 2,1;0,1
[12:08:08 B] 1,1;2,2
[12:08:08 A] 2,2;0,2
[12:08:08 B] 2,1;2,1
[12:08:08 A] 2,1;0,2
[12:08:08 B] 1,1;1,2
[12:08:08 A] 1,2;0,2
[12:08:08 B] 0,0;0,1
[12:08:08 A] 0,1;0,0
[12:08:08 B] 0,0;2,0
[12:08:08 A] 2,0;0,0
[12:08:08 B] 0,0;2,1
[12:08:08 A] 2,1;0,0
[12:08:08 B] 0,0;1,2
[12:08:08 A] 1,2;0,0
[12:08:09 B] 0,0;0,2
[12:08:09 A] 0,2;0,0
[12:08:09 B] 0,0;1,1
[12:08:09 A] 1,1;0,0
[12:08:09 B] 0,2;2,2
[12:08:09 A] 2,2;0,0
[12:08:09 B] 0,1;1,1
[12:08:09 A] 1,1;0,1
[12:08:09 B] 0,1;2,0
[12:08:09 A] 2,0;0,1
[12:08:09 B] 0,1;2,1
[12:08:09 A] 2,1;0,1
[12:08:09 B] 0,1;0,2
[12:08:09 A] 0,2;0,1
[12:08:09 B] 1,1;1,1
[12:08:09 A] 1,1;0,2
[12:08:09 B] 0,2;2,0
[12:08:09 A] 2,0;0,2
[12:08:09 B] 0,2;0,2
[12:08:09 A] 0,2;2,1
[12:08:09 B] 2,1;0,2
[12:08:09 A] 0,2;1,1
[12:08:09 A] 0,0;0,0
[12:08:09 B] 0,0;0,1
[12:08:09 A] 0,1;0,0
[12:08:09 B] 0,0;0,2
[12:08:09 A] 0,2;0,0
[12:08:09 B] 0,0;1,1
[12:08:09 A] 1,1;0,0
[12:08:09 B] 0,0;1,0
[12:08:09 A] 1,0;0,0
[12:08:09 B] 0,0;2,0
[12:08:09 A] 2,0;0,0
[12:08:09 B] 0,1;1,1
[12:08:09 A] 1,1;0,1
[12:08:09 B] 0,1;2,2
[12:08:09 A] 2,2;0,0
[12:08:09 B] 1,1;2,1
[12:08:09 A] 2,1;0,0
[12:08:09 B] 2,0;0,1
[12:08:09 A] 0,1;0,1
[12:08:09 B] 0,1;1,0
[12:08:09 A] 1,0;0,1
[12:08:09 B] 0,1;1,2
[12:08:09 A] 1,2;0,0
[12:08:09 B] 1,1;2,0
[12:08:09 A] 2,0;0,2
[12:08:09 B] 0,2;0,2
[12:08:09 A] 0,2;0,1
[12:08:09 B] 2,2;0,2
[12:08:09 A] 0,2;1,0
[12:08:09 B] 1,0;2,2
[12:08:09 A] 2,2;0,1
[12:08:09 B] 2,0;1,2
[12:08:09 A] 1,2;0,1
[12:08:09 B] 1,1;1,1
[12:08:09 A] 1,1;0,2
[12:08:09 B] 0,2;1,1
[12:08:09 A] 0,2;2,0
[12:08:09 B] 2,0;2,0
[12:08:09 A] 2,0;1,0
[12:08:09 B] 1,0;1,1
[12:08:09 A] 1,0;0,2
[12:08:09 B] 2,2;2,2
[12:08:09 A] 2,2;1,2
[12:08:09 B] 1,2;2,1
[12:08:09 A] 2,1;0,1
[12:08:09 B] 1,2;1,0
[12:08:09 A] 1,2;0,2
[12:08:09 B] 0,0;1,0
[12:08:09 A] 1,0;0,0
[12:08:09 B] 0,0;2,0
[12:08:09 A] 2,0;0,0
[12:08:09 B] 0,0;1,2
[12:08:09 A] 1,2;0,0
[12:08:09 B] 0,0;0,1
[12:08:09 A] 0,1;0,0
[12:08:09 B] 0,0;0,0
[12:08:09 A] 0,1;0,1
[12:08:09 B] 0,1;1,2
[12:08:09 A] 1,2;0,1
[12:08:09 B] 0,1;2,1
[12:08:09 A] 2,1;0,0
[12:08:09 B] 0,1;0,2
[12:08:09 A] 0,2;0,0
[12:08:09 B] 2,0;1,2
[12:08:09 A] 1,2;0,2
[12:08:09 B] 0,2;2,1
[12:08:09 A] 2,1;0,1
[12:08:09 B] 0,1;1,1
[12:08:09 A] 1,1;0,0
[12:08:09 B] 0,2;1,0
[12:08:09 A] 1,0;0,1
[12:08:09 B] 0,1;2,0
[12:08:09 A] 2,0;0,1
[12:08:09 B] 2,1;2,1
[12:08:09 A] 2,1;0,2
[12:08:09 B] 0,2;0,1
[12:08:09 A] 0,2;1,1
[12:08:09 B] 1,1;0,2
[12:08:09 A] 0,2;2,2
[12:08:09 B] 2,2;1,1
[12:08:09 A] 1,1;0,1
[12:08:09 B] 1,1;2,0
[12:08:09 A] 2,0;0,2
[12:08:09 B] 1,0;1,0
[12:08:09 A] 1,0;0,2
[12:08:09 B] 1,1;1,2
[12:08:09 A] 1,1;2,2
[12:08:09 B] 2,2;2,2
[12:08:09 A] 2,2;0,0
[12:08:09 B] 2,2;0,1
[12:08:09 A] 1,1;1,1
[12:08:09 A] 0,0;0,0
[12:08:09 B] 0,0;2,2
[12:08:09 A] 2,2;0,0
[12:08:09 B] 0,0;1,0
[12:08:09 A] 1,0;0,0
[12:08:09 B] 0,0;1,2
[12:08:09 A] 1,2;0,0
[12:08:09 B] 0,0;0,2
[12:08:09 A] 0,2;0,0
[12:08:09 B] 2,1;1,2
[12:08:09 A] 1,2;0,1
[12:08:09 B] 0,1;1,2
[12:08:09 A] 1,2;0,2
[12:08:09 B] 0,2;2,2
[12:08:09 A] 2,2;0,1
[12:08:09 B] 0,1;2,0
[12:08:09 A] 2,0;0,0
[12:08:09 B] 0,2;0,1
[12:08:09 A] 0,1;0,0
[12:08:09 B] 2,1;2,0
[12:08:09 A] 2,0;0,1
[12:08:09 B] 0,1;1,0
[12:08:09 A] 1,0;0,1
[12:08:09 B] 0,1;0,2
[12:08:09 A] 0,2;0,2
[12:08:09 B] 0,2;2,1
[12:08:09 A] 2,1;0,0
[12:08:09 B] 0,1;2,1
[12:08:09 A] 2,1;0,1
[12:08:09 B] 0,1;1,1
[12:08:09 A] 1,1;0,0
[12:08:09 B] 2,2;1,1
[12:08:09 A] 1,1;0,1
[12:08:09 B] 2,0;1,1
[12:08:09 A] 1,1;0,2
[12:08:09 B] 0,2;1,0
[12:08:09 A] 1,0;0,2
[12:08:09 B] 0,0;2,1
[12:08:09 A] 2,1;0,0
[12:08:09 B] 0,0;1,2
[12:08:09 A] 1,2;0,0
[12:08:09 B] 0,0;2,0
[12:08:09 A] 2,0;0,0
[12:08:09 B] 0,0;2,2
[12:08:09 A] 2,2;0,0
[12:08:09 B] 1,1;2,2
[12:08:09 A] 2,2;0,1
[12:08:09 B] 0,1;1,0
[12:08:09 A] 1,0;0,0
[12:08:09 B] 2,1;2,2
[12:08:09 A] 2,2;0,2
[12:08:09 B] 0,2;1,2
[12:08:09 A] 1,2;0,1
[12:08:09 B] 0,1;0,0
[12:08:09 A] 0,1;2,0
[12:08:09 B] 2,0;1,0
[12:08:09 A] 1,0;0,1
[12:08:09 B] 0,1;1,1
[12:08:09 A] 1,1;0,0
[12:08:09 B] 2,0;0,1
[12:08:09 A] 0,1;1,2
[12:08:09 B] 1,2;0,2
[12:08:09 A] 0,2;0,0
[12:08:09 B] 0,1;0,2
[12:08:09 A] 0,2;0,1
[12:08:09 B] 0,1;2,1
[12:08:09 A] 2,1;0,1
[12:08:09 B] 0,1;2,2
[12:08:09 A] 0,2;0,2
[12:08:09 B] 2,0;0,2
[12:08:09 A] 1,0;0,2
[12:08:09 B] 1,2;2,2
[12:08:09 A] 1,2;1,2
[12:08:09 B] 1,2;2,1
[12:08:09 A] 2,1;0,2
[12:08:09 B] 1,1;1,0
[12:08:09 A] 1,2;2,0
[12:08:09 B] 2,0;1,1
[12:08:09 A] 1,1;0,1
[12:08:09 B] 1,1;1,1
[12:08:09 A] 1,1;0,2
[12:08:09 B] 1,2;1,1
[12:08:09 A] 1,2;1,0
[12:08:09 A] 0,0;0,0
[12:08:09 B] 0,0;2,0
[12:08:09 A] 2,0;0,0
[12:08:09 B] 0,0;2,1
[12:08:09 A] 2,1;0,0
[12:08:09 B] 0,0;1,0
[12:08:09 A] 1,0;0,0
[12:08:09 B] 0,0;1,1
[12:08:09 A] 1,1;0,0
[12:08:09 B] 0,0;0,1
[12:08:09 A] 0,1;0,0
[12:08:09 B] 2,2;1,0
[12:08:09 A] 1,0;0,1
[12:08:09 B] 0,1;1,1
[12:08:09 A] 1,1;0,1
[12:08:09 B] 0,1;1,0
[12:08:09 A] 1,0;0,2
[12:08:09 B] 0,2;2,2
[12:08:09 A] 2,2;0,0
[12:08:09 B] 2,1;1,1
[12:08:09 A] 1,1;0,2
[12:08:09 B] 0,2;2,1
[12:08:09 A] 2,1;0,1
[12:08:09 B] 0,1;0,2
[12:08:09 A] 0,2;2,0
[12:08:09 B] 2,0;2,2
[12:08:09 A] 2,2;0,1
[12:08:09 B] 0,1;0,1
[12:08:09 A] 0,1;1,2
[12:08:09 B] 1,2;1,2
[12:08:09 A] 1,2;0,0
[12:08:09 B] 2,0;0,1
[12:08:09 A] 0,1;2,1
[12:08:09 B] 2,1;2,2
[12:08:09 A] 2,2;0,2
[12:08:09 B] 0,2;1,0
[12:08:09 A] 0,1;2,0
[12:08:09 B] 2,0;2,1
[12:08:09 A] 2,1;0,2
[12:08:09 B] 0,2;1,2
[12:08:09 A] 1,2;0,1
[12:08:09 B] 0,1;2,2
[12:08:09 A] 0,2;1,1
[12:08:09 B] 2,0;2,0
[12:08:09 A] 0,2;0,2
[12:08:09 B] 1,2;1,1
[12:08:09 A] 1,2;0,2
[12:08:09 B] 0,0;1,0
[12:08:09 A] 1,0;0,0
[12:08:09 B] 0,0;2,0
[12:08:09 A] 2,0;0,0
[12:08:09 B] 0,0;1,1
[12:08:09 A] 1,1;0,0
[12:08:09 B] 0,0;2,2
[12:08:09 A] 2,2;0,0
[12:08:09 B] 0,0;0,0
[12:08:09 A] 0,1;0,0
[12:08:09 B] 1,2;0,1
[12:08:09 A] 0,1;0,1
[12:08:09 B] 0,1;1,1
[12:08:09 A] 1,1;0,1
[12:08:09 B] 0,1;2,1
[12:08:09 A] 2,1;0,0
[12:08:09 B] 1,2;1,2
[12:08:09 A] 1,2;0,0
[12:08:09 B] 1,0;0,1
[12:08:09 A] 0,1;0,2
[12:08:09 B] 0,2;1,2
[12:08:09 A] 1,2;0,2
[12:08:09 B] 0,2;1,0
[12:08:09 A] 1,0;0,2
[12:08:09 B] 0,2;0,0
[12:08:09 A] 0,2;1,1
[12:08:09 B] 1,1;2,1
[12:08:09 A] 2,1;0,1
[12:08:09 B] 0,2;0,2
[12:08:09 A] 0,2;0,1
[12:08:09 B] 0,2;2,2
[12:08:09 A] 2,2;0,1
[12:08:09 B] 2,1;1,2
[12:08:09 A] 1,2;1,0
[12:08:09 B] 1,0;1,2
[12:08:09 A] 1,2;2,0
[12:08:09 B] 2,0;1,2
[12:08:09 A] 1,1;0,2
[12:08:09 B] 2,0;2,2
[12:08:09 A] 2,2;0,2
[12:08:09 B] 1,0;2,1
[12:08:09 A] 2,1;0,2
[12:08:09 A] 0,0;0,0
[12:08:10 B] 0,0;0,1
[12:08:10 A] 0,1;0,0
[12:08:10 B] 0,0;0,2
[12:08:10 A] 0,2;0,0
[12:08:10 B] 0,0;2,2
[12:08:10 A] 2,2;0,0
[12:08:10 B] 0,0;2,0
[12:08:10 A] 2,0;0,0
[12:08:10 B] 0,0;1,2
[12:08:10 A] 1,2;0,0
[12:08:10 B] 2,0;2,0
[12:08:10 A] 2,0;0,1
[12:08:10 B] 0,1;2,1
[12:08:10 A] 2,1;0,0
[12:08:10 B] 0,1;2,0
[12:08:10 A] 2,0;0,2
[12:08:10 B] 0,2;1,2
[12:08:10 A] 1,2;0,1
[12:08:10 B] 0,1;2,2
[12:08:10 A] 2,2;0,1
[12:08:10 B] 1,2;2,2
[12:08:10 A] 2,2;0,2
[12:08:10 B] 0,2;2,1
[12:08:10 A] 2,1;0,1
[12:08:10 B] 1,2;2,0
[12:08:10 A] 1,2;0,2
[12:08:10 B] 0,2;1,1
[12:08:10 A] 1,1;0,0
[12:08:10 B] 1,0;1,1
[12:08:10 A] 1,1;0,1
[12:08:10 B] 1,0;2,2
[12:08:10 A] 0,2;1,0
[12:08:10 B] 1,0;2,1
[12:08:10 A] 2,1;0,2
[12:08:10 B] 0,0;0,0
[12:08:10 A] 0,0;0,1
[12:08:10 B] 0,1;0,2
[12:08:10 A] 0,2;0,0
[12:08:10 B] 0,0;1,1
[12:08:10 A] 1,1;0,0
[12:08:10 B] 0,0;2,1
[12:08:10 A] 2,1;0,0
[12:08:10 B] 0,0;1,0
[12:08:10 A] 1,0;0,0
[12:08:10 B] 0,0;1,2
[12:08:10 A] 1,2;0,0
[12:08:10 B] 1,0;2,0
[12:08:10 A] 2,0;0,0
[12:08:10 B] 1,1;1,0
[12:08:10 A] 1,0;0,1
[12:08:10 B] 0,1;2,2
[12:08:10 A] 2,2;0,0
[12:08:10 B] 2,2;0,2
[12:08:10 A] 0,2;0,1
[12:08:10 B] 0,1;1,0
[12:08:10 A] 1,0;0,2
[12:08:10 B] 0,2;2,2
[12:08:10 A] 2,2;0,1
[12:08:10 B] 0,1;1,1
[12:08:10 A] 1,1;0,1
[12:08:10 B] 0,1;2,1
[12:08:10 A] 2,1;0,1
[12:08:10 B] 0,1;0,1
[12:08:10 A] 0,2;0,2
[12:08:10 B] 2,0;0,1
[12:08:10 A] 1,1;0,2
[12:08:10 B] 2,0;1,0
[12:08:10 A] 2,1;0,2
[12:08:10 B] 1,2;1,0
[12:08:10 A] 1,2;0,1
[12:08:10 B] 2,0;1,1
[12:08:10 A] 1,2;0,2
[12:08:10 A] 0,0;0,0
[12:08:10 B] 0,0;0,2
[12:08:10 A] 0,2;0,0
[12:08:10 B] 0,0;2,1
[12:08:10 A] 2,1;0,0
[12:08:10 B] 0,0;1,0
[12:08:10 A] 1,0;0,0
[12:08:10 B] 0,0;1,1
[12:08:10 A] 1,1;0,0
[12:08:10 B] 0,0;2,2
[12:08:10 A] 2,2;0,0
[12:08:10 B] 0,0;0,1
[12:08:10 A] 0,1;0,0
[12:08:10 B] 1,2;0,1
[12:08:10 A] 0,1;0,1
[12:08:10 B] 0,1;2,1
[12:08:10 A] 2,1;0,1
[12:08:10 B] 0,1;1,2
[12:08:10 A] 1,2;0,0
[12:08:10 B] 1,2;0,2
[12:08:10 A] 0,2;0,1
[12:08:10 B] 0,1;1,1
[12:08:10 A] 1,1;0,1
[12:08:10 B] 0,1;2,2
[12:08:10 A] 2,2;0,1
[12:08:10 B] 0,1;1,0
[12:08:10 A] 1,0;0,1
[12:08:10 B] 2,0;1,0
[12:08:10 A] 1,0;0,2
[12:08:10 B] 0,2;1,0
[12:08:10 A] 0,2;0,2
[12:08:10 B] 1,2;1,2
[12:08:10 A] 1,2;2,2
[12:08:10 B] 2,2;1,0
[12:08:10 A] 1,1;0,2
[12:08:10 B] 2,0;2,2
[12:08:10 A] 2,2;0,2
[12:08:10 B] 2,1;1,1
[12:08:10 A] 1,2;1,1
[12:08:10 B] 0,0;0,1
[12:08:10 A] 0,1;0,0
[12:08:10 B] 0,0;1,1
[12:08:10 A] 1,1;0,0
[12:08:10 B] 0,0;2,2
[12:08:10 A] 2,2;0,0
[12:08:10 B] 0,0;1,0
[12:08:10 A] 1,0;0,0
[12:08:10 B] 0,0;0,0
[12:08:10 A] 0,1;0,1
[12:08:10 B] 0,1;1,1
[12:08:10 A] 1,1;0,1
[12:08:10 B] 0,1;2,0
[12:08:10 A] 2,0;0,0
[12:08:10 B] 2,1;0,0
[12:08:10 A] 0,1;0,2
[12:08:10 B] 0,2;1,1
[12:08:10 A] 1,1;0,2
[12:08:10 B] 0,2;2,2
[12:08:10 A] 2,2;0,1
[12:08:10 B] 2,1;2,1
[12:08:10 A] 2,1;0,1
[12:08:10 B] 1,2;1,0
[12:08:10 A] 1,0;0,1
[12:08:10 B] 2,1;1,1
[12:08:10 A] 0,2;0,0
[12:08:10 B] 2,0;0,2
[12:08:10 A] 0,2;0,1
[12:08:10 B] 2,2;1,0
[12:08:10 A] 1,0;0,2
[12:08:10 B] 0,2;1,2
[12:08:10 A] 1,2;0,0
[12:08:10 B] 2,2;2,2
[12:08:10 A] 2,2;0,2
[12:08:10 B] 0,2;2,1
[12:08:10 A] 2,1;2,2
[12:08:10 B] 1,2;2,0
[12:08:10 A] 2,0;0,1
[12:08:10 B] 1,2;0,2
[12:08:10 A] 0,2;0,2
[12:08:10 B] 2,1;1,2
[12:08:10 A] 1,2;1,1
[12:08:10 B] 1,2;0,1
[12:08:10 A] 1,2;2,2
[12:08:10 A] 0,0;0,0
[12:08:10 B] 0,0;1,1
[12:08:10 A] 1,1;0,0
[12:08:10 B] 0,0;1,0
[12:08:10 A] 1,0;0,0
[12:08:10 B] 0,0;2,2
[12:08:10 A] 2,2;0,0
[12:08:10 B] 0,0;2,0
[12:08:10 A] 2,0;0,0
[12:08:10 B] 0,0;2,1
[12:08:10 A] 2,1;0,0
[12:08:10 B] 2,0;1,1
[12:08:10 A] 1,1;0,1
[12:08:10 B] 0,1;0,0
[12:08:10 A] 1,1;0,2
[12:08:10 B] 0,2;0,2
[12:08:10 A] 0,2;0,0
[12:08:10 B] 0,1;0,2
[12:08:10 A] 0,2;0,1
[12:08:10 B] 0,1;2,2
[12:08:10 A] 2,2;0,1
[12:08:10 B] 0,1;1,2
[12:08:10 A] 1,2;0,0
[12:08:10 B] 0,2;2,2
[12:08:10 A] 2,2;0,2
[12:08:10 B] 0,2;1,1
[12:08:10 A] 0,2;1,2
[12:08:10 B] 1,2;2,2
[12:08:10 A] 0,2;2,0
[12:08:10 B] 2,0;2,0
[12:08:10 A] 2,0;0,2
[12:08:10 B] 0,2;1,0
[12:08:10 A] 1,0;0,1
[12:08:10 B] 1,0;1,0
[12:08:10 A] 1,0;0,2
[12:08:10 B] 0,2;2,1
[12:08:10 A] 2,1;0,1
[12:08:10 B] 1,2;1,1
[12:08:10 A] 2,0;0,1
[12:08:10 B] 1,2;0,2
[12:08:10 A] 1,2;1,2
[12:08:10 B] 1,2;2,1
[12:08:10 A] 2,1;0,2
[12:08:10 B] 0,0;2,1
[12:08:10 A] 2,1;0,0
[12:08:10 B] 0,0;2,0
[12:08:10 A] 2,0;0,0
[12:08:10 B] 0,0;0,0
[12:08:10 A] 0,0;2,2
[12:08:10 B] 2,2;1,1
[12:08:10 A] 1,1;0,0
[12:08:10 B] 0,0;1,1
[12:08:10 A] 1,1;0,1
[12:08:10 B] 0,1;1,0
[12:08:10 A] 1,0;0,0
[12:08:10 B] 0,0;0,2
[12:08:10 A] 0,2;0,0
[12:08:10 B] 2,2;2,1
[12:08:10 A] 2,1;0,1
[12:08:10 B] 0,1;2,1
[12:08:10 A] 2,1;0,2
[12:08:10 B] 0,2;0,2
[12:08:10 A] 0,2;0,1
[12:08:10 B] 0,1;0,1
[12:08:10 A] 0,1;1,1
[12:08:10 B] 1,1;1,1
[12:08:10 A] 1,1;0,2
[12:08:10 B] 0,2;1,0
[12:08:10 A] 1,0;0,1
[12:08:10 B] 0,1;0,2
[12:08:10 A] 0,2;1,1
[12:08:10 B] 2,2;1,0
[12:08:10 A] 1,0;0,2
[12:08:10 B] 0,2;2,2
[12:08:10 A] 2,2;1,2
[12:08:10 B] 1,2;1,1
[12:08:10 A] 0,1;0,0
[12:08:10 B] 1,2;0,0
[12:08:10 A] 0,1;2,2
[12:08:10 A] 0,0;0,0
[12:08:10 B] 0,0;2,2
[12:08:10 A] 2,2;0,0
[12:08:10 B] 0,0;0,2
[12:08:10 A] 0,2;0,0
[12:08:10 B] 0,0;1,1
[12:08:10 A] 1,1;0,0
[12:08:10 B] 0,0;2,0
[12:08:10 A] 2,0;0,0
[12:08:10 B] 1,2;0,2
[12:08:10 A] 0,2;0,1
[12:08:10 B] 0,1;2,1
[12:08:10 A] 2,1;0,0
[12:08:10 B] 2,1;2,2
[12:08:10 A] 2,2;0,1
[12:08:10 B] 0,1;0,2
[12:08:10 A] 0,2;0,2
[12:08:10 B] 2,2;2,1
[12:08:10 A] 2,1;0,1
[12:08:10 B] 0,1;1,2
[12:08:10 A] 1,2;0,0
[12:08:10 B] 1,2;1,2
[12:08:10 A] 1,2;2,2
[12:08:10 B] 2,2;0,2
[12:08:10 A] 0,1;2,2
[12:08:10 B] 2,2;2,2
[12:08:10 A] 2,2;2,0
[12:08:10 B] 2,0;1,0
[12:08:10 A] 1,0;0,0
[12:08:10 B] 0,1;0,0
[12:08:10 A] 0,1;0,1
[12:08:10 B] 0,1;2,0
[12:08:10 A] 2,0;0,1
[12:08:10 B] 0,1;1,1
[12:08:10 A] 1,1;0,1
[12:08:10 B] 2,0;1,1
[12:08:10 A] 1,1;0,2
[12:08:10 B] 2,2;1,2
[12:08:10 A] 1,2;1,1
[12:08:10 B] 1,0;1,2
[12:08:10 A] 2,0;0,2
[12:08:10 B] 0,0;1,2
[12:08:10 A] 1,2;0,0
[12:08:10 B] 0,0;2,2
[12:08:10 A] 2,2;0,0
[12:08:10 B] 0,0;1,1
[12:08:10 A] 1,1;0,0
[12:08:11 B] 0,0;1,0
[12:08:11 A] 1,0;0,0
[12:08:11 B] 0,1;2,1
[12:08:11 A] 2,1;0,0
[12:08:11 B] 0,2;0,2
[12:08:11 A] 0,2;0,0
[12:08:11 B] 0,1;2,0
[12:08:11 A] 2,0;0,0
[12:08:11 B] 0,2;2,0
[12:08:11 A] 2,0;0,1
[12:08:11 B] 0,1;0,2
[12:08:11 A] 0,2;1,1
[12:08:11 B] 1,1;2,2
[12:08:11 A] 2,2;0,1
[12:08:11 B] 0,1;1,2
[12:08:11 A] 1,2;0,1
[12:08:11 B] 0,1;1,1
[12:08:11 A] 1,1;0,1
[12:08:11 B] 1,2;2,2
[12:08:11 A] 2,2;0,2
[12:08:11 B] 0,2;1,2
[12:08:11 A] 1,2;0,2
[12:08:11 B] 0,2;1,0
[12:08:11 A] 1,0;0,1
[12:08:11 B] 0,2;2,2
[12:08:11 A] 0,0;0,0
[12:08:11 B] 0,0;2,1
[12:08:11 A] 2,1;0,0
[12:08:11 B] 0,0;1,0
[12:08:11 A] 1,0;0,0
[12:08:11 B] 0,0;1,1
[12:08:11 A] 1,1;0,0
[12:08:11 B] 0,0;1,2
[12:08:11 A] 1,2;0,0
[12:08:11 B] 2,2;1,2
[12:08:11 A] 1,2;0,1
[12:08:11 B] 0,1;0,2
[12:08:11 A] 0,2;0,0
[12:08:11 B] 2,1;1,0
[12:08:11 A] 1,0;0,1
[12:08:11 B] 0,1;1,2
[12:08:11 A] 1,2;0,2
[12:08:11 B] 0,2;2,0
[12:08:11 A] 2,0;0,0
[12:08:11 B] 2,0;2,0
[12:08:11 A] 2,0;0,1
[12:08:11 B] 0,1;0,0
[12:08:11 A] 0,1;0,1
[12:08:11 B] 0,1;2,1
[12:08:11 A] 2,1;0,1
[12:08:11 B] 0,1;1,0
[12:08:11 A] 1,0;0,2
[12:08:11 B] 0,2;1,0
[12:08:11 A] 0,1;1,1
[12:08:11 B] 1,1;1,0
[12:08:11 A] 0,1;2,0
[12:08:11 B] 2,0;1,0
[12:08:11 A] 0,1;2,2
[12:08:11 B] 2,2;2,1
[12:08:11 A] 2,1;0,2
[12:08:11 B] 0,2;0,2
[12:08:11 A] 0,2;1,1
[12:08:11 B] 1,1;1,1
[12:08:11 A] 1,1;1,2
[12:08:11 B] 2,0;2,2
[12:08:11 A] 2,2;0,0
[12:08:11 B] 0,2;2,1
[12:08:11 A] 0,2;2,2
[12:08:11 B] 2,2;1,0
[12:08:11 A] 2,0;0,2
[12:08:11 B] 2,2;0,2
[12:08:11 A] 2,2;1,1
[12:08:11 B] 1,1;0,1
[12:08:11 A] 1,1;2,1
[12:08:11 B] 2,2;2,0
[12:08:11 A] 2,2;2,2
[12:08:11 B] 0,0;1,0
[12:08:11 A] 1,0;0,0
[12:08:11 B] 0,0;0,2
[12:08:11 A] 0,2;0,0
[12:08:11 B] 0,0;2,0
[12:08:11 A] 2,0;0,0
[12:08:11 B] 0,0;1,1
[12:08:11 A] 1,1;0,0
[12:08:11 B] 0,2;2,1
[12:08:11 A] 2,1;0,0
[12:08:11 B] 2,2;0,1
[12:08:11 A] 0,1;0,0
[12:08:11 B] 2,1;0,1
[12:08:11 A] 0,1;0,1
[12:08:11 B] 0,1;2,0
[12:08:11 A] 2,0;0,1
[12:08:11 B] 0,1;0,2
[12:08:11 A] 0,2;0,1
[12:08:11 B] 0,1;1,0
[12:08:11 A] 1,0;0,1
[12:08:11 B] 0,1;1,2
[12:08:11 A] 1,2;0,0
[12:08:11 B] 0,1;2,1
[12:08:11 A] 2,1;0,2
[12:08:11 B] 0,2;1,0
[12:08:11 A] 1,0;0,2
[12:08:11 B] 0,2;1,1
[12:08:11 A] 1,1;0,1
[12:08:11 B] 0,1;2,2
[12:08:11 A] 2,2;0,0
[12:08:11 B] 1,2;1,0
[12:08:11 A] 0,2;0,2
[12:08:11 B] 2,2;0,2
[12:08:11 A] 1,1;0,2
[12:08:11 B] 2,1;1,2
[12:08:11 A] 1,2;0,1
[12:08:11 B] 1,2;1,2
[12:08:11 A] 1,2;0,2
[12:08:11 A] 0,0;0,0
[12:08:11 B] 0,0;0,1
[12:08:11 A] 0,1;0,0
[12:08:11 B] 0,0;0,2
[12:08:11 A] 0,2;0,0
[12:08:11 B] 0,0;1,1
[12:08:11 A] 1,1;0,0
[12:08:11 B] 0,0;1,2
[12:08:11 A] 1,2;0,0
[12:08:11 B] 0,0;2,1
[12:08:11 A] 2,1;0,0
[12:08:11 B] 1,0;2,1
[12:08:11 A] 2,1;0,1
[12:08:11 B] 0,1;2,0
[12:08:11 A] 2,0;0,0
[12:08:11 B] 0,2;2,2
[12:08:11 A] 2,2;0,0
[12:08:11 B] 1,2;1,1
[12:08:11 A] 1,1;0,1
[12:08:11 B] 0,1;0,2
[12:08:11 A] 0,2;0,1
[12:08:11 B] 0,1;1,1
[12:08:11 A] 1,1;0,2
[12:08:11 B] 0,2;2,1
[12:08:11 A] 2,1;0,2
[12:08:11 B] 0,2;0,2
[12:08:11 A] 0,2;2,0
[12:08:11 B] 2,0;1,1
[12:08:11 A] 0,2;1,0
[12:08:11 B] 1,0;0,2
[12:08:11 A] 1,0;0,0
[12:08:11 B] 2,2;0,1
[12:08:11 A] 1,0;0,1
[12:08:11 B] 1,0;1,2
[12:08:11 A] 1,2;0,1
[12:08:11 B] 1,0;2,0
[12:08:11 A] 2,0;0,1
[12:08:11 B] 1,2;2,1
[12:08:11 A] 1,0;2,2
[12:08:11 B] 2,2;2,0
[12:08:11 A] 2,0;0,2
[12:08:11 B] 0,0;0,0
[12:08:11 A] 0,0;0,1
[12:08:11 B] 0,1;0,2
[12:08:11 A] 0,2;0,0
[12:08:11 B] 0,0;0,2
[12:08:11 A] 0,2;0,1
[12:08:11 B] 0,1;1,2
[12:08:11 A] 1,2;0,0
[12:08:11 B] 0,0;2,0
[12:08:11 A] 2,0;0,0
[12:08:11 B] 0,0;2,1
[12:08:11 A] 2,1;0,0
[12:08:11 B] 0,0;1,2
[12:08:11 A] 1,2;0,1
[12:08:11 B] 0,1;0,0
[12:08:11 A] 0,0;2,2
[12:08:11 B] 2,2;1,0
[12:08:11 A] 1,0;0,0
[12:08:11 B] 0,0;1,0
[12:08:11 A] 1,0;0,1
[12:08:11 B] 0,1;2,1
[12:08:11 A] 2,1;0,1
[12:08:11 B] 0,1;2,0
[12:08:11 A] 2,0;0,1
[12:08:11 B] 0,1;0,1
[12:08:11 A] 0,2;0,2
[12:08:11 B] 2,1;2,1
[12:08:11 A] 2,1;0,2
[12:08:11 B] 2,0;2,0
[12:08:11 A] 2,0;0,2
[12:08:11 B] 1,0;1,0
[12:08:11 A] 1,0;0,2
[12:08:11 B] 2,2;2,1
[12:08:11 A] 1,2;0,2
[12:08:11 B] 2,2;1,2
[12:08:11 A] 2,2;1,1
[12:08:11 B] 1,1;1,1
[12:08:11 A] 1,1;0,0
[12:08:11 B] 1,1;2,1
[12:08:11 A] 1,1;0,1
[12:08:11 B] 2,2;0,2
[12:08:11 A] 1,1;0,2
[12:08:11 A] 0,0;0,0
[12:08:11 B] 0,0;2,2
[12:08:11 A] 2,2;0,0
[12:08:11 B] 0,0;1,2
[12:08:11 A] 1,2;0,0
[12:08:11 B] 0,0;0,1
[12:08:11 A] 0,1;0,0
[12:08:11 B] 0,0;2,0
[12:08:11 A] 2,0;0,0
[12:08:11 B] 0,0;1,1
[12:08:11 A] 1,1;0,0
[12:08:11 B] 0,0;0,2
[12:08:11 A] 0,2;0,0
[12:08:11 B] 2,0;1,0
[12:08:11 A] 1,0;0,0
[12:08:11 B] 2,2;2,2
[12:08:11 A] 2,2;0,1
[12:08:11 B] 0,1;2,2
[12:08:11 A] 2,2;0,2
[12:08:11 B] 0,2;1,2
[12:08:11 A] 1,2;0,1
[12:08:11 B] 0,1;2,0
[12:08:11 A] 2,0;0,1
[12:08:11 B] 0,1;0,2
[12:08:11 A] 0,2;0,1
[12:08:11 B] 0,1;0,1
[12:08:11 A] 0,1;2,1
[12:08:11 B] 2,1;2,0
[12:08:11 A] 2,0;0,2
[12:08:11 B] 0,2;2,2
[12:08:11 A] 0,1;1,2
[12:08:11 B] 1,2;2,2
[12:08:11 A] 0,1;1,1
[12:08:11 B] 1,1;1,1
[12:08:11 A] 1,1;0,1
[12:08:11 B] 0,1;1,0
[12:08:11 A] 1,0;0,1
[12:08:11 B] 1,0;1,1
[12:08:11 A] 1,1;0,2
[12:08:11 B] 0,2;2,1
[12:08:11 A] 2,1;0,0
[12:08:11 B] 1,2;2,1
[12:08:11 A] 2,1;0,1
[12:08:11 B] 0,2;2,0
[12:08:11 A] 1,0;0,2
[12:08:11 B] 2,1;2,2
[12:08:11 A] 1,2;0,2
[12:08:11 B] 0,0;2,0
[12:08:11 A] 2,0;0,0
[12:08:11 B] 0,0;0,1
[12:08:11 A] 0,1;0,0
[12:08:11 B] 0,0;2,1
[12:08:11 A] 2,1;0,0
[12:08:11 B] 0,0;1,2
[12:08:11 A] 1,2;0,0
[12:08:11 B] 0,0;1,0
[12:08:11 A] 1,0;0,0
[12:08:11 B] 0,0;2,2
[12:08:11 A] 2,2;0,0
[12:08:11 B] 1,0;1,0
[12:08:11 A] 1,0;0,1
[12:08:11 B] 0,1;1,0
[12:08:11 A] 1,0;0,2
[12:08:11 B] 0,2;2,1
[12:08:11 A] 2,1;0,1
[12:08:11 B] 0,1;1,2
[12:08:11 A] 1,2;0,1
[12:08:11 B] 0,1;0,2
[12:08:11 A] 0,2;0,0
[12:08:11 B] 0,1;2,2
[12:08:11 A] 2,2;0,1
[12:08:11 B] 1,1;0,1
[12:08:11 A] 1,2;0,2
[12:08:11 B] 0,2;2,0
[12:08:11 A] 2,0;0,1
[12:08:11 B] 2,0;2,1
[12:08:11 A] 2,1;0,2
[12:08:11 B] 0,2;1,1
[12:08:11 A] 1,1;0,0
[12:08:11 B] 2,2;2,1
[12:08:11 A] 0,2;2,2
[12:08:11 B] 2,2;2,2
[12:08:11 A] 2,2;0,2
[12:08:11 B] 0,2;0,1
[12:08:11 A] 0,0;0,0
[12:08:11 B] 0,0;1,1
[12:08:11 A] 1,1;0,0
[12:08:11 B] 0,0;0,1
[12:08:11 A] 0,1;0,0
[12:08:12 B] 0,0;1,0
[12:08:12 A] 1,0;0,0
[12:08:12 B] 0,0;2,0
[12:08:12 A] 2,0;0,0
[12:08:12 B] 0,0;0,2
[12:08:12 A] 0,2;0,0
[12:08:12 B] 0,1;1,0
[12:08:12 A] 1,0;0,1
[12:08:12 B] 0,1;0,2
[12:08:12 A] 0,2;0,1
[12:08:12 B] 0,1;2,2
[12:08:12 A] 2,2;0,0
[12:08:12 B] 0,2;1,1
[12:08:12 A] 1,1;0,1
[12:08:12 B] 0,1;0,1
[12:08:12 A] 0,1;1,2
[12:08:12 B] 1,2;0,0
[12:08:12 A] 0,2;0,2
[12:08:12 B] 1,2;2,0
[12:08:12 A] 2,0;0,1
[12:08:12 B] 0,1;2,0
[12:08:12 A] 2,0;0,2
[12:08:12 B] 0,1;1,1
[12:08:12 A] 1,1;0,2
[12:08:12 B] 0,0;2,0
[12:08:12 A] 2,0;0,0
[12:08:12 B] 0,0;1,2
[12:08:12 A] 1,2;0,0
[12:08:12 B] 0,0;0,0
[12:08:12 A] 0,0;1,0
[12:08:12 B] 1,0;0,1
[12:08:12 A] 0,1;0,0
[12:08:12 B] 0,0;2,2
[12:08:12 A] 2,2;0,0
[12:08:12 B] 0,0;0,1
[12:08:12 A] 0,1;0,1
[12:08:12 B] 0,1;2,1
[12:08:12 A] 2,1;0,0
[12:08:12 B] 0,0;1,1
[12:08:12 A] 1,1;0,0
[12:08:12 B] 2,1;1,2
[12:08:12 A] 1,2;0,1
[12:08:12 B] 0,1;2,0
[12:08:12 A] 2,0;0,1
[12:08:12 B] 0,1;2,2
[12:08:12 A] 2,2;0,1
[12:08:12 B] 1,0;1,0
[12:08:12 A] 1,0;0,0
[12:08:12 B] 1,0;0,2
[12:08:12 A] 0,2;0,0
[12:08:12 B] 2,2;0,2
[12:08:12 A] 0,2;0,1
[12:08:12 B] 2,1;1,0
[12:08:12 A] 1,0;1,1
[12:08:12 B] 1,1;1,2
[12:08:12 A] 1,2;0,2
[12:08:12 B] 0,2;1,0
[12:08:12 A] 1,0;2,2
[12:08:12 B] 2,2;2,1
[12:08:12 A] 2,1;1,1
[12:08:12 B] 1,1;0,1
[12:08:12 A] 0,2;0,2
[12:08:12 B] 2,1;2,1
[12:08:12 A] 2,1;2,2
[12:08:12 B] 2,2;2,2
[12:08:12 A] 2,2;2,0
[12:08:12 B] 2,0;1,2
[12:08:12 A] 2,0;0,2
[12:08:12 B] 2,2;1,0
[12:08:12 A] 2,2;1,2
[12:08:12 B] 2,2;1,1
[12:08:12 A] 1,1;0,2
[12:08:12 B] 1,1;1,1
[12:08:12 A] 1,1;1,0
[12:08:12 B] 1,1;2,2
[12:08:12 A] 1,1;2,0
[12:08:12 A] 0,0;0,0
[12:08:12 B] 0,0;0,1
[12:08:12 A] 0,1;0,0
[12:08:12 B] 0,0;2,1
[12:08:12 A] 2,1;0,0
[12:08:12 B] 0,0;1,2
[12:08:12 A] 1,2;0,0
[12:08:12 B] 0,0;0,2
[12:08:12 A] 0,2;0,0
[12:08:12 B] 0,0;2,2
[12:08:12 A] 2,2;0,0
[12:08:12 B] 2,0;1,1
[12:08:12 A] 1,1;0,0
[12:08:12 B] 2,2;0,1
[12:08:12 A] 0,1;0,1
[12:08:12 B] 0,1;2,1
[12:08:12 A] 2,1;0,1
[12:08:12 B] 0,1;2,2
[12:08:12 A] 2,2;0,2
[12:08:12 B] 0,2;2,1
[12:08:12 A] 2,1;0,2
[12:08:12 B] 0,2;1,1
[12:08:12 A] 1,1;0,1
[12:08:12 B] 0,1;1,0
[12:08:12 A] 1,0;0,0
[12:08:12 B] 0,1;1,1
[12:08:12 A] 1,1;0,2
[12:08:12 B] 0,2;0,1
[12:08:12 A] 0,1;0,2
[12:08:12 B] 0,0;2,2
[12:08:12 A] 2,2;0,0
[12:08:12 B] 0,0;0,1
[12:08:12 A] 0,1;0,0
[12:08:12 B] 0,0;1,2
[12:08:12 A] 1,2;0,0
[12:08:12 B] 0,0;1,1
[12:08:12 A] 1,1;0,0
[12:08:12 B] 0,0;1,0
[12:08:12 A] 1,0;0,0
[12:08:12 B] 1,2;0,1
[12:08:12 A] 0,1;0,1
[12:08:12 B] 0,1;1,0
[12:08:12 A] 1,0;0,1
[12:08:12 B] 0,1;2,2
[12:08:12 A] 2,2;0,1
[12:08:12 B] 0,1;2,0
[12:08:12 A] 2,0;0,0
[12:08:12 B] 1,0;2,0
[12:08:12 A] 2,0;0,1
[12:08:12 B] 0,1;0,2
[12:08:12 A] 0,2;0,0
[12:08:12 B] 1,2;2,0
[12:08:12 A] 2,0;0,2
[12:08:12 B] 0,2;1,2
[12:08:12 A] 1,2;0,2
[12:08:12 B] 0,2;0,2
[12:08:12 A] 0,2;2,2
[12:08:12 B] 2,2;2,0
[12:08:12 A] 0,1;2,1
[12:08:12 B] 2,1;2,2
[12:08:12 A] 2,2;0,2
[12:08:12 B] 0,2;1,1
[12:08:12 A] 1,1;0,1
[12:08:12 B] 0,1;1,2
[12:08:12 A] 1,2;1,0
[12:08:12 B] 1,0;2,2
[12:08:12 A] 0,2;1,0
[12:08:12 B] 1,0;0,2
[12:08:12 A] 0,2;2,0
[12:08:12 B] 1,2;2,2
[12:08:12 A] 1,0;2,1
[12:08:12 B] 2,1;0,1
[12:08:12 A] 1,0;1,1
[12:08:12 B] 1,1;2,1
[12:08:12 A] 2,1;0,0
[12:08:12 B] 1,2;1,1
[12:08:12 A] 1,1;0,2
[12:08:12 A] 0,0;0,0
[12:08:12 B] 0,0;2,1
[12:08:12 A] 2,1;0,0
[12:08:12 B] 0,0;0,1
[12:08:12 A] 0,1;0,0
[12:08:12 B] 0,0;0,2
[12:08:12 A] 0,2;0,0
[12:08:12 B] 0,0;1,0
[12:08:12 A] 1,0;0,0
[12:08:12 B] 0,0;1,1
[12:08:12 A] 1,1;0,0
[12:08:12 B] 0,1;1,0
[12:08:12 A] 1,0;0,1
[12:08:12 B] 0,1;1,2
[12:08:12 A] 1,2;0,0
[12:08:12 B] 1,1;2,2
[12:08:12 A] 2,2;0,0
[12:08:12 B] 2,2;1,0
[12:08:12 A] 1,0;0,2
[12:08:12 B] 0,2;2,0
[12:08:12 A] 2,0;0,0
[12:08:12 B] 1,2;0,2
[12:08:12 A] 0,2;0,1
[12:08:12 B] 0,1;0,1
[12:08:12 A] 0,1;1,1
[12:08:12 B] 1,1;1,1
[12:08:12 A] 1,1;0,1
[12:08:12 B] 0,1;0,2
[12:08:12 A] 0,2;0,2
[12:08:12 B] 2,0;0,1
[12:08:12 A] 0,1;2,2
[12:08:12 B] 2,2;2,2
[12:08:12 A] 2,2;0,1
[12:08:12 B] 2,0;1,2
[12:08:12 A] 1,2;0,1
[12:08:12 B] 2,0;2,0
[12:08:12 A] 2,0;0,2
[12:08:12 B] 2,2;0,2
[12:08:12 A] 1,1;0,2
[12:08:12 B] 2,0;2,2
[12:08:12 A] 2,2;1,2
[12:08:12 B] 1,2;2,1
[12:08:12 A] 2,1;0,1
[12:08:12 B] 2,0;2,1
[12:08:12 A] 2,1;0,2
[12:08:12 B] 0,0;0,0
[12:08:12 A] 0,0;0,1
[12:08:12 B] 0,1;0,0
[12:08:12 A] 0,0;0,2
[12:08:12 B] 0,2;1,0
[12:08:12 A] 1,0;0,0
[12:08:12 B] 0,0;1,0
[12:08:12 A] 1,0;0,1
[12:08:12 B] 0,1;1,2
[12:08:12 A] 1,2;0,0
[12:08:12 B] 0,0;2,0
[12:08:12 A] 2,0;0,0
[12:08:12 B] 1,2;0,1
[12:08:12 A] 0,1;0,1
[12:08:12 B] 0,1;2,1
[12:08:12 A] 2,1;0,0
[12:08:12 B] 0,1;2,0
[12:08:12 A] 2,0;0,1
[12:08:12 B] 0,1;1,0
[12:08:12 A] 1,0;0,2
[12:08:12 B] 0,2;0,1
[12:08:12 A] 2,0;0,2
[12:08:12 B] 0,2;1,1
[12:08:12 A] 1,1;0,0
[12:08:12 B] 2,2;0,2
[12:08:12 A] 0,2;1,2
[12:08:12 B] 1,2;1,0
[12:08:12 A] 0,2;2,1
[12:08:12 B] 2,1;0,1
[12:08:12 A] 0,2;0,0
[12:08:12 B] 1,1;0,1
[12:08:12 A] 0,2;0,2
[12:08:12 B] 0,2;2,2
[12:08:12 A] 2,2;0,0
[12:08:12 B] 2,1;2,2
[12:08:12 A] 2,2;0,1
[12:08:12 B] 1,1;1,2
[12:08:12 A] 1,2;0,2
[12:08:12 B] 0,2;2,0
[12:08:12 A] 1,1;0,2
[12:08:12 B] 2,2;2,0
[12:08:12 A] 2,2;1,1
[12:08:12 B] 1,1;2,2
[12:08:12 A] 2,2;2,1
[12:08:12 B] 2,1;1,0
[12:08:12 A] 1,1;1,0
[12:08:12 B] 2,1;1,2
[12:08:12 A] 1,2;1,1
[12:08:12 B] 1,1;2,0
[12:08:12 A] 1,1;2,1
[12:08:12 B] 2,1;2,0
[12:08:12 A] 1,2;2,2
[12:08:12 B] 2,1;1,1
[12:08:12 A] 1,1;1,1
[12:08:12 A] 0,0;0,0
[12:08:12 B] 0,0;2,1
[12:08:12 A] 2,1;0,0
[12:08:12 B] 0,0;1,0
[12:08:12 A] 1,0;0,0
[12:08:12 B] 0,0;1,2
[12:08:12 A] 1,2;0,0
[12:08:12 B] 0,0;2,0
[12:08:12 A] 2,0;0,0
[12:08:12 B] 0,0;0,2
[12:08:12 A] 0,2;0,0
[12:08:12 B] 0,0;1,1
[12:08:12 A] 1,1;0,0
[12:08:12 B] 0,2;2,1
[12:08:12 A] 2,1;0,1
[12:08:12 B] 0,1;0,2
[12:08:12 A] 0,2;0,1
[12:08:12 B] 0,1;0,1
[12:08:12 A] 0,1;0,0
[12:08:12 B] 2,2;1,0
[12:08:12 A] 1,0;0,1
[12:08:12 B] 0,1;2,2
[12:08:12 A] 2,2;0,0
[12:08:12 B] 2,0;2,0
[12:08:12 A] 2,0;0,1
[12:08:12 B] 0,1;2,1
[12:08:12 A] 2,1;0,2
[12:08:12 B] 0,2;0,2
[12:08:12 A] 0,2;1,0
[12:08:12 B] 1,0;1,2
[12:08:12 A] 1,2;0,1
[12:08:13 B] 0,1;1,0
[12:08:13 A] 1,0;0,2
[12:08:13 B] 0,2;2,2
[12:08:13 A] 2,2;0,1
[12:08:13 B] 0,1;2,0
[12:08:13 A] 2,0;0,2
[12:08:13 B] 0,2;2,0
[12:08:13 B] 0,0;2,0
[12:08:13 A] 2,0;0,0
[12:08:13 B] 0,0;0,2
[12:08:13 A] 0,2;0,0
[12:08:13 B] 0,0;0,1
[12:08:13 A] 0,1;0,0
[12:08:13 B] 0,0;0,0
[12:08:13 A] 0,1;0,1
[12:08:13 B] 0,1;2,0
[12:08:13 A] 2,0;0,1
[12:08:13 B] 0,1;2,2
[12:08:13 A] 2,2;0,0
[12:08:13 B] 1,1;2,2
[12:08:13 A] 2,2;0,1
[12:08:13 B] 0,1;1,2
[12:08:13 A] 1,2;0,0
[12:08:13 B] 2,0;2,1
[12:08:13 A] 2,1;0,0
[12:08:13 B] 0,1;2,1
[12:08:13 A] 2,1;0,1
[12:08:13 B] 2,1;0,2
[12:08:13 A] 0,2;0,1
[12:08:13 B] 1,2;2,2
[12:08:13 A] 2,2;0,2
[12:08:13 B] 0,2;1,1
[12:08:13 A] 1,1;0,0
[12:08:13 B] 1,0;2,0
[12:08:13 A] 2,0;0,2
[12:08:13 B] 0,2;2,1
[12:08:13 A] 2,1;1,0
[12:08:13 B] 1,0;1,1
[12:08:13 A] 1,1;0,1
[12:08:13 B] 1,2;0,2
[12:08:13 A] 0,2;0,2
[12:08:13 B] 1,0;0,2
[12:08:13 A] 1,1;0,2
[12:08:13 A] 0,0;0,0
[12:08:13 B] 0,0;1,0
[12:08:13 A] 1,0;0,0
[12:08:13 B] 0,0;2,1
[12:08:13 A] 2,1;0,0
[12:08:13 B] 0,0;1,2
[12:08:13 A] 1,2;0,0
[12:08:13 B] 0,0;0,1
[12:08:13 A] 0,1;0,0
[12:08:13 B] 0,0;2,2
[12:08:13 A] 2,2;0,0
[12:08:13 B] 0,0;2,0
[12:08:13 A] 2,0;0,0
[12:08:13 B] 2,0;2,1
[12:08:13 A] 2,1;0,1
[12:08:13 B] 0,1;1,0
[12:08:13 A] 1,0;0,1
[12:08:13 B] 0,1;0,2
[12:08:13 A] 0,2;0,0
[12:08:13 B] 1,0;0,2
[12:08:13 A] 0,2;0,1
[12:08:13 B] 0,1;1,1
[12:08:13 A] 1,1;0,0
[12:08:13 B] 2,1;1,0
[12:08:13 A] 1,0;1,0
[12:08:13 B] 1,0;2,2
[12:08:13 A] 2,2;0,1
[12:08:13 B] 0,1;1,2
[12:08:13 A] 1,2;0,1
[12:08:13 B] 2,1;2,1
[12:08:13 A] 2,1;0,2
[12:08:13 B] 0,2;1,0
[12:08:13 A] 1,0;2,0
[12:08:13 B] 2,0;1,1
[12:08:13 A] 1,1;0,1
[12:08:13 B] 1,2;1,0
[12:08:13 A] 0,2;0,2
[12:08:13 B] 1,2;1,2
[12:08:13 A] 1,2;0,2
[12:08:13 B] 1,1;2,1
[12:08:13 A] 1,1;0,2
[12:08:13 B] 0,0;1,1
[12:08:13 A] 1,1;0,0
[12:08:13 B] 0,0;0,0
[12:08:13 A] 0,0;2,2
[12:08:13 B] 2,2;1,1
[12:08:13 A] 1,1;0,1
[12:08:13 B] 0,1;2,2
[12:08:13 A] 2,2;0,0
[12:08:13 B] 0,0;0,2
[12:08:13 A] 0,2;0,0
[12:08:13 B] 0,0;2,0
[12:08:13 A] 2,0;0,0
[12:08:13 B] 0,1;2,0
[12:08:13 A] 2,0;0,1
[12:08:13 B] 0,1;1,0
[12:08:13 A] 1,0;0,0
[12:08:13 B] 0,2;2,1
[12:08:13 A] 2,1;0,0
[12:08:13 B] 2,2;2,0
[12:08:13 A] 2,0;0,2
[12:08:13 B] 0,2;0,2
[12:08:13 A] 0,2;0,1
[12:08:13 B] 0,1;0,0
[12:08:13 A] 1,1;0,2
[12:08:13 B] 0,2;1,2
[12:08:13 A] 1,2;0,0
[12:08:13 B] 1,0;1,2
[12:08:13 A] 1,2;0,1
[12:08:13 B] 0,2;1,1
[12:08:13 A] 0,2;1,0
[12:08:13 B] 1,0;2,2
[12:08:13 A] 2,2;0,2
[12:08:13 B] 0,2;2,2
[12:08:13 A] 0,0;0,0
[12:08:13 B] 0,0;1,1
[12:08:13 A] 1,1;0,0
[12:08:13 B] 0,0;0,2
[12:08:13 A] 0,2;0,0
[12:08:13 B] 0,0;1,0
[12:08:13 A] 1,0;0,0
[12:08:13 B] 0,0;2,2
[12:08:13 A] 2,2;0,0
[12:08:13 B] 0,0;1,2
[12:08:13 A] 1,2;0,0
[12:08:13 B] 1,0;1,2
[12:08:13 A] 1,2;0,1
[12:08:13 B] 0,1;2,0
[12:08:13 A] 2,0;0,0
[12:08:13 B] 1,0;2,2
[12:08:13 A] 2,2;0,1
[12:08:13 B] 0,1;0,2
[12:08:13 A] 0,2;0,1
[12:08:13 B] 0,1;0,1
[12:08:13 A] 0,1;0,0
[12:08:13 B] 1,1;1,0
[12:08:13 A] 1,0;0,2
[12:08:13 B] 0,2;0,2
[12:08:13 A] 0,2;1,0
[12:08:13 B] 1,0;2,1
[12:08:13 A] 2,1;0,0
[12:08:13 B] 2,2;2,2
[12:08:13 A] 2,2;0,2
[12:08:13 B] 0,2;2,1
[12:08:13 A] 2,1;0,1
[12:08:13 B] 0,1;2,2
[12:08:13 A] 0,1;2,1
[12:08:13 B] 2,1;2,2
[12:08:13 A] 0,1;1,2
[12:08:13 B] 1,2;0,2
[12:08:13 A] 0,2;2,0
[12:08:13 B] 2,0;1,0
[12:08:13 A] 1,0;0,1
[12:08:13 B] 0,1;1,0
[12:08:13 A] 0,1;1,1
[12:08:13 B] 1,1;2,1
[12:08:13 A] 2,1;0,2
[12:08:13 B] 1,1;2,2
[12:08:13 A] 1,1;2,0
[12:08:13 B] 2,0;0,1
[12:08:13 A] 1,1;0,1
[12:08:13 B] 1,1;0,2
[12:08:13 A] 1,1;1,2
[12:08:13 B] 1,2;1,0
[12:08:13 A] 1,1;1,1
[12:08:13 B] 1,2;1,1
[12:08:13 A] 1,2;1,2
[12:08:13 B] 1,2;2,1
[12:08:13 A] 1,2;2,0
[12:08:13 B] 2,0;1,1
[12:08:13 A] 2,0;1,2
[12:08:13 B] 1,2;2,2
[12:08:13 A] 2,0;2,1
[12:08:13 B] 2,0;2,2
[12:08:13 A] 2,0;0,2
[12:08:13 B] 2,0;2,0
[12:08:13 B] 0,0;1,1
[12:08:13 A] 1,1;0,0
[12:08:13 B] 0,0;2,0
[12:08:13 A] 2,0;0,0
[12:08:13 B] 0,0;0,1
[12:08:13 A] 0,1;0,0
[12:08:13 B] 0,0;1,0
[12:08:13 A] 1,0;0,0
[12:08:13 B] 0,0;0,2
[12:08:13 A] 0,2;0,0
[12:08:13 B] 2,1;2,1
[12:08:13 A] 2,1;0,0
[12:08:13 B] 1,1;1,2
[12:08:13 A] 1,2;0,0
[12:08:13 B] 1,1;2,0
[12:08:13 A] 2,0;0,1
[12:08:13 B] 0,1;2,0
[12:08:13 A] 2,0;0,2
[12:08:13 B] 0,2;0,1
[12:08:13 A] 0,1;0,1
[12:08:13 B] 0,1;0,2
[12:08:13 A] 0,2;0,2
[12:08:13 B] 0,2;1,0
[12:08:13 A] 1,0;0,1
[12:08:13 B] 0,1;2,2
[12:08:13 A] 2,2;0,0
[12:08:13 B] 2,2;2,1
[12:08:13 A] 2,1;0,1
[12:08:13 B] 0,1;1,1
[12:08:13 A] 1,1;0,1
[12:08:13 B] 2,1;0,2
[12:08:13 A] 0,2;1,1
[12:08:13 B] 1,1;2,1
[12:08:13 A] 2,1;1,0
[12:08:13 B] 1,0;1,1
[12:08:13 A] 1,1;0,2
[12:08:13 B] 0,2;2,2
[12:08:13 A] 2,2;0,1
[12:08:13 B] 1,2;2,2
[12:08:13 A] 2,2;0,2
[12:08:13 B] 0,2;2,0
[12:08:13 A] 0,2;2,1
[12:08:13 B] 2,1;1,2
[12:08:13 A] 1,2;0,1
[12:08:13 B] 1,0;2,0
[12:08:13 A] 1,0;0,2
[12:08:13 B] 0,2;1,2
[12:08:13 A] 1,2;0,2
[12:08:13 A] 0,0;0,0
[12:08:13 B] 0,0;1,2
[12:08:13 A] 1,2;0,0
[12:08:13 B] 0,0;2,2
[12:08:13 A] 2,2;0,0
[12:08:13 B] 0,0;0,1
[12:08:13 A] 0,1;0,0
[12:08:13 B] 0,0;1,0
[12:08:13 A] 1,0;0,0
[12:08:13 B] 0,0;1,1
[12:08:13 A] 1,1;0,0
[12:08:13 B] 0,2;1,1
[12:08:13 A] 1,1;0,1
[12:08:13 B] 0,1;2,1
[12:08:13 A] 2,1;0,0
[12:08:13 B] 2,2;1,2
[12:08:13 A] 1,2;0,1
[12:08:13 B] 0,1;1,2
[12:08:13 A] 1,2;0,2
[12:08:13 B] 0,2;0,1
[12:08:13 A] 0,1;0,1
[12:08:13 B] 0,1;2,0
[12:08:13 A] 2,0;0,0
[12:08:13 B] 1,0;2,1
[12:08:13 A] 2,1;0,1
[12:08:13 B] 0,1;0,2
[12:08:13 A] 0,2;2,1
[12:08:13 B] 2,1;2,1
[12:08:13 A] 2,1;0,2
[12:08:13 B] 0,2;2,2
[12:08:13 A] 2,2;0,1
[12:08:13 B] 0,1;1,0
[12:08:13 A] 1,0;0,1
[12:08:13 B] 0,1;1,1
[12:08:13 A] 1,1;0,2
[12:08:13 B] 0,2;2,0
[12:08:13 A] 2,0;0,1
[12:08:13 B] 1,0;2,0
[12:08:13 A] 2,0;0,2
[12:08:13 B] 0,2;1,0
[12:08:13 A] 1,0;0,2
[12:08:13 B] 0,0;1,2
[12:08:13 A] 1,2;0,0
[12:08:13 B] 0,0;0,1
[12:08:13 A] 0,1;0,0
[12:08:13 B] 0,0;2,0
[12:08:13 A] 2,0;0,0
[12:08:13 B] 0,0;2,1
[12:08:13 A] 2,1;0,0
[12:08:13 B] 0,0;1,0
[12:08:13 A] 1,0;0,0
[12:08:13 B] 0,0;0,0
[12:08:13 A] 0,1;0,1
[12:08:13 B] 0,1;1,0
[12:08:13 A] 1,0;0,1
[12:08:13 B] 0,1;2,2
[12:08:13 A] 2,2;0,0
[12:08:13 B] 1,2;0,1
[12:08:13 A] 0,1;0,2
[12:08:14 B] 0,2;2,2
[12:08:14 A] 2,2;0,1
[12:08:14 B] 1,1;2,1
[12:08:14 A] 2,1;0,1
[12:08:14 B] 1,2;2,1
[12:08:14 A] 2,1;0,2
[12:08:14 B] 0,2;0,2
[12:08:14 A] 0,2;1,2
[12:08:14 B] 1,2;1,1
[12:08:14 A] 1,1;0,0
[12:08:14 B] 0,2;1,0
[12:08:14 A] 1,0;0,2
[12:08:14 B] 0,2;2,1
[12:08:14 A] 0,2;2,0
[12:08:14 B] 2,0;2,2
[12:08:14 A] 2,2;0,2
[12:08:14 B] 0,2;0,0
[12:08:14 A] 0,2;0,1
[12:08:14 B] 2,0;1,1
[12:08:14 A] 1,1;0,1
[12:08:14 B] 2,0;0,1
[12:08:14 A] 0,2;1,1
[12:08:14 B] 1,1;2,2
[12:08:14 A] 1,1;0,2
[12:08:14 A] 0,0;0,0
[12:08:14 B] 0,0;2,1
[12:08:14 A] 2,1;0,0
[12:08:14 B] 0,0;1,0
[12:08:14 A] 1,0;0,0
[12:08:14 B] 0,0;2,2
[12:08:14 A] 2,2;0,0
[12:08:14 B] 0,0;2,0
[12:08:14 A] 2,0;0,0
[12:08:14 B] 2,2;0,2
[12:08:14 A] 0,2;0,0
[12:08:14 B] 1,0;0,1
[12:08:14 A] 0,1;0,0
[12:08:14 B] 1,2;2,0
[12:08:14 A] 2,0;0,1
[12:08:14 B] 0,1;1,2
[12:08:14 A] 1,2;0,0
[12:08:14 B] 0,2;2,2
[12:08:14 A] 2,2;0,1
[12:08:14 B] 0,1;2,1
[12:08:14 A] 2,1;0,1
[12:08:14 B] 0,1;0,1
[12:08:14 A] 0,1;1,1
[12:08:14 B] 1,1;2,1
[12:08:14 A] 2,1;0,2
[12:08:14 B] 0,2;2,0
[12:08:14 A] 2,0;0,2
[12:08:14 B] 0,2;0,2
[12:08:14 A] 0,2;2,1
[12:08:14 B] 1,1;1,1
[12:08:14 A] 1,1;0,1
[12:08:14 B] 0,1;2,0
[12:08:14 A] 0,1;2,2
[12:08:14 B] 2,2;1,0
[12:08:14 A] 1,0;0,2
[12:08:14 B] 0,2;0,1
[12:08:14 A] 0,2;1,2
[12:08:14 B] 1,2;2,1
[12:08:14 A] 0,2;1,1
[12:08:14 B] 1,1;2,2
[12:08:14 A] 2,2;1,1
[12:08:14 B] 1,1;1,0
[12:08:14 A] 1,0;1,0
[12:08:14 B] 1,0;1,2
[12:08:14 A] 1,2;2,2
[12:08:14 B] 2,2;2,0
[12:08:14 A] 0,2;1,0
[12:08:14 B] 1,0;2,0
[12:08:14 A] 1,1;1,2
[12:08:14 B] 1,2;1,1
[12:08:14 A] 1,1;2,0
[12:08:14 B] 2,2;2,1
[12:08:14 A] 1,1;0,0
[12:08:14 B] 1,1;0,2
[12:08:14 A] 1,2;0,1
[12:08:14 B] 2,2;1,2
[12:08:14 A] 1,2;0,2
[12:08:14 B] 1,0;1,1
[12:08:14 A] 1,0;2,1
[12:08:14 B] 1,0;2,2
[12:08:14 A] 2,2;2,2
[12:08:14 B] 0,0;1,2
[12:08:14 A] 1,2;0,0
[12:08:14 B] 0,0;1,1
[12:08:14 A] 1,1;0,0
[12:08:14 B] 0,0;2,1
[12:08:14 A] 2,1;0,0
[12:08:14 B] 0,0;0,0
[12:08:14 A] 0,0;1,0
[12:08:14 B] 1,0;1,0
[12:08:14 A] 1,0;0,0
[12:08:14 B] 0,0;0,1
[12:08:14 A] 0,1;0,0
[12:08:14 B] 0,2;1,2
[12:08:14 A] 1,2;0,1
[12:08:14 B] 0,1;2,0
[12:08:14 A] 2,0;0,0
[12:08:14 B] 0,1;2,2
[12:08:14 A] 2,2;0,0
[12:08:14 B] 0,2;1,1
[12:08:14 A] 1,1;0,1
[12:08:14 B] 0,1;1,2
[12:08:14 A] 1,2;0,2
[12:08:14 B] 0,2;1,0
[12:08:14 A] 1,0;0,1
[12:08:14 B] 0,1;0,1
[12:08:14 A] 0,1;2,1
[12:08:14 B] 2,1;0,1
[12:08:14 A] 0,1;0,2
[12:08:14 B] 2,1;0,2
[12:08:14 A] 1,0;0,2
[12:08:14 B] 1,1;2,1
[12:08:14 A] 2,1;1,0
[12:08:14 B] 2,1;2,0
[12:08:14 A] 2,0;0,1
[12:08:14 B] 0,1;1,0
[12:08:14 A] 0,1;1,1
[12:08:14 B] 1,1;1,1
[12:08:14 A] 1,1;0,2
[12:08:14 A] 0,0;0,0
[12:08:14 B] 0,0;2,2
[12:08:14 A] 2,2;0,0
[12:08:14 B] 0,0;0,1
[12:08:14 A] 0,1;0,0
[12:08:14 B] 0,0;2,1
[12:08:14 A] 2,1;0,0
[12:08:14 B] 0,0;1,0
[12:08:14 A] 1,0;0,0
[12:08:14 B] 0,0;0,2
[12:08:14 A] 0,2;0,0
[12:08:14 B] 0,0;2,0
[12:08:14 A] 2,0;0,0
[12:08:14 B] 0,1;1,1
[12:08:14 A] 1,1;0,0
[12:08:14 B] 1,1;2,1
[12:08:14 A] 2,1;0,1
[12:08:14 B] 0,1;2,2
[12:08:14 A] 2,2;0,1
[12:08:14 B] 0,1;2,1
[12:08:14 A] 2,1;0,2
[12:08:14 B] 0,2;0,1
[12:08:14 A] 0,1;2,0
[12:08:14 B] 2,0;1,1
[12:08:14 A] 1,1;0,1
[12:08:14 B] 0,1;1,2
[12:08:14 A] 1,2;0,0
[12:08:14 B] 0,1;0,2
[12:08:14 A] 0,2;0,2
[12:08:14 B] 0,2;1,1
[12:08:14 A] 1,1;0,2
[12:08:14 B] 0,2;1,0
[12:08:14 A] 1,0;0,1
[12:08:14 B] 0,2;2,2
[12:08:14 A] 2,2;0,2
[12:08:14 B] 0,2;1,2
[12:08:14 B] 0,0;0,0
[12:08:14 A] 0,0;0,1
[12:08:14 B] 0,1;0,0
[12:08:14 A] 0,0;0,2
[12:08:14 B] 0,2;0,1
[12:08:14 A] 0,1;0,1
[12:08:14 B] 0,1;2,0
[12:08:14 A] 2,0;0,0
[12:08:14 B] 0,0;1,2
[12:08:14 A] 1,2;0,0
[12:08:14 B] 0,0;2,0
[12:08:14 A] 2,0;0,1
[12:08:14 B] 0,1;2,1
[12:08:14 A] 2,1;0,0
[12:08:14 B] 0,0;2,1
[12:08:14 A] 2,1;0,1
[12:08:14 B] 0,1;2,2
[12:08:14 A] 2,2;0,0
[12:08:14 B] 0,0;1,1
[12:08:14 A] 1,1;0,0
[12:08:14 B] 0,0;1,0
[12:08:14 A] 1,0;0,0
[12:08:14 B] 1,0;2,0
[12:08:14 A] 2,0;0,2
[12:08:14 B] 0,2;1,0
[12:08:14 A] 1,0;0,1
[12:08:14 B] 1,2;2,0
[12:08:14 A] 1,0;0,2
[12:08:14 B] 0,2;2,1
[12:08:14 A] 2,1;0,2
[12:08:14 B] 0,2;2,0
[12:08:14 A] 0,2;2,2
[12:08:14 B] 2,2;2,0
[12:08:14 A] 0,2;0,0
[12:08:14 B] 2,2;1,0
[12:08:14 A] 0,2;1,1
[12:08:14 B] 1,1;1,0
[12:08:14 A] 1,1;0,1
[12:08:14 B] 2,2;0,2
[12:08:14 A] 1,1;0,2
[12:08:14 A] 0,0;0,0
[12:08:14 B] 0,0;1,2
[12:08:14 A] 1,2;0,0
[12:08:14 B] 0,0;0,2
[12:08:14 A] 0,2;0,0
[12:08:14 B] 0,0;2,0
[12:08:14 A] 2,0;0,0
[12:08:14 B] 0,0;1,0
[12:08:14 A] 1,0;0,0
[12:08:14 B] 0,0;2,2
[12:08:14 A] 2,2;0,0
[12:08:14 B] 2,0;2,1
[12:08:14 A] 2,1;0,0
[12:08:14 B] 2,1;2,1
[12:08:14 A] 2,1;0,1
[12:08:14 B] 0,1;1,2
[12:08:14 A] 1,2;0,1
[12:08:14 B] 0,1;2,0
[12:08:14 A] 2,0;0,1
[12:08:14 B] 0,1;0,1
[12:08:14 A] 0,1;0,0
[12:08:14 B] 1,2;2,0
[12:08:14 A] 2,0;0,2
[12:08:14 B] 0,2;1,0
[12:08:14 A] 1,0;0,1
[12:08:14 B] 0,1;2,2
[12:08:14 A] 2,2;0,1
[12:08:14 B] 0,1;1,0
[12:08:14 A] 1,0;0,2
[12:08:14 B] 0,2;1,2
[12:08:14 A] 1,2;0,2
[12:08:14 B] 0,2;2,0
[12:08:14 A] 0,1;1,1
[12:08:14 B] 1,1;1,2
[12:08:14 A] 0,1;2,1
[12:08:14 B] 2,1;2,0
[12:08:14 A] 0,1;0,2
[12:08:14 B] 0,2;2,1
[12:08:14 A] 2,1;0,2
[12:08:14 B] 0,2;0,1
[12:08:14 A] 0,2;1,1
[12:08:14 B] 1,1;2,0
[12:08:14 A] 0,2;2,2
[12:08:14 B] 2,2;1,0
[12:08:14 A] 2,2;0,2
[12:08:14 B] 0,0;2,0
[12:08:14 A] 2,0;0,0
[12:08:14 B] 0,0;0,0
[12:08:14 A] 0,0;1,0
[12:08:14 B] 1,0;1,1
[12:08:14 A] 1,1;0,0
[12:08:14 B] 0,0;2,1
[12:08:14 A] 2,1;0,0
[12:08:14 B] 0,0;1,2
[12:08:14 A] 1,2;0,0
[12:08:14 B] 0,0;0,2
[12:08:14 A] 0,2;0,0
[12:08:14 B] 0,0;0,1
[12:08:14 A] 0,1;0,0
[12:08:14 B] 1,2;2,0
[12:08:14 A] 2,0;0,1
[12:08:14 B] 0,1;1,2
[12:08:14 A] 1,2;0,1
[12:08:14 B] 0,1;2,0
[12:08:14 A] 2,0;0,2
[12:08:14 B] 0,2;1,2
[12:08:14 A] 1,2;0,2
[12:08:14 B] 0,2;2,0
[12:08:14 A] 0,1;0,1
[12:08:14 B] 0,1;2,2
[12:08:14 A] 2,2;0,0
[12:08:14 B] 0,2;2,1
[12:08:14 A] 2,1;0,1
[12:08:14 B] 0,1;1,0
[12:08:14 A] 1,0;0,0
[12:08:14 B] 1,0;2,0
[12:08:14 A] 0,1;0,2
[12:08:14 B] 0,2;2,2
[12:08:14 A] 2,2;0,1
[12:08:14 B] 1,1;1,1
[12:08:14 A] 1,1;0,1
[12:08:14 B] 2,2;0,2
[12:08:14 A] 1,0;0,2
[12:08:14 B] 2,2;1,2
[12:08:14 A] 1,0;0,1
[12:08:14 B] 2,1;2,1
[12:08:14 A] 2,1;0,2
[12:08:14 B] 2,2;2,1
[12:08:15 A] 1,1;0,2
[12:08:15 A] 0,0;0,0
[12:08:15 B] 0,0;2,1
[12:08:15 A] 2,1;0,0
[12:08:15 B] 0,0;2,2
[12:08:15 A] 2,2;0,0
[12:08:15 B] 0,0;0,2
[12:08:15 A] 0,2;0,0
[12:08:15 B] 0,0;1,0
[12:08:15 A] 1,0;0,0
[12:08:15 B] 0,0;1,1
[12:08:15 A] 1,1;0,0
[12:08:15 B] 0,0;1,2
[12:08:15 A] 1,2;0,0
[12:08:15 B] 2,0;0,0
[12:08:15 A] 0,1;0,0
[12:08:15 B] 2,1;2,2
[12:08:15 A] 2,2;0,1
[12:08:15 B] 0,1;1,2
[12:08:15 A] 1,2;0,1
[12:08:15 B] 0,1;0,1
[12:08:15 A] 0,1;0,2
[12:08:15 B] 0,2;2,0
[12:08:15 A] 2,0;0,1
[12:08:15 B] 0,1;1,0
[12:08:15 A] 1,0;0,1
[12:08:15 B] 0,1;1,1
[12:08:15 A] 1,1;0,1
[12:08:15 B] 1,1;1,2
[12:08:15 A] 1,2;0,2
[12:08:15 B] 0,2;1,2
[12:08:15 A] 1,0;0,2
[12:08:15 B] 0,2;1,1
[12:08:15 A] 1,1;0,2
[12:08:15 B] 0,0;1,1
[12:08:15 A] 1,1;0,0
[12:08:15 B] 0,0;0,0
[12:08:15 A] 0,0;2,2
[12:08:15 B] 2,2;2,0
[12:08:15 A] 2,0;0,0
[12:08:15 B] 0,0;2,0
[12:08:15 A] 2,0;0,1
[12:08:15 B] 0,1;1,0
[12:08:15 A] 1,0;0,0
[12:08:15 B] 0,0;1,0
[12:08:15 A] 1,0;0,1
[12:08:15 B] 0,1;0,2
[12:08:15 A] 0,2;0,0
[12:08:15 B] 1,0;0,2
[12:08:15 A] 0,2;0,1
[12:08:15 B] 0,1;2,2
[12:08:15 A] 2,2;0,0
[12:08:15 B] 0,1;0,0
[12:08:15 A] 0,1;0,1
[12:08:15 B] 0,1;2,0
[12:08:15 A] 2,0;0,2
[12:08:15 B] 0,2;1,0
[12:08:15 A] 1,0;1,0
[12:08:15 B] 1,0;2,2
[12:08:15 A] 2,2;0,1
[12:08:15 B] 1,1;1,0
[12:08:15 A] 1,0;2,0
[12:08:15 B] 2,2;2,1
[12:08:15 A] 2,1;0,0
[12:08:15 B] 1,2;0,1
[12:08:15 A] 0,2;0,2
[12:08:15 B] 2,1;0,2
[12:08:15 A] 2,2;0,2
[12:08:15 B] 1,2;2,2
[12:08:15 A] 1,1;0,1
[12:08:15 B] 2,1;2,1
[12:08:15 A] 2,1;0,1
[12:08:15 B] 1,2;1,2
[12:08:15 A] 1,2;0,2
[12:08:15 B] 1,1;2,0
[12:08:15 A] 1,1;0,2
[12:08:15 A] 0,0;0,0
[12:08:15 B] 0,0;1,0
[12:08:15 A] 1,0;0,0
[12:08:15 B] 0,0;2,1
[12:08:15 A] 2,1;0,0
[12:08:15 B] 0,0;2,0
[12:08:15 A] 2,0;0,0
[12:08:15 B] 0,0;1,2
[12:08:15 A] 1,2;0,0
[12:08:15 B] 0,0;2,2
[12:08:15 A] 2,2;0,0
[12:08:15 B] 0,2;1,2
[12:08:15 A] 1,2;0,1
[12:08:15 B] 0,1;1,0
[12:08:15 A] 1,0;0,1
[12:08:15 B] 0,1;2,0
[12:08:15 A] 2,0;0,1
[12:08:15 B] 0,1;0,2
[12:08:15 A] 0,2;0,0
[12:08:15 B] 2,1;1,2
[12:08:15 A] 1,2;0,2
[12:08:15 B] 0,2;2,0
[12:08:15 A] 2,0;0,2
[12:08:15 B] 0,2;1,0
[12:08:15 A] 1,0;0,2
[12:08:15 B] 0,2;1,1
[12:08:15 A] 1,1;0,0
[12:08:15 B] 2,2;2,1
[12:08:15 A] 2,1;0,1
[12:08:15 B] 0,1;0,1
[12:08:15 A] 0,1;0,0
[12:08:15 B] 0,1;1,1
[12:08:15 B] 0,0;0,1
[12:08:15 A] 0,1;0,0
[12:08:15 B] 0,0;2,2
[12:08:15 A] 2,2;0,0
[12:08:15 B] 0,0;2,1
[12:08:15 A] 2,1;0,0
[12:08:15 B] 0,0;1,0
[12:08:15 A] 1,0;0,0
[12:08:15 B] 0,0;0,0
[12:08:15 A] 0,0;0,2
[12:08:15 B] 0,2;0,2
[12:08:15 A] 0,2;0,0
[12:08:15 B] 0,0;2,0
[12:08:15 A] 2,0;0,0
[12:08:15 B] 2,0;1,0
[12:08:15 A] 1,0;0,1
[12:08:15 B] 0,1;1,2
[12:08:15 A] 1,2;0,0
[12:08:15 B] 1,1;1,1
[12:08:15 A] 1,1;0,0
[12:08:15 B] 2,0;0,1
[12:08:15 A] 0,1;0,1
[12:08:15 B] 0,1;2,2
[12:08:15 A] 2,2;0,1
[12:08:15 B] 0,1;0,2
[12:08:15 A] 0,2;0,1
[12:08:15 B] 2,2;1,1
[12:08:15 A] 1,1;0,1
[12:08:15 B] 1,2;1,2
[12:08:15 A] 1,2;0,1
[12:08:15 B] 2,2;1,2
[12:08:15 A] 1,2;0,2
[12:08:15 B] 0,2;2,1
[12:08:15 A] 2,1;0,1
[12:08:15 B] 2,2;2,1
[12:08:15 A] 2,1;0,2
[12:08:15 B] 0,2;1,1
[12:08:15 A] 1,1;0,2
[12:08:15 B] 0,2;2,0
[12:08:15 A] 0,0;0,0
[12:08:15 B] 0,0;2,1
[12:08:15 A] 2,1;0,0
[12:08:15 B] 0,0;2,0
[12:08:15 A] 2,0;0,0
[12:08:15 B] 0,0;0,1
[12:08:15 A] 0,1;0,0
[12:08:15 B] 0,0;1,2
[12:08:15 A] 1,2;0,0
[12:08:15 B] 0,0;1,0
[12:08:15 A] 1,0;0,0
[12:08:15 B] 0,0;1,1
[12:08:15 A] 1,1;0,0
[12:08:15 B] 1,1;0,1
[12:08:15 A] 0,1;0,1
[12:08:15 B] 0,1;2,1
[12:08:15 A] 2,1;0,1
[12:08:15 B] 0,1;1,1
[12:08:15 A] 1,1;0,2
[12:08:15 B] 0,2;0,2
[12:08:15 A] 0,2;0,0
[12:08:15 B] 1,0;2,1
[12:08:15 A] 2,1;0,2
[12:08:15 B] 0,2;1,1
[12:08:15 A] 1,1;1,0
[12:08:15 B] 1,0;1,2
[12:08:15 A] 1,2;0,1
[12:08:15 B] 0,1;2,2
[12:08:15 A] 2,2;0,0
[12:08:15 B] 2,2;1,0
[12:08:15 A] 1,0;0,1
[12:08:15 B] 0,1;2,0
[12:08:15 A] 2,0;0,1
[12:08:15 B] 0,2;1,0
[12:08:15 A] 1,0;0,2
[12:08:15 B] 0,2;2,0
[12:08:15 B] 0,0;2,2
[12:08:15 A] 2,2;0,0
[12:08:15 B] 0,0;0,2
[12:08:15 A] 0,2;0,0
[12:08:15 B] 0,0;0,0
[12:08:15 A] 0,0;0,1
[12:08:15 B] 0,1;2,1
[12:08:15 A] 2,1;0,0
[12:08:15 B] 0,0;2,0
[12:08:15 A] 2,0;0,0
[12:08:15 B] 0,0;2,1
[12:08:15 A] 2,1;0,1
[12:08:15 B] 0,1;2,0
[12:08:15 A] 2,0;0,1
[12:08:15 B] 0,1;0,1
[12:08:15 A] 0,1;2,2
[12:08:15 B] 2,2;0,1
[12:08:15 A] 0,1;1,1
[12:08:15 B] 1,1;1,1
[12:08:15 A] 1,1;0,0
[12:08:15 B] 2,2;2,1
[12:08:15 A] 2,1;0,2
[12:08:15 B] 0,2;1,1
[12:08:15 A] 1,1;0,1
[12:08:15 B] 0,1;0,2
[12:08:15 A] 0,2;0,1
[12:08:15 B] 0,1;1,0
[12:08:15 A] 1,0;0,0
[12:08:15 B] 1,0;1,1
[12:08:15 A] 1,1;0,2
[12:08:15 B] 0,2;2,2
[12:08:15 A] 2,2;1,1
[12:08:15 B] 1,0;2,0
[12:08:15 A] 2,0;0,2
[12:08:15 B] 0,2;2,1
[12:08:15 A] 0,1;0,0
[12:08:15 A] 0,0;0,0
[12:08:15 B] 0,0;2,1
[12:08:15 A] 2,1;0,0
[12:08:15 B] 0,0;1,0
[12:08:15 A] 1,0;0,0
[12:08:15 B] 0,0;0,2
[12:08:15 A] 0,2;0,0
[12:08:15 B] 0,0;2,2
[12:08:15 A] 2,2;0,0
[12:08:15 B] 0,0;2,0
[12:08:15 A] 2,0;0,0
[12:08:15 B] 2,1;1,0
[12:08:15 A] 1,0;0,1
[12:08:15 B] 0,1;2,1
[12:08:15 A] 2,1;0,1
[12:08:15 B] 0,1;1,0
[12:08:15 A] 1,0;0,2
[12:08:15 B] 0,2;0,2
[12:08:15 A] 0,2;0,1
[12:08:15 B] 0,1;2,2
[12:08:15 A] 2,2;0,1
[12:08:15 B] 0,1;0,0
[12:08:15 A] 0,1;2,0
[12:08:15 B] 2,0;1,1
[12:08:15 A] 1,1;0,0
[12:08:15 B] 1,1;0,1
[12:08:15 A] 0,1;1,1
[12:08:15 B] 1,1;2,0
[12:08:15 A] 2,0;0,1
[12:08:15 B] 0,1;1,2
[12:08:15 A] 1,2;0,0
[12:08:15 B] 2,0;0,2
[12:08:15 A] 0,2;1,0
[12:08:15 B] 2,0;2,2
[12:08:15 A] 2,2;0,2
[12:08:15 B] 0,2;2,1
[12:08:15 A] 2,1;0,2
[12:08:15 B] 0,2;1,1
[12:08:15 A] 1,1;0,2
[12:08:15 B] 0,2;2,0
[12:08:15 A] 2,0;1,2
[12:08:15 B] 1,2;2,0
[12:08:15 A] 2,0;2,0
[12:08:15 B] 2,0;1,0
[12:08:15 A] 0,1;0,2
[12:08:15 B] 2,0;2,1
[12:08:15 A] 1,1;1,0
[12:08:15 B] 1,2;1,2
[12:08:15 A] 1,2;0,1
[12:08:15 B] 1,1;2,1
[12:08:15 A] 1,1;2,2
[12:08:15 B] 1,1;1,1
[12:08:15 A] 1,2;0,2
[12:08:15 B] 0,0;0,0
[12:08:15 A] 0,0;0,1
[12:08:15 B] 0,1;0,0
[12:08:15 A] 0,0;0,2
[12:08:15 B] 0,2;1,2
[12:08:15 A] 1,2;0,0
[12:08:15 B] 0,0;2,2
[12:08:16 A] 2,2;0,0
[12:08:16 B] 0,0;1,2
[12:08:16 A] 1,2;0,1
[12:08:16 B] 0,1;0,1
[12:08:16 A] 0,1;0,2
[12:08:16 B] 0,2;2,0
[12:08:16 A] 2,0;0,0
[12:08:16 B] 0,0;2,0
[12:08:16 A] 2,0;0,1
[12:08:16 B] 0,1;2,1
[12:08:16 A] 2,1;0,0
[12:08:16 B] 0,0;2,1
[12:08:16 A] 2,1;0,1
[12:08:16 B] 0,1;2,2
[12:08:16 A] 2,2;0,1
[12:08:16 B] 0,1;1,1
[12:08:16 A] 1,1;0,0
[12:08:16 B] 1,1;0,1
[12:08:16 A] 1,2;0,2
[12:08:16 B] 0,2;0,2
[12:08:16 A] 0,2;2,2
[12:08:16 B] 2,2;2,0
[12:08:16 A] 2,0;0,2
[12:08:16 B] 0,2;2,1
[12:08:16 A] 2,1;0,2
[12:08:16 B] 0,2;1,0
[12:08:16 A] 1,0;0,0
[12:08:16 B] 1,0;2,1
[12:08:16 A] 0,2;1,1
[12:08:16 B] 1,1;1,1
[12:08:16 A] 1,1;2,1
[12:08:16 B] 1,1;2,0
[12:08:16 A] 0,2;0,0
[12:08:16 B] 2,2;0,2
[12:08:16 A] 1,1;0,2
[12:08:16 B] 2,2;2,2
[12:08:16 A] 2,2;2,1
[12:08:16 B] 1,1;1,2
[12:08:16 A] 1,1;1,0
[12:08:16 B] 1,0;1,1
[12:08:16 A] 1,1;2,2
[12:08:16 B] 2,2;1,0
[12:08:16 A] 1,0;0,1
[12:08:16 B] 1,0;0,2
[12:08:16 A] 1,0;2,0
[12:08:16 B] 1,0;1,0
[12:08:16 A] 1,0;1,2
[12:08:16 B] 2,2;1,1
[12:08:16 A] 1,0;2,2
[12:08:16 A] 0,0;0,0
[12:08:16 B] 0,0;1,2
[12:08:16 A] 1,2;0,0
[12:08:16 B] 0,0;0,2
[12:08:16 A] 0,2;0,0
[12:08:16 B] 0,0;1,0
[12:08:16 A] 1,0;0,0
[12:08:16 B] 0,0;1,1
[12:08:16 A] 1,1;0,0
[12:08:16 B] 2,0;1,1
[12:08:16 A] 1,1;0,1
[12:08:16 B] 0,1;0,0
[12:08:16 A] 1,1;0,2
[12:08:16 B] 0,2;1,0
[12:08:16 A] 1,0;0,1
[12:08:16 B] 0,1;2,2
[12:08:16 A] 2,2;0,0
[12:08:16 B] 2,2;2,2
[12:08:16 A] 2,2;0,1
[12:08:16 B] 0,1;1,1
[12:08:16 A] 1,0;0,2
[12:08:16 B] 0,2;2,1
[12:08:16 A] 2,1;0,0
[12:08:16 B] 2,1;2,2
[12:08:16 A] 2,2;0,2
[12:08:16 B] 0,2;0,1
[12:08:16 A] 0,2;1,1
[12:08:16 B] 0,2;2,0
[12:08:16 A] 2,0;0,0
[12:08:16 B] 0,2;2,2
[12:08:16 B] 0,0;0,0
[12:08:16 A] 0,0;0,1
[12:08:16 B] 0,1;2,2
[12:08:16 A] 2,2;0,0
[12:08:16 B] 0,0;2,2
[12:08:16 A] 2,2;0,1
[12:08:16 B] 0,1;1,1
[12:08:16 A] 1,1;0,0
[12:08:16 B] 0,0;0,2
[12:08:16 A] 0,2;0,0
[12:08:16 B] 0,0;2,0
[12:08:16 A] 2,0;0,0
[12:08:16 B] 0,0;1,0
[12:08:16 A] 1,0;0,0
[12:08:16 B] 2,0;1,1
[12:08:16 A] 1,1;0,1
[12:08:16 B] 0,1;0,0
[12:08:16 A] 1,1;0,2
[12:08:16 B] 0,2;1,2
[12:08:16 A] 1,2;0,0
[12:08:16 B] 2,0;0,1
[12:08:16 A] 2,0;2,1
[12:08:16 B] 2,1;1,0
[12:08:16 A] 1,0;0,1
[12:08:16 B] 1,2;0,2
[12:08:16 A] 0,2;0,1
[12:08:16 B] 1,0;2,0
[12:08:16 A] 2,0;0,2
[12:08:16 B] 0,2;1,1
[12:08:16 A] 0,2;0,2
[12:08:16 B] 2,0;1,0
[12:08:16 A] 1,0;0,2
[12:08:16 B] 2,1;1,1
[12:08:16 A] 2,0;1,2
[12:08:16 B] 1,2;2,2
[12:08:16 A] 2,2;0,2
[12:08:16 B] 2,1;2,0
[12:08:16 A] 2,0;2,2
[12:08:16 A] 0,0;0,0
[12:08:16 B] 0,0;0,2
[12:08:16 A] 0,2;0,0
[12:08:16 B] 0,0;1,2
[12:08:16 A] 1,2;0,0
[12:08:16 B] 0,0;2,1
[12:08:16 A] 2,1;0,0
[12:08:16 B] 0,0;2,0
[12:08:16 A] 2,0;0,0
[12:08:16 B] 0,0;2,2
[12:08:16 A] 2,2;0,0
[12:08:16 B] 0,2;2,1
[12:08:16 A] 2,1;0,1
[12:08:16 B] 0,1;0,2
[12:08:16 A] 0,2;0,1
[12:08:16 B] 0,1;0,0
[12:08:16 A] 0,1;0,1
[12:08:16 B] 0,1;1,1
[12:08:16 A] 1,1;0,0
[12:08:16 B] 0,2;2,0
[12:08:16 A] 2,0;0,1
[12:08:16 B] 0,1;2,2
[12:08:16 A] 2,2;0,1
[12:08:16 B] 1,1;1,2
[12:08:16 A] 1,2;0,1
[12:08:16 B] 0,2;1,1
[12:08:16 A] 1,1;0,1
[12:08:16 B] 2,1;2,0
[12:08:16 A] 2,0;0,2
[12:08:16 B] 0,2;0,2
[12:08:16 B] 0,0;0,0
[12:08:16 A] 0,0;0,1
[12:08:16 B] 0,1;2,0
[12:08:16 A] 2,0;0,0
[12:08:16 B] 0,0;1,0
[12:08:16 A] 1,0;0,0
[12:08:16 B] 0,0;2,2
[12:08:16 A] 2,2;0,0
[12:08:16 B] 0,0;1,2
[12:08:16 A] 1,2;0,0
[12:08:16 B] 0,0;2,0
[12:08:16 A] 2,0;0,1
[12:08:16 B] 0,1;0,2
[12:08:16 A] 0,2;0,0
[12:08:16 B] 0,1;1,2
[12:08:16 A] 1,2;0,1
[12:08:16 B] 0,1;0,0
[12:08:16 A] 0,1;0,1
[12:08:16 B] 0,1;2,1
[12:08:16 A] 2,1;0,0
[12:08:16 B] 1,2;0,2
[12:08:16 A] 0,2;0,1
[12:08:16 B] 0,1;1,0
[12:08:16 A] 1,0;0,1
[12:08:16 B] 2,1;0,1
[12:08:16 A] 0,2;0,2
[12:08:16 B] 2,2;2,1
[12:08:16 A] 2,1;0,2
[12:08:16 B] 1,0;2,0
[12:08:16 A] 2,0;0,2
[12:08:16 B] 2,1;2,0
[12:08:16 A] 1,0;0,2
[12:08:16 B] 2,2;0,2
[12:08:16 A] 1,1;0,0
[12:08:16 B] 2,1;1,1
[12:08:16 A] 1,1;0,1
[12:08:16 B] 1,2;1,2
[12:08:16 A] 1,2;2,2
[12:08:16 B] 2,2;2,0
[12:08:16 A] 1,1;0,2
[12:08:16 A] 0,0;0,0
[12:08:16 B] 0,0;2,2
[12:08:16 A] 2,2;0,0
[12:08:16 B] 0,0;0,2
[12:08:16 A] 0,2;0,0
[12:08:16 B] 0,0;1,2
[12:08:16 A] 1,2;0,0
[12:08:16 B] 0,2;1,2
[12:08:16 A] 1,2;0,1
[12:08:16 B] 0,1;2,2
[12:08:16 A] 2,2;0,1
[12:08:16 B] 0,1;1,2
[12:08:16 A] 1,2;0,2
[12:08:16 B] 0,2;0,1
[12:08:16 A] 0,1;0,2
[12:08:16 B] 0,2;2,1
[12:08:16 A] 2,1;0,0
[12:08:16 B] 1,0;2,1
[12:08:16 A] 2,1;0,1
[12:08:16 B] 0,1;2,1
[12:08:16 A] 2,1;0,2
[12:08:16 B] 0,2;2,0
[12:08:16 A] 2,0;0,0
[12:08:16 B] 0,1;0,0
[12:08:16 A] 0,1;2,0
[12:08:16 B] 2,0;1,1
[12:08:16 A] 1,1;0,0
[12:08:16 B] 0,1;0,1
[12:08:16 A] 0,1;1,1
[12:08:16 B] 1,1;2,0
[12:08:16 A] 2,0;0,1
[12:08:16 B] 0,2;1,1
[12:08:16 A] 1,1;0,1
[12:08:16 B] 2,0;1,2
[12:08:16 A] 1,1;0,2
[12:08:16 B] 0,0;2,2
[12:08:16 A] 2,2;0,0
[12:08:16 B] 0,0;2,0
[12:08:16 A] 2,0;0,0
[12:08:16 B] 0,0;1,0
[12:08:16 A] 1,0;0,0
[12:08:16 B] 0,0;1,1
[12:08:16 A] 1,1;0,0
[12:08:16 B] 0,0;1,2
[12:08:16 A] 1,2;0,0
[12:08:16 B] 1,1;2,2
[12:08:16 A] 2,2;0,1
[12:08:16 B] 0,1;1,2
[12:08:16 A] 1,2;0,1
[12:08:16 B] 0,1;1,1
[12:08:16 A] 1,1;0,1
[12:08:16 B] 0,1;2,2
[12:08:16 A] 2,2;0,2
[12:08:16 B] 0,2;1,1
[12:08:16 A] 1,1;0,2
[12:08:16 B] 0,2;2,1
[12:08:16 A] 2,1;0,0
[12:08:16 B] 2,0;1,0
[12:08:16 A] 1,0;0,1
[12:08:16 B] 0,1;2,0
[12:08:16 A] 2,0;0,1
[12:08:16 B] 0,1;2,1
[12:08:16 A] 2,1;0,1
[12:08:16 B] 0,2;2,2
[12:08:16 A] 0,2;2,0
[12:08:16 B] 2,0;2,2
[12:08:16 A] 0,2;0,1
[12:08:16 B] 2,0;2,1
[12:08:16 A] 2,1;0,2
[12:08:16 B] 0,2;0,2
[12:08:16 A] 0,2;1,2
[12:08:16 B] 1,2;0,2
[12:08:16 A] 0,2;0,0
[12:08:16 B] 0,2;1,0
[12:08:16 A] 1,0;0,2
[12:08:16 B] 1,2;1,0
[12:08:16 A] 2,0;0,2
[12:08:16 A] 0,0;0,0
[12:08:16 B] 0,0;1,0
[12:08:16 A] 1,0;0,0
[12:08:16 B] 0,0;0,2
[12:08:16 A] 0,2;0,0
[12:08:16 B] 0,0;2,1
[12:08:16 A] 2,1;0,0
[12:08:16 B] 0,0;2,2
[12:08:16 A] 2,2;0,0
[12:08:16 B] 0,0;1,2
[12:08:16 A] 1,2;0,0
[12:08:16 B] 2,0;1,0
[12:08:16 A] 1,0;0,1
[12:08:16 B] 0,1;0,0
[12:08:16 A] 1,0;0,2
[12:08:16 B] 0,2;1,0
[12:08:17 A] 0,1;0,1
[12:08:17 B] 0,1;1,2
[12:08:17 A] 1,2;0,1
[12:08:17 B] 0,1;2,1
[12:08:17 A] 2,1;0,1
[12:08:17 B] 0,1;1,0
[12:08:17 A] 0,1;1,1
[12:08:17 B] 1,1;2,0
[12:08:17 A] 2,0;0,0
[12:08:17 B] 0,1;2,2
[12:08:17 A] 2,2;0,1
[12:08:17 B] 0,1;0,2
[12:08:17 A] 0,2;0,1
[12:08:17 B] 1,1;2,1
[12:08:17 A] 2,1;0,2
[12:08:17 B] 0,2;2,0
[12:08:17 A] 2,0;0,1
[12:08:17 B] 1,2;1,2
[12:08:17 A] 1,2;0,2
[12:08:17 B] 0,2;2,1
[12:08:17 A] 0,2;0,2
[12:08:17 B] 2,0;2,0
[12:08:17 A] 2,0;0,2
[12:08:17 B] 2,2;0,2
[12:08:17 A] 1,1;2,2
[12:08:17 B] 2,2;1,1
[12:08:17 A] 1,1;0,0
[12:08:17 B] 2,2;1,2
[12:08:17 A] 1,1;1,1
[12:08:17 B] 0,0;1,1
[12:08:17 A] 1,1;0,0
[12:08:17 B] 0,0;1,0
[12:08:17 A] 1,0;0,0
[12:08:17 B] 0,0;1,2
[12:08:17 A] 1,2;0,0
[12:08:17 B] 1,0;2,1
[12:08:17 A] 2,1;0,0
[12:08:17 B] 2,1;1,2
[12:08:17 A] 1,2;0,1
[12:08:17 B] 0,1;0,1
[12:08:17 A] 0,1;0,0
[12:08:17 B] 0,2;2,2
[12:08:17 A] 2,2;0,0
[12:08:17 B] 0,2;2,1
[12:08:17 A] 2,1;0,1
[12:08:17 B] 0,1;2,1
[12:08:17 A] 2,1;0,2
[12:08:17 B] 0,2;0,0
[12:08:17 A] 0,1;1,1
[12:08:17 B] 1,1;1,1
[12:08:17 A] 1,1;0,1
[12:08:17 B] 0,1;2,2
[12:08:17 A] 2,2;0,1
[12:08:17 B] 0,1;2,0
[12:08:17 A] 2,0;0,0
[12:08:17 B] 1,2;1,2
[12:08:17 A] 1,2;0,2
[12:08:17 B] 0,2;1,1
[12:08:17 A] 0,0;0,0
[12:08:17 B] 0,0;1,2
[12:08:17 A] 1,2;0,0
[12:08:17 B] 0,0;1,0
[12:08:17 A] 1,0;0,0
[12:08:17 B] 0,0;2,0
[12:08:17 A] 2,0;0,0
[12:08:17 B] 0,0;0,1
[12:08:17 A] 0,1;0,0
[12:08:17 B] 0,0;1,1
[12:08:17 A] 1,1;0,0
[12:08:17 B] 1,2;1,0
[12:08:17 A] 1,0;0,1
[12:08:17 B] 0,1;0,1
[12:08:17 A] 0,1;0,2
[12:08:17 B] 0,2;1,1
[12:08:17 A] 1,1;0,1
[12:08:17 B] 0,1;1,1
[12:08:17 A] 1,1;0,2
[12:08:17 B] 0,2;0,1
[12:08:17 A] 0,1;2,1
[12:08:17 B] 2,1;0,1
[12:08:17 A] 0,1;1,0
[12:08:17 B] 1,0;1,1
[12:08:17 A] 0,1;2,0
[12:08:17 B] 2,0;2,2
[12:08:17 A] 2,2;0,0
[12:08:17 B] 2,0;1,1
[12:08:17 A] 0,2;2,1
[12:08:17 B] 2,1;1,2
[12:08:17 A] 1,2;0,1
[12:08:17 B] 1,2;2,0
[12:08:17 A] 2,0;0,1
[12:08:17 B] 2,2;2,1
[12:08:17 A] 2,1;0,0
[12:08:17 B] 1,2;2,1
[12:08:17 A] 2,1;0,2
[12:08:17 B] 0,2;2,0
[12:08:17 A] 2,0;0,2
[12:08:17 B] 0,2;1,2
[12:08:17 A] 1,2;0,2
[12:08:17 B] 0,2;0,2
[12:08:17 A] 1,0;0,2
[12:08:17 B] 0,0;2,1
[12:08:17 A] 2,1;0,0
[12:08:17 B] 0,0;2,2
[12:08:17 A] 2,2;0,0
[12:08:17 B] 0,0;1,0
[12:08:17 A] 1,0;0,0
[12:08:17 B] 0,0;0,1
[12:08:17 A] 0,1;0,0
[12:08:17 B] 0,0;1,1
[12:08:17 A] 1,1;0,0
[12:08:17 B] 1,0;1,1
[12:08:17 A] 1,1;0,1
[12:08:17 B] 0,1;0,1
[12:08:17 A] 0,1;0,2
[12:08:17 B] 0,2;2,0
[12:08:17 A] 2,0;0,0
[12:08:17 B] 0,1;1,2
[12:08:17 A] 1,2;0,0
[12:08:17 B] 0,2;1,0
[12:08:17 A] 1,0;0,1
[12:08:17 B] 0,1;2,2
[12:08:17 A] 2,2;0,1
[12:08:17 B] 0,1;2,0
[12:08:17 A] 2,0;0,1
[12:08:17 B] 0,1;1,1
[12:08:17 A] 1,1;0,2
[12:08:17 B] 0,2;1,1
[12:08:17 A] 0,1;1,0
[12:08:17 B] 1,0;2,1
[12:08:17 A] 2,1;0,1
[12:08:17 B] 0,1;2,1
[12:08:17 A] 2,1;0,2
[12:08:17 B] 0,2;0,1
[12:08:17 A] 0,2;1,2
[12:08:17 B] 1,2;1,0
[12:08:17 A] 1,0;0,2
[12:08:17 B] 0,2;2,1
[12:08:17 A] 0,0;0,0
[12:08:17 B] 0,0;2,0
[12:08:17 A] 2,0;0,0
[12:08:17 B] 0,0;2,1
[12:08:17 A] 2,1;0,0
[12:08:17 B] 0,0;1,1
[12:08:17 A] 1,1;0,0
[12:08:17 B] 0,0;0,2
[12:08:17 A] 0,2;0,0
[12:08:17 B] 2,0;1,0
[12:08:17 A] 1,0;0,0
[12:08:17 B] 0,1;0,1
[12:08:17 A] 0,1;0,0
[12:08:17 B] 2,2;1,0
[12:08:17 A] 1,0;0,1
[12:08:17 B] 0,1;0,2
[12:08:17 A] 0,2;0,1
[12:08:17 B] 0,1;2,2
[12:08:17 A] 2,2;0,0
[12:08:17 B] 2,1;0,2
[12:08:17 A] 0,2;0,2
[12:08:17 B] 2,1;1,0
[12:08:17 A] 1,0;0,2
[12:08:17 B] 1,2;0,1
[12:08:17 A] 0,1;1,2
[12:08:17 B] 1,2;2,0
[12:08:17 A] 2,0;0,1
[12:08:17 B] 0,1;2,1
[12:08:17 A] 2,1;0,1
[12:08:17 B] 0,1;1,0
[12:08:17 A] 0,1;2,0
[12:08:17 B] 2,0;2,1
[12:08:17 A] 2,1;1,1
[12:08:17 B] 1,1;1,0
[12:08:17 A] 0,1;1,1
[12:08:17 B] 1,1;1,2
[12:08:17 A] 1,2;0,0
[12:08:17 B] 1,1;2,0
[12:08:17 A] 2,0;0,2
[12:08:17 B] 1,2;1,1
[12:08:17 A] 1,1;1,1
[12:08:17 B] 1,1;2,2
[12:08:17 A] 2,2;0,1
[12:08:17 B] 1,2;1,2
[12:08:17 A] 1,2;1,0
[12:08:17 B] 2,1;2,2
[12:08:17 A] 2,2;0,2
[12:08:17 B] 1,1;0,1
[12:08:17 A] 1,1;2,1
[12:08:17 B] 2,1;2,0
[12:08:17 A] 1,1;0,2
[12:08:17 B] 1,2;2,2
[12:08:17 A] 1,2;2,1
[12:08:17 B] 2,1;1,2
[12:08:17 A] 1,2;0,2
[12:08:17 B] 0,0;2,2
[12:08:17 A] 2,2;0,0
[12:08:17 B] 0,0;1,2
[12:08:17 A] 1,2;0,0
[12:08:17 B] 0,0;2,0
[12:08:17 A] 2,0;0,0
[12:08:17 B] 0,0;0,2
[12:08:17 A] 0,2;0,0
[12:08:17 B] 1,2;2,2
[12:08:17 A] 2,2;0,1
[12:08:17 B] 0,1;1,0
[12:08:17 A] 1,0;0,0
[12:08:17 B] 0,2;1,1
[12:08:17 A] 1,1;0,0
[12:08:17 B] 0,1;2,2
[12:08:17 A] 2,2;0,2
[12:08:17 B] 0,2;0,2
[12:08:17 A] 0,2;2,0
[12:08:17 B] 2,0;1,2
[12:08:17 A] 1,2;0,1
[12:08:17 B] 0,1;0,2
[12:08:17 A] 0,2;1,0
[12:08:17 B] 1,0;0,1
[12:08:17 A] 0,1;1,2
[12:08:17 B] 1,2;1,1
[12:08:17 A] 1,1;0,1
[12:08:17 B] 0,1;2,0
[12:08:17 A] 2,0;0,1
[12:08:17 B] 0,1;0,0
[12:08:17 A] 1,1;0,2
[12:08:17 B] 1,0;2,1
[12:08:17 A] 2,1;0,0
[12:08:17 B] 2,1;2,1
[12:08:17 A] 2,1;0,1
[12:08:17 B] 2,1;2,0
[12:08:17 A] 2,0;0,2
[12:08:17 A] 0,0;0,0
[12:08:17 B] 0,0;1,2
[12:08:17 A] 1,2;0,0
[12:08:17 B] 0,0;0,1
[12:08:17 A] 0,1;0,0
[12:08:17 B] 0,0;1,0
[12:08:17 A] 1,0;0,0
[12:08:17 B] 0,0;0,2
[12:08:17 A] 0,2;0,0
[12:08:17 B] 0,0;2,2
[12:08:17 A] 2,2;0,0
[12:08:17 B] 0,2;1,2
[12:08:17 A] 1,2;0,1
[12:08:17 B] 0,1;2,2
[12:08:17 A] 2,2;0,1
[12:08:17 B] 0,1;1,2
[12:08:17 A] 1,2;0,2
[12:08:17 B] 0,2;0,2
[12:08:17 A] 0,2;2,2
[12:08:17 B] 2,2;1,2
[12:08:17 A] 0,1;0,2
[12:08:17 B] 0,2;0,1
[12:08:17 A] 0,1;0,1
[12:08:17 B] 1,1;2,2
[12:08:17 A] 2,2;0,2
[12:08:17 B] 0,2;2,1
[12:08:17 A] 2,1;0,0
[12:08:17 B] 2,0;0,0
[12:08:17 A] 0,2;1,1
[12:08:17 B] 0,0;0,1
[12:08:17 A] 0,1;0,0
[12:08:17 B] 0,0;0,2
[12:08:17 A] 0,2;0,0
[12:08:17 B] 0,0;2,2
[12:08:17 A] 2,2;0,0
[12:08:17 B] 0,0;1,2
[12:08:17 A] 1,2;0,0
[12:08:17 B] 0,2;2,2
[12:08:17 A] 2,2;0,1
[12:08:17 B] 0,1;0,2
[12:08:17 A] 0,2;0,1
[12:08:17 B] 0,1;2,1
[12:08:17 A] 2,1;0,0
[12:08:17 B] 0,1;2,2
[12:08:17 A] 2,2;0,2
[12:08:17 B] 0,2;1,1
[12:08:17 A] 1,1;0,0
[12:08:17 B] 2,0;0,0
[12:08:17 A] 0,1;2,0
[12:08:17 B] 2,0;1,0
[12:08:18 A] 1,0;0,0
[12:08:18 B] 1,0;1,0
[12:08:18 A] 1,0;0,1
[12:08:18 B] 0,1;1,1
[12:08:18 A] 1,1;0,1
[12:08:18 B] 0,1;0,1
[12:08:18 A] 0,2;0,2
[12:08:18 B] 1,2;1,2
[12:08:18 A] 1,2;0,1
[12:08:18 B] 1,0;2,2
[12:08:18 A] 1,0;0,2
[12:08:18 B] 1,1;2,2
[12:08:18 A] 1,1;0,2
[12:08:18 B] 1,2;1,0
[12:08:18 A] 1,2;0,2
[12:08:18 A] 0,0;0,0
[12:08:18 B] 0,0;0,2
[12:08:18 A] 0,2;0,0
[12:08:18 B] 0,0;1,0
[12:08:18 A] 1,0;0,0
[12:08:18 B] 0,0;1,2
[12:08:18 A] 1,2;0,0
[12:08:18 B] 0,0;0,1
[12:08:18 A] 0,1;0,0
[12:08:18 B] 0,0;2,0
[12:08:18 A] 2,0;0,0
[12:08:18 B] 0,0;1,1
[12:08:18 A] 1,1;0,0
[12:08:18 B] 0,1;2,0
[12:08:18 A] 2,0;0,1
[12:08:18 B] 0,1;1,1
[12:08:18 A] 1,1;0,1
[12:08:18 B] 0,1;1,2
[12:08:18 A] 1,2;0,1
[12:08:18 B] 0,1;0,2
[12:08:18 A] 0,2;0,1
[12:08:18 B] 0,2;2,2
[12:08:18 A] 2,2;0,0
[12:08:18 B] 0,2;1,2
[12:08:18 A] 1,2;0,2
[12:08:18 B] 0,2;1,1
[12:08:18 A] 1,1;0,2
[12:08:18 B] 0,2;2,1
[12:08:18 A] 2,1;0,0
[12:08:18 B] 2,1;2,2
[12:08:18 A] 2,2;0,1
[12:08:18 B] 2,1;0,1
[12:08:18 A] 0,2;0,2
[12:08:18 B] 2,2;2,0
[12:08:18 A] 2,0;0,2
[12:08:18 B] 0,0;2,2
[12:08:18 A] 2,2;0,0
[12:08:18 B] 0,0;1,2
[12:08:18 A] 1,2;0,0
[12:08:18 B] 0,0;2,1
[12:08:18 A] 2,1;0,0
[12:08:18 B] 0,0;0,0
[12:08:18 A] 0,0;2,0
[12:08:18 B] 2,0;2,0
[12:08:18 A] 2,0;0,0
[12:08:18 B] 0,0;1,0
[12:08:18 A] 1,0;0,0
[12:08:18 B] 0,0;0,2
[12:08:18 A] 0,2;0,0
[12:08:18 B] 2,2;0,1
[12:08:18 A] 0,1;0,0
[12:08:18 B] 0,1;2,1
[12:08:18 A] 2,1;0,1
[12:08:18 B] 0,1;2,2
[12:08:18 A] 2,2;0,2
[12:08:18 B] 0,2;0,1
[12:08:18 A] 0,1;2,0
[12:08:18 B] 2,0;0,2
[12:08:18 A] 0,2;0,2
[12:08:18 B] 0,2;1,1
[12:08:18 A] 1,1;0,0
[12:08:18 B] 2,2;2,0
[12:08:18 A] 2,0;1,1
[12:08:18 B] 1,1;0,2
[12:08:18 A] 0,2;2,1
[12:08:18 B] 2,1;2,0
[12:08:18 A] 2,0;2,2
[12:08:18 B] 2,2;1,1
[12:08:18 A] 1,1;0,1
[12:08:18 B] 0,1;0,2
[12:08:18 A] 0,2;1,0
[12:08:18 B] 1,0;2,0
[12:08:18 A] 0,1;1,0
[12:08:18 B] 1,0;2,2
[12:08:18 A] 2,2;2,1
[12:08:18 B] 2,1;2,1
[12:08:18 A] 2,1;0,2
[12:08:18 B] 0,2;1,2
[12:08:18 A] 1,2;0,1
[12:08:18 B] 1,2;2,1
[12:08:18 A] 0,2;2,0
[12:08:18 B] 1,2;2,2
[12:08:18 A] 2,2;1,0
[12:08:18 B] 1,0;0,1
[12:08:18 A] 1,0;2,1
[12:08:18 B] 1,0;1,0
[12:08:18 A] 1,0;0,2
[12:08:18 B] 1,1;1,2
[12:08:18 A] 1,2;0,2
[12:08:18 B] 2,2;2,2
[12:08:18 A] 2,2;1,2
[12:08:18 B] 1,0;1,2
[12:08:18 A] 1,0;1,1
[12:08:18 B] 1,1;2,0
[12:08:18 A] 1,1;2,2
[12:08:18 B] 1,1;2,1
[12:08:18 A] 1,1;1,1
[12:08:18 A] 0,0;0,0
[12:08:18 B] 0,0;1,0
[12:08:18 A] 1,0;0,0
[12:08:18 B] 0,0;2,2
[12:08:18 A] 2,2;0,0
[12:08:18 B] 0,0;1,2
[12:08:18 A] 1,2;0,0
[12:08:18 B] 0,0;2,0
[12:08:18 A] 2,0;0,0
[12:08:18 B] 0,0;0,1
[12:08:18 A] 0,1;0,0
[12:08:18 B] 0,0;0,2
[12:08:18 A] 0,2;0,0
[12:08:18 B] 1,0;2,2
[12:08:18 A] 2,2;0,1
[12:08:18 B] 0,1;2,0
[12:08:18 A] 2,0;0,1
[12:08:18 B] 0,1;2,2
[12:08:18 A] 2,2;0,2
[12:08:18 B] 0,2;2,0
[12:08:18 A] 2,0;0,2
[12:08:18 B] 0,2;2,2
[12:08:18 A] 0,1;2,1
[12:08:18 B] 2,1;2,2
[12:08:18 A] 0,2;2,1
[12:08:18 B] 2,1;1,1
[12:08:18 A] 1,1;0,0
[12:08:18 B] 0,1;1,2
[12:08:18 A] 1,2;0,1
[12:08:18 B] 0,1;1,0
[12:08:18 A] 1,0;0,1
[12:08:18 B] 0,1;0,2
[12:08:18 A] 0,2;0,1
[12:08:18 B] 2,1;1,2
[12:08:18 A] 1,2;0,2
[12:08:18 B] 0,2;1,1
[12:08:18 A] 1,1;0,1
[12:08:18 B] 2,1;0,2
[12:08:18 A] 0,2;0,2
[12:08:18 B] 0,0;1,1
[12:08:18 A] 1,1;0,0
[12:08:18 B] 0,0;0,1
[12:08:18 A] 0,1;0,0
[12:08:18 B] 0,0;0,2
[12:08:18 A] 0,2;0,0
[12:08:18 B] 0,0;1,2
[12:08:18 A] 1,2;0,0
[12:08:18 B] 0,0;2,2
[12:08:18 A] 2,2;0,0
[12:08:18 B] 0,2;0,2
[12:08:18 A] 0,2;0,1
[12:08:18 B] 0,1;1,2
[12:08:18 A] 1,2;0,1
[12:08:18 B] 0,1;1,0
[12:08:18 A] 1,0;0,0
[12:08:18 B] 2,1;2,2
[12:08:18 A] 2,2;0,1
[12:08:18 B] 0,1;2,0
[12:08:18 A] 2,0;0,0
[12:08:18 B] 2,1;0,1
[12:08:18 A] 0,1;1,1
[12:08:18 B] 1,1;0,2
[12:08:18 A] 0,2;1,0
[12:08:18 B] 1,0;1,1
[12:08:18 A] 1,1;0,1
[12:08:18 B] 0,1;0,2
[12:08:18 A] 0,2;2,0
[12:08:18 B] 2,0;1,1
[12:08:18 A] 1,1;1,0
[12:08:18 B] 1,0;0,1
[12:08:18 A] 0,1;2,2
[12:08:18 B] 2,2;2,0
[12:08:18 A] 2,0;0,1
[12:08:18 B] 2,0;2,1
[12:08:18 A] 2,1;0,0
[12:08:18 B] 2,2;1,2
[12:08:18 A] 1,2;0,2
[12:08:18 B] 2,1;0,2
[12:08:18 A] 1,0;2,1
[12:08:18 B] 2,1;1,0
[12:08:18 A] 1,0;0,2
[12:08:18 B] 2,2;2,2
[12:08:18 A] 2,2;0,2
[12:08:18 A] 0,0;0,0
[12:08:18 B] 0,0;2,2
[12:08:18 A] 2,2;0,0
[12:08:18 B] 0,0;0,2
[12:08:18 A] 0,2;0,0
[12:08:18 B] 0,0;2,1
[12:08:18 A] 2,1;0,0
[12:08:18 B] 0,0;1,2
[12:08:18 A] 1,2;0,0
[12:08:18 B] 1,1;2,1
[12:08:18 A] 2,1;0,1
[12:08:18 B] 0,1;2,0
[12:08:18 A] 2,0;0,0
[12:08:18 B] 0,2;0,2
[12:08:18 A] 0,2;0,1
[12:08:18 B] 0,1;1,0
[12:08:18 A] 1,0;0,0
[12:08:18 B] 1,0;2,2
[12:08:18 A] 2,2;0,1
[12:08:18 B] 0,1;2,1
[12:08:18 A] 2,1;0,2
[12:08:18 B] 0,2;2,0
[12:08:18 A] 2,0;0,1
[12:08:18 B] 0,1;1,2
[12:08:18 A] 1,2;0,1
[12:08:18 B] 0,1;1,1
[12:08:18 A] 1,1;0,0
[12:08:18 B] 2,0;1,0
[12:08:18 A] 1,0;0,1
[12:08:18 B] 1,2;2,0
[12:08:18 A] 2,0;0,2
[12:08:18 B] 0,2;1,0
[12:08:18 A] 1,0;0,2
[12:08:18 B] 0,2;1,1
[12:08:18 B] 0,0;1,0
[12:08:18 A] 1,0;0,0
[12:08:18 B] 0,0;1,2
[12:08:18 A] 1,2;0,0
[12:08:18 B] 0,0;2,0
[12:08:18 A] 2,0;0,0
[12:08:18 B] 0,0;0,1
[12:08:18 A] 0,1;0,0
[12:08:18 B] 0,0;2,2
[12:08:18 A] 2,2;0,0
[12:08:18 B] 0,0;1,1
[12:08:18 A] 1,1;0,0
[12:08:18 B] 2,1;1,0
[12:08:18 A] 1,0;0,1
[12:08:18 B] 0,1;2,1
[12:08:18 A] 2,1;0,0
[12:08:18 B] 0,2;1,0
[12:08:18 A] 1,0;0,2
[12:08:18 B] 0,2;1,2
[12:08:18 A] 1,2;0,1
[12:08:18 B] 0,1;1,2
[12:08:18 A] 1,2;0,2
[12:08:18 B] 0,2;0,0
[12:08:18 A] 0,2;1,1
[12:08:18 B] 1,1;0,2
[12:08:18 A] 0,2;2,0
[12:08:18 B] 2,0;2,2
[12:08:18 A] 2,2;0,1
[12:08:18 B] 0,1;2,2
[12:08:19 A] 2,2;0,2
[12:08:19 B] 0,2;0,1
[12:08:19 A] 0,1;2,0
[12:08:19 B] 2,0;0,1
[12:08:19 A] 0,1;1,0
[12:08:19 B] 2,0;1,1
[12:08:19 A] 1,1;0,1
[12:08:19 B] 0,2;2,2
[12:08:19 A] 0,2;0,2
[12:08:19 A] 0,0;0,0
[12:08:19 B] 0,0;2,1
[12:08:19 A] 2,1;0,0
[12:08:19 B] 0,0;1,0
[12:08:19 A] 1,0;0,0
[12:08:19 B] 0,0;1,1
[12:08:19 A] 1,1;0,0
[12:08:19 B] 0,0;2,0
[12:08:19 A] 2,0;0,0
[12:08:19 B] 0,0;0,2
[12:08:19 A] 0,2;0,0
[12:08:19 B] 1,0;2,1
[12:08:19 A] 2,1;0,1
[12:08:19 B] 0,1;1,0
[12:08:19 A] 1,0;0,1
[12:08:19 B] 0,1;1,1
[12:08:19 A] 1,1;0,1
[12:08:19 B] 0,1;2,2
[12:08:19 A] 2,2;0,0
[12:08:19 B] 1,2;1,0
[12:08:19 A] 1,0;0,2
[12:08:19 B] 0,2;1,0
[12:08:19 A] 0,1;1,2
[12:08:19 B] 1,2;0,1
[12:08:19 A] 0,1;0,0
[12:08:19 B] 1,1;1,0
[12:08:19 A] 1,1;0,2
[12:08:19 B] 0,2;2,2
[12:08:19 A] 2,2;0,1
[12:08:19 B] 0,1;0,1
[12:08:19 A] 0,1;2,1
[12:08:19 B] 2,1;1,1
[12:08:19 A] 2,1;0,2
[12:08:19 B] 0,2;1,1
[12:08:19 A] 0,2;1,2
[12:08:19 B] 1,2;2,1
[12:08:19 A] 1,2;1,1
[12:08:19 B] 2,2;2,2
[12:08:19 A] 2,2;0,2
[12:08:19 B] 0,2;2,0
[12:08:19 A] 2,0;0,1
[12:08:19 B] 0,1;2,0
[12:08:19 A] 2,0;0,2
[12:08:19 B] 0,0;2,1
[12:08:19 A] 2,1;0,0
[12:08:19 B] 0,0;2,0
[12:08:19 A] 2,0;0,0
[12:08:19 B] 0,0;1,0
[12:08:19 A] 1,0;0,0
[12:08:19 B] 0,0;1,2
[12:08:19 A] 1,2;0,0
[12:08:19 B] 0,0;0,2
[12:08:19 A] 0,2;0,0
[12:08:19 B] 0,0;1,1
[12:08:19 A] 1,1;0,0
[12:08:19 B] 0,1;0,2
[12:08:19 A] 0,2;0,1
[12:08:19 B] 0,1;1,2
[12:08:19 A] 1,2;0,1
[12:08:19 B] 0,1;1,1
[12:08:19 A] 1,1;0,1
[12:08:19 B] 0,1;0,1
[12:08:19 A] 0,1;0,0
[12:08:19 B] 1,2;2,0
[12:08:19 A] 2,0;0,1
[12:08:19 B] 0,1;2,0
[12:08:19 A] 2,0;0,2
[12:08:19 B] 0,2;2,2
[12:08:19 A] 2,2;0,0
[12:08:19 B] 1,2;0,2
[12:08:19 A] 0,2;0,2
[12:08:19 B] 1,2;1,2
[12:08:19 A] 1,2;2,2
[12:08:19 B] 2,2;2,2
[12:08:19 A] 2,2;0,1
[12:08:19 B] 2,1;0,2
[12:08:19 A] 1,1;0,2
[12:08:19 A] 0,0;0,0
[12:08:19 B] 0,0;2,2
[12:08:19 A] 2,2;0,0
[12:08:19 B] 0,0;0,1
[12:08:19 A] 0,1;0,0
[12:08:19 B] 0,0;1,1
[12:08:19 A] 1,1;0,0
[12:08:19 B] 0,0;1,0
[12:08:19 A] 1,0;0,0
[12:08:19 B] 0,0;1,2
[12:08:19 A] 1,2;0,0
[12:08:19 B] 1,0;2,1
[12:08:19 A] 2,1;0,0
[12:08:19 B] 1,0;1,0
[12:08:19 A] 1,0;0,1
[12:08:19 B] 0,1;0,2
[12:08:19 A] 0,2;0,0
[12:08:19 B] 1,2;1,2
[12:08:19 A] 1,2;0,1
[12:08:19 B] 0,1;1,2
[12:08:19 A] 1,2;0,2
[12:08:19 B] 0,2;2,1
[12:08:19 A] 2,1;0,1
[12:08:19 B] 0,1;2,2
[12:08:19 A] 2,2;0,1
[12:08:19 B] 2,2;1,2
[12:08:19 A] 1,0;0,2
[12:08:19 B] 0,2;1,1
[12:08:19 A] 1,1;0,1
[12:08:19 B] 2,2;1,1
[12:08:19 A] 1,1;0,2
[12:08:19 B] 0,0;1,1
[12:08:19 A] 1,1;0,0
[12:08:19 B] 0,0;2,1
[12:08:19 A] 2,1;0,0
[12:08:19 B] 0,0;2,2
[12:08:19 A] 2,2;0,0
[12:08:19 B] 0,0;0,0
[12:08:19 A] 0,1;0,0
[12:08:19 B] 1,1;2,2
[12:08:19 A] 2,2;0,1
[12:08:19 B] 0,1;1,1
[12:08:19 A] 1,1;0,1
[12:08:19 B] 0,1;2,1
[12:08:19 A] 2,1;0,1
[12:08:19 B] 0,1;2,0
[12:08:19 A] 2,0;0,0
[12:08:19 B] 1,1;2,0
[12:08:19 A] 2,0;0,1
[12:08:19 B] 0,1;1,2
[12:08:19 A] 1,2;0,0
[12:08:19 B] 0,2;0,1
[12:08:19 A] 0,1;1,0
[12:08:19 B] 1,0;0,2
[12:08:19 A] 0,2;0,0
[12:08:19 B] 1,0;2,2
[12:08:19 A] 2,2;0,2
[12:08:19 B] 0,2;2,0
[12:08:19 A] 2,0;0,2
[12:08:19 B] 0,2;2,1
[12:08:19 A] 2,1;0,2
[12:08:19 A] 0,0;0,0
[12:08:19 B] 0,0;1,2
[12:08:19 A] 1,2;0,0
[12:08:19 B] 0,0;1,0
[12:08:19 A] 1,0;0,0
[12:08:19 B] 0,0;0,1
[12:08:19 A] 0,1;0,0
[12:08:19 B] 0,0;2,1
[12:08:19 A] 2,1;0,0
[12:08:19 B] 0,0;0,2
[12:08:19 A] 0,2;0,0
[12:08:19 B] 0,0;1,1
[12:08:19 A] 1,1;0,0
[12:08:19 B] 1,0;0,2
[12:08:19 A] 0,2;0,1
[12:08:19 B] 0,1;1,1
[12:08:19 A] 1,1;0,1
[12:08:19 B] 0,1;0,2
[12:08:19 A] 0,2;0,2
[12:08:19 B] 2,0;2,2
[12:08:19 A] 2,2;0,0
[12:08:19 B] 0,1;2,1
[12:08:19 A] 2,1;0,1
[12:08:19 B] 0,1;2,2
[12:08:19 A] 2,2;0,1
[12:08:19 B] 0,1;1,2
[12:08:19 A] 1,2;0,1
[12:08:19 B] 1,2;2,2
[12:08:19 A] 2,2;0,2
[12:08:19 B] 1,2;1,0
[12:08:19 A] 1,0;0,1
[12:08:19 B] 1,1;2,0
[12:08:19 A] 2,0;0,0
[12:08:19 B] 1,0;1,2
[12:08:19 A] 1,2;0,2
[12:08:19 B] 0,0;0,1
[12:08:19 A] 0,1;0,0
[12:08:19 B] 0,0;1,0
[12:08:19 A] 1,0;0,0
[12:08:19 B] 0,0;2,2
[12:08:19 A] 2,2;0,0
[12:08:19 B] 0,0;2,1
[12:08:19 A] 2,1;0,0
[12:08:19 B] 0,0;1,2
[12:08:19 A] 1,2;0,0
[12:08:19 B] 0,0;1,1
[12:08:19 A] 1,1;0,0
[12:08:19 B] 1,2;2,2
[12:08:19 A] 2,2;0,1
[12:08:19 B] 0,1;2,2
[12:08:19 A] 2,2;0,2
[12:08:19 B] 0,2;0,2
[12:08:19 A] 0,2;0,0
[12:08:19 B] 1,1;1,1
[12:08:19 A] 1,1;0,1
[12:08:19 B] 0,1;0,2
[12:08:19 A] 0,2;0,1
[12:08:19 B] 0,1;2,0
[12:08:19 A] 2,0;0,0
[12:08:19 B] 0,2;2,0
[12:08:19 A] 2,0;0,1
[12:08:19 B] 0,1;1,1
[12:08:19 A] 1,1;0,2
[12:08:19 B] 0,2;1,1
[12:08:19 A] 0,0;0,0
[12:08:19 B] 0,0;1,2
[12:08:19 A] 1,2;0,0
[12:08:19 B] 0,0;0,2
[12:08:19 A] 0,2;0,0
[12:08:19 B] 0,0;1,0
[12:08:19 A] 1,0;0,0
[12:08:19 B] 0,0;2,2
[12:08:19 A] 2,2;0,0
[12:08:19 B] 0,1;0,1
[12:08:19 A] 0,1;0,0
[12:08:19 B] 1,1;1,0
[12:08:19 A] 1,0;0,1
[12:08:19 B] 0,1;1,1
[12:08:19 A] 1,1;0,0
[12:08:19 B] 1,1;2,2
[12:08:19 A] 2,2;0,1
[12:08:19 B] 0,1;2,0
[12:08:19 A] 2,0;0,0
[12:08:19 B] 0,2;0,2
[12:08:19 A] 0,2;0,1
[12:08:19 B] 0,1;2,2
[12:08:19 A] 2,2;0,2
[12:08:19 B] 0,2;2,1
[12:08:19 A] 2,1;0,0
[12:08:19 B] 2,0;1,1
[12:08:19 A] 1,1;0,1
[12:08:19 B] 0,1;1,0
[12:08:19 A] 1,0;0,2
[12:08:19 B] 0,2;1,2
[12:08:19 A] 1,2;0,1
[12:08:19 B] 0,1;2,1
[12:08:19 A] 2,1;0,1
[12:08:19 B] 2,1;2,0
[12:08:19 A] 2,0;0,1
[12:08:19 B] 1,2;1,0
[12:08:19 A] 0,2;2,2
[12:08:19 B] 2,1;2,2
[12:08:19 A] 0,2;1,1
[12:08:19 B] 1,1;1,2
[12:08:19 A] 1,2;0,2
[12:08:19 B] 0,0;1,0
[12:08:19 A] 1,0;0,0
[12:08:19 B] 0,0;2,1
[12:08:20 A] 2,1;0,0
[12:08:20 B] 0,0;1,2
[12:08:20 A] 1,2;0,0
[12:08:20 B] 0,0;2,2
[12:08:20 A] 2,2;0,0
[12:08:20 B] 0,0;0,1
[12:08:20 A] 0,1;0,0
[12:08:20 B] 0,0;0,2
[12:08:20 A] 0,2;0,0
[12:08:20 B] 2,1;2,0
[12:08:20 A] 2,0;0,0
[12:08:20 B] 1,2;1,1
[12:08:20 A] 1,1;0,0
[12:08:20 B] 2,1;1,0
[12:08:20 A] 1,0;0,1
[12:08:20 B] 0,1;2,0
[12:08:20 A] 2,0;0,1
[12:08:20 B] 0,1;2,1
[12:08:20 A] 2,1;0,1
[12:08:20 B] 0,1;1,0
[12:08:20 A] 1,0;0,2
[12:08:20 B] 0,2;2,0
[12:08:20 A] 2,0;0,2
[12:08:20 B] 0,2;2,1
[12:08:20 A] 2,1;0,2
[12:08:20 B] 0,2;1,0
[12:08:20 A] 0,1;2,2
[12:08:20 B] 2,2;1,1
[12:08:20 A] 1,1;0,1
[12:08:20 B] 0,1;0,1
[12:08:20 A] 0,1;1,1
[12:08:20 B] 1,1;0,2
[12:08:20 A] 0,2;2,2
[12:08:20 B] 2,2;0,2
[12:08:20 A] 0,2;1,1
[12:08:20 B] 1,1;1,1
[12:08:20 A] 1,1;2,0
[12:08:20 B] 1,1;1,2
[12:08:20 A] 1,2;0,1
[12:08:20 B] 2,2;2,2
[12:08:20 A] 2,2;1,2
[12:08:20 B] 1,2;2,2
[12:08:20 A] 2,2;2,0
[12:08:20 B] 1,2;2,1
[12:08:20 A] 1,1;1,0
[12:08:20 A] 0,0;0,0
[12:08:20 B] 0,0;2,1
[12:08:20 A] 2,1;0,0
[12:08:20 B] 0,0;2,0
[12:08:20 A] 2,0;0,0
[12:08:20 B] 0,0;1,1
[12:08:20 A] 1,1;0,0
[12:08:20 B] 0,0;2,2
[12:08:20 A] 2,2;0,0
[12:08:20 B] 2,1;1,2
[12:08:20 A] 1,2;0,0
[12:08:20 B] 1,0;1,1
[12:08:20 A] 1,1;0,1
[12:08:20 B] 0,1;1,1
[12:08:20 A] 1,1;0,2
[12:08:20 B] 0,2;2,1
[12:08:20 A] 2,1;0,1
[12:08:20 B] 0,1;0,1
[12:08:20 A] 0,1;2,1
[12:08:20 B] 2,1;2,0
[12:08:20 A] 2,0;0,1
[12:08:20 B] 0,1;2,2
[12:08:20 A] 2,2;0,1
[12:08:20 B] 0,1;1,2
[12:08:20 A] 1,2;0,1
[12:08:20 B] 0,1;0,0
[12:08:20 A] 1,2;0,2
[12:08:20 B] 0,2;2,2
[12:08:20 A] 2,2;0,2
[12:08:20 B] 0,2;1,1
[12:08:20 A] 0,2;2,0
[12:08:20 B] 2,0;1,1
[12:08:20 A] 0,2;0,1
[12:08:20 B] 0,2;1,2
[12:08:20 A] 0,2;1,0
[12:08:20 B] 1,0;0,0
[12:08:20 A] 0,2;0,0
[12:08:20 B] 0,0;1,0
[12:08:20 A] 1,0;0,0
[12:08:20 B] 0,0;0,0
[12:08:20 A] 0,0;2,0
[12:08:20 B] 2,0;2,0
[12:08:20 A] 2,0;0,0
[12:08:20 B] 0,0;2,2
[12:08:20 A] 2,2;0,0
[12:08:20 B] 0,0;2,1
[12:08:20 A] 2,1;0,0
[12:08:20 B] 0,0;0,1
[12:08:20 A] 0,1;0,0
[12:08:20 B] 0,0;1,2
[12:08:20 A] 1,2;0,0
[12:08:20 B] 0,0;1,1
[12:08:20 A] 1,1;0,0
[12:08:20 B] 0,1;0,2
[12:08:20 A] 0,2;0,0
[12:08:20 B] 1,1;1,2
[12:08:20 A] 1,2;0,1
[12:08:20 B] 0,1;2,1
[12:08:20 A] 2,1;0,1
[12:08:20 B] 0,1;2,0
[12:08:20 A] 2,0;0,1
[12:08:20 B] 0,1;1,0
[12:08:20 A] 1,0;0,1
[12:08:20 B] 0,1;1,2
[12:08:20 A] 1,2;0,2
[12:08:20 B] 0,2;2,0
[12:08:20 A] 2,0;0,2
[12:08:20 B] 0,2;1,0
[12:08:20 A] 1,0;0,2
[12:08:20 B] 0,2;0,1
[12:08:20 A] 0,1;1,1
[12:08:20 B] 1,1;2,0
[12:08:20 A] 0,1;2,2
[12:08:20 B] 2,2;1,0
[12:08:20 A] 2,1;0,2
[12:08:20 B] 0,2;2,1
[12:08:20 A] 0,2;2,2
[12:08:20 B] 2,2;1,2
[12:08:20 A] 0,2;1,1
[12:08:20 B] 1,1;2,2
[12:08:20 A] 2,2;1,1
[12:08:20 B] 1,1;1,1
[12:08:20 A] 1,1;1,0
[12:08:20 B] 2,2;2,0
[12:08:20 A] 1,1;2,1
[12:08:20 B] 2,2;2,2
[12:08:20 A] 2,2;2,1
[12:08:20 B] 2,2;0,1
[12:08:20 A] 1,1;0,2
[12:08:20 B] 2,2;0,2
[12:08:20 A] 1,1;0,1
[12:08:20 A] 0,0;0,0
[12:08:20 B] 0,0;1,1
[12:08:20 A] 1,1;0,0
[12:08:20 B] 0,0;2,2
[12:08:20 A] 2,2;0,0
[12:08:20 B] 0,0;0,2
[12:08:20 A] 0,2;0,0
[12:08:20 B] 0,0;2,1
[12:08:20 A] 2,1;0,0
[12:08:20 B] 0,0;0,1
[12:08:20 A] 0,1;0,0
[12:08:20 B] 1,1;0,2
[12:08:20 A] 0,2;0,1
[12:08:20 B] 0,1;0,2
[12:08:20 A] 0,2;0,2
[12:08:20 B] 0,1;2,2
[12:08:20 A] 2,2;0,1
[12:08:20 B] 0,1;1,0
[12:08:20 A] 1,0;0,0
[12:08:20 B] 1,2;1,2
[12:08:20 A] 1,2;0,0
[12:08:20 B] 2,2;1,0
[12:08:20 A] 1,0;0,1
[12:08:20 B] 0,1;1,1
[12:08:20 A] 1,1;0,1
[12:08:20 B] 0,1;0,1
[12:08:20 A] 0,1;1,2
[12:08:20 B] 1,2;0,1
[12:08:20 A] 0,1;2,1
[12:08:20 B] 2,1;0,2
[12:08:20 A] 0,1;2,0
[12:08:20 B] 2,0;1,0
[12:08:20 A] 1,0;0,2
[12:08:20 B] 1,2;2,0
[12:08:20 A] 2,0;0,0
[12:08:20 B] 1,1;2,0
[12:08:20 A] 2,0;0,1
[12:08:20 B] 2,2;2,0
[12:08:20 A] 2,0;0,2
[12:08:20 B] 2,2;1,2
[12:08:20 A] 1,2;0,2
[12:08:20 B] 2,2;1,1
[12:08:20 A] 1,1;1,1
[12:08:20 B] 1,1;2,1
[12:08:20 A] 2,1;0,1
[12:08:20 B] 1,2;2,2
[12:08:20 A] 1,1;2,2
[12:08:20 B] 0,0;0,0
[12:08:20 A] 0,0;0,1
[12:08:20 B] 0,1;2,2
[12:08:20 A] 2,2;0,0
[12:08:20 B] 0,0;1,2
[12:08:20 A] 1,2;0,0
[12:08:20 B] 0,0;2,0
[12:08:20 A] 2,0;0,0
[12:08:20 B] 0,0;2,2
[12:08:20 A] 2,2;0,1
[12:08:20 B] 0,1;2,1
[12:08:20 A] 2,1;0,0
[12:08:20 B] 0,0;1,1
[12:08:20 A] 1,1;0,0
[12:08:20 B] 2,2;0,2
[12:08:20 A] 0,2;0,0
[12:08:20 B] 0,1;0,1
[12:08:20 A] 0,1;2,0
[12:08:20 B] 2,0;2,1
[12:08:20 A] 2,1;0,1
[12:08:20 B] 0,1;1,0
[12:08:20 A] 1,0;0,0
[12:08:20 B] 1,1;2,1
[12:08:20 A] 2,1;0,2
[12:08:20 B] 0,2;1,0
[12:08:20 A] 1,0;0,1
[12:08:20 B] 0,1;1,2
[12:08:20 A] 1,2;0,1
[12:08:20 B] 0,1;0,0
[12:08:20 A] 0,1;0,2
[12:08:20 B] 0,2;2,1
[12:08:20 A] 0,1;1,1
[12:08:20 B] 1,1;2,2
[12:08:20 A] 2,2;1,0
[12:08:20 B] 1,0;0,2
[12:08:20 A] 0,2;0,1
[12:08:20 B] 2,2;2,2
[12:08:20 A] 2,2;2,0
[12:08:20 B] 2,0;2,2
[12:08:20 A] 0,2;0,2
[12:08:20 B] 1,2;2,0
[12:08:20 A] 2,0;2,0
[12:08:20 B] 2,0;1,1
[12:08:20 A] 1,1;2,0
[12:08:20 B] 2,0;0,2
[12:08:20 A] 1,1;1,0
[12:08:20 A] 0,0;0,0
[12:08:20 B] 0,0;1,2
[12:08:20 A] 1,2;0,0
[12:08:20 B] 0,0;1,1
[12:08:20 A] 1,1;0,0
[12:08:20 B] 0,0;2,1
[12:08:20 A] 2,1;0,0
[12:08:20 B] 0,0;0,2
[12:08:20 A] 0,2;0,0
[12:08:20 B] 0,0;2,0
[12:08:20 A] 2,0;0,0
[12:08:20 B] 1,2;1,1
[12:08:20 A] 1,1;0,1
[12:08:20 B] 0,1;0,0
[12:08:20 A] 1,1;0,2
[12:08:20 B] 0,2;1,0
[12:08:20 A] 1,0;0,0
[12:08:20 B] 1,2;0,2
[12:08:20 A] 0,2;0,1
[12:08:20 B] 0,1;0,2
[12:08:20 A] 0,2;0,2
[12:08:20 B] 1,2;2,1
[12:08:20 A] 2,1;0,1
[12:08:20 B] 0,1;1,1
[12:08:20 A] 0,1;0,1
[12:08:20 B] 0,1;1,0
[12:08:20 A] 1,0;0,1
[12:08:20 B] 0,1;2,0
[12:08:20 A] 2,0;0,1
[12:08:20 B] 2,2;0,1
[12:08:20 A] 1,0;0,2
[12:08:20 B] 2,1;1,1
[12:08:20 A] 1,2;0,1
[12:08:20 B] 2,1;2,1
[12:08:20 A] 2,1;0,2
[12:08:20 B] 1,2;1,0
[12:08:20 A] 1,2;1,2
[12:08:20 B] 1,2;2,2
[12:08:20 A] 2,2;0,0
[12:08:20 B] 2,2;1,0
[12:08:20 A] 1,2;2,0
[12:08:20 B] 2,0;2,1
[12:08:20 A] 2,0;0,2
[12:08:20 B] 0,0;2,2
[12:08:20 A] 2,2;0,0
[12:08:20 B] 0,0;2,0
[12:08:20 A] 2,0;0,0
[12:08:20 B] 0,0;0,2
[12:08:20 A] 0,2;0,0
[12:08:21 B] 0,0;1,2
[12:08:21 A] 1,2;0,0
[12:08:21 B] 1,2;1,2
[12:08:21 A] 1,2;0,1
[12:08:21 B] 0,1;2,0
[12:08:21 A] 2,0;0,1
[12:08:21 B] 0,1;1,2
[12:08:21 A] 1,2;0,2
[12:08:21 B] 0,2;2,1
[12:08:21 A] 2,1;0,0
[12:08:21 B] 1,0;0,2
[12:08:21 A] 0,2;0,1
[12:08:21 B] 0,1;2,2
[12:08:21 A] 2,2;0,1
[12:08:21 B] 0,1;0,2
[12:08:21 A] 0,2;0,2
[12:08:21 B] 1,1;0,2
[12:08:21 A] 2,0;0,2
[12:08:21 B] 1,0;1,2
[12:08:21 A] 1,0;2,2
[12:08:21 B] 2,2;2,2
[12:08:21 A] 2,2;0,2
[12:08:21 A] 0,0;0,0
[12:08:21 B] 0,0;2,0
[12:08:21 A] 2,0;0,0
[12:08:21 B] 0,0;1,1
[12:08:21 A] 1,1;0,0
[12:08:21 B] 0,0;1,0
[12:08:21 A] 1,0;0,0
[12:08:21 B] 0,0;0,2
[12:08:21 A] 0,2;0,0
[12:08:21 B] 1,2;0,1
[12:08:21 A] 0,1;0,0
[12:08:21 B] 1,0;0,2
[12:08:21 A] 0,2;0,1
[12:08:21 B] 0,1;2,1
[12:08:21 A] 2,1;0,0
[12:08:21 B] 0,1;1,1
[12:08:21 A] 1,1;0,1
[12:08:21 B] 0,1;0,2
[12:08:21 A] 0,2;0,2
[12:08:21 B] 2,2;2,1
[12:08:21 A] 2,1;0,1
[12:08:21 B] 0,1;1,2
[12:08:21 A] 1,2;0,0
[12:08:21 B] 0,1;0,1
[12:08:21 A] 1,1;0,2
[12:08:21 B] 1,2;2,2
[12:08:21 A] 2,2;0,0
[12:08:21 B] 2,0;0,2
[12:08:21 A] 2,1;0,2
[12:08:21 B] 1,0;2,1
[12:08:21 A] 1,0;0,1
[12:08:21 B] 1,2;1,1
[12:08:21 A] 1,2;2,1
[12:08:21 B] 2,2;2,0
[12:08:21 A] 2,0;0,1
[12:08:21 B] 1,2;2,0
[12:08:21 A] 2,0;1,0
[12:08:21 B] 1,0;1,2
[12:08:21 A] 1,2;0,2
[12:08:21 B] 2,0;2,0
[12:08:21 A] 2,0;1,1
[12:08:21 B] 2,0;2,2
[12:08:21 A] 2,2;2,2
[12:08:21 B] 2,2;1,0
[12:08:21 A] 1,0;2,2
[12:08:21 B] 2,2;0,1
[12:08:21 A] 1,0;1,1
[12:08:21 B] 2,0;1,2
[12:08:21 A] 1,2;1,0
[12:08:21 B] 1,2;1,2
[12:08:21 A] 2,2;1,1
