[10:49:32 server] init
[10:49:32 server] move
[10:49:34 player] 2,2;1,1
[10:49:34 server] opponent 1,1;0,0
[10:49:34 player] 0,0;2,0
[10:49:34 server] opponent 2,0;2,0
[10:49:34 player] 2,0;0,1
[10:49:34 server] opponent 0,1;1,2
[10:49:35 player] 1,2;1,2
[10:49:35 server] opponent 1,2;2,2
[10:49:35 player] 2,2;0,1
[10:49:35 server] opponent 0,1;2,0
[10:49:35 player] 2,0;0,0
[10:49:35 server] opponent 0,0;0,1
[10:49:35 player] 0,1;0,2
[10:49:35 server] opponent 0,2;0,0
[10:49:36 player] 0,0;2,2
[10:49:36 server] opponent 2,2;2,0
[10:49:36 player] 2,0;0,2
[10:49:36 server] opponent 0,2;0,2
[10:49:36 player] 0,2;0,1
[10:49:36 server] opponent 0,1;1,1
[10:49:36 player] 1,1;1,0
[10:49:36 server] opponent 1,0;1,0
[10:49:36 player] 1,0;0,0
[10:49:36 server] opponent 0,0;1,0
[10:49:36 player] 1,0;0,1
[10:49:36 server] opponent 0,1;1,0
[10:49:36 player] 1,0;0,2
[10:49:36 server] opponent 0,2;2,0
[10:49:36 player] 0,2;1,0
[10:49:36 server] opponent 0,0;0,0
[10:49:36 player] 0,0;0,2
[10:49:36 server] opponent 0,2;1,1
[10:49:36 player] 1,1;0,1
[10:49:36 server] opponent 0,0;2,1
[10:49:36 player] 2,1;1,0
[10:49:36 server] opponent 0,0;1,2
[10:49:36 player] 1,2;2,1
[10:49:36 server] opponent 2,1;2,2
[10:49:36 player] 2,2;2,1
[10:49:36 server] opponent 2,1;0,0
[10:49:37 player] 0,0;1,1
[10:49:37 server] init
[10:49:37 server] opponent 0,0;2,1
[10:49:37 player] 2,1;0,2
[10:49:37 server] opponent 0,2;1,1
[10:49:37 player] 1,1;1,0
[10:49:37 server] opponent 1,0;0,2
[10:49:37 player] 0,2;0,0
[10:49:37 server] opponent 0,0;0,1
[10:49:38 player] 0,1;0,1
[10:49:38 server] opponent 0,1;2,0
[10:49:38 player] 2,0;0,0
[10:49:38 server] opponent 0,0;1,0
[10:49:38 player] 1,0;1,2
[10:49:38 server] opponent 1,2;1,1
[10:49:39 player] 1,1;1,1
[10:49:39 server] opponent 1,1;0,1
[10:49:39 player] 0,1;0,2
[10:49:39 server] opponent 0,2;2,1
[10:49:39 player] 2,1;2,1
[10:49:39 server] opponent 2,1;0,0
[10:49:39 player] 0,0;1,1
[10:49:39 server] opponent 1,1;0,0
[10:49:39 player] 0,0;0,0
[10:49:39 server] opponent 0,0;0,2
[10:49:39 player] 0,2;0,1
[10:49:39 server] opponent 0,1;1,2
[10:49:39 player] 1,2;0,0
[10:49:39 server] opponent 0,0;2,0
[10:49:39 player] 2,0;0,2
[10:49:40 server] opponent 0,2;2,2
[10:49:40 player] 2,2;0,0
[10:49:40 server] opponent 0,0;1,2
[10:49:40 player] 1,2;2,1
[10:49:40 server] opponent 2,1;0,1
[10:49:40 player] 0,1;0,0
[10:49:40 server] opponent 0,0;2,2
[10:49:40 player] 2,2;2,1
[10:49:40 server] opponent 2,1;1,0
[10:49:40 player] 1,0;0,0
[10:49:40 server] opponent 0,2;2,0
[10:49:40 player] 2,0;0,1
[10:49:40 server] opponent 1,1;0,2
[10:49:40 player] 2,1;2,0
[10:49:40 server] opponent 2,2;2,0
[10:49:40 player] 2,1;2,2
[10:49:40 server] opponent 2,2;0,2
[10:49:40 player] 2,2;1,1
[10:49:40 server] opponent 2,2;2,2
[10:49:40 player] 2,2;1,2
[10:49:40 server] opponent 1,2;2,0
[10:49:40 player] 1,2;0,2
[10:49:40 server] opponent 1,2;1,0
[10:49:40 player] 1,0;2,1
[10:49:40 server] opponent 2,2;0,1
[10:49:40 player] 1,2;1,2
[10:49:40 server] opponent 1,2;2,2
[10:49:40 player] 2,2;1,0
[10:49:40 server] init
[10:49:40 server] move
[10:49:41 player] 0,0;0,2
[10:49:41 server] opponent 0,2;1,2
[10:49:42 player] 1,2;2,2
[10:49:42 server] opponent 2,2;0,0
[10:49:42 player] 0,0;0,1
[10:49:42 server] opponent 0,1;2,2
[10:49:42 player] 2,2;0,2
[10:49:42 server] opponent 0,2;1,0
[10:49:42 player] 1,0;0,1
[10:49:42 server] opponent 0,1;0,2
[10:49:42 player] 0,2;1,1
[10:49:42 server] opponent 1,1;2,1
[10:49:43 player] 2,1;1,1
[10:49:43 server] opponent 1,1;0,0
[10:49:43 player] 0,0;0,0
[10:49:43 server] opponent 1,1;2,0
[10:49:44 player] 2,0;2,1
[10:49:44 server] opponent 2,1;0,1
[10:49:44 player] 0,1;1,2
[10:49:44 server] opponent 1,2;1,1
[10:49:44 player] 1,1;2,2
[10:49:44 server] opponent 2,2;2,1
[10:49:44 player] 2,1;1,2
[10:49:44 server] opponent 1,2;0,1
[10:49:44 player] 0,1;1,1
[10:49:44 server] opponent 1,1;0,1
[10:49:44 player] 0,1;1,0
[10:49:44 server] opponent 1,0;1,1
[10:49:44 player] 1,1;0,2
[10:49:44 server] opponent 0,2;2,1
[10:49:44 player] 2,1;1,0
[10:49:44 server] opponent 1,0;2,0
[10:49:44 player] 2,0;0,1
[10:49:44 server] opponent 1,0;2,2
[10:49:44 player] 2,2;1,1
[10:49:44 server] opponent 1,1;1,2
[10:49:44 player] 1,2;2,1
[10:49:44 server] opponent 1,1;1,1
[10:49:44 player] 1,0;2,1
[10:49:44 server] opponent 1,0;1,0
[10:49:44 player] 1,0;1,2
[10:49:44 server] opponent 1,2;1,0
[10:49:44 player] 1,0;0,0
[10:49:44 server] opponent 1,0;0,2
[10:49:44 player] 0,2;2,0
[10:49:45 server] opponent 2,0;2,2
[10:49:45 player] 2,2;2,0
[10:49:45 server] opponent 2,0;1,1
[10:49:45 player] 1,2;1,2
[10:49:45 server] opponent 1,2;0,0
[10:49:45 player] 1,2;0,2
[10:49:45 server] opponent 0,2;0,0
[10:49:45 player] 2,0;0,0
[10:49:45 server] opponent 2,0;0,2
[10:49:45 player] 0,2;0,2
[10:49:45 server] init
[10:49:45 server] opponent 0,0;1,2
[10:49:45 player] 1,2;0,1
[10:49:45 server] opponent 0,1;2,0
[10:49:45 player] 2,0;0,1
[10:49:46 server] opponent 0,1;0,0
[10:49:46 player] 0,0;1,0
[10:49:46 server] opponent 1,0;1,2
[10:49:46 player] 1,2;1,1
[10:49:46 server] opponent 1,1;0,1
[10:49:46 player] 0,1;1,0
[10:49:46 server] opponent 1,0;2,1
[10:49:47 player] 2,1;0,2
[10:49:47 server] opponent 0,2;0,1
[10:49:47 player] 0,1;1,2
[10:49:47 server] opponent 1,2;0,2
[10:49:47 player] 0,2;0,0
[10:49:47 server] opponent 0,0;1,1
[10:49:47 player] 1,1;1,0
[10:49:47 server] opponent 1,0;0,1
[10:49:47 player] 0,1;1,1
[10:49:47 server] opponent 1,1;0,2
[10:49:47 player] 0,2;1,2
[10:49:47 server] opponent 1,2;2,1
[10:49:47 player] 2,1;0,1
[10:49:47 server] opponent 0,0;0,0
[10:49:47 player] 0,0;2,2
[10:49:47 server] opponent 2,2;1,1
[10:49:47 player] 1,1;0,0
[10:49:47 server] opponent 0,0;0,2
[10:49:47 player] 0,2;1,1
[10:49:47 server] opponent 1,1;2,1
[10:49:47 player] 2,1;0,0
[10:49:47 server] opponent 0,0;2,1
[10:49:47 player] 0,0;0,1
[10:49:48 server] opponent 0,0;2,0
[10:49:48 player] 2,0;1,2
[10:49:48 server] opponent 1,2;1,2
[10:49:48 player] 1,2;2,2
[10:49:48 server] opponent 2,2;0,2
[10:49:48 player] 0,2;1,0
[10:49:48 server] opponent 1,0;0,0
[10:49:48 player] 1,0;0,2
[10:49:48 server] opponent 1,0;1,1
[10:49:48 player] 1,1;1,1
[10:49:48 server] opponent 1,1;2,0
[10:49:48 player] 2,0;0,0
[10:49:48 server] opponent 2,0;2,0
[10:49:48 player] 2,0;0,2
[10:49:48 server] opponent 1,1;2,2
[10:49:48 player] 2,2;2,0
[10:49:48 server] opponent 1,2;0,0
[10:49:48 player] 2,2;1,0
[10:49:48 server] opponent 2,2;1,2
[10:49:48 player] 1,2;2,0
[10:49:48 server] opponent 1,2;1,0
[10:49:48 player] 2,2;2,2
[10:49:48 server] opponent 2,2;0,0
[10:49:48 player] 2,2;0,1
[10:49:48 server] opponent 2,2;2,1
[10:49:48 server] init
[10:49:48 server] move
[10:49:49 player] 2,2;1,2
[10:49:49 server] opponent 1,2;2,2
[10:49:49 player] 2,2;1,0
[10:49:50 server] opponent 1,0;0,1
[10:49:50 player] 0,1;2,1
[10:49:50 server] opponent 2,1;1,2
[10:49:50 player] 1,2;0,1
[10:49:50 server] opponent 0,1;0,2
[10:49:50 player] 0,2;0,1
[10:49:50 server] opponent 0,1;1,1
[10:49:51 player] 1,1;1,1
[10:49:51 server] opponent 1,1;1,0
[10:49:51 player] 1,0;2,2
[10:49:51 server] opponent 2,2;0,2
[10:49:51 player] 0,2;0,0
[10:49:51 server] opponent 0,0;0,1
[10:49:51 player] 0,1;2,0
[10:49:51 server] opponent 2,0;1,2
[10:49:52 player] 1,2;2,0
[10:49:52 server] opponent 2,0;2,1
[10:49:52 player] 2,1;1,0
[10:49:52 server] opponent 1,0;1,2
[10:49:52 player] 1,2;2,1
[10:49:52 server] opponent 2,1;2,1
[10:49:52 player] 2,1;0,0
[10:49:52 server] opponent 0,0;0,0
[10:49:52 player] 0,0;0,2
[10:49:52 server] opponent 0,2;1,0
[10:49:52 player] 1,0;1,1
[10:49:52 server] opponent 1,1;0,0
[10:49:52 player] 0,0;1,1
[10:49:52 server] opponent 1,1;2,1
[10:49:52 player] 2,1;2,0
[10:49:52 server] opponent 2,0;1,0
[10:49:52 player] 1,0;0,0
[10:49:52 server] opponent 0,0;2,2
[10:49:52 player] 2,2;1,1
[10:49:52 server] opponent 1,1;2,0
[10:49:52 player] 2,0;1,1
[10:49:52 server] opponent 0,0;1,0
[10:49:52 player] 0,0;2,0
[10:49:52 server] opponent 2,0;0,2
[10:49:52 player] 0,2;0,2
[10:49:52 server] opponent 1,2;1,0
[10:49:52 player] 2,0;2,2
[10:49:52 server] opponent 2,0;2,0
[10:49:52 player] 2,0;0,0
[10:49:52 server] init
[10:49:53 server] opponent 0,0;1,1
[10:49:53 player] 1,1;0,2
[10:49:53 server] opponent 0,2;1,2
[10:49:53 player] 1,2;1,2
[10:49:53 server] opponent 1,2;1,1
[10:49:54 player] 1,1;2,0
[10:49:54 server] opponent 2,0;0,0
[10:49:54 player] 0,0;0,2
[10:49:54 server] opponent 0,2;0,1
[10:49:54 player] 0,1;0,2
[10:49:54 server] opponent 0,2;2,0
[10:49:54 player] 2,0;2,1
[10:49:54 server] opponent 2,1;1,2
[10:49:54 player] 1,2;0,1
[10:49:54 server] opponent 0,1;0,0
[10:49:55 player] 0,0;2,2
[10:49:55 server] opponent 2,2;0,0
[10:49:55 player] 0,0;1,2
[10:49:55 server] opponent 1,2;0,2
[10:49:55 player] 0,2;0,0
[10:49:55 server] opponent 2,2;2,1
[10:49:55 player] 2,1;1,1
[10:49:55 server] opponent 1,1;0,0
[10:49:55 player] 1,2;2,0
[10:49:55 server] opponent 2,0;0,1
[10:49:55 player] 0,1;0,1
[10:49:55 server] opponent 0,1;1,2
[10:49:55 player] 1,2;1,0
[10:49:55 server] opponent 1,0;2,1
[10:49:56 player] 2,1;2,0
[10:49:56 server] opponent 2,0;2,2
[10:49:56 player] 2,2;2,0
[10:49:56 server] opponent 2,0;1,2
[10:49:56 player] 1,2;0,0
[10:49:56 server] opponent 0,1;2,0
[10:49:56 player] 2,0;0,2
[10:49:56 server] opponent 0,2;1,0
[10:49:56 player] 1,0;0,1
[10:49:56 server] opponent 0,1;1,0
[10:49:56 player] 1,0;1,1
[10:49:56 server] opponent 1,1;1,1
[10:49:56 player] 1,1;2,2
[10:49:56 server] opponent 2,2;2,2
[10:49:56 player] 2,2;1,1
[10:49:56 server] opponent 1,1;1,0
[10:49:56 player] 1,0;2,2
[10:49:56 server] opponent 2,2;1,0
[10:49:56 player] 1,0;0,0
[10:49:56 server] opponent 2,2;0,2
[10:49:56 player] 0,2;1,1
[10:49:56 server] opponent 1,1;1,2
[10:49:56 player] 2,0;1,1
[10:49:56 server] opponent 2,0;1,0
[10:49:56 player] 2,0;2,0
[10:49:56 server] init
[10:49:56 server] move
[10:49:57 player] 1,2;2,1
[10:49:57 server] opponent 2,1;1,2
[10:49:57 player] 1,2;2,0
[10:49:57 server] opponent 2,0;0,2
[10:49:58 player] 0,2;0,2
[10:49:58 server] opponent 0,2;2,1
[10:49:58 player] 2,1;0,1
[10:49:58 server] opponent 0,1;2,2
[10:49:58 player] 2,2;0,0
[10:49:58 server] opponent 0,0;1,1
[10:49:59 player] 1,1;1,1
[10:49:59 server] opponent 1,1;2,1
[10:49:59 player] 2,1;2,1
[10:49:59 server] opponent 2,1;0,2
[10:49:59 player] 0,2;0,0
[10:49:59 server] opponent 0,0;0,1
[10:49:59 player] 0,1;0,1
[10:49:59 server] opponent 0,1;0,0
[10:49:59 player] 0,0;2,1
[10:49:59 server] opponent 2,1;0,0
[10:49:59 player] 0,0;0,0
[10:49:59 server] opponent 0,0;1,2
[10:49:59 player] 1,2;2,2
[10:49:59 server] opponent 2,2;1,1
[10:49:59 player] 1,1;0,0
[10:49:59 server] opponent 0,0;2,2
[10:49:59 player] 2,2;2,0
[10:49:59 server] opponent 2,0;1,0
[10:49:59 player] 1,0;0,0
[10:49:59 server] opponent 0,0;2,0
[10:49:59 player] 2,0;0,0
[10:49:59 server] opponent 0,0;0,2
[10:49:59 player] 0,2;0,1
[10:49:59 server] opponent 0,1;1,1
[10:50:00 player] 1,1;2,2
[10:50:00 server] opponent 2,2;2,1
[10:50:00 player] 2,1;2,2
[10:50:00 server] opponent 2,2;2,2
[10:50:00 player] 2,2;0,1
[10:50:00 server] opponent 2,2;1,2
[10:50:00 player] 2,2;1,0
[10:50:00 server] init
[10:50:00 server] opponent 0,0;0,0
[10:50:00 player] 0,0;2,2
[10:50:00 server] opponent 2,2;0,2
[10:50:00 player] 0,2;0,1
[10:50:00 server] opponent 0,1;0,1
[10:50:01 player] 0,1;1,2
[10:50:01 server] opponent 1,2;1,1
[10:50:01 player] 1,1;1,0
[10:50:01 server] opponent 1,0;1,1
[10:50:02 player] 1,1;2,2
[10:50:02 server] opponent 2,2;1,2
[10:50:02 player] 1,2;0,1
[10:50:02 server] opponent 0,1;2,0
[10:50:02 player] 2,0;0,1
[10:50:02 server] opponent 0,1;1,1
[10:50:02 player] 1,1;0,2
[10:50:02 server] opponent 0,2;2,2
[10:50:02 player] 2,2;2,2
[10:50:02 server] opponent 2,2;0,0
[10:50:02 player] 0,0;1,1
[10:50:02 server] opponent 1,1;0,1
[10:50:03 player] 0,1;2,1
[10:50:03 server] opponent 2,1;0,1
[10:50:03 player] 0,1;0,2
[10:50:03 server] opponent 0,2;1,0
[10:50:03 player] 1,0;0,0
[10:50:03 server] opponent 0,0;2,1
[10:50:03 player] 2,1;1,1
[10:50:03 server] opponent 1,1;0,0
[10:50:03 player] 0,0;0,1
[10:50:03 server] opponent 0,1;1,0
[10:50:03 player] 1,0;2,1
[10:50:03 server] opponent 2,1;2,1
[10:50:03 player] 2,1;0,0
[10:50:03 server] opponent 0,0;0,2
[10:50:03 player] 0,2;2,0
[10:50:03 server] opponent 2,0;2,2
[10:50:03 player] 2,2;0,1
[10:50:03 server] opponent 0,1;0,0
[10:50:03 player] 0,0;1,0
[10:50:03 server] opponent 1,0;2,2
[10:50:03 player] 2,2;1,1
[10:50:03 server] opponent 1,1;1,1
[10:50:03 player] 1,1;2,1
[10:50:03 server] opponent 2,1;2,2
[10:50:03 player] 2,2;2,1
[10:50:03 server] opponent 2,1;0,2
[10:50:03 player] 0,2;0,0
[10:50:03 server] opponent 0,0;1,2
[10:50:03 player] 1,2;0,0
[10:50:03 server] opponent 0,0;2,0
[10:50:04 player] 2,0;0,2
[10:50:04 server] opponent 0,2;0,2
[10:50:04 player] 0,2;1,2
[10:50:04 server] opponent 1,2;0,2
[10:50:04 player] 0,2;1,1
[10:50:04 server] opponent 1,1;1,2
[10:50:04 player] 1,2;2,0
[10:50:04 server] opponent 2,0;1,2
[10:50:04 player] 1,2;1,0
[10:50:04 server] opponent 1,0;2,0
[10:50:04 player] 2,0;0,0
[10:50:04 server] opponent 2,1;1,2
[10:50:04 player] 1,0;0,2
[10:50:04 server] opponent 0,2;2,1
[10:50:04 player] 1,0;0,1
[10:50:04 server] opponent 1,1;2,0
[10:50:04 server] init
[10:50:04 server] move
[10:50:05 player] 0,2;2,2
[10:50:05 server] opponent 2,2;0,0
[10:50:05 player] 0,0;0,2
[10:50:05 server] opponent 0,2;0,2
[10:50:05 player] 0,2;0,1
[10:50:05 server] opponent 0,1;0,1
[10:50:06 player] 0,1;1,2
[10:50:06 server] opponent 1,2;2,1
[10:50:06 player] 2,1;0,0
[10:50:06 server] opponent 0,0;1,1
[10:50:06 player] 1,1;2,2
[10:50:06 server] opponent 2,2;2,0
[10:50:06 player] 2,0;0,0
[10:50:07 server] opponent 0,0;2,1
[10:50:07 player] 2,1;1,0
[10:50:07 server] opponent 1,0;1,1
[10:50:07 player] 1,1;0,1
[10:50:07 server] opponent 0,1;0,0
[10:50:07 player] 0,0;0,1
[10:50:07 server] opponent 0,1;2,2
[10:50:07 player] 2,2;1,0
[10:50:07 server] opponent 1,0;0,2
[10:50:07 player] 0,2;1,1
[10:50:07 server] opponent 1,1;2,1
[10:50:07 player] 2,1;2,0
[10:50:07 server] opponent 2,0;1,0
[10:50:07 player] 1,0;2,0
[10:50:07 server] opponent 2,0;0,1
[10:50:07 player] 0,1;0,2
[10:50:07 server] opponent 0,2;1,0
[10:50:07 player] 1,0;2,2
[10:50:07 server] opponent 2,2;0,1
[10:50:07 player] 0,1;1,1
[10:50:07 server] opponent 1,1;1,1
[10:50:07 player] 1,1;0,0
[10:50:07 server] opponent 0,0;2,2
[10:50:07 player] 2,2;0,2
[10:50:07 server] opponent 0,2;2,0
[10:50:07 player] 2,0;2,0
[10:50:07 server] opponent 2,0;1,1
[10:50:07 player] 1,1;0,2
[10:50:07 server] opponent 0,2;1,2
[10:50:07 player] 1,2;0,2
[10:50:07 server] opponent 0,2;2,1
[10:50:07 player] 0,0;2,0
[10:50:07 server] opponent 2,0;0,2
[10:50:08 player] 0,2;0,0
[10:50:08 server] opponent 0,0;1,0
[10:50:08 player] 1,0;2,1
[10:50:08 server] opponent 0,0;1,2
[10:50:08 player] 1,2;0,0
[10:50:08 server] opponent 1,2;0,1
[10:50:08 player] 0,1;1,0
[10:50:08 server] init
[10:50:08 server] opponent 0,0;1,2
[10:50:08 player] 1,2;1,2
[10:50:08 server] opponent 1,2;0,2
[10:50:08 player] 0,2;0,1
[10:50:08 server] opponent 0,1;1,0
[10:50:09 player] 1,0;2,0
[10:50:09 server] opponent 2,0;2,0
[10:50:09 player] 2,0;2,1
[10:50:09 server] opponent 2,1;0,2
[10:50:09 player] 0,2;0,2
[10:50:09 server] opponent 0,2;2,0
[10:50:09 player] 2,0;0,0
[10:50:09 server] opponent 0,0;2,2
[10:50:10 player] 2,2;2,0
[10:50:10 server] opponent 2,0;1,0
[10:50:10 player] 1,0;0,2
[10:50:10 server] opponent 0,2;0,0
[10:50:10 player] 0,0;0,2
[10:50:10 server] opponent 0,2;1,1
[10:50:10 player] 1,1;2,0
[10:50:10 server] opponent 2,0;0,2
[10:50:10 player] 0,2;1,0
[10:50:10 server] opponent 1,0;2,2
[10:50:10 player] 2,2;1,2
[10:50:10 server] opponent 1,2;2,0
[10:50:11 player] 2,0;1,1
[10:50:11 server] opponent 1,1;2,2
[10:50:11 player] 2,2;0,0
[10:50:11 server] opponent 0,0;0,0
[10:50:11 player] 0,0;1,1
[10:50:11 server] opponent 1,1;0,1
[10:50:11 player] 0,1;2,1
[10:50:11 server] opponent 2,1;0,0
[10:50:11 player] 0,0;2,0
[10:50:11 server] opponent 2,0;1,2
[10:50:11 player] 1,2;1,1
[10:50:11 server] opponent 1,1;0,0
[10:50:11 player] 0,2;2,2
[10:50:11 server] opponent 2,2;2,1
[10:50:11 player] 2,1;0,1
[10:50:11 server] opponent 0,1;0,0
[10:50:11 player] 0,1;2,0
[10:50:11 server] opponent 2,0;2,2
[10:50:11 player] 2,2;1,0
[10:50:11 server] opponent 1,0;2,1
[10:50:11 player] 2,1;1,2
[10:50:11 server] opponent 1,2;2,2
[10:50:11 player] 1,1;0,2
[10:50:11 server] opponent 0,2;1,2
[10:50:11 player] 1,2;2,1
[10:50:11 server] opponent 2,1;1,1
[10:50:11 player] 1,1;1,1
[10:50:11 server] init
[10:50:11 server] move
[10:50:12 player] 1,0;1,1
[10:50:12 server] opponent 1,1;2,0
[10:50:12 player] 2,0;2,1
[10:50:13 server] opponent 2,1;1,0
[10:50:13 player] 1,0;0,1
[10:50:13 server] opponent 0,1;1,0
[10:50:13 player] 1,0;2,1
[10:50:13 server] opponent 2,1;0,1
[10:50:13 player] 0,1;1,2
[10:50:13 server] opponent 1,2;1,0
[10:50:14 player] 2,2;0,0
[10:50:14 server] opponent 0,0;1,0
[10:50:14 player] 0,2;2,2
[10:50:14 server] opponent 2,2;1,1
[10:50:14 player] 1,1;0,2
[10:50:14 server] opponent 0,2;0,2
[10:50:14 player] 0,2;1,0
[10:50:14 server] opponent 0,0;0,0
[10:50:14 player] 0,0;2,0
[10:50:15 server] opponent 2,0;1,1
[10:50:15 player] 1,1;0,1
[10:50:15 server] opponent 0,1;2,0
[10:50:15 player] 2,0;0,0
[10:50:15 server] opponent 0,0;2,2
[10:50:15 player] 2,2;0,2
[10:50:15 server] opponent 0,2;2,0
[10:50:15 player] 2,0;1,0
[10:50:15 server] opponent 0,0;1,2
[10:50:15 player] 1,2;1,1
[10:50:15 server] opponent 1,1;1,1
[10:50:15 player] 1,1;0,0
[10:50:15 server] opponent 0,0;2,1
[10:50:15 player] 2,1;0,0
[10:50:15 server] opponent 0,0;0,2
[10:50:15 player] 0,2;1,1
[10:50:15 server] opponent 2,0;0,2
[10:50:15 player] 0,2;1,2
[10:50:15 server] opponent 1,2;0,2
[10:50:15 player] 0,1;0,0
[10:50:15 server] opponent 2,2;1,2
[10:50:15 player] 1,2;0,0
[10:50:15 server] opponent 2,2;2,0
[10:50:15 player] 2,0;2,0
[10:50:15 server] init
[10:50:15 server] opponent 0,0;0,0
[10:50:16 player] 0,0;2,2
[10:50:16 server] opponent 2,2;2,0
[10:50:16 player] 2,0;0,1
[10:50:16 server] opponent 0,1;2,0
[10:50:16 player] 2,0;2,0
[10:50:16 server] opponent 2,0;1,2
[10:50:16 player] 1,2;1,0
[10:50:17 server] opponent 1,0;2,1
[10:50:17 player] 2,1;1,0
[10:50:17 server] opponent 1,0;1,0
[10:50:17 player] 1,0;1,2
[10:50:17 server] opponent 1,2;2,0
[10:50:17 player] 2,0;1,1
[10:50:17 server] opponent 1,1;2,2
[10:50:17 player] 2,2;2,1
[10:50:17 server] opponent 2,1;0,1
[10:50:17 player] 0,1;1,2
[10:50:17 server] opponent 1,2;1,2
[10:50:17 player] 1,2;0,1
[10:50:17 server] opponent 0,1;0,1
[10:50:17 player] 0,1;0,0
[10:50:17 server] opponent 0,0;1,0
[10:50:17 player] 1,0;0,0
[10:50:18 server] opponent 0,0;0,1
[10:50:18 player] 0,1;0,2
[10:50:18 server] opponent 0,2;2,0
[10:50:18 player] 2,0;2,1
[10:50:18 server] opponent 2,1;0,0
[10:50:18 player] 0,0;0,2
[10:50:18 server] opponent 0,2;2,1
[10:50:18 player] 2,1;0,2
[10:50:18 server] opponent 0,2;1,2
[10:50:18 player] 1,2;0,0
[10:50:18 server] opponent 0,0;1,1
[10:50:18 player] 1,1;0,0
[10:50:18 server] opponent 0,0;2,0
[10:50:18 player] 0,2;2,2
[10:50:18 server] opponent 2,2;1,1
[10:50:18 player] 1,1;0,1
[10:50:18 server] opponent 0,1;2,2
[10:50:18 player] 2,2;0,2
[10:50:18 server] opponent 0,2;0,2
[10:50:18 player] 0,2;1,1
[10:50:18 server] opponent 1,1;0,2
[10:50:18 player] 0,2;0,0
[10:50:18 server] opponent 1,1;2,1
[10:50:18 player] 2,1;1,1
[10:50:18 server] opponent 1,1;2,0
[10:50:18 player] 0,1;2,1
[10:50:18 server] opponent 2,1;2,2
[10:50:18 player] 2,2;1,0
[10:50:18 server] opponent 1,0;0,1
[10:50:18 player] 0,1;1,1
[10:50:18 server] opponent 2,1;1,2
[10:50:18 player] 1,2;0,2
[10:50:18 server] opponent 0,1;1,0
[10:50:19 player] 1,0;1,1
[10:50:19 server] opponent 2,2;1,2
[10:50:19 player] 1,0;2,2
[10:50:19 server] opponent 2,2;0,0
[10:50:19 player] 2,2;2,2
[10:50:19 server] opponent 2,2;0,1
[10:50:19 player] 2,1;2,0
[10:50:19 server] init
[10:50:19 server] move
[10:50:19 player] 0,2;1,1
[10:50:19 server] opponent 1,1;0,2
[10:50:20 player] 0,2;0,2
[10:50:20 server] opponent 0,2;1,2
[10:50:20 player] 1,2;0,0
[10:50:20 server] opponent 0,0;0,1
[10:50:20 player] 0,1;0,2
[10:50:20 server] opponent 0,2;2,1
[10:50:21 player] 2,1;1,2
[10:50:21 server] opponent 1,2;0,1
[10:50:21 player] 0,1;0,0
[10:50:21 server] opponent 0,0;2,0
[10:50:21 player] 2,0;1,2
[10:50:21 server] opponent 1,2;1,1
[10:50:21 player] 1,1;0,0
[10:50:21 server] opponent 0,0;2,2
[10:50:22 player] 2,2;0,0
[10:50:22 server] opponent 0,0;1,0
[10:50:22 player] 1,0;0,1
[10:50:22 server] opponent 0,1;2,1
[10:50:22 player] 2,1;2,0
[10:50:22 server] opponent 2,0;1,1
[10:50:22 player] 1,1;2,1
[10:50:22 server] opponent 2,1;0,2
[10:50:22 player] 0,2;2,0
[10:50:22 server] opponent 2,0;2,2
[10:50:22 player] 2,2;1,0
[10:50:22 server] opponent 1,0;2,0
[10:50:22 player] 2,0;0,0
[10:50:22 server] opponent 0,0;1,2
[10:50:22 player] 1,2;2,1
[10:50:22 server] opponent 2,1;0,1
[10:50:22 player] 0,1;0,1
[10:50:22 server] opponent 0,0;0,0
[10:50:22 player] 2,1;0,0
[10:50:22 server] opponent 2,0;1,0
[10:50:22 player] 1,0;1,0
[10:50:22 server] opponent 1,0;2,1
[10:50:22 player] 2,1;1,0
[10:50:22 server] opponent 1,0;1,2
[10:50:23 player] 1,2;1,2
[10:50:23 server] opponent 1,2;2,2
[10:50:23 player] 2,2;2,0
[10:50:23 server] opponent 2,0;2,0
[10:50:23 player] 2,0;2,1
[10:50:23 server] opponent 1,0;0,0
[10:50:23 player] 1,0;2,2
[10:50:23 server] opponent 1,2;0,2
[10:50:23 player] 1,2;2,0
[10:50:23 server] opponent 2,0;0,2
[10:50:23 player] 1,2;1,0
[10:50:23 server] init
[10:50:23 server] opponent 0,0;2,2
[10:50:23 player] 2,2;0,2
[10:50:23 server] opponent 0,2;1,1
[10:50:23 player] 1,1;0,2
[10:50:23 server] opponent 0,2;1,2
[10:50:24 player] 1,2;0,1
[10:50:24 server] opponent 0,1;0,0
[10:50:24 player] 0,0;0,1
[10:50:24 server] opponent 0,1;2,1
[10:50:24 player] 2,1;1,0
[10:50:24 server] opponent 1,0;2,1
[10:50:24 player] 2,1;0,0
[10:50:24 server] opponent 0,0;1,0
[10:50:24 player] 1,0;0,1
[10:50:24 server] opponent 0,1;1,2
[10:50:24 player] 1,2;2,0
[10:50:24 server] opponent 2,0;1,0
[10:50:24 player] 1,0;0,2
[10:50:24 server] opponent 0,2;2,2
[10:50:24 player] 2,2;0,1
[10:50:24 server] opponent 0,1;0,2
[10:50:24 player] 0,2;1,0
[10:50:24 server] opponent 1,0;2,0
[10:50:24 player] 2,0;0,0
[10:50:24 server] opponent 0,0;2,0
[10:50:24 player] 2,0;0,1
[10:50:24 server] opponent 0,1;2,0
[10:50:24 player] 2,0;0,2
[10:50:24 server] opponent 0,2;0,2
[10:50:24 player] 0,0;2,1
[10:50:24 server] opponent 2,1;1,2
[10:50:24 player] 1,2;2,2
[10:50:24 server] opponent 2,2;2,1
[10:50:24 player] 2,1;2,0
[10:50:24 server] opponent 0,0;0,0
[10:50:24 player] 0,1;0,1
[10:50:24 server] opponent 0,1;1,0
[10:50:25 server] init
[10:50:25 server] move
[10:50:25 player] 0,1;2,1
[10:50:25 server] opponent 2,1;2,0
[10:50:26 player] 2,0;2,1
[10:50:26 server] opponent 2,1;1,0
[10:50:26 player] 1,0;0,0
[10:50:26 server] opponent 0,0;1,1
[10:50:26 player] 1,1;1,2
[10:50:26 server] opponent 1,2;2,1
[10:50:26 player] 2,1;0,0
[10:50:26 server] opponent 0,0;1,0
[10:50:26 player] 1,0;1,2
[10:50:26 server] opponent 1,2;1,1
[10:50:26 player] 1,1;2,2
[10:50:26 server] opponent 2,2;1,0
[10:50:27 player] 1,0;0,1
[10:50:27 server] opponent 0,1;1,2
[10:50:27 player] 1,2;0,1
[10:50:27 server] opponent 0,1;1,0
[10:50:27 player] 1,0;0,2
[10:50:27 server] opponent 0,2;0,1
[10:50:27 player] 0,1;1,1
[10:50:27 server] opponent 1,1;1,0
[10:50:27 player] 0,0;1,2
[10:50:27 server] opponent 1,2;0,0
[10:50:27 player] 0,0;0,2
[10:50:27 server] opponent 0,2;1,0
[10:50:27 player] 1,2;2,2
[10:50:27 server] opponent 2,2;0,2
[10:50:27 player] 0,2;0,0
[10:50:27 server] opponent 0,0;0,0
[10:50:27 player] 0,0;2,0
[10:50:27 server] opponent 2,0;2,2
[10:50:27 player] 2,2;0,1
[10:50:27 server] opponent 0,1;0,1
[10:50:27 player] 0,1;2,0
[10:50:27 server] opponent 2,0;1,1
[10:50:27 player] 1,1;0,2
[10:50:27 server] opponent 0,2;2,2
[10:50:27 player] 2,2;0,0
[10:50:27 server] opponent 0,0;2,1
[10:50:27 player] 2,1;1,1
[10:50:27 server] opponent 0,0;0,1
[10:50:27 player] 0,1;2,2
[10:50:27 server] opponent 2,2;2,0
[10:50:27 player] 2,0;0,0
[10:50:27 server] opponent 2,0;1,2
[10:50:27 player] 1,2;1,0
[10:50:28 server] opponent 0,2;2,1
[10:50:28 player] 2,1;2,2
[10:50:28 server] init
[10:50:28 server] opponent 0,0;2,1
[10:50:28 player] 2,1;0,0
[10:50:28 server] opponent 0,0;0,2
[10:50:28 player] 0,2;2,2
[10:50:28 server] opponent 2,2;1,0
[10:50:28 player] 1,0;2,1
[10:50:28 server] opponent 2,1;2,0
[10:50:28 player] 2,0;2,1
[10:50:28 server] opponent 2,1;2,1
[10:50:28 player] 2,1;2,2
[10:50:28 server] opponent 2,2;2,2
[10:50:28 player] 2,2;0,0
[10:50:28 server] opponent 0,0;0,0
[10:50:29 player] 0,0;0,1
[10:50:29 server] opponent 0,1;0,1
[10:50:29 player] 0,1;2,0
[10:50:29 server] opponent 2,0;2,2
[10:50:29 player] 2,2;1,1
[10:50:29 server] opponent 1,1;1,0
[10:50:29 player] 1,0;1,0
[10:50:29 server] opponent 1,0;0,2
[10:50:29 player] 0,2;1,2
[10:50:29 server] opponent 1,2;0,2
[10:50:29 player] 0,2;0,2
[10:50:29 server] opponent 0,0;2,2
[10:50:29 player] 2,2;2,0
[10:50:29 server] opponent 2,0;0,0
[10:50:29 player] 0,0;2,0
[10:50:29 server] opponent 2,0;1,0
[10:50:29 player] 1,0;2,2
[10:50:29 server] opponent 2,2;0,1
[10:50:29 player] 0,1;1,1
[10:50:29 server] opponent 1,1;1,2
[10:50:29 player] 1,2;0,1
[10:50:29 server] opponent 0,1;1,2
[10:50:29 player] 1,2;1,2
[10:50:29 server] opponent 1,2;2,1
[10:50:29 player] 2,1;1,1
[10:50:29 server] opponent 1,1;1,1
[10:50:29 player] 0,0;1,2
[10:50:29 server] opponent 1,2;1,0
[10:50:29 player] 1,0;2,0
[10:50:29 server] opponent 2,0;1,1
[10:50:29 player] 0,0;1,1
[10:50:29 server] opponent 0,0;1,0
[10:50:29 player] 0,1;0,2
[10:50:29 server] opponent 2,2;1,2
[10:50:30 player] 1,2;0,0
[10:50:30 server] opponent 1,2;1,1
[10:50:30 player] 1,2;2,0
[10:50:30 server] opponent 2,2;2,1
[10:50:30 player] 2,2;0,2
[10:50:30 server] opponent 1,2;2,2
[10:50:30 server] init
[10:50:30 server] move
[10:50:30 player] 1,0;2,2
[10:50:30 server] opponent 2,2;0,1
[10:50:30 player] 0,1;0,0
[10:50:30 server] opponent 0,0;1,1
[10:50:30 player] 1,1;0,1
[10:50:30 server] opponent 0,1;0,2
[10:50:30 player] 0,2;0,0
[10:50:30 server] opponent 0,0;2,0
[10:50:31 player] 2,0;0,1
[10:50:31 server] opponent 0,1;1,0
[10:50:31 player] 1,0;0,2
[10:50:31 server] opponent 0,2;1,2
[10:50:31 player] 1,2;1,1
[10:50:31 server] opponent 1,1;1,1
[10:50:31 player] 1,1;2,2
[10:50:31 server] opponent 2,2;2,1
[10:50:31 player] 2,1;1,2
[10:50:31 server] opponent 1,2;1,2
[10:50:31 player] 1,2;2,1
[10:50:31 server] opponent 2,1;0,2
[10:50:31 player] 0,2;0,2
[10:50:31 server] opponent 0,2;1,0
[10:50:31 player] 1,0;1,2
[10:50:31 server] opponent 1,2;0,0
[10:50:32 player] 0,0;0,2
[10:50:32 server] opponent 0,2;2,2
[10:50:32 player] 2,2;1,1
[10:50:32 server] opponent 1,1;1,0
[10:50:32 player] 0,2;1,1
[10:50:32 server] opponent 1,1;2,1
[10:50:32 player] 2,1;2,1
[10:50:32 server] opponent 2,1;2,2
[10:50:32 player] 2,2;0,0
[10:50:32 server] opponent 0,0;2,1
[10:50:32 player] 2,1;0,0
[10:50:32 server] opponent 0,0;1,2
[10:50:32 player] 1,2;0,1
[10:50:32 server] opponent 0,1;2,2
[10:50:32 player] 2,2;2,2
[10:50:32 server] opponent 0,0;1,0
[10:50:32 player] 0,1;1,2
[10:50:32 server] opponent 0,2;0,1
[10:50:32 player] 0,1;2,1
[10:50:32 server] opponent 2,1;1,0
[10:50:32 player] 1,1;1,2
[10:50:32 server] opponent 0,2;2,1
[10:50:32 player] 2,1;1,1
[10:50:32 server] opponent 1,1;0,2
[10:50:32 player] 0,2;2,0
[10:50:32 server] init
[10:50:32 server] opponent 0,0;2,2
[10:50:33 player] 2,2;0,1
[10:50:33 server] opponent 0,1;2,2
[10:50:33 player] 2,2;0,0
[10:50:33 server] opponent 0,0;1,2
[10:50:33 player] 1,2;0,1
[10:50:33 server] opponent 0,1;0,1
[10:50:33 player] 0,1;1,1
[10:50:33 server] opponent 1,1;1,0
[10:50:33 player] 1,0;0,0
[10:50:33 server] opponent 0,0;2,0
[10:50:33 player] 2,0;1,1
[10:50:33 server] opponent 1,1;2,2
[10:50:33 player] 2,2;0,2
[10:50:33 server] opponent 0,2;2,2
[10:50:33 player] 0,0;2,1
[10:50:33 server] opponent 2,1;2,1
[10:50:33 player] 2,1;0,1
[10:50:33 server] opponent 0,1;2,1
[10:50:33 player] 2,1;0,0
[10:50:33 server] opponent 0,0;0,1
[10:50:33 player] 0,1;2,0
[10:50:33 server] opponent 2,0;0,2
[10:50:33 player] 0,2;0,2
[10:50:34 server] opponent 0,2;0,1
[10:50:34 player] 0,1;0,2
[10:50:34 server] opponent 0,2;1,2
[10:50:34 player] 1,2;1,0
[10:50:34 server] opponent 1,0;2,0
[10:50:34 player] 2,0;0,1
[10:50:34 server] opponent 0,0;1,0
[10:50:34 player] 1,0;0,2
[10:50:34 server] opponent 0,2;0,0
[10:50:34 player] 0,0;1,1
[10:50:34 server] opponent 1,1;0,2
[10:50:34 player] 0,2;1,1
[10:50:34 server] opponent 1,1;0,1
[10:50:34 player] 0,0;0,0
[10:50:34 server] opponent 0,0;0,2
[10:50:34 player] 0,2;2,0
[10:50:34 server] opponent 2,0;2,1
[10:50:34 player] 2,1;0,2
[10:50:34 server] opponent 1,1;1,1
[10:50:34 player] 1,1;0,0
[10:50:34 server] opponent 1,0;2,2
[10:50:34 player] 1,0;2,1
[10:50:34 server] opponent 1,2;1,1
[10:50:34 player] 1,1;1,2
[10:50:34 server] opponent 1,2;1,2
[10:50:34 player] 1,2;2,1
[10:50:34 server] opponent 1,2;0,0
[10:50:34 player] 1,1;2,1
[10:50:34 server] opponent 1,0;0,1
[10:50:34 player] 1,1;2,0
[10:50:34 server] opponent 2,0;0,0
[10:50:34 player] 1,2;2,2
[10:50:34 server] opponent 1,0;1,1
[10:50:35 player] 1,2;2,0
[10:50:35 server] init
[10:50:35 server] move
[10:50:35 player] 0,0;0,2
[10:50:35 server] opponent 0,2;1,1
[10:50:36 player] 1,1;0,2
[10:50:36 server] opponent 0,2;0,0
[10:50:36 player] 0,0;1,1
[10:50:36 server] opponent 1,1;0,1
[10:50:36 player] 0,1;0,0
[10:50:36 server] opponent 0,0;0,1
[10:50:36 player] 0,1;0,1
[10:50:36 server] opponent 0,1;2,1
[10:50:36 player] 2,1;0,0
[10:50:36 server] opponent 0,0;2,0
[10:50:36 player] 2,0;2,0
[10:50:36 server] opponent 2,0;2,1
[10:50:36 player] 2,1;2,1
[10:50:36 server] opponent 2,1;1,2
[10:50:36 player] 1,2;0,1
[10:50:36 server] opponent 0,1;2,2
[10:50:36 player] 2,2;0,1
[10:50:36 server] opponent 0,1;1,2
[10:50:37 player] 1,2;2,2
[10:50:37 server] opponent 2,2;1,2
[10:50:37 player] 1,2;1,2
[10:50:37 server] opponent 1,2;0,2
[10:50:37 player] 0,2;2,2
[10:50:37 server] opponent 2,2;0,2
[10:50:37 player] 0,2;0,2
[10:50:37 server] opponent 0,2;1,2
[10:50:37 player] 1,2;2,0
[10:50:37 server] opponent 2,0;1,0
[10:50:37 player] 1,0;2,2
[10:50:37 server] opponent 2,2;2,2
[10:50:37 player] 0,1;2,0
[10:50:37 server] opponent 2,0;1,2
[10:50:37 player] 1,2;2,1
[10:50:37 server] opponent 2,1;2,0
[10:50:37 player] 2,0;1,1
[10:50:37 server] opponent 1,1;2,1
[10:50:37 player] 2,1;1,1
[10:50:37 server] opponent 1,1;1,0
[10:50:37 player] 1,0;2,1
[10:50:37 server] opponent 2,1;0,2
[10:50:38 player] 0,2;1,0
[10:50:38 server] opponent 1,0;2,0
[10:50:38 player] 2,0;0,2
[10:50:38 server] opponent 0,2;0,1
[10:50:38 player] 0,1;0,2
[10:50:38 server] opponent 0,2;2,1
[10:50:38 player] 2,1;2,2
[10:50:38 server] opponent 0,0;2,2
[10:50:38 player] 0,0;2,1
[10:50:38 server] opponent 0,0;1,0
[10:50:38 player] 1,0;0,0
[10:50:38 server] opponent 0,0;0,0
[10:50:38 player] 1,1;1,1
[10:50:38 server] opponent 1,1;1,2
[10:50:38 player] 1,0;1,1
[10:50:38 server] opponent 1,1;2,2
[10:50:38 player] 1,1;2,0
[10:50:38 server] init
[10:50:38 server] opponent 0,0;1,2
[10:50:39 player] 1,2;2,0
[10:50:39 server] opponent 2,0;1,0
[10:50:39 player] 1,0;2,1
[10:50:39 server] opponent 2,1;1,2
[10:50:39 player] 1,2;2,1
[10:50:39 server] opponent 2,1;0,1
[10:50:39 player] 0,1;0,2
[10:50:39 server] opponent 0,2;0,0
[10:50:39 player] 0,0;0,0
[10:50:39 server] opponent 0,0;2,2
[10:50:39 player] 2,2;1,0
[10:50:40 server] opponent 1,0;0,2
[10:50:40 player] 0,2;1,0
[10:50:40 server] opponent 1,0;1,1
[10:50:40 player] 1,1;2,1
[10:50:40 server] opponent 2,1;0,2
[10:50:40 player] 0,2;0,1
[10:50:40 server] opponent 0,1;0,1
[10:50:40 player] 0,1;1,1
[10:50:40 server] opponent 1,1;2,0
[10:50:40 player] 2,0;0,2
[10:50:40 server] opponent 0,2;2,1
[10:50:40 player] 2,1;0,0
[10:50:40 server] opponent 0,0;2,1
[10:50:40 player] 2,1;2,2
[10:50:40 server] opponent 2,2;1,1
[10:50:40 player] 1,1;1,0
[10:50:40 server] opponent 1,0;2,0
[10:50:40 player] 2,0;2,0
[10:50:40 server] opponent 2,0;1,1
[10:50:40 player] 1,1;0,1
[10:50:40 server] opponent 0,1;2,2
[10:50:40 player] 2,2;0,0
[10:50:40 server] opponent 0,0;0,2
[10:50:40 player] 0,2;2,2
[10:50:40 server] opponent 2,2;0,1
[10:50:40 player] 0,1;2,0
[10:50:40 server] opponent 2,0;0,1
[10:50:40 player] 2,0;1,2
[10:50:40 server] opponent 1,2;1,2
[10:50:40 player] 1,2;2,2
[10:50:40 server] opponent 2,2;1,2
[10:50:41 player] 2,0;2,1
[10:50:41 server] opponent 2,1;1,0
[10:50:41 player] 2,1;1,1
[10:50:41 server] opponent 1,1;2,2
[10:50:41 player] 2,2;2,1
[10:50:41 server] opponent 2,0;2,2
[10:50:41 player] 2,2;2,0
[10:50:41 server] opponent 2,0;0,0
[10:50:41 server] init
[10:50:41 server] move
[10:50:41 player] 0,1;1,1
[10:50:41 server] opponent 1,1;2,1
[10:50:41 player] 2,1;0,1
[10:50:41 server] opponent 0,1;1,0
[10:50:42 player] 1,0;1,0
[10:50:42 server] opponent 1,0;1,1
[10:50:42 player] 1,1;0,0
[10:50:42 server] opponent 0,0;0,1
[10:50:42 player] 0,1;2,1
[10:50:42 server] opponent 2,1;0,2
[10:50:42 player] 0,2;1,2
[10:50:42 server] opponent 1,2;2,0
[10:50:42 player] 2,0;0,0
[10:50:42 server] opponent 0,0;0,0
[10:50:42 player] 0,0;0,2
[10:50:42 server] opponent 0,2;0,0
[10:50:42 player] 0,0;1,0
[10:50:42 server] opponent 1,0;0,1
[10:50:42 player] 0,1;0,1
[10:50:42 server] opponent 0,0;1,2
[10:50:43 player] 1,2;2,2
[10:50:43 server] opponent 2,2;0,0
[10:50:43 player] 0,0;1,1
[10:50:43 server] opponent 1,1;1,2
[10:50:43 player] 1,2;0,0
[10:50:43 server] opponent 0,0;2,2
[10:50:43 player] 2,2;1,2
[10:50:43 server] opponent 1,2;1,1
[10:50:43 player] 1,1;1,1
[10:50:43 server] opponent 1,1;0,1
[10:50:43 player] 1,0;2,1
[10:50:43 server] opponent 2,1;2,0
[10:50:43 player] 2,0;1,1
[10:50:43 server] opponent 1,1;0,2
[10:50:43 player] 0,2;2,1
[10:50:43 server] opponent 2,1;1,2
[10:50:43 player] 1,2;0,2
[10:50:43 server] opponent 0,2;2,2
[10:50:43 player] 2,2;1,0
[10:50:43 server] opponent 1,0;2,2
[10:50:43 player] 2,2;1,1
[10:50:43 server] opponent 1,1;1,0
[10:50:43 player] 1,0;0,0
[10:50:43 server] opponent 0,0;2,0
[10:50:43 player] 2,0;2,2
[10:50:43 server] opponent 0,0;2,1
[10:50:43 player] 2,1;2,2
[10:50:43 server] opponent 2,1;1,0
[10:50:43 player] 1,0;2,0
[10:50:43 server] opponent 1,2;1,0
[10:50:44 player] 0,2;1,1
[10:50:44 server] opponent 1,1;2,2
[10:50:44 player] 1,2;1,2
[10:50:44 server] opponent 2,1;1,1
[10:50:44 player] 0,2;1,0
[10:50:44 server] init
[10:50:44 server] opponent 0,0;0,1
[10:50:44 player] 0,1;0,1
[10:50:44 server] opponent 0,1;2,1
[10:50:44 player] 2,1;0,1
[10:50:44 server] opponent 0,1;0,2
[10:50:44 player] 0,2;0,1
[10:50:44 server] opponent 0,1;1,1
[10:50:44 player] 1,1;1,1
[10:50:44 server] opponent 1,1;1,0
[10:50:45 player] 1,0;2,2
[10:50:45 server] opponent 2,2;0,0
[10:50:45 player] 0,0;2,1
[10:50:45 server] opponent 2,1;2,0
[10:50:45 player] 2,0;0,0
[10:50:45 server] opponent 0,0;1,0
[10:50:45 player] 1,0;0,1
[10:50:45 server] opponent 0,1;2,2
[10:50:45 player] 2,2;0,1
[10:50:45 server] opponent 0,1;0,0
[10:50:45 player] 0,0;2,0
[10:50:45 server] opponent 2,0;1,1
[10:50:45 player] 1,1;0,1
[10:50:45 server] opponent 0,0;1,2
[10:50:45 player] 1,2;0,1
[10:50:45 server] opponent 0,0;0,2
[10:50:45 player] 0,2;1,2
[10:50:45 server] opponent 1,2;2,1
[10:50:45 player] 2,1;0,0
[10:50:45 server] opponent 0,0;0,0
[10:50:45 player] 1,1;2,1
[10:50:45 server] opponent 2,1;1,0
[10:50:45 player] 1,0;0,0
[10:50:45 server] opponent 2,1;0,2
[10:50:45 player] 0,2;0,2
[10:50:45 server] opponent 0,2;0,0
[10:50:45 player] 2,1;1,1
[10:50:45 server] opponent 2,2;2,2
[10:50:45 player] 2,2;1,1
[10:50:45 server] opponent 2,1;2,2
[10:50:46 player] 2,2;2,1
[10:50:46 server] opponent 2,1;1,2
[10:50:46 player] 1,2;1,1
[10:50:46 server] opponent 1,0;2,1
[10:50:46 player] 0,2;2,2
[10:50:46 server] opponent 1,2;1,2
[10:50:46 player] 1,2;1,0
[10:50:46 server] opponent 1,0;0,2
[10:50:46 player] 1,0;1,1
[10:50:46 server] opponent 2,0;1,2
[10:50:46 player] 1,2;2,2
[10:50:46 server] opponent 2,0;2,2
[10:50:46 player] 2,0;1,0
[10:50:46 server] opponent 2,0;0,1
[10:50:46 player] 2,0;2,1
[10:50:46 server] opponent 1,2;2,0
[10:50:46 player] 2,0;0,2
[10:50:46 server] opponent 2,0;2,0
[10:50:46 player] 1,2;0,0
[10:50:46 server] init
[10:50:46 server] move
[10:50:47 player] 0,1;1,0
[10:50:47 server] opponent 1,0;1,0
[10:50:47 player] 1,0;0,0
[10:50:47 server] opponent 0,0;2,1
[10:50:47 player] 2,1;1,0
[10:50:47 server] opponent 1,0;2,0
[10:50:47 player] 2,0;0,1
[10:50:47 server] opponent 0,1;2,2
[10:50:47 player] 2,2;0,0
[10:50:47 server] opponent 0,0;2,0
[10:50:47 player] 2,0;0,0
[10:50:47 server] opponent 0,0;1,2
[10:50:47 player] 1,2;2,0
[10:50:47 server] opponent 2,0;1,0
[10:50:47 player] 1,0;0,1
[10:50:47 server] opponent 0,1;0,1
[10:50:47 player] 0,1;1,1
[10:50:47 server] opponent 1,1;2,0
[10:50:47 player] 2,0;0,2
[10:50:47 server] opponent 0,2;1,0
[10:50:47 player] 1,0;0,2
[10:50:47 server] opponent 0,2;2,1
[10:50:47 player] 2,1;1,1
[10:50:47 server] opponent 1,1;2,2
[10:50:48 player] 2,2;1,0
[10:50:48 server] opponent 0,0;0,0
[10:50:48 player] 0,0;2,2
[10:50:48 server] opponent 2,2;2,2
[10:50:48 player] 2,2;2,0
[10:50:48 server] opponent 0,0;1,1
[10:50:48 player] 1,1;2,1
[10:50:48 server] opponent 2,1;0,1
[10:50:48 player] 0,1;1,2
[10:50:48 server] opponent 1,2;2,1
[10:50:48 player] 2,1;1,2
[10:50:48 server] init
[10:50:48 server] opponent 0,0;0,0
[10:50:48 player] 0,0;2,0
[10:50:48 server] opponent 2,0;1,1
[10:50:49 player] 1,1;0,1
[10:50:49 server] opponent 0,1;0,2
[10:50:49 player] 0,2;1,2
[10:50:49 server] opponent 1,2;0,0
[10:50:49 player] 0,0;2,2
[10:50:49 server] opponent 2,2;2,1
[10:50:49 player] 2,1;0,2
[10:50:49 server] opponent 0,2;2,1
[10:50:49 player] 2,1;0,1
[10:50:49 server] opponent 0,1;0,1
[10:50:49 player] 0,1;0,0
[10:50:49 server] opponent 0,0;2,1
[10:50:49 player] 2,1;0,0
[10:50:49 server] opponent 0,0;0,1
[10:50:49 player] 0,1;1,1
[10:50:49 server] opponent 1,1;1,0
[10:50:49 player] 1,0;0,2
[10:50:49 server] opponent 0,2;2,2
[10:50:49 player] 2,2;1,2
[10:50:49 server] opponent 1,2;2,1
[10:50:49 player] 0,0;0,2
[10:50:49 server] opponent 0,2;0,2
[10:50:49 player] 0,2;2,0
[10:50:49 server] opponent 2,0;1,2
[10:50:49 player] 1,2;0,1
[10:50:49 server] opponent 0,1;2,2
[10:50:49 player] 2,2;0,1
[10:50:49 server] opponent 0,1;1,0
[10:50:49 player] 1,0;1,2
[10:50:49 server] opponent 1,2;2,0
[10:50:50 player] 2,0;1,0
[10:50:50 server] opponent 1,0;0,0
[10:50:50 player] 0,0;1,1
[10:50:50 server] opponent 1,1;0,0
[10:50:50 player] 0,1;1,2
[10:50:50 server] opponent 1,2;1,1
[10:50:50 player] 1,1;2,0
[10:50:50 server] opponent 2,0;2,2
[10:50:50 player] 2,2;0,0
[10:50:50 server] opponent 2,2;0,2
[10:50:50 player] 0,2;1,1
[10:50:50 server] opponent 1,1;0,2
[10:50:50 player] 0,2;1,0
[10:50:50 server] opponent 1,0;1,1
[10:50:50 player] 1,1;2,1
[10:50:50 server] opponent 1,0;2,2
[10:50:50 player] 2,2;2,2
[10:50:50 server] opponent 2,2;2,0
[10:50:50 player] 2,0;0,2
[10:50:50 server] opponent 0,1;2,0
[10:50:50 player] 2,0;0,0
[10:50:50 server] opponent 0,1;2,1
[10:50:50 player] 1,2;2,2
[10:50:50 server] opponent 2,2;1,0
[10:50:50 player] 1,2;1,0
[10:50:50 server] opponent 1,2;0,2
[10:50:50 player] 2,2;1,1
[10:50:50 server] opponent 1,1;1,2
[10:50:50 player] 1,1;1,1
[10:50:50 server] init
[10:50:51 server] move
[10:50:51 player] 1,2;1,2
[10:50:51 server] opponent 1,2;0,1
[10:50:52 player] 0,1;1,0
[10:50:52 server] opponent 1,0;2,0
[10:50:52 player] 2,0;0,0
[10:50:52 server] opponent 0,0;2,0
[10:50:52 player] 2,0;1,2
[10:50:52 server] opponent 1,2;2,0
[10:50:52 player] 2,0;0,2
[10:50:52 server] opponent 0,2;1,1
[10:50:52 player] 1,1;1,0
[10:50:52 server] opponent 1,0;2,2
[10:50:52 player] 2,2;2,2
[10:50:52 server] opponent 2,2;0,2
[10:50:52 player] 0,2;0,2
[10:50:52 server] opponent 0,2;2,2
[10:50:52 player] 2,2;0,0
[10:50:52 server] opponent 0,0;2,2
[10:50:52 player] 2,2;1,1
[10:50:52 server] opponent 1,1;2,0
[10:50:52 player] 2,0;0,1
[10:50:52 server] opponent 0,1;1,2
[10:50:52 player] 1,2;2,1
[10:50:52 server] opponent 2,1;1,1
[10:50:52 player] 1,1;1,1
[10:50:52 server] opponent 1,1;0,1
[10:50:52 player] 0,1;0,0
[10:50:52 server] opponent 0,0;2,1
[10:50:52 player] 2,1;1,0
[10:50:53 server] opponent 1,0;2,1
[10:50:53 player] 2,1;0,0
[10:50:53 server] opponent 0,1;2,1
[10:50:53 player] 2,1;2,0
[10:50:53 server] init
[10:50:53 server] opponent 0,0;2,2
[10:50:53 player] 2,2;2,1
[10:50:53 server] opponent 2,1;2,0
[10:50:53 player] 2,0;0,1
[10:50:53 server] opponent 0,1;0,2
[10:50:53 player] 0,2;0,0
[10:50:53 server] opponent 0,0;0,2
[10:50:54 player] 0,2;2,1
[10:50:54 server] opponent 2,1;1,2
[10:50:54 player] 1,2;1,1
[10:50:54 server] opponent 1,1;0,0
[10:50:54 player] 0,0;1,2
[10:50:54 server] opponent 1,2;0,1
[10:50:54 player] 0,1;0,1
[10:50:54 server] opponent 0,1;2,2
[10:50:54 player] 2,2;0,0
[10:50:54 server] opponent 0,0;2,1
[10:50:54 player] 2,1;1,0
[10:50:54 server] opponent 1,0;0,2
[10:50:54 player] 0,2;0,1
[10:50:54 server] opponent 0,1;1,0
[10:50:54 player] 1,0;1,0
[10:50:54 server] opponent 1,0;1,1
[10:50:55 player] 1,1;0,1
[10:50:55 server] opponent 0,1;1,1
[10:50:55 player] 1,1;0,2
[10:50:55 server] opponent 0,2;2,2
[10:50:55 player] 2,2;0,1
[10:50:55 server] opponent 0,1;2,0
[10:50:55 player] 2,0;1,1
[10:50:55 server] opponent 1,1;2,2
[10:50:55 player] 2,2;0,2
[10:50:55 server] opponent 0,2;1,0
[10:50:55 player] 1,0;2,0
[10:50:55 server] opponent 2,0;1,0
[10:50:55 player] 1,0;0,0
[10:50:55 server] opponent 0,0;0,0
[10:50:55 player] 0,0;0,1
[10:50:55 server] opponent 0,0;1,0
[10:50:55 player] 0,0;2,0
[10:50:56 server] opponent 2,0;2,0
[10:50:56 player] 2,0;0,0
[10:50:56 server] opponent 0,0;1,1
[10:50:56 player] 1,1;1,1
[10:50:56 server] opponent 1,1;1,2
[10:50:56 player] 1,2;0,0
[10:50:56 server] opponent 1,2;1,0
[10:50:56 player] 0,2;0,2
[10:50:56 server] opponent 2,0;2,1
[10:50:56 player] 2,1;0,0
[10:50:56 server] opponent 2,0;1,2
[10:50:56 player] 1,2;2,2
[10:50:56 server] init
[10:50:56 server] move
[10:50:56 player] 2,1;1,2
[10:50:56 server] opponent 1,2;2,2
[10:50:57 player] 2,2;1,1
[10:50:57 server] opponent 1,1;1,2
[10:50:57 player] 1,2;0,2
[10:50:57 server] opponent 0,2;2,1
[10:50:57 player] 2,1;0,2
[10:50:57 server] opponent 0,2;2,2
[10:50:57 player] 2,2;1,2
[10:50:57 server] opponent 1,2;2,1
[10:50:57 player] 2,1;2,2
[10:50:57 server] opponent 2,2;0,0
[10:50:57 player] 0,0;0,2
[10:50:57 server] opponent 0,2;1,0
[10:50:57 player] 1,0;0,0
[10:50:57 server] opponent 0,0;1,1
[10:50:57 player] 1,1;0,1
[10:50:58 server] opponent 0,1;2,1
[10:50:58 player] 0,2;2,0
[10:50:58 server] opponent 2,0;1,1
[10:50:58 player] 1,1;0,0
[10:50:58 server] opponent 0,0;0,1
[10:50:58 player] 0,1;2,0
[10:50:58 server] opponent 2,0;2,1
[10:50:58 player] 0,0;2,1
[10:50:58 server] opponent 0,0;0,0
[10:50:58 player] 0,0;2,2
[10:50:58 server] opponent 2,2;1,0
[10:50:58 player] 1,0;2,2
[10:50:58 server] opponent 2,2;0,1
[10:50:58 player] 0,1;0,0
[10:50:58 server] opponent 0,0;1,2
[10:50:58 player] 1,2;2,0
[10:50:58 server] opponent 2,0;1,2
[10:50:58 player] 1,2;1,1
[10:50:58 server] opponent 1,1;0,2
[10:50:58 player] 0,2;1,2
[10:50:58 server] opponent 0,0;1,0
[10:50:58 player] 1,0;1,1
[10:50:58 server] opponent 1,1;2,0
[10:50:58 player] 2,0;1,0
[10:50:58 server] opponent 2,2;0,2
[10:50:58 player] 0,2;0,0
[10:50:58 server] opponent 1,1;2,1
[10:50:58 player] 1,1;2,2
[10:50:58 server] opponent 0,2;1,1
[10:50:59 player] 1,1;1,1
[10:50:59 server] init
[10:50:59 server] opponent 0,0;0,2
[10:50:59 player] 0,2;1,0
[10:50:59 server] opponent 1,0;1,1
[10:50:59 player] 1,1;0,0
[10:50:59 server] opponent 0,0;1,0
[10:51:00 player] 1,0;2,0
[10:51:00 server] opponent 2,0;2,0
[10:51:00 player] 2,0;0,0
[10:51:00 server] opponent 0,0;2,0
[10:51:00 player] 2,0;1,2
[10:51:00 server] opponent 1,2;1,0
[10:51:00 player] 1,0;0,1
[10:51:00 server] opponent 0,1;0,0
[10:51:00 player] 0,0;0,0
[10:51:00 server] opponent 0,0;0,1
[10:51:00 player] 0,1;0,1
[10:51:00 server] opponent 0,1;0,2
[10:51:00 player] 0,2;0,0
[10:51:00 server] opponent 0,0;1,1
[10:51:00 player] 1,1;2,0
[10:51:00 server] opponent 2,0;0,2
[10:51:00 player] 0,2;2,0
[10:51:00 server] opponent 2,0;1,1
[10:51:00 player] 1,1;1,0
[10:51:00 server] opponent 1,0;0,0
[10:51:00 player] 1,0;2,2
[10:51:00 server] opponent 2,2;1,2
[10:51:00 player] 1,2;0,0
[10:51:00 server] opponent 1,2;0,2
[10:51:01 player] 1,0;2,1
[10:51:01 server] opponent 2,1;2,2
[10:51:01 player] 2,2;0,2
[10:51:01 server] opponent 1,2;1,2
[10:51:01 player] 1,2;1,1
[10:51:01 server] opponent 0,1;1,2
[10:51:01 player] 1,2;2,2
[10:51:01 server] init
[10:51:01 server] move
[10:51:01 player] 0,0;0,0
[10:51:01 server] opponent 0,0;1,0
[10:51:02 player] 1,0;0,1
[10:51:02 server] opponent 0,1;0,0
[10:51:02 player] 0,0;1,1
[10:51:02 server] opponent 1,1;1,1
[10:51:02 player] 1,1;0,1
[10:51:02 server] opponent 0,1;0,1
[10:51:02 player] 0,1;0,2
[10:51:02 server] opponent 0,2;2,2
[10:51:02 player] 2,2;1,0
[10:51:02 server] opponent 1,0;1,1
[10:51:02 player] 1,1;0,2
[10:51:02 server] opponent 0,2;2,0
[10:51:02 player] 2,0;1,0
[10:51:02 server] opponent 1,0;1,2
[10:51:02 player] 1,2;0,0
[10:51:02 server] opponent 0,0;1,2
[10:51:02 player] 1,2;0,1
[10:51:02 server] opponent 0,1;2,0
[10:51:03 player] 2,0;1,1
[10:51:03 server] opponent 1,1;2,2
[10:51:03 player] 2,2;0,0
[10:51:03 server] opponent 0,0;2,2
[10:51:03 player] 2,2;2,0
[10:51:03 server] opponent 2,0;2,1
[10:51:03 player] 2,1;1,2
[10:51:03 server] opponent 1,2;2,1
[10:51:03 player] 2,1;1,1
[10:51:03 server] opponent 1,1;1,0
[10:51:03 player] 1,0;1,0
[10:51:03 server] opponent 1,0;2,0
[10:51:03 player] 2,0;1,2
[10:51:03 server] opponent 1,2;0,2
[10:51:03 player] 0,2;2,1
[10:51:03 server] opponent 2,1;2,0
[10:51:03 player] 0,0;0,2
[10:51:03 server] opponent 0,2;0,1
[10:51:03 player] 0,1;1,0
[10:51:03 server] opponent 1,0;0,0
[10:51:03 player] 0,0;0,1
[10:51:03 server] opponent 0,1;2,2
[10:51:03 player] 0,1;2,1
[10:51:03 server] opponent 2,1;1,0
[10:51:03 player] 1,0;2,2
[10:51:03 server] opponent 2,1;2,2
[10:51:03 player] 0,1;1,1
[10:51:03 server] opponent 1,1;1,2
[10:51:03 player] 1,2;2,2
[10:51:03 server] opponent 2,1;0,1
[10:51:03 player] 0,1;1,2
[10:51:04 server] opponent 1,2;2,0
[10:51:04 player] 1,0;0,2
[10:51:04 server] opponent 0,2;0,2
[10:51:04 player] 0,2;0,0
[10:51:04 server] opponent 0,2;1,1
[10:51:04 player] 1,2;1,1
[10:51:04 server] opponent 1,0;2,1
[10:51:04 player] 2,1;2,1
[10:51:04 server] opponent 2,1;0,0
[10:51:04 server] init
[10:51:04 server] opponent 0,0;0,2
[10:51:04 player] 0,2;2,0
[10:51:04 server] opponent 2,0;0,0
[10:51:04 player] 0,0;2,0
[10:51:04 server] opponent 2,0;0,1
[10:51:05 player] 0,1;0,0
[10:51:05 server] opponent 0,0;0,0
[10:51:05 player] 0,0;0,1
[10:51:05 server] opponent 0,1;0,2
[10:51:05 player] 0,2;2,2
[10:51:05 server] opponent 2,2;2,1
[10:51:05 player] 2,1;0,0
[10:51:05 server] opponent 0,0;2,2
[10:51:05 player] 2,2;0,0
[10:51:05 server] opponent 0,0;1,0
[10:51:05 player] 1,0;0,0
[10:51:05 server] opponent 0,0;1,2
[10:51:06 player] 1,2;2,1
[10:51:06 server] opponent 2,1;2,1
[10:51:06 player] 2,1;0,2
[10:51:06 server] opponent 0,2;1,2
[10:51:06 player] 1,2;1,1
[10:51:06 server] opponent 1,1;0,2
[10:51:06 player] 0,2;2,1
[10:51:06 server] opponent 2,1;1,0
[10:51:06 player] 1,0;1,1
[10:51:06 server] opponent 1,1;2,0
[10:51:06 player] 2,0;0,2
[10:51:06 server] opponent 0,1;2,2
[10:51:06 player] 2,2;2,0
[10:51:06 server] opponent 2,0;2,0
[10:51:06 player] 2,0;1,0
[10:51:06 server] opponent 1,0;1,0
[10:51:06 player] 1,0;2,2
[10:51:06 server] opponent 2,2;0,2
[10:51:07 player] 0,1;1,2
[10:51:07 server] opponent 1,2;1,2
[10:51:07 player] 1,2;0,1
[10:51:07 server] opponent 0,1;1,0
[10:51:07 player] 1,1;1,1
[10:51:07 server] opponent 1,1;1,0
[10:51:07 player] 1,1;0,0
[10:51:07 server] opponent 2,2;2,2
[10:51:07 player] 2,2;1,2
[10:51:07 server] opponent 2,2;0,1
[10:51:07 player] 0,1;0,1
[10:51:07 server] opponent 0,1;2,0
[10:51:07 player] 2,0;1,1
[10:51:07 server] opponent 1,1;0,1
[10:51:07 player] 0,1;2,1
[10:51:07 server] opponent 2,1;2,2
[10:51:07 player] 2,2;1,1
[10:51:07 server] opponent 1,1;2,2
[10:51:07 player] 2,2;1,0
[10:51:07 server] init
[10:51:07 server] move
[10:51:08 player] 0,1;2,0
[10:51:08 server] opponent 2,0;0,0
[10:51:08 player] 0,0;0,2
[10:51:08 server] opponent 0,2;0,1
[10:51:08 player] 0,1;2,1
[10:51:08 server] opponent 2,1;1,2
[10:51:08 player] 1,2;0,2
[10:51:08 server] opponent 0,2;1,2
[10:51:08 player] 1,2;1,1
[10:51:09 server] opponent 1,1;0,1
[10:51:09 player] 0,1;2,2
[10:51:09 server] opponent 2,2;0,2
[10:51:09 player] 0,2;0,2
[10:51:09 server] opponent 0,2;2,2
[10:51:09 player] 2,2;2,2
[10:51:09 server] opponent 2,2;1,0
[10:51:09 player] 1,0;1,1
[10:51:09 server] opponent 1,1;2,0
[10:51:09 player] 2,0;2,0
[10:51:09 server] opponent 2,0;2,2
[10:51:09 player] 2,2;0,1
[10:51:09 server] opponent 0,0;1,2
[10:51:09 player] 1,2;2,0
[10:51:09 server] opponent 2,0;2,1
[10:51:09 player] 2,1;0,1
[10:51:09 server] opponent 0,0;0,1
[10:51:09 player] 2,0;1,1
[10:51:09 server] opponent 1,1;0,2
[10:51:09 player] 0,2;2,0
[10:51:09 server] opponent 2,0;0,2
[10:51:09 player] 0,2;1,1
[10:51:09 server] opponent 1,1;2,1
[10:51:09 player] 2,1;0,2
[10:51:09 server] opponent 0,0;2,1
[10:51:09 player] 2,1;0,0
[10:51:09 server] opponent 0,0;2,0
[10:51:09 player] 2,0;0,1
[10:51:09 server] opponent 0,0;0,0
[10:51:09 player] 0,0;2,2
[10:51:10 server] opponent 2,2;1,1
[10:51:10 player] 1,1;0,0
[10:51:10 server] opponent 0,0;1,0
[10:51:10 player] 1,0;0,2
[10:51:10 server] opponent 2,0;1,0
[10:51:10 player] 1,0;2,0
[10:51:10 server] opponent 2,0;1,2
[10:51:10 player] 1,1;2,2
[10:51:10 server] opponent 2,2;1,2
[10:51:10 player] 1,1;1,1
[10:51:10 server] init
[10:51:10 server] opponent 0,0;1,1
[10:51:10 player] 1,1;1,0
[10:51:10 server] opponent 1,0;2,0
[10:51:10 player] 2,0;2,2
[10:51:11 server] opponent 2,2;1,2
[10:51:11 player] 1,2;0,1
[10:51:11 server] opponent 0,1;1,0
[10:51:11 player] 1,0;1,1
[10:51:11 server] opponent 1,1;2,0
[10:51:11 player] 2,0;1,0
[10:51:11 server] opponent 1,0;1,0
[10:51:11 player] 1,0;0,0
[10:51:11 server] opponent 0,0;0,2
[10:51:11 player] 0,2;0,1
[10:51:11 server] opponent 0,1;2,2
[10:51:11 player] 2,2;1,0
[10:51:11 server] opponent 1,0;2,2
[10:51:11 player] 2,2;0,2
[10:51:11 server] opponent 0,2;2,2
[10:51:11 player] 2,2;2,1
[10:51:11 server] opponent 2,1;2,1
[10:51:11 player] 2,1;0,2
[10:51:11 server] opponent 0,2;1,2
[10:51:11 player] 1,2;2,2
[10:51:11 server] opponent 2,2;0,1
[10:51:11 player] 0,1;1,2
[10:51:11 server] opponent 1,2;0,0
[10:51:11 player] 0,0;2,0
[10:51:11 server] opponent 2,0;0,2
[10:51:11 player] 0,2;0,2
[10:51:11 server] opponent 0,2;2,0
[10:51:11 player] 2,0;2,0
[10:51:11 server] opponent 2,0;0,0
[10:51:11 player] 0,0;0,0
[10:51:12 server] opponent 0,0;1,0
[10:51:12 player] 1,0;2,1
[10:51:12 server] opponent 2,1;1,1
[10:51:12 player] 1,1;0,2
[10:51:12 server] opponent 0,2;1,0
[10:51:12 player] 1,0;0,1
[10:51:12 server] opponent 0,1;0,2
[10:51:12 player] 0,2;1,1
[10:51:12 server] opponent 1,1;1,1
[10:51:12 player] 1,1;0,1
[10:51:12 server] opponent 0,1;2,0
[10:51:12 player] 2,0;0,1
[10:51:12 server] opponent 0,1;1,1
[10:51:12 player] 1,1;0,0
[10:51:12 server] opponent 0,0;1,2
[10:51:12 player] 1,2;1,0
[10:51:12 server] opponent 0,2;2,1
[10:51:12 server] init
[10:51:12 server] move
[10:51:13 player] 2,0;0,2
[10:51:13 server] opponent 0,2;2,0
[10:51:13 player] 2,0;1,2
[10:51:13 server] opponent 1,2;0,0
[10:51:13 player] 0,0;0,1
[10:51:13 server] opponent 0,1;0,1
[10:51:13 player] 0,1;1,1
[10:51:13 server] opponent 1,1;1,1
[10:51:13 player] 1,1;1,2
[10:51:13 server] opponent 1,2;2,0
[10:51:13 player] 2,0;2,2
[10:51:13 server] opponent 2,2;0,2
[10:51:14 player] 0,2;2,1
[10:51:14 server] opponent 2,1;2,1
[10:51:14 player] 2,1;2,0
[10:51:14 server] opponent 0,0;1,2
[10:51:14 player] 1,2;1,0
[10:51:14 server] opponent 1,0;1,1
[10:51:14 player] 1,1;0,1
[10:51:14 server] opponent 0,1;1,2
[10:51:14 player] 1,2;2,1
[10:51:14 server] opponent 2,1;0,1
[10:51:14 player] 0,1;0,0
[10:51:14 server] opponent 0,0;1,1
[10:51:14 player] 1,1;1,0
[10:51:14 server] opponent 1,0;1,2
