[14:55:21 B] 1,0;0,2
[14:55:21 A] 0,2;0,0
[14:55:21 B] 0,0;2,1
[14:55:21 A] 2,1;0,0
[14:55:21 B] 0,0;0,2
[14:55:21 A] 0,2;0,1
[14:55:21 B] 0,1;1,2
[14:55:21 A] 1,2;0,0
[14:55:21 B] 0,0;2,2
[14:55:21 A] 2,2;0,0
[14:55:21 B] 0,0;2,0
[14:55:21 A] 2,0;0,0
[14:55:21 B] 0,2;0,2
[14:55:21 A] 0,2;1,0
[14:55:21 B] 1,0;0,1
[14:55:21 A] 0,1;0,0
[14:55:21 B] 0,2;2,0
[14:55:21 A] 2,0;0,1
[14:55:22 B] 0,1;0,1
[14:55:22 A] 0,1;0,2
[14:55:22 B] 0,2;1,1
[14:55:22 A] 1,1;0,0
[14:55:22 B] 2,0;0,2
[14:55:22 A] 1,0;0,0
[14:55:22 B] 2,0;1,2
[14:55:22 A] 1,2;0,1
[14:55:22 B] 0,1;2,1
[14:55:22 A] 2,1;0,1
[14:55:22 B] 0,1;1,1
[14:55:22 A] 0,0;0,0
[14:55:22 B] 0,0;2,0
[14:55:22 A] 2,0;0,0
[14:55:22 B] 0,0;1,1
[14:55:22 A] 1,1;0,0
[14:55:22 B] 0,0;0,2
[14:55:22 A] 0,2;0,0
[14:55:22 B] 2,2;1,0
[14:55:22 A] 1,0;0,0
[14:55:22 B] 1,1;1,0
[14:55:22 A] 1,0;0,1
[14:55:22 B] 0,1;2,1
[14:55:22 A] 2,1;0,0
[14:55:22 B] 1,0;0,2
[14:55:22 A] 0,2;0,1
[14:55:22 B] 0,1;2,2
[14:55:22 A] 2,2;0,0
[14:55:22 B] 0,2;0,2
[14:55:22 A] 0,2;1,0
[14:55:22 B] 1,0;1,0
[14:55:22 A] 1,0;1,1
[14:55:22 B] 1,1;0,2
[14:55:22 A] 0,2;2,0
[14:55:22 B] 2,0;0,2
[14:55:22 A] 0,1;2,0
[14:55:22 B] 2,0;0,1
[14:55:22 A] 0,1;0,0
[14:55:22 B] 0,1;1,0
[14:55:22 A] 1,0;2,1
[14:55:22 B] 2,1;0,2
[14:55:22 A] 0,1;0,1
[14:55:22 B] 0,1;0,2
[14:55:22 A] 0,1;1,2
[14:55:22 B] 1,2;0,1
[14:55:22 A] 0,1;1,1
[14:55:22 B] 1,1;2,1
[14:55:22 A] 2,1;0,1
[14:55:22 B] 1,1;1,1
[14:55:22 A] 1,1;1,2
[14:55:22 B] 1,2;2,1
[14:55:22 A] 2,1;1,0
[14:55:22 B] 2,1;2,0
[14:55:22 A] 2,0;1,0
[14:55:22 B] 2,0;2,0
[14:55:22 A] 2,0;1,1
[14:55:22 B] 1,1;0,1
[14:55:22 A] 1,2;1,1
[14:55:22 B] 2,0;1,2
[14:55:22 A] 1,2;0,0
[14:55:22 B] 1,2;2,2
[14:55:22 A] 2,2;0,1
[14:55:22 B] 2,0;2,2
[14:55:22 A] 2,2;0,2
[14:55:22 B] 1,2;2,0
[14:55:22 A] 2,1;1,1
[14:55:22 B] 2,1;1,2
[14:55:22 A] 2,1;2,1
[14:55:22 B] 1,1;2,2
[14:55:22 A] 2,2;0,0
[14:55:22 B] 0,0;0,2
[14:55:22 A] 0,2;0,0
[14:55:22 B] 0,0;2,1
[14:55:22 A] 2,1;0,0
[14:55:22 B] 0,0;0,0
[14:55:22 A] 0,0;0,1
[14:55:22 B] 0,1;0,1
[14:55:22 A] 0,1;0,0
[14:55:22 B] 0,0;1,2
[14:55:22 A] 1,2;0,0
[14:55:22 B] 0,0;2,2
[14:55:22 A] 2,2;0,1
[14:55:22 B] 0,1;1,0
[14:55:22 A] 1,0;0,0
[14:55:22 B] 2,2;0,2
[14:55:22 A] 0,2;0,1
[14:55:22 B] 0,1;0,2
[14:55:22 A] 0,2;0,2
[14:55:22 B] 1,2;2,1
[14:55:22 A] 2,1;0,1
[14:55:22 B] 0,1;2,1
[14:55:22 A] 2,1;0,2
[14:55:22 B] 0,1;1,1
[14:55:22 A] 1,1;0,0
[14:55:22 B] 1,0;0,2
[14:55:22 A] 1,0;0,1
[14:55:22 B] 1,1;2,1
[14:55:22 A] 1,1;2,0
[14:55:22 B] 2,0;0,1
[14:55:22 A] 1,1;1,0
[14:55:22 B] 1,0;1,0
[14:55:22 A] 1,0;1,1
[14:55:22 B] 1,0;2,1
[14:55:22 A] 1,0;2,2
[14:55:22 B] 2,2;1,0
[14:55:22 A] 1,2;0,1
[14:55:22 B] 1,2;0,2
[14:55:22 A] 1,2;1,0
[14:55:22 B] 1,2;2,0
[14:55:22 A] 2,0;0,0
[14:55:22 B] 1,2;2,2
[14:55:22 A] 2,2;1,1
[14:55:22 B] 2,2;2,1
[14:55:22 A] 2,2;2,2
[14:55:23 B] 2,0;0,2
[14:55:23 A] 2,0;1,0
[14:55:23 B] 2,0;2,0
[14:55:23 A] 2,0;1,1
[14:55:23 B] 2,0;1,2
[14:55:23 A] 2,0;2,2
[14:55:23 A] 0,0;0,0
[14:55:23 B] 0,0;0,2
[14:55:23 A] 0,2;0,0
[14:55:23 B] 0,0;2,1
[14:55:23 A] 2,1;0,0
[14:55:23 B] 0,0;1,1
[14:55:23 A] 1,1;0,0
[14:55:23 B] 0,0;0,1
[14:55:23 A] 0,1;0,0
[14:55:23 B] 2,0;2,2
[14:55:23 A] 2,2;0,0
[14:55:23 B] 1,2;2,0
[14:55:23 A] 2,0;0,0
[14:55:23 B] 2,1;2,2
[14:55:23 A] 2,2;0,1
[14:55:23 B] 0,1;0,1
[14:55:23 A] 0,1;0,2
[14:55:23 B] 0,2;0,1
[14:55:23 A] 0,1;1,0
[14:55:23 B] 1,0;2,1
[14:55:23 A] 2,1;0,1
[14:55:23 B] 0,1;2,0
[14:55:23 A] 2,0;0,1
[14:55:23 B] 0,1;1,2
[14:55:23 A] 1,2;0,0
[14:55:23 B] 2,0;0,2
[14:55:23 A] 0,2;0,2
[14:55:23 B] 0,2;2,0
[14:55:23 A] 2,0;1,2
[14:55:23 B] 1,2;1,1
[14:55:23 A] 1,1;0,1
[14:55:23 B] 0,1;2,2
[14:55:23 A] 2,2;0,2
[14:55:23 B] 0,2;2,2
