[12:07:31 B] 0,0;2,2
[12:07:32 A] 2,2;0,0
[12:07:32 B] 0,0;1,1
[12:07:32 A] 1,1;0,0
[12:07:32 B] 0,0;2,0
[12:07:32 A] 2,0;0,0
[12:07:32 B] 0,0;1,2
[12:07:32 A] 1,2;0,0
[12:07:32 B] 0,0;1,0
[12:07:32 A] 1,0;0,0
[12:07:32 B] 1,2;0,1
[12:07:32 A] 0,1;0,0
[12:07:32 B] 1,0;2,0
[12:07:32 A] 2,0;0,1
[12:07:32 B] 0,1;2,2
[12:07:32 A] 2,2;0,1
[12:07:32 B] 0,1;0,2
[12:07:32 A] 0,2;0,0
[12:07:32 B] 1,1;2,1
[12:07:32 A] 2,1;0,0
[12:07:32 B] 1,2;2,2
[12:07:32 A] 2,2;0,2
[12:07:32 B] 0,2;1,1
[12:07:32 A] 1,1;0,1
[12:07:32 B] 0,1;2,1
[12:07:32 A] 2,1;0,1
[12:07:32 B] 0,1;1,0
[12:07:32 A] 1,0;0,1
[12:07:32 B] 0,1;1,1
[12:07:32 A] 1,1;0,2
[12:07:32 B] 0,2;2,2
[12:07:32 A] 0,1;1,2
[12:07:32 B] 1,2;1,1
[12:07:32 A] 0,1;2,0
[12:07:32 B] 2,0;2,2
[12:07:32 A] 0,1;0,1
[12:07:32 B] 0,2;2,1
[12:07:32 A] 2,1;0,2
[12:07:32 B] 0,2;2,0
[12:07:32 A] 2,0;0,2
[12:07:32 A] 0,0;0,0
[12:07:32 B] 0,0;2,1
[12:07:32 A] 2,1;0,0
[12:07:32 B] 0,0;1,1
[12:07:32 A] 1,1;0,0
[12:07:32 B] 0,0;2,0
[12:07:32 A] 2,0;0,0
[12:07:32 B] 0,0;0,2
[12:07:32 A] 0,2;0,0
[12:07:32 B] 0,2;1,2
[12:07:32 A] 1,2;0,0
[12:07:32 B] 1,1;2,1
[12:07:32 A] 2,1;0,1
[12:07:32 B] 0,1;0,2
[12:07:32 A] 0,2;0,1
[12:07:32 B] 0,1;1,2
[12:07:32 A] 1,2;0,1
[12:07:32 B] 0,1;2,1
[12:07:32 A] 2,1;0,2
[12:07:32 B] 0,2;2,0
[12:07:32 A] 2,0;0,1
[12:07:32 B] 0,1;1,0
[12:07:32 A] 1,0;0,0
[12:07:32 B] 2,0;2,1
[12:07:32 A] 0,1;1,1
[12:07:32 B] 1,1;1,0
[12:07:32 A] 1,0;0,1
[12:07:32 B] 0,1;0,0
[12:07:32 A] 0,1;0,1
[12:07:32 B] 0,1;2,0
[12:07:32 A] 2,0;0,2
[12:07:32 B] 0,2;2,1
[12:07:32 A] 0,2;0,2
[12:07:32 B] 1,0;0,2
[12:07:32 A] 1,2;0,2
[12:07:32 B] 1,1;0,1
[12:07:32 A] 1,1;1,1
[12:07:32 B] 1,1;2,0
[12:07:32 A] 1,1;2,2
[12:07:32 B] 0,0;1,1
[12:07:32 A] 1,1;0,0
[12:07:32 B] 0,0;0,2
[12:07:32 A] 0,2;0,0
[12:07:32 B] 0,0;0,1
[12:07:32 A] 0,1;0,0
[12:07:32 B] 0,0;2,0
[12:07:32 A] 2,0;0,0
[12:07:32 B] 0,1;1,2
[12:07:32 A] 1,2;0,0
[12:07:32 B] 2,1;2,0
[12:07:32 A] 2,0;0,1
[12:07:32 B] 0,1;1,0
[12:07:32 A] 1,0;0,0
[12:07:32 B] 0,2;1,1
[12:07:32 A] 1,1;0,1
[12:07:32 B] 0,1;0,1
[12:07:32 A] 0,1;1,1
[12:07:32 B] 1,1;2,2
[12:07:32 A] 2,2;0,0
[12:07:32 B] 2,1;2,2
[12:07:32 A] 2,2;0,1
[12:07:32 B] 0,1;2,2
[12:07:32 A] 2,2;0,2
[12:07:32 B] 0,2;2,2
[12:07:32 A] 0,1;0,2
[12:07:32 B] 0,2;1,0
[12:07:32 A] 1,0;0,1
[12:07:32 B] 0,1;2,0
[12:07:32 A] 2,0;0,2
[12:07:32 B] 0,2;0,1
[12:07:32 A] 0,1;2,1
[12:07:32 B] 2,1;0,2
[12:07:32 A] 0,2;1,2
[12:07:32 B] 1,2;2,2
[12:07:32 A] 0,2;2,1
[12:07:32 B] 2,1;2,1
[12:07:32 A] 1,0;0,2
[12:07:32 B] 0,2;2,0
[12:07:32 A] 0,2;0,2
[12:07:32 B] 1,2;2,0
[12:07:32 A] 1,1;0,2
[12:07:32 B] 1,2;1,2
[12:07:32 A] 1,2;2,1
[12:07:32 B] 1,2;0,2
[12:07:32 A] 0,0;0,0
[12:07:32 B] 0,0;0,1
[12:07:32 A] 0,1;0,0
[12:07:32 B] 0,0;2,2
[12:07:32 A] 2,2;0,0
[12:07:32 B] 0,0;0,2
[12:07:32 A] 0,2;0,0
[12:07:32 B] 0,0;2,1
[12:07:32 A] 2,1;0,0
[12:07:32 B] 0,0;2,0
[12:07:32 A] 2,0;0,0
[12:07:32 B] 2,2;1,0
[12:07:32 A] 1,0;0,0
[12:07:32 B] 1,1;0,1
[12:07:32 A] 0,1;0,1
[12:07:32 B] 0,1;2,2
[12:07:32 A] 2,2;0,1
[12:07:32 B] 0,1;1,2
[12:07:32 A] 1,2;0,0
[12:07:32 B] 0,1;0,2
[12:07:32 A] 0,2;0,1
[12:07:32 B] 1,2;2,0
[12:07:32 A] 2,0;0,1
[12:07:32 B] 2,2;1,1
[12:07:32 A] 1,1;0,0
[12:07:32 B] 2,2;2,2
[12:07:32 A] 2,2;0,2
[12:07:32 B] 0,2;2,0
[12:07:32 A] 2,0;0,2
[12:07:32 B] 0,2;2,1
[12:07:32 A] 2,1;0,1
[12:07:32 B] 0,2;0,2
[12:07:32 A] 0,2;2,2
[12:07:32 B] 2,1;2,2
[12:07:32 A] 0,2;1,1
[12:07:33 B] 1,1;1,2
[12:07:33 A] 1,2;0,1
[12:07:33 B] 2,1;2,0
[12:07:33 A] 1,2;0,2
[12:07:33 B] 0,0;2,0
[12:07:33 A] 2,0;0,0
[12:07:33 B] 0,0;1,1
[12:07:33 A] 1,1;0,0
[12:07:33 B] 0,0;0,1
[12:07:33 A] 0,1;0,0
[12:07:33 B] 0,0;1,0
[12:07:33 A] 1,0;0,0
[12:07:33 B] 0,0;2,2
[12:07:33 A] 2,2;0,0
[12:07:33 B] 0,0;2,1
[12:07:33 A] 2,1;0,0
[12:07:33 B] 2,2;2,1
[12:07:33 A] 2,1;0,1
[12:07:33 B] 0,1;1,0
[12:07:33 A] 1,0;0,1
[12:07:33 B] 0,1;0,2
[12:07:33 A] 0,2;0,0
[12:07:33 B] 1,1;1,1
[12:07:33 A] 1,1;0,1
[12:07:33 B] 0,1;2,0
[12:07:33 A] 2,0;0,1
[12:07:33 B] 0,1;2,2
[12:07:33 A] 2,2;0,1
[12:07:33 B] 0,1;2,1
[12:07:33 A] 2,1;0,2
[12:07:33 B] 0,2;2,2
[12:07:33 A] 2,2;0,2
[12:07:33 B] 0,2;2,1
[12:07:33 A] 0,2;2,0
[12:07:33 B] 2,0;1,1
[12:07:33 A] 1,1;0,2
[12:07:33 B] 0,2;1,1
[12:07:33 A] 0,2;1,0
[12:07:33 B] 1,0;1,2
[12:07:33 A] 1,2;0,0
[12:07:33 B] 1,2;0,1
[12:07:33 A] 1,0;0,2
[12:07:33 B] 2,0;2,0
[12:07:33 A] 2,0;0,2
[12:07:33 A] 0,0;0,0
[12:07:33 B] 0,0;1,0
[12:07:33 A] 1,0;0,0
[12:07:33 B] 0,0;0,1
[12:07:33 A] 0,1;0,0
[12:07:33 B] 0,0;1,1
[12:07:33 A] 1,1;0,0
[12:07:33 B] 0,0;0,2
[12:07:33 A] 0,2;0,0
[12:07:33 B] 0,0;2,2
[12:07:33 A] 2,2;0,0
[12:07:33 B] 0,0;1,2
[12:07:33 A] 1,2;0,0
[12:07:33 B] 1,2;1,0
[12:07:33 A] 1,0;0,1
[12:07:33 B] 0,1;2,0
[12:07:33 A] 2,0;0,0
[12:07:33 B] 0,1;1,0
[12:07:33 A] 1,0;0,2
[12:07:33 B] 0,2;1,2
[12:07:33 A] 1,2;0,1
[12:07:33 B] 0,1;0,1
[12:07:33 A] 0,1;0,2
[12:07:33 B] 0,2;1,0
[12:07:33 A] 0,2;1,1
[12:07:33 B] 1,1;0,1
[12:07:33 A] 0,1;1,1
[12:07:33 B] 1,1;2,2
[12:07:33 A] 2,2;0,1
[12:07:33 B] 0,1;2,1
[12:07:33 A] 2,1;0,0
[12:07:33 B] 1,1;1,1
[12:07:33 A] 1,1;2,1
[12:07:33 B] 2,1;1,2
[12:07:33 A] 1,2;0,2
[12:07:33 B] 0,2;0,1
[12:07:33 A] 0,1;2,2
[12:07:33 B] 2,2;1,1
[12:07:33 A] 1,1;0,2
[12:07:33 B] 0,2;2,1
[12:07:33 A] 2,1;0,1
[12:07:33 B] 1,1;1,2
[12:07:33 A] 0,2;2,2
[12:07:33 B] 2,2;0,2
[12:07:33 A] 1,1;1,0
[12:07:33 B] 2,2;2,0
[12:07:33 A] 2,0;0,1
[12:07:33 B] 2,1;1,1
[12:07:33 A] 1,1;2,0
[12:07:33 B] 0,0;1,0
[12:07:33 A] 1,0;0,0
[12:07:33 B] 0,0;0,2
[12:07:33 A] 0,2;0,0
[12:07:33 B] 0,0;2,2
[12:07:33 A] 2,2;0,0
[12:07:33 B] 0,0;0,1
[12:07:33 A] 0,1;0,0
[12:07:33 B] 0,0;0,0
[12:07:33 A] 0,1;0,1
[12:07:33 B] 0,1;2,1
[12:07:33 A] 2,1;0,0
[12:07:33 B] 1,2;2,0
[12:07:33 A] 2,0;0,0
[12:07:33 B] 2,1;0,1
[12:07:33 A] 0,1;0,2
[12:07:33 B] 0,2;2,1
[12:07:33 A] 2,1;0,2
[12:07:33 B] 0,2;1,2
[12:07:33 A] 1,2;0,0
[12:07:33 B] 2,1;1,2
[12:07:33 A] 1,2;0,1
[12:07:33 B] 2,1;2,2
[12:07:33 A] 2,2;0,1
[12:07:33 B] 0,2;0,1
[12:07:33 A] 0,2;1,1
[12:07:33 B] 1,1;2,1
[12:07:33 A] 2,1;1,0
[12:07:33 B] 1,0;2,0
[12:07:33 A] 2,0;0,1
[12:07:33 B] 0,2;0,2
[12:07:33 A] 0,2;2,2
[12:07:33 B] 2,2;1,2
[12:07:33 A] 1,2;0,2
[12:07:33 B] 1,0;2,1
[12:07:33 A] 2,1;2,0
[12:07:33 B] 2,0;0,2
[12:07:33 A] 1,0;2,2
[12:07:33 B] 2,2;1,1
[12:07:33 A] 1,1;0,0
[12:07:33 B] 1,0;0,1
[12:07:33 A] 1,0;1,1
[12:07:33 B] 1,1;0,1
[12:07:33 A] 1,1;1,1
[12:07:33 B] 1,1;1,2
[12:07:33 A] 1,1;2,2
[12:07:33 A] 0,0;0,0
[12:07:33 B] 0,0;0,1
[12:07:33 A] 0,1;0,0
[12:07:33 B] 0,0;2,0
[12:07:33 A] 2,0;0,0
[12:07:33 B] 0,0;2,2
[12:07:33 A] 2,2;0,0
[12:07:33 B] 0,0;0,2
[12:07:33 A] 0,2;0,0
[12:07:33 B] 0,0;2,1
[12:07:33 A] 2,1;0,0
[12:07:33 B] 1,2;2,1
[12:07:33 A] 2,1;0,1
[12:07:33 B] 0,1;0,2
[12:07:33 A] 0,2;0,1
[12:07:33 B] 0,1;1,2
[12:07:33 A] 1,2;0,0
[12:07:33 B] 2,2;2,2
[12:07:33 A] 2,2;0,1
[12:07:33 B] 0,1;2,0
[12:07:33 A] 2,0;0,1
[12:07:33 B] 0,1;2,1
[12:07:33 A] 2,1;0,2
[12:07:33 B] 0,2;1,2
[12:07:33 A] 1,2;0,1
[12:07:33 B] 0,1;1,1
[12:07:33 A] 1,1;0,0
[12:07:33 B] 0,2;0,2
[12:07:33 A] 0,2;2,2
[12:07:33 B] 2,2;0,2
[12:07:33 A] 0,2;1,1
[12:07:33 B] 1,1;1,0
[12:07:33 A] 1,0;0,0
[12:07:33 B] 1,1;2,1
[12:07:33 A] 1,2;0,2
[12:07:33 B] 1,0;2,2
[12:07:33 A] 2,2;1,2
[12:07:33 B] 1,0;1,0
[12:07:33 A] 1,0;0,1
[12:07:33 B] 2,0;1,2
[12:07:33 A] 1,0;0,2
[12:07:33 B] 2,0;1,1
[12:07:33 A] 1,1;0,1
[12:07:33 B] 2,2;2,0
[12:07:33 A] 2,0;0,2
[12:07:33 B] 1,1;0,2
[12:07:33 A] 2,2;2,1
[12:07:33 B] 1,1;2,2
[12:07:33 A] 2,2;1,1
[12:07:33 B] 0,0;2,0
[12:07:33 A] 2,0;0,0
[12:07:33 B] 0,0;1,0
[12:07:33 A] 1,0;0,0
[12:07:33 B] 0,0;0,1
[12:07:33 A] 0,1;0,0
[12:07:33 B] 0,0;1,2
[12:07:33 A] 1,2;0,0
[12:07:33 B] 0,0;1,1
[12:07:33 A] 1,1;0,0
[12:07:33 B] 2,0;2,2
[12:07:33 A] 2,2;0,0
[12:07:33 B] 0,2;1,1
[12:07:33 A] 1,1;0,1
[12:07:33 B] 0,1;1,1
[12:07:33 A] 1,1;0,2
[12:07:33 B] 0,2;2,0
[12:07:33 A] 2,0;0,1
[12:07:33 B] 0,1;2,1
[12:07:33 A] 2,1;0,0
[12:07:33 B] 2,1;1,1
[12:07:33 A] 0,1;0,1
[12:07:33 B] 0,1;2,2
[12:07:33 A] 2,2;0,1
[12:07:33 B] 0,1;0,2
[12:07:33 A] 0,2;0,2
[12:07:33 B] 0,2;2,1
[12:07:33 A] 2,1;0,1
[12:07:33 B] 0,1;2,0
[12:07:33 A] 2,0;0,2
[12:07:33 B] 0,2;2,2
[12:07:33 A] 0,0;0,0
[12:07:33 B] 0,0;1,0
[12:07:33 A] 1,0;0,0
[12:07:33 B] 0,0;0,2
[12:07:33 A] 0,2;0,0
[12:07:33 B] 0,0;2,0
[12:07:33 A] 2,0;0,0
[12:07:33 B] 0,0;2,1
[12:07:33 A] 2,1;0,0
[12:07:33 B] 0,0;1,2
[12:07:33 A] 1,2;0,0
[12:07:33 B] 0,0;1,1
[12:07:33 A] 1,1;0,0
[12:07:33 B] 2,2;0,0
[12:07:33 A] 0,1;0,0
[12:07:33 B] 1,0;2,0
[12:07:33 A] 2,0;0,1
[12:07:33 B] 0,1;1,0
[12:07:33 A] 1,0;0,1
[12:07:33 B] 0,1;2,0
[12:07:33 A] 2,0;0,2
[12:07:33 B] 0,2;1,0
[12:07:33 A] 1,0;0,2
[12:07:33 B] 0,2;2,0
[12:07:33 A] 0,1;0,1
[12:07:33 B] 0,1;1,2
[12:07:33 A] 1,2;0,1
[12:07:33 B] 0,1;0,2
[12:07:33 A] 0,2;0,1
[12:07:33 B] 0,1;2,2
[12:07:33 A] 2,2;0,1
[12:07:33 B] 2,2;2,0
[12:07:33 A] 0,2;0,2
[12:07:33 B] 1,2;1,0
[12:07:33 A] 1,2;0,2
[12:07:33 B] 2,2;0,2
[12:07:33 A] 2,2;1,0
[12:07:33 B] 2,2;1,1
[12:07:33 A] 1,1;0,1
[12:07:33 B] 1,1;2,0
[12:07:33 A] 1,1;0,2
