[14:52:47 B] 0,1;0,2
[14:52:47 A] 0,2;2,2
[14:52:47 B] 2,2;0,2
[14:52:47 A] 0,2;0,2
[14:52:47 B] 0,2;1,2
[14:52:47 A] 1,2;2,2
[14:52:47 B] 2,2;2,2
[14:52:47 A] 2,2;2,1
[14:52:47 B] 2,1;1,1
[14:52:47 A] 1,1;1,1
[14:52:47 B] 1,1;0,2
[14:52:47 A] 0,2;2,0
[14:52:47 B] 2,0;2,1
[14:52:47 A] 2,1;0,2
[14:52:47 B] 0,2;2,1
[14:52:47 A] 2,1;2,0
[14:52:47 B] 2,0;0,2
[14:52:47 A] 0,2;1,1
[14:52:47 B] 1,1;0,0
[14:52:47 A] 0,0;0,1
[14:52:47 B] 0,1;2,0
[14:52:47 A] 2,0;0,1
[14:52:47 B] 0,1;1,1
[14:52:47 A] 1,1;2,1
[14:52:47 B] 2,1;0,0
[14:52:47 A] 0,0;2,0
[14:52:47 B] 2,0;1,2
[14:52:47 A] 1,2;0,1
[14:52:47 B] 1,1;0,1
[14:52:47 A] 2,2;0,1
[14:52:47 B] 2,2;1,1
[14:52:47 A] 0,0;2,1
[14:52:47 B] 2,1;2,2
[14:52:47 A] 0,1;0,2
[14:52:47 B] 0,2;1,2
[14:52:47 A] 1,2;0,1
[14:52:47 B] 0,1;1,0
[14:52:47 A] 1,0;1,2
[14:52:47 B] 1,2;1,1
[14:52:47 A] 1,1;0,0
[14:52:47 B] 0,0;0,0
[14:52:47 A] 0,0;2,2
[14:52:47 B] 2,2;0,2
[14:52:47 A] 0,2;2,2
[14:52:47 B] 2,2;0,0
[14:52:47 A] 0,0;1,1
[14:52:47 B] 1,1;1,1
[14:52:47 A] 1,1;1,2
[14:52:47 B] 1,2;1,0
[14:52:47 A] 1,0;2,1
[14:52:47 B] 2,1;0,0
[14:52:47 A] 0,0;1,0
[14:52:47 B] 1,0;1,1
[14:52:47 A] 1,1;0,1
[14:52:47 B] 0,1;1,1
[14:52:47 A] 1,1;0,2
[14:52:47 B] 0,2;0,2
[14:52:47 A] 0,2;0,1
[14:52:47 B] 0,1;1,2
[14:52:47 A] 1,2;0,2
[14:52:47 B] 0,2;2,1
[14:52:47 A] 2,1;0,1
[14:52:47 B] 0,0;1,2
[14:52:47 A] 1,2;0,0
[14:52:47 B] 0,0;0,1
[14:52:47 A] 2,0;2,1
[14:52:47 B] 2,1;1,1
[14:52:47 A] 0,0;2,1
[14:52:47 B] 2,1;2,2
[14:52:47 A] 2,2;0,1
[14:52:47 B] 0,0;2,0
[14:52:47 A] 2,0;0,0
[14:52:47 B] 0,0;0,2
[14:52:47 A] 0,2;1,0
[14:52:47 B] 1,0;2,0
[14:52:47 A] 2,0;2,2
[14:52:47 B] 2,2;1,1
[14:52:47 A] 2,0;1,1
[14:52:47 B] 1,0;0,2
[14:52:47 A] 0,2;1,1
[14:52:47 B] 0,2;0,0
[14:52:47 A] 0,2;2,0
[14:52:47 B] 2,2;2,2
[14:52:47 B] 1,2;0,0
[14:52:47 A] 0,0;2,2
[14:52:47 B] 2,2;0,0
[14:52:47 A] 0,0;0,2
[14:52:47 B] 0,2;0,2
[14:52:47 A] 0,2;0,0
[14:52:47 B] 0,0;1,2
[14:52:47 A] 1,2;2,0
[14:52:47 B] 2,0;0,2
[14:52:47 A] 0,2;0,1
[14:52:47 B] 0,1;0,1
[14:52:47 A] 0,1;1,1
[14:52:47 B] 1,1;1,0
[14:52:47 A] 1,0;2,0
[14:52:47 B] 2,0;0,0
[14:52:47 A] 0,0;0,1
[14:52:47 B] 0,1;0,2
[14:52:48 A] 0,2;2,1
[14:52:48 B] 2,1;1,0
[14:52:48 A] 1,0;1,0
[14:52:48 B] 1,0;0,0
[14:52:48 A] 0,0;0,0
[14:52:48 B] 0,2;1,1
[14:52:48 A] 1,1;0,0
[14:52:48 B] 0,1;0,0
[14:52:48 A] 1,1;2,0
[14:52:48 B] 2,0;0,1
[14:52:48 A] 2,1;2,0
[14:52:48 B] 0,2;2,0
[14:52:48 A] 1,2;1,0
[14:52:48 B] 1,0;0,2
[14:52:48 A] 1,1;2,2
[14:52:48 B] 2,2;1,0
[14:52:48 A] 1,0;0,1
[14:52:48 B] 1,1;2,1
[14:52:48 A] 2,1;0,1
[14:52:48 B] 1,1;1,1
[14:52:48 A] 1,1;1,2
[14:52:48 B] 1,2;0,1
[14:52:48 A] 1,1;0,2
[14:52:48 B] 1,2;0,2
[14:52:48 A] 2,2;2,0
[14:52:48 B] 2,1;0,2
[14:52:48 A] 2,2;0,2
[14:52:48 B] 2,2;1,1
[14:52:48 A] 1,0;2,1
[14:52:48 B] 2,1;1,1
[14:52:48 A] 1,0;1,1
[14:52:48 B] 2,1;1,2
[14:52:48 A] 2,2;0,1
[14:52:48 B] 2,2;1,2
[14:52:48 A] 0,1;2,0
[14:52:48 B] 2,0;0,1
[14:52:48 A] 0,1;0,1
[14:52:48 B] 0,1;1,2
[14:52:48 A] 1,2;2,1
[14:52:48 B] 2,1;1,0
[14:52:48 A] 1,0;1,2
[14:52:48 B] 1,2;0,0
[14:52:48 A] 0,0;2,1
[14:52:48 B] 2,1;0,0
[14:52:48 A] 0,0;1,2
[14:52:48 B] 1,2;1,0
[14:52:48 A] 1,0;0,0
[14:52:48 B] 0,0;0,0
[14:52:48 A] 0,0;1,0
[14:52:48 B] 1,0;1,0
[14:52:48 A] 1,0;2,1
[14:52:48 B] 2,1;2,0
[14:52:48 A] 2,0;1,2
[14:52:48 B] 1,2;2,0
[14:52:48 A] 2,0;1,0
[14:52:48 B] 1,0;2,0
[14:52:48 A] 2,0;1,1
[14:52:48 B] 1,1;0,0
[14:52:48 A] 0,0;1,1
[14:52:48 B] 1,1;2,0
[14:52:48 A] 1,1;2,2
[14:52:48 B] 2,2;0,0
[14:52:48 A] 2,2;1,0
[14:52:48 B] 1,0;0,1
[14:52:48 A] 0,1;2,1
[14:52:48 B] 0,1;2,2
[14:52:48 A] 2,2;0,1
[14:52:48 B] 0,1;1,1
[14:52:48 A] 1,1;0,2
[14:52:48 B] 0,2;1,0
[14:52:48 A] 1,0;1,1
[14:52:48 B] 1,1;1,2
[14:52:48 A] 1,0;2,2
[14:52:48 B] 1,2;0,0
[14:52:48 A] 0,0;1,1
[14:52:48 B] 1,1;0,0
[14:52:48 A] 0,0;1,2
[14:52:48 B] 1,2;0,1
[14:52:48 A] 0,1;0,1
[14:52:48 B] 0,1;1,0
[14:52:48 A] 1,0;1,1
[14:52:48 B] 1,1;0,2
[14:52:48 A] 0,2;0,0
[14:52:48 B] 0,0;1,0
[14:52:48 A] 1,0;1,0
[14:52:48 B] 1,0;1,2
[14:52:48 A] 1,2;2,0
[14:52:48 B] 2,0;0,0
[14:52:48 A] 0,0;2,1
[14:52:48 B] 2,1;0,1
[14:52:48 A] 0,1;2,1
[14:52:48 B] 2,1;0,0
[14:52:48 A] 0,0;0,1
[14:52:48 B] 0,1;1,1
[14:52:48 A] 1,1;1,0
[14:52:48 B] 1,0;0,2
[14:52:48 A] 0,2;2,0
[14:52:48 B] 2,0;0,2
[14:52:48 A] 0,2;1,0
[14:52:48 B] 1,0;2,2
[14:52:48 A] 2,2;1,0
[14:52:48 B] 0,1;1,2
[14:52:48 A] 1,2;1,2
[14:52:48 B] 1,2;0,2
[14:52:48 A] 2,2;0,0
[14:52:48 B] 2,2;2,0
[14:52:48 A] 2,0;1,2
[14:52:49 B] 1,1;0,1
[14:52:49 A] 0,0;0,1
[14:52:49 B] 0,1;0,0
[14:52:49 A] 0,0;0,2
[14:52:49 B] 0,2;0,0
[14:52:49 A] 0,0;0,0
[14:52:49 B] 2,0;1,2
[14:52:49 A] 1,2;2,1
[14:52:49 B] 2,1;0,2
[14:52:49 A] 0,2;0,1
[14:52:49 B] 0,1;1,2
[14:52:49 A] 1,2;0,1
[14:52:49 B] 0,1;0,2
[14:52:49 A] 0,2;2,0
[14:52:49 B] 2,0;0,1
[14:52:49 A] 0,1;0,1
[14:52:49 B] 0,1;2,2
[14:52:49 A] 2,2;2,1
[14:52:49 B] 2,1;2,2
[14:52:49 A] 2,2;1,2
[14:52:49 B] 1,2;1,1
[14:52:49 A] 1,1;1,0
[14:52:49 B] 1,0;0,1
[14:52:49 A] 1,0;1,2
[14:52:49 B] 1,2;0,0
[14:52:49 A] 1,0;2,0
[14:52:49 B] 2,0;0,2
[14:52:49 A] 0,2;1,0
[14:52:49 B] 1,0;2,2
[14:52:49 A] 2,2;0,0
[14:52:49 B] 1,2;2,2
[14:52:49 A] 2,2;1,0
[14:52:49 B] 1,0;1,1
[14:52:49 A] 1,1;0,2
[14:52:49 B] 0,2;1,2
[14:52:49 A] 2,2;1,1
[14:52:49 B] 1,1;1,2
[14:52:49 A] 1,0;2,1
[14:52:49 B] 2,1;1,2
[14:52:49 A] 2,0;1,0
[14:52:49 B] 1,0;0,0
[14:52:49 A] 0,2;2,1
[14:52:49 B] 0,2;2,2
[14:52:49 A] 0,2;1,1
[14:52:49 B] 1,1;2,0
[14:52:49 A] 2,0;1,1
[14:52:49 B] 1,1;0,1
[14:52:49 A] 1,1;0,0
[14:52:49 B] 2,0;0,0
[14:52:49 A] 1,1;2,2
[14:52:49 B] 1,1;1,1
[14:52:49 A] 1,1;2,1
[14:52:49 B] 1,2;0,1
[14:52:49 A] 0,1;2,1
[14:52:49 B] 2,1;2,1
[14:52:49 A] 2,1;1,1
[14:52:49 B] 1,1;1,1
[14:52:49 A] 1,1;2,2
[14:52:49 B] 2,2;0,2
[14:52:49 A] 0,2;2,0
[14:52:49 B] 2,0;2,1
[14:52:49 A] 2,1;0,0
[14:52:49 B] 0,0;1,0
[14:52:49 A] 1,0;0,0
[14:52:49 B] 0,0;0,0
[14:52:49 A] 0,0;2,0
[14:52:49 B] 2,0;0,1
[14:52:49 A] 0,1;1,0
[14:52:49 B] 1,0;2,0
[14:52:49 A] 2,0;0,0
[14:52:49 B] 0,0;0,1
[14:52:49 A] 0,1;2,0
[14:52:49 B] 2,0;1,1
[14:52:49 A] 1,1;0,2
[14:52:49 B] 0,2;0,1
[14:52:49 A] 0,1;0,0
[14:52:49 B] 0,0;0,2
[14:52:49 A] 0,2;1,0
[14:52:49 B] 1,0;1,1
[14:52:49 A] 1,1;1,2
[14:52:49 B] 1,2;0,0
[14:52:49 A] 0,2;0,0
[14:52:49 B] 2,1;2,2
[14:52:49 A] 2,2;1,0
[14:52:49 B] 1,0;0,2
[14:52:49 A] 2,1;2,1
[14:52:49 B] 2,1;0,2
[14:52:49 A] 0,2;0,1
[14:52:49 B] 0,1;0,1
[14:52:49 A] 0,1;2,0
[14:52:49 B] 2,0;1,0
[14:52:49 A] 1,0;0,2
[14:52:49 B] 0,2;1,0
[14:52:49 A] 1,0;1,2
[14:52:49 B] 1,2;1,0
[14:52:49 A] 1,0;2,2
[14:52:49 B] 2,2;0,1
[14:52:49 A] 0,1;2,2
[14:52:49 B] 2,2;0,2
[14:52:49 A] 0,2;0,2
[14:52:49 B] 0,2;0,0
[14:52:49 A] 0,0;2,0
[14:52:49 B] 2,0;0,0
[14:52:49 A] 0,0;0,0
[14:52:49 B] 0,0;1,0
[14:52:49 A] 0,1;2,1
[14:52:49 B] 2,1;0,1
[14:52:49 A] 1,2;2,1
[14:52:50 B] 2,1;0,0
[14:52:50 A] 0,0;1,1
[14:52:50 B] 1,1;2,2
[14:52:50 A] 2,2;1,0
[14:52:50 B] 0,0;2,2
[14:52:50 A] 2,2;2,2
[14:52:50 B] 2,2;0,0
[14:52:50 A] 0,0;0,2
[14:52:50 B] 0,2;2,0
[14:52:50 A] 2,0;2,0
[14:52:50 B] 2,0;0,2
[14:52:50 A] 1,1;0,2
[14:52:50 B] 2,0;0,1
[14:52:50 B] 0,0;0,2
[14:52:50 A] 0,2;2,1
[14:52:50 B] 2,1;0,0
[14:52:50 A] 0,0;2,1
[14:52:50 B] 2,1;0,2
[14:52:50 A] 0,2;2,2
[14:52:50 B] 2,2;0,1
[14:52:50 A] 0,1;2,2
[14:52:50 B] 2,2;1,1
[14:52:50 A] 1,1;1,2
[14:52:50 B] 1,2;1,1
[14:52:50 A] 1,1;1,0
[14:52:50 B] 1,0;1,1
[14:52:50 A] 1,1;1,1
[14:52:50 B] 0,2;2,0
[14:52:50 A] 2,0;0,1
[14:52:50 B] 0,1;1,1
[14:52:50 A] 2,0;2,0
[14:52:50 B] 2,0;1,0
[14:52:50 A] 1,0;1,0
[14:52:50 B] 1,0;1,2
[14:52:50 A] 1,2;2,1
[14:52:50 B] 2,1;0,1
[14:52:50 A] 0,1;0,0
[14:52:50 B] 0,0;0,1
[14:52:50 A] 0,1;1,0
[14:52:50 B] 1,0;0,0
[14:52:50 A] 0,0;1,2
[14:52:50 B] 1,2;0,1
[14:52:50 A] 0,1;2,0
[14:52:50 B] 2,0;0,0
[14:52:50 A] 0,0;1,1
[14:52:50 B] 0,0;1,0
[14:52:50 A] 1,0;2,1
[14:52:50 B] 0,0;0,0
[14:52:50 A] 1,2;0,2
[14:52:50 B] 0,2;0,1
[14:52:50 A] 1,2;1,2
[14:52:50 B] 1,2;2,2
[14:52:50 A] 2,2;0,0
[14:52:50 B] 1,0;2,2
[14:52:50 A] 2,2;0,2
[14:52:50 B] 0,2;0,2
[14:52:50 A] 0,2;0,0
[14:52:50 B] 0,2;1,1
[14:52:50 A] 2,2;1,2
[14:52:50 B] 1,2;0,0
[14:52:50 A] 2,2;2,2
[14:52:50 B] 2,0;1,1
[14:52:50 A] 2,0;0,2
[14:52:50 B] 2,0;1,2
[14:52:50 A] 2,2;0,0
[14:52:50 B] 0,0;1,1
[14:52:50 A] 1,1;2,0
[14:52:50 B] 2,0;1,0
[14:52:50 A] 1,0;0,0
[14:52:50 B] 0,0;2,0
[14:52:50 A] 2,0;2,2
[14:52:50 B] 2,2;0,1
[14:52:50 A] 0,1;0,1
[14:52:50 B] 0,1;2,1
[14:52:50 A] 2,1;1,1
[14:52:50 B] 1,1;1,2
[14:52:50 A] 1,2;0,0
[14:52:50 B] 0,0;0,2
[14:52:50 A] 0,2;2,1
[14:52:50 B] 2,1;0,1
[14:52:50 A] 0,1;2,2
[14:52:50 B] 2,2;1,0
[14:52:50 A] 1,0;0,2
[14:52:50 B] 0,2;0,1
[14:52:50 A] 0,1;0,0
[14:52:50 B] 0,1;0,2
[14:52:50 A] 0,2;1,2
[14:52:50 B] 1,2;2,1
[14:52:50 A] 2,1;0,2
[14:52:50 B] 0,2;0,0
[14:52:50 A] 0,1;1,1
[14:52:50 B] 1,1;0,1
[14:52:50 A] 1,0;0,1
[14:52:50 B] 2,1;2,0
[14:52:50 A] 2,0;0,1
[14:52:50 B] 0,2;0,2
[14:52:50 A] 2,2;0,2
[14:52:50 B] 2,1;0,0
[14:52:50 A] 1,2;0,1
[14:52:50 B] 1,2;0,2
[14:52:50 A] 2,1;1,2
[14:52:50 B] 1,2;1,0
[14:52:50 A] 2,1;1,0
[14:52:50 B] 2,2;2,2
[14:52:50 A] 2,2;2,1
[14:52:50 B] 1,1;2,1
[14:52:50 A] 2,0;2,0
[14:52:50 B] 2,0;2,1
[14:52:50 A] 2,2;2,0
[14:52:51 B] 2,0;0,2
[14:52:51 A] 2,2;1,1
[14:52:51 B] 1,1;1,1
[14:52:51 A] 1,2;2,2
[14:52:51 B] 1,2;1,1
[14:52:51 A] 1,2;1,2
[14:52:51 B] 1,2;2,0
[14:52:51 A] 2,0;1,2
[14:52:51 B] 2,0;1,1
[14:52:51 A] 2,0;0,0
[14:52:51 B] 2,2;0,1
[14:52:51 A] 0,1;1,1
[14:52:51 B] 1,1;0,1
[14:52:51 A] 0,1;0,0
[14:52:51 B] 0,0;1,0
[14:52:51 A] 1,0;1,2
[14:52:51 B] 1,2;2,0
[14:52:51 A] 2,0;0,0
[14:52:51 B] 0,0;0,0
[14:52:51 A] 0,0;2,2
[14:52:51 B] 2,2;0,0
[14:52:51 A] 0,0;0,2
[14:52:51 B] 0,2;1,0
[14:52:51 A] 1,0;0,2
[14:52:51 B] 0,2;2,0
[14:52:51 A] 2,0;2,1
[14:52:51 B] 2,1;1,1
[14:52:51 A] 1,1;0,2
[14:52:51 B] 0,2;0,0
[14:52:51 A] 0,0;1,2
[14:52:51 B] 1,2;0,0
[14:52:51 A] 0,1;2,2
[14:52:51 B] 2,2;0,2
[14:52:51 A] 1,0;2,2
[14:52:51 B] 1,2;1,0
[14:52:51 A] 0,2;0,1
[14:52:51 B] 0,1;1,0
[14:52:51 A] 1,0;1,0
[14:52:51 B] 1,0;2,2
[14:52:51 A] 2,2;1,0
[14:52:51 B] 1,0;0,2
[14:52:51 A] 0,2;1,1
[14:52:51 B] 1,1;0,0
[14:52:51 A] 0,0;0,1
[14:52:51 B] 0,1;0,2
[14:52:51 A] 0,2;2,1
[14:52:51 B] 2,1;0,0
[14:52:51 A] 0,0;0,2
[14:52:51 B] 0,0;0,0
[14:52:51 A] 0,0;1,0
[14:52:51 B] 1,0;1,2
[14:52:51 A] 1,2;2,1
[14:52:51 B] 2,1;0,2
[14:52:51 A] 2,2;1,1
[14:52:51 B] 1,1;0,2
[14:52:51 A] 2,2;1,2
[14:52:51 B] 1,2;2,0
[14:52:51 A] 2,0;2,2
[14:52:51 B] 1,1;0,1
[14:52:51 A] 0,1;0,0
[14:52:51 B] 0,0;1,1
[14:52:51 A] 0,1;1,1
[14:52:51 B] 0,1;2,2
[14:52:51 A] 1,2;1,2
[14:52:51 B] 1,2;2,2
[14:52:51 A] 2,0;2,0
[14:52:51 B] 2,0;2,1
[14:52:51 A] 2,1;2,2
[14:52:51 B] 0,0;2,2
[14:52:51 A] 1,2;1,0
[14:52:51 B] 1,2;1,1
[14:52:51 A] 2,0;0,1
[14:52:51 B] 0,1;1,2
[14:52:51 A] 1,2;0,2
[14:52:51 B] 1,2;0,0
[14:52:51 B] 1,2;2,2
[14:52:51 A] 2,2;0,1
[14:52:51 B] 0,1;1,1
[14:52:51 A] 1,1;1,0
[14:52:51 B] 1,0;1,2
[14:52:51 A] 1,2;1,2
[14:52:51 B] 1,2;1,0
[14:52:51 A] 1,0;0,2
[14:52:51 B] 0,2;0,2
[14:52:51 A] 0,2;2,1
[14:52:51 B] 2,1;0,2
[14:52:51 A] 0,2;0,1
[14:52:51 B] 0,1;0,0
[14:52:51 A] 0,0;2,0
[14:52:51 B] 2,0;0,1
[14:52:51 A] 0,1;1,2
[14:52:51 B] 1,2;0,0
[14:52:51 A] 0,0;0,0
[14:52:51 B] 0,0;1,0
[14:52:51 A] 1,0;2,1
[14:52:51 B] 2,1;1,0
[14:52:51 A] 1,0;1,1
[14:52:51 B] 1,1;0,0
[14:52:51 A] 0,0;0,2
[14:52:51 B] 0,2;1,1
[14:52:51 A] 1,1;2,1
[14:52:51 B] 2,1;1,2
[14:52:51 A] 1,2;2,1
[14:52:51 B] 2,1;1,1
[14:52:51 A] 1,1;0,1
[14:52:51 B] 0,1;2,2
[14:52:51 A] 2,2;1,1
[14:52:51 B] 1,1;1,1
[14:52:51 A] 1,1;2,2
[14:52:52 B] 2,2;2,1
[14:52:52 A] 0,0;0,1
[14:52:52 B] 1,0;0,1
[14:52:52 A] 1,0;2,0
[14:52:52 B] 2,0;0,2
[14:52:52 A] 0,2;2,2
[14:52:52 B] 2,2;2,2
[14:52:52 A] 2,2;1,0
[14:52:52 B] 0,2;2,0
[14:52:52 A] 2,0;0,0
[14:52:52 B] 1,1;2,0
[14:52:52 A] 2,0;1,1
[14:52:52 B] 1,1;0,2
[14:52:52 A] 0,2;2,0
[14:52:52 B] 2,0;1,0
[14:52:52 A] 1,0;2,1
[14:52:52 B] 2,1;2,0
[14:52:52 A] 2,0;1,2
[14:52:52 B] 1,2;0,0
[14:52:52 A] 0,0;2,1
[14:52:52 B] 2,1;0,1
[14:52:52 A] 0,1;0,2
[14:52:52 B] 0,2;2,2
[14:52:52 A] 2,2;2,1
[14:52:52 B] 2,1;2,2
[14:52:52 A] 2,2;0,0
[14:52:52 B] 0,0;1,2
[14:52:52 A] 1,2;0,2
[14:52:52 B] 0,2;0,0
[14:52:52 A] 0,0;0,2
[14:52:52 B] 0,2;1,1
[14:52:52 A] 1,1;0,2
[14:52:52 B] 2,1;2,1
[14:52:52 A] 0,0;2,2
[14:52:52 B] 2,2;0,1
[14:52:52 A] 0,1;2,2
[14:52:52 B] 2,2;0,2
[14:52:52 A] 0,0;2,0
[14:52:52 B] 2,0;0,0
[14:52:52 A] 0,1;1,2
[14:52:52 B] 1,2;2,0
[14:52:52 A] 2,0;2,1
[14:52:52 B] 1,2;1,0
[14:52:52 A] 1,0;2,0
[14:52:52 B] 2,0;2,0
[14:52:52 A] 1,0;2,2
[14:52:52 B] 2,2;2,0
[14:52:52 A] 1,1;1,0
[14:52:52 B] 2,2;1,1
[14:52:52 B] 1,2;1,2
[14:52:52 A] 1,2;0,0
[14:52:52 B] 0,0;0,1
[14:52:52 A] 0,1;2,2
[14:52:52 B] 2,2;2,0
[14:52:52 A] 2,0;2,1
[14:52:52 B] 2,1;2,1
[14:52:52 A] 2,1;0,1
[14:52:52 B] 0,1;0,1
[14:52:52 A] 0,1;2,0
[14:52:52 B] 2,0;0,0
[14:52:52 A] 0,0;0,2
[14:52:52 B] 0,2;0,1
[14:52:52 A] 0,1;2,1
[14:52:52 B] 2,1;1,0
[14:52:52 A] 1,0;0,1
[14:52:52 B] 1,2;0,1
[14:52:52 A] 1,1;1,0
[14:52:52 B] 1,0;1,1
[14:52:52 A] 1,1;1,1
[14:52:52 B] 1,1;1,2
[14:52:52 A] 1,2;1,1
[14:52:52 B] 1,1;0,0
[14:52:52 A] 0,0;2,2
[14:52:52 B] 2,2;0,0
[14:52:52 A] 0,0;1,2
[14:52:52 B] 1,2;2,2
[14:52:52 A] 2,2;2,2
[14:52:52 B] 2,2;1,0
[14:52:52 A] 1,0;2,0
[14:52:52 B] 2,0;0,2
[14:52:52 A] 0,2;1,2
[14:52:52 B] 1,2;0,2
[14:52:52 A] 0,2;1,0
[14:52:52 B] 1,0;2,2
[14:52:52 A] 0,2;1,1
[14:52:52 A] 2,2;1,0
[14:52:52 B] 1,0;1,2
[14:52:52 A] 1,2;2,2
[14:52:52 B] 2,2;1,1
[14:52:52 A] 1,1;1,2
[14:52:52 B] 1,2;0,1
[14:52:52 A] 0,1;1,0
[14:52:52 B] 1,0;1,1
[14:52:52 A] 1,1;0,1
[14:52:52 B] 0,1;2,1
[14:52:52 A] 2,1;1,2
[14:52:52 B] 1,2;0,2
[14:52:52 A] 0,2;2,0
[14:52:52 B] 2,0;0,0
[14:52:52 A] 0,0;1,1
[14:52:52 B] 1,1;1,0
[14:52:52 A] 1,0;0,1
[14:52:52 B] 0,1;1,1
[14:52:52 A] 1,1;2,0
[14:52:52 B] 2,0;1,0
[14:52:52 A] 1,0;2,0
[14:52:52 B] 2,0;2,0
[14:52:52 A] 1,1;1,1
[14:52:52 B] 1,1;2,1
[14:52:53 A] 2,1;0,2
[14:52:53 B] 0,2;0,0
[14:52:53 A] 0,0;1,0
[14:52:53 B] 1,0;1,0
[14:52:53 A] 0,0;1,2
[14:52:53 B] 1,2;0,0
[14:52:53 A] 1,1;0,2
[14:52:53 B] 0,2;0,2
[14:52:53 A] 0,2;1,1
[14:52:53 B] 2,1;2,2
[14:52:53 A] 2,2;2,2
[14:52:53 B] 2,2;1,2
[14:52:53 A] 2,2;2,0
[14:52:53 B] 2,2;2,1
[14:52:53 A] 2,1;2,0
[14:52:53 B] 2,1;1,1
[14:52:53 A] 2,2;0,0
[14:52:53 B] 2,2;1,0
[14:52:53 A] 1,0;2,2
[14:52:53 B] 2,2;0,0
[14:52:53 A] 0,0;0,1
[14:52:53 B] 0,1;0,0
[14:52:53 A] 0,0;0,0
[14:52:53 B] 0,0;0,2
[14:52:53 A] 0,2;1,1
[14:52:53 B] 1,1;0,0
[14:52:53 A] 0,0;2,0
[14:52:53 B] 2,0;0,1
[14:52:53 A] 0,1;1,2
[14:52:53 B] 1,2;1,0
[14:52:53 A] 1,0;0,0
[14:52:53 B] 0,0;1,0
[14:52:53 A] 1,0;1,1
[14:52:53 B] 1,1;0,2
[14:52:53 A] 0,2;0,2
[14:52:53 B] 0,2;2,0
[14:52:53 A] 2,0;0,0
[14:52:53 B] 0,0;2,1
[14:52:53 A] 2,1;1,0
[14:52:53 B] 1,1;0,1
[14:52:53 A] 0,1;1,0
[14:52:53 B] 0,1;1,1
[14:52:53 A] 2,2;2,2
[14:52:53 B] 2,2;2,0
[14:52:53 A] 2,0;1,2
[14:52:53 B] 1,2;0,1
[14:52:53 A] 0,1;2,2
[14:52:53 B] 0,1;0,2
[14:52:53 A] 0,2;1,0
[14:52:53 B] 0,2;1,2
[14:52:53 A] 1,2;0,0
[14:52:53 B] 0,0;1,1
[14:52:53 A] 2,1;1,2
[14:52:53 B] 1,2;2,1
[14:52:53 A] 2,1;1,1
[14:52:53 B] 0,0;1,2
[14:52:53 A] 1,0;1,1
[14:52:53 B] 1,1;1,2
[14:52:53 A] 1,2;0,2
[14:52:53 B] 0,2;0,0
[14:52:53 A] 0,0;0,2
[14:52:53 B] 0,2;2,2
[14:52:53 A] 2,2;0,0
[14:52:53 B] 0,0;0,0
[14:52:53 A] 0,0;2,1
[14:52:53 B] 2,1;0,0
[14:52:53 A] 0,0;1,0
[14:52:53 B] 1,0;1,0
[14:52:53 A] 1,0;2,1
[14:52:53 B] 2,1;0,1
[14:52:53 A] 0,1;1,1
[14:52:53 B] 1,1;2,1
[14:52:53 A] 2,1;1,0
[14:52:53 B] 1,0;0,1
[14:52:53 A] 0,1;0,1
[14:52:53 B] 0,1;2,1
[14:52:53 A] 2,1;2,2
[14:52:53 B] 2,2;1,0
[14:52:53 A] 1,0;1,2
[14:52:53 B] 1,2;0,1
[14:52:53 A] 0,1;2,0
[14:52:53 B] 2,0;0,0
[14:52:53 A] 0,0;2,2
[14:52:53 B] 2,2;1,2
[14:52:53 A] 1,2;2,0
[14:52:53 B] 2,0;2,1
[14:52:53 A] 2,1;2,1
[14:52:53 B] 2,1;2,0
[14:52:53 A] 2,0;2,0
[14:52:53 B] 2,0;0,1
[14:52:53 A] 0,1;0,2
[14:52:53 B] 0,2;1,1
[14:52:53 A] 1,1;1,1
[14:52:53 B] 1,1;1,0
[14:52:53 A] 1,0;0,2
[14:52:53 B] 0,0;2,0
[14:52:53 A] 2,0;0,2
[14:52:53 B] 0,0;1,2
[14:52:53 A] 1,2;1,1
[14:52:53 B] 1,1;0,2
[14:52:53 A] 1,0;2,0
[14:52:53 B] 2,0;1,1
[14:52:53 A] 1,1;0,0
[14:52:53 B] 0,0;0,1
[14:52:53 A] 0,0;1,1
[14:52:53 B] 1,1;2,2
[14:52:53 B] 2,1;2,2
[14:52:53 A] 2,2;2,2
[14:52:54 B] 2,2;0,0
[14:52:54 A] 0,0;2,1
[14:52:54 B] 2,1;0,0
[14:52:54 A] 0,0;1,0
[14:52:54 B] 1,0;1,1
[14:52:54 A] 1,1;0,2
[14:52:54 B] 0,2;0,1
[14:52:54 A] 0,1;2,1
[14:52:54 B] 2,1;1,1
[14:52:54 A] 1,1;2,2
[14:52:54 B] 2,2;1,0
[14:52:54 A] 1,0;2,1
[14:52:54 B] 1,1;1,2
[14:52:54 A] 1,2;1,1
[14:52:54 B] 1,1;2,1
[14:52:54 A] 2,2;2,0
[14:52:54 B] 2,0;0,0
[14:52:54 A] 0,0;2,0
[14:52:54 B] 2,0;2,2
[14:52:54 A] 2,2;2,1
[14:52:54 B] 0,0;2,2
[14:52:54 A] 0,0;0,0
[14:52:54 B] 2,0;1,1
[14:52:54 A] 1,1;0,0
[14:52:54 B] 1,1;0,1
[14:52:54 A] 0,1;1,1
[14:52:54 B] 1,1;1,1
[14:52:54 A] 0,1;0,1
[14:52:54 B] 0,2;0,0
[14:52:54 A] 1,0;1,0
[14:52:54 B] 1,0;2,0
[14:52:54 A] 1,0;1,2
[14:52:54 B] 1,2;0,0
[14:52:54 A] 1,2;2,0
[14:52:54 B] 1,2;0,2
[14:52:54 A] 0,2;2,2
[14:52:54 B] 0,2;0,2
[14:52:54 A] 0,0;2,1
[14:52:54 B] 2,1;0,0
[14:52:54 A] 0,0;1,2
[14:52:54 B] 1,2;0,0
[14:52:54 A] 0,0;2,0
[14:52:54 B] 2,0;2,2
[14:52:54 A] 2,2;2,1
[14:52:54 B] 2,1;1,1
[14:52:54 A] 1,1;0,1
[14:52:54 B] 0,1;0,1
[14:52:54 A] 0,1;1,0
[14:52:54 B] 1,0;2,1
[14:52:54 A] 2,1;2,1
[14:52:54 B] 2,1;2,2
[14:52:54 A] 2,2;2,2
[14:52:54 B] 2,2;2,0
[14:52:54 A] 2,0;0,2
[14:52:54 B] 0,2;1,2
[14:52:54 A] 1,2;1,0
[14:52:54 B] 1,0;0,1
[14:52:54 A] 0,1;0,0
[14:52:54 B] 0,0;2,2
[14:52:54 A] 2,2;0,2
[14:52:54 B] 0,2;0,0
[14:52:54 A] 0,0;1,0
[14:52:54 B] 1,0;1,1
[14:52:54 A] 1,1;0,0
[14:52:54 B] 0,0;1,1
[14:52:54 A] 1,1;0,2
[14:52:54 B] 0,2;2,0
[14:52:54 A] 2,0;2,0
[14:52:54 B] 2,0;1,1
[14:52:54 A] 0,0;0,0
[14:52:54 B] 0,1;2,0
[14:52:54 A] 2,0;1,0
[14:52:54 B] 2,0;0,0
[14:52:54 A] 2,2;1,2
[14:52:54 B] 0,0;2,1
[14:52:54 A] 2,1;0,2
[14:52:54 B] 0,2;0,1
[14:52:54 A] 0,1;2,0
[14:52:54 B] 2,0;1,1
[14:52:54 A] 1,1;0,0
[14:52:54 B] 0,0;2,0
[14:52:54 A] 2,0;1,2
[14:52:54 B] 1,2;0,2
[14:52:54 A] 0,2;1,0
[14:52:54 B] 1,0;0,0
[14:52:54 A] 0,0;1,0
[14:52:54 B] 1,0;0,1
[14:52:54 A] 0,1;1,0
[14:52:54 B] 1,0;0,2
[14:52:54 A] 0,2;2,2
[14:52:54 B] 2,2;0,0
[14:52:54 A] 0,0;2,2
[14:52:54 B] 2,2;0,2
[14:52:54 A] 0,2;2,0
[14:52:54 B] 2,0;2,2
[14:52:54 A] 2,2;2,2
[14:52:54 B] 2,2;0,1
[14:52:54 A] 0,1;0,0
[14:52:54 B] 0,0;0,2
[14:52:54 A] 0,2;0,0
[14:52:54 B] 0,0;1,1
[14:52:54 A] 1,1;1,2
[14:52:54 B] 1,2;0,1
[14:52:54 A] 2,1;0,0
[14:52:54 B] 2,1;0,1
[14:52:54 A] 1,1;2,2
[14:52:54 B] 1,1;0,2
[14:52:54 A] 1,1;1,1
[14:52:54 B] 1,2;0,0
[14:52:54 A] 2,0;2,1
[14:52:54 B] 2,1;1,1
[14:52:55 A] 2,0;2,0
[14:52:55 B] 2,0;0,0
[14:52:55 A] 1,2;1,2
[14:52:55 B] 1,2;2,0
[14:52:55 A] 2,0;2,0
[14:52:55 B] 2,0;0,1
[14:52:55 A] 0,1;0,1
[14:52:55 B] 0,1;0,0
[14:52:55 A] 0,0;1,1
[14:52:55 B] 1,1;1,0
[14:52:55 A] 1,0;0,0
[14:52:55 B] 0,0;0,1
[14:52:55 A] 0,1;1,0
[14:52:55 B] 1,0;0,1
[14:52:55 A] 0,1;2,0
[14:52:55 B] 2,0;0,2
[14:52:55 A] 0,2;0,0
[14:52:55 B] 0,0;0,0
[14:52:55 A] 0,0;0,2
[14:52:55 B] 0,2;1,2
[14:52:55 A] 1,2;0,1
[14:52:55 B] 0,1;1,2
[14:52:55 A] 1,2;0,0
[14:52:55 B] 0,0;2,0
[14:52:55 A] 2,0;1,0
[14:52:55 B] 1,0;0,2
[14:52:55 A] 0,2;1,1
[14:52:55 B] 1,1;0,0
[14:52:55 A] 0,0;1,2
[14:52:55 B] 1,2;0,2
[14:52:55 A] 0,2;2,2
[14:52:55 B] 2,2;2,1
[14:52:55 A] 2,1;2,0
[14:52:55 B] 2,0;0,0
[14:52:55 A] 0,0;1,0
[14:52:55 B] 1,0;1,1
[14:52:55 A] 1,1;2,2
[14:52:55 B] 2,2;0,1
[14:52:55 A] 0,1;2,1
[14:52:55 B] 2,1;0,2
[14:52:55 A] 0,1;1,1
[14:52:55 B] 2,0;2,1
[14:52:55 A] 2,1;0,0
[14:52:55 B] 0,0;1,0
[14:52:55 A] 1,0;0,1
[14:52:55 B] 0,1;0,0
[14:52:55 A] 0,0;2,2
[14:52:55 B] 2,2;0,0
[14:52:55 A] 0,0;0,2
[14:52:55 B] 0,2;0,1
[14:52:55 A] 0,1;0,1
[14:52:55 B] 0,1;1,0
[14:52:55 A] 1,0;2,1
[14:52:55 B] 2,1;0,1
[14:52:55 A] 0,1;1,1
[14:52:55 B] 1,1;0,2
[14:52:55 A] 0,2;1,0
[14:52:55 B] 1,0;1,1
[14:52:55 A] 1,1;0,0
[14:52:55 B] 0,0;1,2
[14:52:55 A] 1,2;0,0
[14:52:55 B] 0,0;1,1
[14:52:55 A] 1,1;2,0
[14:52:55 B] 2,0;1,0
[14:52:55 A] 1,0;0,2
[14:52:55 B] 0,2;0,2
[14:52:55 A] 0,2;0,0
[14:52:55 B] 0,1;2,1
[14:52:55 A] 2,1;1,1
[14:52:55 B] 1,1;1,0
[14:52:55 A] 1,0;0,0
[14:52:55 B] 0,2;2,0
[14:52:55 A] 2,0;1,2
[14:52:55 B] 1,2;0,1
[14:52:55 A] 0,1;2,2
[14:52:55 B] 2,2;1,2
[14:52:55 A] 1,2;1,0
[14:52:55 B] 1,2;2,0
[14:52:55 A] 2,0;0,1
[14:52:55 B] 0,1;2,0
[14:52:55 A] 2,0;2,0
[14:52:55 B] 2,0;1,1
[14:52:55 A] 1,1;2,2
[14:52:55 B] 2,2;2,0
[14:52:55 A] 2,0;0,0
[14:52:55 B] 1,1;2,1
[14:52:55 A] 2,1;2,2
[14:52:55 B] 2,2;1,0
[14:52:55 A] 2,0;0,2
[14:52:55 B] 0,2;1,1
[14:52:55 A] 2,1;0,1
[14:52:55 B] 0,1;1,0
[14:52:55 A] 1,0;2,2
[14:52:55 B] 2,2;0,0
[14:52:55 A] 0,0;0,1
[14:52:55 B] 0,1;2,0
[14:52:55 A] 2,0;1,2
[14:52:55 B] 1,2;2,2
[14:52:55 A] 2,2;0,2
[14:52:55 B] 0,2;1,0
[14:52:55 A] 1,0;1,2
[14:52:55 B] 1,2;0,0
[14:52:55 A] 0,0;1,1
[14:52:55 B] 1,1;2,2
[14:52:55 A] 2,2;2,0
[14:52:55 B] 2,0;0,1
[14:52:55 A] 0,1;0,0
[14:52:55 B] 0,0;2,1
[14:52:55 A] 2,1;0,2
[14:52:55 B] 0,2;0,1
[14:52:55 A] 0,1;2,2
[14:52:55 B] 2,2;1,1
[14:52:55 A] 1,1;0,0
[14:52:56 B] 0,0;1,0
[14:52:56 A] 1,0;0,2
[14:52:56 B] 0,2;0,0
[14:52:56 A] 0,0;2,2
[14:52:56 B] 2,2;2,2
[14:52:56 A] 0,0;0,0
[14:52:56 B] 0,1;1,1
[14:52:56 A] 1,1;2,1
[14:52:56 B] 2,1;0,0
[14:52:56 A] 1,2;2,1
[14:52:56 B] 2,1;2,2
[14:52:56 A] 1,1;0,1
[14:52:56 B] 0,1;1,2
[14:52:56 A] 1,2;0,1
[14:52:56 B] 1,1;0,2
[14:52:56 A] 0,2;2,0
[14:52:56 B] 2,0;0,0
[14:52:56 A] 1,1;1,1
[14:52:56 B] 1,2;1,1
[14:52:56 A] 2,1;1,2
[14:52:56 B] 0,2;0,2
[14:52:56 B] 0,1;2,0
[14:52:56 A] 2,0;0,0
[14:52:56 B] 0,0;1,0
[14:52:56 A] 1,0;1,0
[14:52:56 B] 1,0;2,1
[14:52:56 A] 2,1;2,1
[14:52:56 B] 2,1;0,2
[14:52:56 A] 0,2;2,2
[14:52:56 B] 2,2;2,2
[14:52:56 A] 2,2;2,0
[14:52:56 B] 2,0;2,0
[14:52:56 A] 2,0;1,1
[14:52:56 B] 1,1;0,1
[14:52:56 A] 0,1;2,2
[14:52:56 B] 2,2;0,1
[14:52:56 A] 0,1;0,1
[14:52:56 B] 0,1;0,0
[14:52:56 A] 0,0;0,1
[14:52:56 B] 0,1;1,0
[14:52:56 A] 1,0;1,1
[14:52:56 B] 1,1;2,2
[14:52:56 A] 2,2;2,1
[14:52:56 B] 2,1;0,1
[14:52:56 A] 1,0;1,2
[14:52:56 B] 1,2;2,0
[14:52:56 A] 2,0;2,2
[14:52:56 B] 2,2;1,2
[14:52:56 A] 1,2;1,0
[14:52:56 B] 2,1;0,0
[14:52:56 A] 0,0;0,2
[14:52:56 B] 0,2;0,2
[14:52:56 A] 0,2;2,1
[14:52:56 B] 0,0;0,0
[14:52:56 A] 0,0;2,1
[14:52:56 B] 0,0;1,1
[14:52:56 A] 1,1;1,2
[14:52:56 B] 1,2;0,0
[14:52:56 A] 0,0;2,0
[14:52:56 B] 0,0;2,2
[14:52:56 A] 2,2;1,0
[14:52:56 B] 0,2;2,0
[14:52:56 A] 2,2;0,0
[14:52:56 B] 0,2;1,1
[14:52:56 A] 0,2;2,0
[14:52:56 B] 2,0;1,1
[14:52:56 A] 1,1;0,0
[14:52:56 B] 0,0;2,0
[14:52:56 A] 2,0;2,1
[14:52:56 B] 2,1;1,1
[14:52:56 A] 1,1;0,1
[14:52:56 B] 0,1;2,2
[14:52:56 A] 2,2;2,1
[14:52:56 B] 2,1;2,1
[14:52:56 A] 2,1;0,2
[14:52:56 B] 0,2;0,1
[14:52:56 A] 0,1;1,1
[14:52:56 B] 1,1;0,2
[14:52:56 A] 0,2;1,1
[14:52:56 B] 1,1;1,0
[14:52:56 A] 1,0;0,0
[14:52:56 B] 0,0;0,2
[14:52:56 A] 0,2;0,2
[14:52:56 B] 0,0;1,1
[14:52:56 A] 1,1;2,0
[14:52:56 B] 2,0;0,0
[14:52:56 A] 2,1;1,2
[14:52:56 B] 1,2;0,0
[14:52:56 A] 2,1;2,2
[14:52:56 B] 2,2;0,1
[14:52:56 A] 0,1;2,1
[14:52:56 B] 0,1;0,1
[14:52:56 A] 0,1;2,0
[14:52:56 B] 2,0;2,2
[14:52:56 A] 2,2;2,0
[14:52:56 B] 0,1;0,2
[14:52:56 A] 2,2;2,2
[14:52:56 B] 0,1;0,0
[14:52:56 A] 1,2;2,2
[14:52:56 B] 1,2;1,1
[14:52:56 A] 1,1;1,2
[14:52:56 B] 1,2;1,0
[14:52:56 A] 1,0;1,1
[14:52:56 B] 1,1;1,1
[14:52:56 A] 1,1;2,1
[14:52:56 B] 1,0;2,2
[14:52:56 A] 1,1;2,2
[14:52:56 B] 1,2;1,2
[14:52:56 A] 1,0;2,0
[14:52:57 B] 1,0;1,0
[14:52:57 A] 1,0;0,2
[14:52:57 B] 1,0;1,0
[14:52:57 A] 1,0;0,0
[14:52:57 B] 0,0;0,1
[14:52:57 A] 0,1;0,0
[14:52:57 B] 0,0;2,2
[14:52:57 A] 2,2;2,2
[14:52:57 B] 2,2;0,0
[14:52:57 A] 0,0;1,0
[14:52:57 B] 1,0;2,0
[14:52:57 A] 2,0;1,0
[14:52:57 B] 1,0;1,1
[14:52:57 A] 1,1;0,2
[14:52:57 B] 0,2;0,2
[14:52:57 A] 0,2;1,0
[14:52:57 B] 1,0;1,2
[14:52:57 A] 1,2;1,1
[14:52:57 B] 1,1;1,1
[14:52:57 A] 1,1;2,1
[14:52:57 B] 2,1;2,2
[14:52:57 A] 2,2;1,1
[14:52:57 B] 1,1;0,1
[14:52:57 A] 0,1;0,2
[14:52:57 B] 0,2;0,1
[14:52:57 A] 0,1;0,1
[14:52:57 B] 0,2;0,0
[14:52:57 A] 0,0;2,1
[14:52:57 B] 2,1;1,1
[14:52:57 A] 1,1;2,2
[14:52:57 B] 2,2;1,0
[14:52:57 A] 1,1;1,2
[14:52:57 B] 1,2;2,0
[14:52:57 A] 2,0;0,0
[14:52:57 B] 0,0;0,0
[14:52:57 A] 0,0;1,2
[14:52:57 B] 1,2;0,1
[14:52:57 A] 0,0;1,1
[14:52:57 B] 2,0;2,0
[14:52:57 A] 2,0;2,1
[14:52:57 B] 2,1;0,0
[14:52:57 A] 1,2;2,2
[14:52:57 B] 2,2;2,0
[14:52:57 A] 2,0;1,2
[14:52:57 B] 1,2;0,0
[14:52:57 A] 2,0;1,1
[14:52:57 B] 1,2;0,2
[14:52:57 A] 2,0;1,2
[14:52:57 B] 1,2;0,0
[14:52:57 A] 0,0;1,1
[14:52:57 B] 1,1;0,0
[14:52:57 A] 0,0;2,0
[14:52:57 B] 2,0;0,2
[14:52:57 A] 0,2;1,2
[14:52:57 B] 1,2;1,0
[14:52:57 A] 1,0;0,2
[14:52:57 B] 0,2;0,2
[14:52:57 A] 0,2;0,1
[14:52:57 B] 0,1;0,0
[14:52:57 A] 0,0;0,2
[14:52:57 B] 0,2;1,1
[14:52:57 A] 1,1;1,2
[14:52:57 B] 1,2;2,0
[14:52:57 A] 2,0;2,1
[14:52:57 B] 2,1;2,1
[14:52:57 A] 2,1;0,2
[14:52:57 B] 0,2;2,0
[14:52:57 A] 2,0;2,0
[14:52:57 B] 2,0;2,2
[14:52:57 A] 2,2;0,2
[14:52:57 B] 2,0;0,1
[14:52:57 A] 0,1;0,1
[14:52:57 B] 0,1;0,2
[14:52:57 A] 2,1;0,0
[14:52:57 B] 2,1;0,1
[14:52:57 A] 0,1;1,0
[14:52:57 B] 1,0;2,0
[14:52:57 A] 2,0;1,0
[14:52:57 B] 1,0;2,2
[14:52:57 A] 2,2;2,0
[14:52:57 B] 2,0;1,1
[14:52:57 A] 1,1;1,1
[14:52:57 B] 1,1;1,0
[14:52:57 A] 1,0;1,2
[14:52:57 B] 2,0;0,0
[14:52:57 A] 2,2;1,1
[14:52:57 B] 1,1;2,0
[14:52:57 B] 0,1;2,0
[14:52:57 A] 2,0;0,1
[14:52:57 B] 0,1;2,1
[14:52:57 A] 2,1;0,2
[14:52:57 B] 0,2;0,0
[14:52:57 A] 0,0;0,2
[14:52:57 B] 0,2;1,2
[14:52:57 A] 1,2;0,0
[14:52:57 B] 0,0;0,0
[14:52:57 A] 0,0;2,2
[14:52:57 B] 2,2;2,0
[14:52:57 A] 2,0;0,0
[14:52:57 B] 0,0;1,2
[14:52:57 A] 1,2;2,2
[14:52:57 B] 2,2;1,2
[14:52:57 A] 1,2;1,1
[14:52:57 B] 1,1;1,0
[14:52:57 A] 1,0;1,2
[14:52:57 B] 2,0;0,2
[14:52:57 A] 0,2;0,1
[14:52:57 B] 0,1;2,2
[14:52:57 A] 2,2;0,1
[14:52:57 B] 2,0;2,1
[14:52:57 A] 2,1;2,2
[14:52:57 B] 2,2;2,2
[14:52:58 A] 2,2;0,2
[14:52:58 B] 0,2;1,0
[14:52:58 A] 1,0;1,0
[14:52:58 B] 1,0;1,1
[14:52:58 A] 1,1;2,2
[14:52:58 B] 2,2;0,0
[14:52:58 A] 0,0;0,1
[14:52:58 B] 2,1;1,2
[14:52:58 A] 2,0;1,1
[14:52:58 B] 1,1;0,2
[14:52:58 A] 0,2;2,2
[14:52:58 B] 2,2;2,1
[14:52:58 A] 2,1;2,0
[14:52:58 B] 2,0;2,2
[14:52:58 A] 2,1;1,1
[14:52:58 B] 1,1;0,1
[14:52:58 A] 1,0;2,0
[14:52:58 B] 2,0;2,0
[14:52:58 A] 1,0;0,0
[14:52:58 B] 0,0;1,0
[14:52:58 A] 0,2;0,2
[14:52:58 B] 0,2;1,1
[14:52:58 A] 1,1;1,2
[14:52:58 B] 0,0;1,1
[14:52:58 A] 1,2;2,2
[14:52:58 B] 2,2;1,0
[14:52:58 A] 1,0;2,1
[14:52:58 B] 2,1;0,2
[14:52:58 A] 0,2;0,0
[14:52:58 B] 0,0;0,0
[14:52:58 A] 0,0;2,1
[14:52:58 B] 2,1;1,0
[14:52:58 A] 1,0;1,0
[14:52:58 B] 1,0;0,2
[14:52:58 A] 0,2;2,0
[14:52:58 B] 2,0;2,1
[14:52:58 A] 2,1;1,1
[14:52:58 B] 1,1;1,1
[14:52:58 A] 1,1;2,1
[14:52:58 B] 2,1;0,0
[14:52:58 A] 0,0;0,1
[14:52:58 B] 0,1;0,1
[14:52:58 A] 0,1;1,1
[14:52:58 B] 1,1;2,2
[14:52:58 A] 2,2;2,1
[14:52:58 B] 2,1;0,1
[14:52:58 A] 0,1;0,0
[14:52:58 B] 0,0;1,1
[14:52:58 A] 1,1;0,2
[14:52:58 B] 0,2;1,0
[14:52:58 A] 1,0;2,0
[14:52:58 B] 2,0;0,2
[14:52:58 A] 0,2;1,2
[14:52:58 B] 1,2;2,0
[14:52:58 A] 2,0;2,0
[14:52:58 B] 2,0;1,2
[14:52:58 A] 1,2;2,1
[14:52:58 B] 0,1;2,2
[14:52:58 A] 2,2;2,0
[14:52:58 B] 2,0;2,2
[14:52:58 A] 2,2;2,2
[14:52:58 B] 1,0;2,2
[14:52:58 A] 1,0;0,0
[14:52:58 B] 0,0;2,2
[14:52:58 A] 0,2;2,2
[14:52:58 B] 0,2;2,1
[14:52:58 A] 0,2;0,2
[14:52:58 B] 1,1;0,0
[14:52:58 A] 1,2;1,2
[14:52:58 B] 1,2;0,2
[14:52:58 A] 1,2;0,0
[14:52:58 B] 1,2;1,1
[14:52:58 A] 0,1;2,1
[14:52:58 B] 0,1;1,0
[14:52:58 A] 0,1;2,0
[14:52:58 B] 0,1;0,2
[14:52:58 A] 0,1;1,2
[14:52:58 B] 0,1;1,2
[14:52:58 A] 1,2;0,1
[14:52:58 B] 0,1;0,0
[14:52:58 A] 0,0;0,0
[14:52:58 B] 0,0;0,1
[14:52:58 A] 0,1;1,0
[14:52:58 B] 1,0;0,1
[14:52:58 A] 0,1;0,1
[14:52:58 B] 0,1;2,0
[14:52:58 A] 2,0;1,0
[14:52:58 B] 1,0;0,2
[14:52:58 A] 0,2;1,1
[14:52:58 B] 1,1;0,1
[14:52:58 A] 0,1;2,1
[14:52:58 B] 2,1;0,2
[14:52:58 A] 0,2;2,1
[14:52:58 B] 2,1;0,0
[14:52:58 A] 0,0;2,2
[14:52:58 B] 2,2;1,0
[14:52:58 A] 1,0;0,0
[14:52:58 B] 0,0;1,1
[14:52:58 A] 1,1;2,2
[14:52:58 B] 2,2;1,1
[14:52:58 A] 1,1;1,0
[14:52:58 B] 1,0;2,1
[14:52:58 A] 2,1;0,1
[14:52:58 B] 0,1;1,1
[14:52:58 A] 1,1;1,1
[14:52:58 B] 1,1;1,2
[14:52:58 A] 1,2;0,2
[14:52:58 B] 0,2;0,1
[14:52:58 A] 0,1;0,2
[14:52:58 B] 0,2;0,0
[14:52:58 A] 0,0;2,1
[14:52:59 B] 2,1;1,0
[14:52:59 A] 1,0;1,2
[14:52:59 B] 1,2;0,0
[14:52:59 A] 0,0;2,0
[14:52:59 B] 2,0;2,2
[14:52:59 A] 2,2;2,2
[14:52:59 B] 2,2;1,2
[14:52:59 A] 1,2;1,1
[14:52:59 B] 1,1;0,0
[14:52:59 A] 0,1;2,2
[14:52:59 B] 1,2;2,1
[14:52:59 A] 2,1;1,1
[14:52:59 B] 1,1;0,2
[14:52:59 A] 0,2;1,2
[14:52:59 B] 1,2;2,0
[14:52:59 A] 2,0;2,0
[14:52:59 B] 2,0;0,0
[14:52:59 A] 0,2;1,0
[14:52:59 B] 1,0;1,1
[14:52:59 A] 2,1;2,1
[14:52:59 B] 1,2;2,2
[14:52:59 A] 0,1;1,1
[14:52:59 B] 1,1;0,2
[14:52:59 A] 0,2;2,2
[14:52:59 B] 2,2;0,1
[14:52:59 A] 0,1;1,2
[14:52:59 B] 1,2;2,1
[14:52:59 A] 2,1;1,2
[14:52:59 B] 1,2;1,2
[14:52:59 A] 1,2;2,2
[14:52:59 B] 2,2;1,2
[14:52:59 A] 1,2;1,0
[14:52:59 B] 1,0;1,1
[14:52:59 A] 1,1;1,2
[14:52:59 B] 1,2;2,0
[14:52:59 A] 2,0;0,2
[14:52:59 B] 0,2;0,2
[14:52:59 A] 0,2;1,0
[14:52:59 B] 1,0;2,2
[14:52:59 A] 2,2;0,2
[14:52:59 B] 0,2;0,0
[14:52:59 A] 0,0;1,1
[14:52:59 B] 1,1;0,0
[14:52:59 A] 0,0;2,2
[14:52:59 B] 2,2;2,2
[14:52:59 A] 2,2;1,0
[14:52:59 B] 1,0;0,0
[14:52:59 A] 0,0;0,0
[14:52:59 B] 0,1;1,0
[14:52:59 A] 0,1;2,2
[14:52:59 B] 2,2;0,0
[14:52:59 A] 0,1;0,0
[14:52:59 B] 0,2;0,1
[14:52:59 A] 2,2;1,1
[14:52:59 B] 1,1;0,1
[14:52:59 A] 2,2;2,0
[14:52:59 B] 2,0;1,1
[14:52:59 A] 2,1;0,2
[14:52:59 B] 2,1;2,2
[14:52:59 A] 2,0;1,0
[14:52:59 B] 2,0;0,1
[14:52:59 A] 2,0;0,0
[14:52:59 B] 2,0;2,0
[14:52:59 A] 2,0;1,2
[14:52:59 B] 1,2;0,1
[14:52:59 A] 2,0;2,2
[14:52:59 B] 1,2;1,1
[14:52:59 B] 1,0;0,0
[14:52:59 A] 0,0;0,1
[14:52:59 B] 0,1;1,0
[14:52:59 A] 1,0;2,1
[14:52:59 B] 2,1;0,2
[14:52:59 A] 0,2;0,1
[14:52:59 B] 0,1;0,1
[14:52:59 A] 0,1;2,1
[14:52:59 B] 2,1;1,1
[14:52:59 A] 1,1;0,0
[14:52:59 B] 0,0;0,0
[14:52:59 A] 0,0;2,2
[14:52:59 B] 2,2;2,0
[14:52:59 A] 2,0;1,2
[14:52:59 B] 1,2;1,0
[14:52:59 A] 1,0;1,2
[14:52:59 B] 1,2;0,2
[14:52:59 A] 0,2;0,0
[14:52:59 B] 0,0;0,2
[14:52:59 A] 0,2;0,2
[14:52:59 B] 2,1;2,0
[14:52:59 A] 2,0;2,2
[14:52:59 B] 2,2;0,2
[14:52:59 A] 2,0;0,2
[14:52:59 B] 2,2;1,1
[14:52:59 A] 1,1;2,1
[14:52:59 B] 0,0;2,0
[14:52:59 A] 1,1;2,2
[14:52:59 B] 1,1;2,0
[14:52:59 A] 1,1;1,1
[14:52:59 A] 0,2;1,1
[14:52:59 B] 1,1;2,1
[14:52:59 A] 2,1;2,0
[14:52:59 B] 2,0;0,1
[14:52:59 A] 0,1;2,2
[14:52:59 B] 2,2;1,2
[14:52:59 A] 1,2;0,2
[14:52:59 B] 0,2;0,0
[14:52:59 A] 0,0;2,0
[14:52:59 B] 2,0;2,0
[14:52:59 A] 2,0;0,0
[14:52:59 B] 0,0;0,0
[14:53:00 A] 0,0;2,2
[14:53:00 B] 2,2;1,0
[14:53:00 A] 1,0;2,1
[14:53:00 B] 2,1;0,1
[14:53:00 A] 0,1;0,2
[14:53:00 B] 0,2;1,0
[14:53:00 A] 1,0;1,1
[14:53:00 B] 1,1;2,0
[14:53:00 A] 2,0;2,2
[14:53:00 B] 2,2;1,1
[14:53:00 A] 1,1;0,1
[14:53:00 B] 0,1;1,2
[14:53:00 A] 1,2;2,2
[14:53:00 B] 0,0;2,1
[14:53:00 A] 2,1;1,0
[14:53:00 B] 1,0;0,1
[14:53:00 A] 0,1;2,0
[14:53:00 B] 2,0;1,1
[14:53:00 A] 1,1;1,1
[14:53:00 B] 1,1;2,2
[14:53:00 A] 0,1;1,1
[14:53:00 B] 1,2;1,2
[14:53:00 A] 1,2;0,0
[14:53:00 B] 0,0;1,0
[14:53:00 A] 1,0;1,0
[14:53:00 B] 1,0;1,2
[14:53:00 A] 1,2;0,1
[14:53:00 B] 2,1;0,0
[14:53:00 A] 0,0;1,2
[14:53:00 B] 0,0;0,2
[14:53:00 A] 0,2;0,2
[14:53:00 B] 0,2;2,0
[14:53:00 A] 2,0;1,0
[14:53:00 B] 1,0;0,0
[14:53:00 A] 0,0;0,1
[14:53:00 B] 1,0;0,2
[14:53:00 A] 0,0;1,1
[14:53:00 B] 2,0;2,1
[14:53:00 B] 0,0;2,1
[14:53:00 A] 2,1;1,2
[14:53:00 B] 1,2;0,0
[14:53:00 A] 0,0;2,2
[14:53:00 B] 2,2;1,1
[14:53:00 A] 1,1;1,1
[14:53:00 B] 1,1;1,0
[14:53:00 A] 1,0;0,1
[14:53:00 B] 0,1;1,0
[14:53:00 A] 1,0;2,1
[14:53:00 B] 2,1;0,0
[14:53:00 A] 0,0;2,0
[14:53:00 B] 2,0;0,1
[14:53:00 A] 0,1;2,2
[14:53:00 B] 2,2;0,0
[14:53:00 A] 0,0;0,0
[14:53:00 B] 0,0;1,0
[14:53:00 A] 1,0;1,1
[14:53:00 B] 1,1;2,2
[14:53:00 A] 2,2;2,0
[14:53:00 B] 2,0;1,0
[14:53:00 A] 0,0;1,1
[14:53:00 B] 1,1;2,1
[14:53:00 A] 2,1;2,0
[14:53:00 B] 2,0;0,0
[14:53:00 A] 0,2;2,1
[14:53:00 B] 2,1;0,1
[14:53:00 A] 0,1;0,2
[14:53:00 B] 0,2;0,1
[14:53:00 A] 0,1;1,2
[14:53:00 B] 1,2;1,0
[14:53:00 A] 2,2;1,0
[14:53:00 B] 1,1;2,0
[14:53:00 A] 2,0;2,2
[14:53:00 B] 2,2;2,2
[14:53:00 A] 2,0;1,1
[14:53:00 B] 1,2;2,0
[14:53:00 A] 2,0;2,0
[14:53:00 B] 2,0;2,1
[14:53:00 A] 2,1;2,1
[14:53:00 B] 2,1;2,2
[14:53:00 A] 2,0;0,2
[14:53:00 A] 2,0;0,2
[14:53:00 B] 0,2;1,1
[14:53:00 A] 1,1;0,1
[14:53:00 B] 0,1;0,1
[14:53:00 A] 0,1;1,1
[14:53:00 B] 1,1;1,1
[14:53:00 A] 1,1;2,1
[14:53:00 B] 2,1;2,2
[14:53:00 A] 2,2;0,0
[14:53:00 B] 0,0;0,0
[14:53:00 A] 0,0;1,1
[14:53:00 B] 1,1;1,0
[14:53:00 A] 1,0;2,2
[14:53:00 B] 2,2;2,2
[14:53:00 A] 2,2;1,1
[14:53:00 B] 1,1;1,2
[14:53:00 A] 1,2;2,1
[14:53:00 B] 2,1;0,2
[14:53:00 A] 0,2;0,1
[14:53:00 B] 0,1;0,2
[14:53:00 A] 0,2;2,2
[14:53:00 B] 2,2;2,0
[14:53:00 A] 2,0;1,1
[14:53:00 B] 2,0;2,0
[14:53:00 A] 2,0;2,1
[14:53:00 B] 2,1;1,2
[14:53:00 A] 1,2;1,0
[14:53:00 B] 1,0;2,0
[14:53:00 A] 2,0;0,1
[14:53:00 B] 0,1;0,0
[14:53:00 B] 1,2;1,2
[14:53:00 A] 1,2;2,2
[14:53:01 B] 2,2;0,0
[14:53:01 A] 0,0;1,2
[14:53:01 B] 1,2;0,0
[14:53:01 A] 0,0;1,1
[14:53:01 B] 1,1;1,0
[14:53:01 A] 1,0;0,1
[14:53:01 B] 0,1;0,0
[14:53:01 A] 0,0;1,0
[14:53:01 B] 1,0;2,2
[14:53:01 A] 2,2;0,1
[14:53:01 B] 0,1;1,2
[14:53:01 A] 1,2;0,2
[14:53:01 B] 0,2;0,0
[14:53:01 A] 0,2;2,2
[14:53:01 B] 2,2;1,0
[14:53:01 A] 1,0;0,0
[14:53:01 B] 1,0;0,2
[14:53:01 A] 0,2;2,1
[14:53:01 B] 2,1;0,0
[14:53:01 A] 0,2;2,0
[14:53:01 B] 2,0;0,2
[14:53:01 A] 2,0;1,0
[14:53:01 B] 1,0;1,2
[14:53:01 A] 1,2;2,0
[14:53:01 B] 2,0;2,1
[14:53:01 A] 2,1;2,0
[14:53:01 B] 2,0;1,2
[14:53:01 A] 1,2;1,1
[14:53:01 B] 1,1;0,0
[14:53:01 A] 2,0;0,1
[14:53:01 B] 0,1;2,2
[14:53:01 A] 2,2;1,2
[14:53:01 B] 0,1;0,2
[14:53:01 A] 2,1;2,2
[14:53:01 B] 2,2;2,0
[14:53:01 A] 2,0;2,0
[14:53:01 B] 2,0;0,0
[14:53:01 A] 2,1;2,1
[14:53:01 B] 1,1;2,0
[14:53:01 A] 2,0;2,2
[14:53:01 B] 2,0;1,1
[14:53:01 A] 0,2;0,1
[14:53:01 B] 0,1;2,0
[14:53:01 A] 2,0;1,1
[14:53:01 B] 1,1;0,0
[14:53:01 A] 0,0;1,2
[14:53:01 B] 1,2;0,2
[14:53:01 A] 0,2;2,0
[14:53:01 B] 2,0;0,0
[14:53:01 A] 0,0;2,2
[14:53:01 B] 2,2;0,2
[14:53:01 A] 0,2;1,2
[14:53:01 B] 1,2;0,1
[14:53:01 A] 0,1;1,0
[14:53:01 B] 1,0;0,0
[14:53:01 A] 0,0;0,2
[14:53:01 B] 0,2;0,2
[14:53:01 A] 0,2;1,1
[14:53:01 B] 1,1;1,0
[14:53:01 A] 1,0;2,0
[14:53:01 B] 2,0;1,2
[14:53:01 A] 1,2;2,2
[14:53:01 B] 2,2;0,0
[14:53:01 A] 0,2;1,0
[14:53:01 B] 1,0;0,1
[14:53:01 A] 0,1;1,2
[14:53:01 B] 1,2;0,0
[14:53:01 A] 0,1;1,1
[14:53:01 B] 2,1;2,2
[14:53:01 A] 2,2;0,2
[14:53:01 B] 0,2;0,1
[14:53:01 A] 0,1;2,2
[14:53:01 B] 2,2;1,2
[14:53:01 A] 1,2;2,2
[14:53:01 B] 2,2;0,0
[14:53:01 A] 0,0;0,1
[14:53:01 B] 0,1;0,0
[14:53:01 A] 0,0;0,0
[14:53:01 B] 0,0;0,2
[14:53:01 A] 0,2;2,0
[14:53:01 B] 2,0;2,1
[14:53:01 A] 2,1;0,2
[14:53:01 B] 0,2;0,0
[14:53:01 A] 0,0;2,0
[14:53:01 B] 2,0;0,2
[14:53:01 A] 0,2;1,2
[14:53:01 B] 1,2;1,0
[14:53:01 A] 1,0;0,0
[14:53:01 B] 0,0;1,0
[14:53:01 A] 1,0;0,1
[14:53:01 B] 0,1;0,1
[14:53:01 A] 0,1;2,0
[14:53:01 B] 2,0;1,1
[14:53:01 A] 1,1;2,0
[14:53:01 B] 2,0;0,1
[14:53:01 A] 0,1;2,1
[14:53:01 B] 2,1;0,1
[14:53:01 A] 1,0;0,2
[14:53:01 B] 0,2;0,2
[14:53:01 A] 1,1;2,1
[14:53:01 B] 2,1;0,0
[14:53:01 A] 0,0;1,1
[14:53:01 B] 1,1;2,2
[14:53:01 A] 2,2;0,1
[14:53:01 B] 0,0;2,1
[14:53:01 A] 2,1;1,1
[14:53:01 B] 1,1;0,2
[14:53:01 A] 0,0;2,2
[14:53:01 B] 2,2;1,0
[14:53:01 A] 2,1;2,0
[14:53:01 B] 1,1;1,2
[14:53:02 A] 1,2;0,0
[14:53:02 B] 0,0;1,2
[14:53:02 A] 1,2;0,2
[14:53:02 B] 0,2;1,1
[14:53:02 A] 1,1;0,2
[14:53:02 B] 0,2;0,0
[14:53:02 A] 0,0;1,0
[14:53:02 B] 1,0;1,0
[14:53:02 A] 1,0;1,1
[14:53:02 B] 1,1;1,1
[14:53:02 A] 1,1;1,0
[14:53:02 B] 1,0;0,2
[14:53:02 A] 0,2;2,1
[14:53:02 B] 2,1;2,0
[14:53:02 A] 2,0;2,1
[14:53:02 B] 2,1;0,0
[14:53:02 A] 0,0;0,1
[14:53:02 B] 0,1;0,1
[14:53:02 A] 0,1;2,1
[14:53:02 B] 2,1;1,0
[14:53:02 A] 1,0;1,2
[14:53:02 B] 1,2;0,1
[14:53:02 A] 0,1;2,0
[14:53:02 B] 2,0;0,1
[14:53:02 A] 0,1;2,2
[14:53:02 B] 2,2;2,2
[14:53:02 A] 2,2;2,0
[14:53:02 B] 2,0;2,0
[14:53:02 A] 2,0;2,2
[14:53:02 B] 2,2;0,1
[14:53:02 A] 0,2;1,0
[14:53:02 B] 1,0;0,1
[14:53:02 A] 2,2;1,0
[14:53:02 B] 1,0;0,0
[14:53:02 A] 0,0;0,0
[14:53:02 B] 0,0;0,2
[14:53:02 A] 0,2;0,1
[14:53:02 B] 0,0;2,0
[14:53:02 A] 2,0;1,1
[14:53:02 B] 1,1;0,1
[14:53:02 A] 2,0;0,0
[14:53:02 B] 0,0;2,2
[14:53:02 A] 2,2;0,0
[14:53:02 B] 0,2;2,2
[14:53:02 A] 1,1;2,2
[14:53:02 B] 1,1;1,2
[14:53:02 A] 1,2;2,1
[14:53:02 B] 1,1;2,1
[14:53:02 A] 1,2;1,2
[14:53:02 B] 1,2;2,2
[14:53:02 A] 1,2;2,0
[14:53:02 B] 1,2;1,0
[14:53:02 A] 1,2;1,1
[14:53:02 B] 0,2;0,1
[14:53:02 A] 0,1;2,1
[14:53:02 B] 2,1;0,0
[14:53:02 A] 0,0;0,2
[14:53:02 B] 0,2;0,2
[14:53:02 A] 0,2;2,2
[14:53:02 B] 2,2;0,0
[14:53:02 A] 0,0;2,0
[14:53:02 B] 2,0;0,0
[14:53:02 A] 0,0;1,1
[14:53:02 B] 1,1;1,0
[14:53:02 A] 1,0;1,0
[14:53:02 B] 1,0;2,1
[14:53:02 A] 2,1;1,1
[14:53:02 B] 1,1;0,1
[14:53:02 A] 0,1;0,1
[14:53:02 B] 0,1;1,1
[14:53:02 A] 1,1;2,2
[14:53:02 B] 2,2;1,1
[14:53:02 A] 1,1;1,1
[14:53:02 B] 1,1;0,0
[14:53:02 A] 1,1;1,2
[14:53:02 B] 1,2;0,2
[14:53:02 A] 0,2;1,2
[14:53:02 B] 1,2;0,1
[14:53:02 A] 0,1;1,2
[14:53:02 B] 1,2;0,0
[14:53:02 A] 1,1;0,2
[14:53:02 B] 0,2;0,0
[14:53:02 A] 2,0;2,1
[14:53:02 B] 2,1;0,1
[14:53:02 A] 0,1;2,2
[14:53:02 B] 2,2;2,2
[14:53:02 A] 0,0;2,1
[14:53:02 B] 2,1;0,1
[14:53:02 A] 0,1;2,2
[14:53:02 B] 2,2;0,2
[14:53:02 A] 0,2;0,2
[14:53:02 B] 0,2;0,0
[14:53:02 A] 0,0;1,1
[14:53:02 B] 1,1;0,0
[14:53:02 A] 0,0;0,1
[14:53:02 B] 0,1;0,2
[14:53:02 A] 0,2;1,2
[14:53:02 B] 1,2;0,1
[14:53:02 A] 0,1;2,1
[14:53:02 B] 2,1;0,0
[14:53:02 A] 0,2;2,2
[14:53:02 B] 2,2;0,0
[14:53:02 A] 0,1;2,0
[14:53:02 B] 0,1;0,2
[14:53:02 A] 0,2;1,1
[14:53:02 B] 1,1;0,1
[14:53:02 A] 0,1;2,2
[14:53:02 B] 2,2;0,2
[14:53:02 A] 0,2;0,2
[14:53:02 B] 0,2;2,0
[14:53:02 A] 2,0;1,1
[14:53:03 B] 1,1;2,0
[14:53:03 A] 2,0;1,2
[14:53:03 B] 1,2;1,2
[14:53:03 A] 1,2;1,1
[14:53:03 B] 1,1;1,0
[14:53:03 A] 1,0;2,0
[14:53:03 B] 2,0;1,0
[14:53:03 A] 1,0;1,2
[14:53:03 B] 1,2;0,2
[14:53:03 A] 0,2;2,1
[14:53:03 B] 2,1;1,0
[14:53:03 A] 1,0;0,1
[14:53:03 B] 0,1;1,0
[14:53:03 A] 1,0;1,1
[14:53:03 B] 1,1;0,0
[14:53:03 A] 0,0;1,1
[14:53:03 B] 0,2;0,1
[14:53:03 A] 0,1;1,1
[14:53:03 B] 0,1;0,0
[14:53:03 A] 0,0;2,2
[14:53:03 B] 2,2;1,1
[14:53:03 A] 0,0;0,0
[14:53:03 B] 1,0;1,0
[14:53:03 A] 1,0;0,2
[14:53:03 B] 0,2;1,0
[14:53:03 A] 2,2;2,1
[14:53:03 B] 2,1;1,1
[14:53:03 A] 0,1;1,2
[14:53:03 B] 1,2;2,2
[14:53:03 A] 2,2;2,0
[14:53:03 B] 2,0;0,0
[14:53:03 A] 2,2;2,2
[14:53:03 B] 0,1;0,1
[14:53:03 A] 2,1;0,0
[14:53:03 B] 0,2;0,0
[14:53:03 A] 2,1;2,0
[14:53:03 B] 2,0;2,0
[14:53:03 A] 0,2;0,2
[14:53:03 B] 0,2;0,0
[14:53:03 A] 0,0;1,0
[14:53:03 B] 1,0;1,1
[14:53:03 A] 1,1;0,0
[14:53:03 B] 0,0;2,0
[14:53:03 A] 2,0;0,1
[14:53:03 B] 0,1;0,0
[14:53:03 A] 0,0;2,2
[14:53:03 B] 2,2;1,1
[14:53:03 A] 1,1;0,2
[14:53:03 B] 0,2;0,1
[14:53:03 A] 0,1;1,0
[14:53:03 B] 1,0;2,0
[14:53:03 A] 2,0;2,1
[14:53:03 B] 2,1;1,2
[14:53:03 A] 1,2;2,2
[14:53:03 B] 2,2;1,2
[14:53:03 A] 1,2;2,1
[14:53:03 B] 2,1;0,0
[14:53:03 A] 0,0;1,1
[14:53:03 B] 1,1;0,1
[14:53:03 A] 0,1;0,1
[14:53:03 B] 0,1;1,1
[14:53:03 A] 1,1;1,1
[14:53:03 B] 1,1;2,2
[14:53:03 A] 2,2;2,2
[14:53:03 B] 2,2;1,0
[14:53:03 A] 1,0;2,2
[14:53:03 B] 0,0;1,2
[14:53:03 A] 1,2;2,0
[14:53:03 B] 2,0;1,1
[14:53:03 A] 1,1;2,0
[14:53:03 B] 2,0;0,0
[14:53:03 A] 0,0;0,0
[14:53:03 B] 0,1;2,2
[14:53:03 A] 2,0;1,2
[14:53:03 B] 1,0;0,2
[14:53:03 A] 0,2;1,0
[14:53:03 B] 2,0;2,2
[14:53:03 A] 0,2;1,2
[14:53:03 B] 0,2;1,1
[14:53:03 A] 0,2;2,2
[14:53:03 B] 2,1;0,1
[14:53:03 A] 2,1;0,2
[14:53:03 B] 2,1;2,2
[14:53:03 A] 2,1;2,0
[14:53:03 B] 2,1;1,1
[14:53:03 B] 2,1;0,2
[14:53:03 A] 0,2;0,1
[14:53:03 B] 0,1;1,1
[14:53:03 A] 1,1;1,1
[14:53:03 B] 1,1;0,1
[14:53:03 A] 0,1;1,0
[14:53:03 B] 1,0;0,2
[14:53:03 A] 0,2;0,2
[14:53:03 B] 0,2;0,0
[14:53:03 A] 0,0;2,0
[14:53:03 B] 2,0;0,0
[14:53:03 A] 0,0;1,1
[14:53:03 B] 1,1;1,0
[14:53:03 A] 1,0;1,1
[14:53:03 B] 1,1;2,2
[14:53:03 A] 2,2;1,1
[14:53:03 B] 1,1;1,2
[14:53:03 A] 1,2;1,1
[14:53:03 B] 1,1;0,2
[14:53:03 A] 0,2;2,1
[14:53:03 B] 2,1;0,0
[14:53:03 A] 0,0;0,2
[14:53:03 B] 0,2;1,1
[14:53:03 A] 2,0;1,1
[14:53:03 B] 0,2;2,2
[14:53:03 A] 2,2;0,2
[14:53:03 B] 2,2;2,0
[14:53:04 A] 2,0;0,1
[14:53:04 B] 0,1;2,2
[14:53:04 A] 2,2;0,0
[14:53:04 B] 2,0;2,1
[14:53:04 A] 2,1;1,2
[14:53:04 B] 1,2;0,0
[14:53:04 A] 2,2;0,1
[14:53:04 B] 0,1;0,0
[14:53:04 A] 1,0;0,0
[14:53:04 B] 1,0;2,2
[14:53:04 A] 1,0;1,0
[14:53:04 B] 1,0;1,2
[14:53:04 A] 1,2;1,2
[14:53:04 B] 1,2;1,0
[14:53:04 A] 2,0;2,0
[14:53:04 B] 2,0;0,2
[14:53:04 A] 2,0;1,0
[14:53:04 B] 2,0;1,2
[14:53:04 A] 1,2;0,2
[14:53:04 B] 1,2;2,2
[14:53:04 A] 1,2;2,0
[14:53:04 B] 2,0;2,2
[14:53:04 A] 0,0;0,2
[14:53:04 B] 0,2;0,2
[14:53:04 A] 0,2;2,0
[14:53:04 B] 2,0;1,1
[14:53:04 A] 1,1;2,2
[14:53:04 B] 2,2;0,0
[14:53:04 A] 0,0;2,1
[14:53:04 B] 2,1;1,0
[14:53:04 A] 1,0;2,1
[14:53:04 B] 2,1;0,0
[14:53:04 A] 0,0;1,2
[14:53:04 B] 1,2;0,0
[14:53:04 A] 0,0;2,2
[14:53:04 B] 2,2;2,1
[14:53:04 A] 2,1;2,0
[14:53:04 B] 2,0;2,0
[14:53:04 A] 2,0;0,0
[14:53:04 B] 2,0;0,2
[14:53:04 A] 0,2;1,1
[14:53:04 B] 1,1;0,0
[14:53:04 A] 1,1;2,0
[14:53:04 B] 1,1;2,1
[14:53:04 A] 2,1;1,2
[14:53:04 B] 1,2;1,0
[14:53:04 A] 1,0;2,0
[14:53:04 B] 1,0;2,2
[14:53:04 A] 2,2;0,2
[14:53:04 B] 0,2;0,1
[14:53:04 A] 0,1;0,0
[14:53:04 B] 0,2;0,0
[14:53:04 A] 1,2;2,0
[14:53:04 B] 0,1;2,2
[14:53:04 A] 2,2;2,0
[14:53:04 B] 2,2;1,1
[14:53:04 A] 1,1;0,2
[14:53:04 B] 1,1;1,2
[14:53:04 A] 1,2;0,1
[14:53:04 B] 0,1;2,0
[14:53:04 A] 1,1;1,1
[14:53:04 B] 0,1;2,1
[14:53:04 A] 2,1;0,1
[14:53:04 B] 2,2;0,1
[14:53:04 A] 1,2;2,2
[14:53:04 B] 1,2;2,1
[14:53:04 A] 2,1;0,2
[14:53:04 B] 2,1;2,2
[14:53:04 A] 2,1;1,1
[14:53:04 B] 1,0;0,0
[14:53:04 A] 1,0;0,2
[14:53:04 B] 1,0;1,1
[14:53:04 A] 1,2;0,2
[14:53:04 B] 1,2;1,2
[14:53:04 A] 1,2;1,1
[14:53:04 B] 0,0;1,2
[14:53:04 A] 1,2;2,0
[14:53:04 B] 2,0;2,2
[14:53:04 A] 2,2;0,2
[14:53:04 B] 0,2;1,0
[14:53:04 A] 1,0;0,0
[14:53:04 B] 0,0;0,1
[14:53:04 A] 0,1;2,0
[14:53:04 B] 2,0;0,2
[14:53:04 A] 0,2;0,1
[14:53:04 B] 0,1;2,1
[14:53:04 A] 2,1;2,1
[14:53:04 B] 2,1;0,0
[14:53:04 A] 0,0;1,1
[14:53:04 B] 1,1;1,1
[14:53:04 A] 1,1;2,2
[14:53:04 B] 2,2;1,0
[14:53:04 A] 1,0;0,1
[14:53:04 B] 0,1;0,2
[14:53:04 A] 0,2;2,0
[14:53:04 B] 2,0;1,2
[14:53:04 A] 1,2;1,0
[14:53:04 B] 1,0;0,2
[14:53:04 A] 0,2;1,1
[14:53:04 B] 1,1;0,2
[14:53:04 A] 0,2;2,1
[14:53:04 B] 2,1;1,0
[14:53:04 A] 1,0;1,1
[14:53:04 B] 1,1;2,0
[14:53:04 A] 1,0;2,1
[14:53:04 B] 2,1;2,0
[14:53:04 A] 1,2;0,0
[14:53:04 B] 0,0;0,0
[14:53:04 A] 0,0;2,0
[14:53:04 B] 0,0;0,2
[14:53:05 A] 2,2;1,2
[14:53:05 B] 2,2;2,2
[14:53:05 A] 2,2;2,0
[14:53:05 B] 2,2;1,1
[14:53:05 A] 2,2;2,1
[14:53:05 B] 2,2;0,0
[14:53:05 A] 0,1;2,0
[14:53:05 B] 2,0;2,2
[14:53:05 A] 2,2;0,0
[14:53:05 B] 0,0;0,0
[14:53:05 A] 0,0;0,1
[14:53:05 B] 0,1;1,0
[14:53:05 A] 1,0;1,1
[14:53:05 B] 1,1;0,0
[14:53:05 A] 0,0;2,2
[14:53:05 B] 2,2;0,1
[14:53:05 A] 0,1;0,2
[14:53:05 B] 0,2;2,1
[14:53:05 A] 2,1;2,0
[14:53:05 B] 2,0;0,2
[14:53:05 A] 0,2;0,1
[14:53:05 B] 0,1;1,1
[14:53:05 A] 1,1;2,2
[14:53:05 B] 2,2;1,2
[14:53:05 A] 1,2;2,0
[14:53:05 B] 2,0;1,2
[14:53:05 A] 1,2;1,1
[14:53:05 B] 1,1;0,2
[14:53:05 A] 0,2;0,0
[14:53:05 B] 0,0;2,1
[14:53:05 A] 2,1;1,0
[14:53:05 B] 1,0;0,1
[14:53:05 A] 0,1;0,1
[14:53:05 B] 0,1;0,0
[14:53:05 A] 0,0;1,2
[14:53:05 B] 1,2;0,2
[14:53:05 A] 0,2;0,2
[14:53:05 B] 0,0;0,2
[14:53:05 A] 2,1;0,0
[14:53:05 B] 0,0;1,0
[14:53:05 A] 1,0;0,0
[14:53:05 B] 0,0;2,0
[14:53:05 A] 1,0;2,2
[14:53:05 B] 2,2;2,2
[14:53:05 A] 2,2;2,0
[14:53:05 B] 2,2;1,0
[14:53:05 A] 1,2;0,0
[14:53:05 B] 1,2;1,0
[14:53:05 A] 1,2;2,2
[14:53:05 B] 2,2;1,1
[14:53:05 A] 1,1;2,0
[14:53:05 B] 1,1;2,1
[14:53:05 A] 0,1;1,2
[14:53:05 B] 0,1;2,2
[14:53:05 A] 1,1;1,2
[14:53:05 B] 1,1;0,1
[14:53:05 B] 1,1;2,2
[14:53:05 A] 2,2;2,0
[14:53:05 B] 2,0;0,1
[14:53:05 A] 0,1;1,2
[14:53:05 B] 1,2;0,1
[14:53:05 A] 0,1;1,1
[14:53:05 B] 1,1;1,0
[14:53:05 A] 1,0;2,0
[14:53:05 B] 2,0;2,0
[14:53:05 A] 2,0;2,2
[14:53:05 B] 2,2;0,0
[14:53:05 A] 0,0;2,2
[14:53:05 B] 2,2;1,2
[14:53:05 A] 1,2;2,2
[14:53:05 B] 2,2;1,1
[14:53:05 A] 1,1;2,0
[14:53:05 B] 2,0;2,1
[14:53:05 A] 2,1;1,0
[14:53:05 B] 1,0;2,2
[14:53:05 A] 2,2;2,1
[14:53:05 B] 2,1;1,1
[14:53:05 A] 1,1;0,1
[14:53:05 B] 0,1;1,0
[14:53:05 A] 1,0;0,2
[14:53:05 B] 0,2;1,1
[14:53:05 A] 1,1;1,2
[14:53:05 B] 1,2;0,0
[14:53:05 A] 0,0;1,0
[14:53:05 B] 1,0;1,1
[14:53:05 A] 1,1;2,1
[14:53:05 B] 2,1;0,0
[14:53:05 A] 0,0;0,2
[14:53:05 B] 0,2;0,0
[14:53:05 A] 0,0;1,2
[14:53:05 B] 1,2;0,2
[14:53:05 A] 0,2;2,0
[14:53:05 B] 2,0;1,1
[14:53:05 A] 1,1;1,1
[14:53:05 B] 2,2;2,2
[14:53:05 A] 0,1;0,0
[14:53:05 B] 0,1;2,2
[14:53:05 A] 1,0;2,1
[14:53:05 B] 2,1;2,2
[14:53:05 A] 0,2;0,1
[14:53:05 B] 0,1;0,1
[14:53:05 A] 0,1;0,0
[14:53:05 B] 0,0;1,0
[14:53:05 A] 1,0;1,1
[14:53:05 B] 1,1;0,0
[14:53:05 A] 0,0;0,2
[14:53:05 B] 0,2;1,0
[14:53:05 A] 1,0;2,2
[14:53:05 B] 2,2;0,1
[14:53:05 A] 0,1;0,2
[14:53:05 B] 0,2;0,0
[14:53:05 A] 0,0;0,0
[14:53:06 B] 0,0;0,1
[14:53:06 A] 0,1;1,2
[14:53:06 B] 1,2;2,2
[14:53:06 A] 2,2;2,0
[14:53:06 B] 2,0;0,0
[14:53:06 A] 0,0;1,2
[14:53:06 B] 1,2;0,0
[14:53:06 A] 0,0;2,2
[14:53:06 B] 2,2;1,0
[14:53:06 A] 1,0;0,0
[14:53:06 B] 0,1;2,2
[14:53:06 A] 2,2;2,1
[14:53:06 B] 2,1;0,0
[14:53:06 A] 2,2;2,2
[14:53:06 B] 0,2;2,0
[14:53:06 A] 2,0;1,1
[14:53:06 B] 1,1;1,1
[14:53:06 A] 1,1;2,1
[14:53:06 B] 2,1;0,1
[14:53:06 A] 0,1;1,0
[14:53:06 B] 0,1;1,1
[14:53:06 A] 1,1;2,0
[14:53:06 B] 2,0;0,1
[14:53:06 A] 0,1;2,0
[14:53:06 B] 2,0;0,2
[14:53:06 A] 1,1;2,2
[14:53:06 B] 1,1;2,2
[14:53:06 A] 2,2;1,1
[14:53:06 B] 1,1;0,2
[14:53:06 A] 0,2;1,1
[14:53:06 B] 1,1;1,2
[14:53:06 A] 1,2;1,1
[14:53:06 B] 1,0;2,2
[14:53:06 A] 2,2;2,2
[14:53:06 B] 2,2;0,0
[14:53:06 A] 0,0;2,2
[14:53:06 B] 2,2;2,0
[14:53:06 A] 2,0;1,1
[14:53:06 B] 2,2;1,0
[14:53:06 A] 1,0;2,0
[14:53:06 B] 2,0;2,0
[14:53:06 A] 2,0;1,0
[14:53:06 B] 1,0;0,1
[14:53:06 A] 0,1;2,1
[14:53:06 B] 2,1;0,0
[14:53:06 A] 0,0;1,2
[14:53:06 B] 1,2;0,0
[14:53:06 A] 0,0;0,2
[14:53:06 B] 0,2;0,1
[14:53:06 A] 0,1;1,0
[14:53:06 B] 1,0;0,2
[14:53:06 A] 0,2;2,0
[14:53:06 B] 2,0;1,2
[14:53:06 A] 1,2;0,1
[14:53:06 B] 0,1;2,2
[14:53:06 A] 0,2;0,2
[14:53:06 B] 1,2;2,1
[14:53:06 A] 2,1;2,1
[14:53:06 B] 2,1;0,1
[14:53:06 A] 0,1;2,0
[14:53:06 B] 2,0;2,2
[14:53:06 A] 0,1;0,0
[14:53:06 A] 2,2;1,1
[14:53:06 B] 1,1;0,0
[14:53:06 A] 0,0;0,0
[14:53:06 B] 0,0;1,0
[14:53:06 A] 1,0;1,0
[14:53:06 B] 1,0;2,2
[14:53:06 A] 2,2;2,1
[14:53:06 B] 2,1;0,2
[14:53:06 A] 0,2;1,2
[14:53:06 B] 1,2;1,2
[14:53:06 A] 1,2;2,0
[14:53:06 B] 2,0;0,1
[14:53:06 A] 0,1;1,0
[14:53:06 B] 1,0;2,0
[14:53:06 A] 2,0;0,2
[14:53:06 B] 0,2;0,0
[14:53:06 A] 0,0;0,1
[14:53:06 B] 0,1;0,1
[14:53:06 A] 0,1;0,2
[14:53:06 B] 0,2;1,0
[14:53:06 A] 1,0;1,1
[14:53:06 B] 1,1;2,1
[14:53:06 A] 2,1;0,1
[14:53:06 B] 0,1;2,0
[14:53:06 A] 2,0;1,1
[14:53:06 B] 1,1;1,2
[14:53:06 A] 1,2;2,1
[14:53:06 B] 2,1;0,0
[14:53:06 A] 0,0;0,2
[14:53:06 B] 0,2;2,0
[14:53:06 A] 2,0;2,0
[14:53:06 B] 1,0;1,2
[14:53:06 A] 1,2;2,2
[14:53:06 B] 2,2;0,1
[14:53:06 A] 0,1;2,2
[14:53:06 B] 2,2;1,0
[14:53:06 A] 1,0;0,1
[14:53:06 B] 0,1;1,2
[14:53:06 A] 1,0;2,1
[14:53:06 B] 0,2;2,0
[14:53:06 A] 2,0;1,0
[14:53:06 B] 1,0;0,1
[14:53:06 A] 0,1;2,1
[14:53:06 B] 2,1;0,0
[14:53:06 A] 0,0;0,2
[14:53:06 B] 0,2;0,2
[14:53:06 A] 0,2;1,2
[14:53:06 B] 1,2;1,0
[14:53:06 A] 1,0;1,2
[14:53:06 B] 1,2;0,0
[14:53:06 A] 0,0;0,0
[14:53:07 B] 0,0;0,1
[14:53:07 A] 0,1;1,1
[14:53:07 B] 1,1;0,0
[14:53:07 A] 0,0;1,1
[14:53:07 B] 1,1;1,2
[14:53:07 A] 1,2;1,2
[14:53:07 B] 1,2;2,0
[14:53:07 A] 2,0;2,0
[14:53:07 B] 2,0;0,0
[14:53:07 A] 0,0;2,2
[14:53:07 B] 2,2;0,0
[14:53:07 A] 0,1;0,1
[14:53:07 B] 0,2;1,1
[14:53:07 A] 1,1;2,0
[14:53:07 B] 2,0;0,1
[14:53:07 A] 2,2;1,1
[14:53:07 B] 1,1;1,0
[14:53:07 A] 1,0;2,2
[14:53:07 B] 2,2;1,2
[14:53:07 A] 1,0;0,2
[14:53:07 B] 1,1;1,1
[14:53:07 A] 2,1;2,1
[14:53:07 B] 2,1;2,2
[14:53:07 A] 2,2;1,0
[14:53:07 B] 2,0;0,2
[14:53:07 A] 1,1;0,1
[14:53:07 B] 0,1;1,2
[14:53:07 A] 1,2;0,2
[14:53:07 B] 0,2;2,2
[14:53:07 A] 2,2;1,0
[14:53:07 B] 1,0;1,2
[14:53:07 A] 1,2;2,1
[14:53:07 B] 2,1;1,0
[14:53:07 A] 1,0;2,0
[14:53:07 B] 2,0;0,0
[14:53:07 A] 0,0;1,1
[14:53:07 B] 1,1;2,1
[14:53:07 A] 2,1;2,0
[14:53:07 B] 2,0;2,0
[14:53:07 A] 2,0;1,1
[14:53:07 B] 1,1;0,2
[14:53:07 A] 0,2;2,0
[14:53:07 B] 2,0;1,0
[14:53:07 A] 1,0;0,2
[14:53:07 B] 0,2;0,2
[14:53:07 A] 0,2;2,1
[14:53:07 B] 2,1;0,1
[14:53:07 A] 0,1;2,2
[14:53:07 B] 2,2;2,0
[14:53:07 A] 1,0;1,1
[14:53:07 B] 1,1;1,1
[14:53:07 A] 1,1;2,0
[14:53:07 B] 0,2;1,2
[14:53:07 A] 1,2;1,2
[14:53:07 B] 1,2;2,2
[14:53:07 A] 2,2;1,2
[14:53:07 B] 1,2;2,0
[14:53:07 A] 2,2;1,1
[14:53:07 B] 1,1;1,0
[14:53:07 A] 1,1;1,2
[14:53:07 B] 1,2;1,1
[14:53:07 A] 1,1;0,0
[14:53:07 B] 0,0;0,0
[14:53:07 A] 0,0;2,0
[14:53:07 B] 0,0;0,2
[14:53:07 A] 1,1;2,2
[14:53:07 B] 0,0;0,1
[14:53:07 A] 0,1;1,1
[14:53:07 B] 0,1;0,0
[14:53:07 A] 2,1;0,0
[14:53:07 B] 1,2;0,0
[14:53:07 A] 0,1;2,1
[14:53:07 B] 2,1;1,1
[14:53:07 A] 0,1;0,1
[14:53:07 B] 2,1;1,2
[14:53:07 B] 2,0;1,2
[14:53:07 A] 1,2;1,0
[14:53:07 B] 1,0;1,2
[14:53:07 A] 1,2;2,1
[14:53:07 B] 2,1;2,2
[14:53:07 A] 2,2;1,1
[14:53:07 B] 1,1;1,1
[14:53:07 A] 1,1;2,2
[14:53:07 B] 2,2;0,1
[14:53:07 A] 0,1;1,1
[14:53:07 B] 1,1;1,0
[14:53:07 A] 1,0;0,2
[14:53:07 B] 0,2;0,0
[14:53:07 A] 0,0;1,1
[14:53:07 B] 1,1;1,2
[14:53:07 A] 1,2;0,2
[14:53:07 B] 0,2;1,1
[14:53:07 A] 2,2;0,2
[14:53:07 B] 0,2;2,2
[14:53:07 A] 2,2;2,0
[14:53:07 B] 2,0;0,0
[14:53:07 A] 0,0;2,1
[14:53:07 B] 2,1;0,0
[14:53:07 A] 0,0;0,1
[14:53:07 B] 0,1;0,1
[14:53:07 A] 0,1;0,0
[14:53:07 B] 0,1;2,2
[14:53:07 A] 1,0;1,1
[14:53:07 B] 1,0;2,0
[14:53:07 A] 2,0;0,2
[14:53:07 B] 2,1;1,1
[14:53:07 A] 2,0;1,1
[14:53:07 B] 2,0;2,0
[14:53:07 A] 2,0;2,1
[14:53:07 B] 2,0;0,1
[14:53:07 A] 0,1;0,2
[14:53:08 B] 0,1;2,0
[14:53:08 A] 2,0;1,0
[14:53:08 B] 1,0;0,0
[14:53:08 A] 2,0;2,2
[14:53:08 B] 0,1;2,1
[14:53:08 A] 1,1;1,1
[14:53:08 B] 1,1;2,2
[14:53:08 A] 2,2;0,0
[14:53:08 B] 0,0;1,0
[14:53:08 A] 1,0;0,2
[14:53:08 B] 0,2;2,0
[14:53:08 A] 2,0;1,1
[14:53:08 B] 1,1;0,2
[14:53:08 A] 0,2;0,1
[14:53:08 B] 0,1;0,0
[14:53:08 A] 0,0;2,1
[14:53:08 B] 2,1;0,1
[14:53:08 A] 0,1;2,2
[14:53:08 B] 2,2;1,2
[14:53:08 A] 1,2;1,1
[14:53:08 B] 1,1;1,2
[14:53:08 A] 1,2;0,2
[14:53:08 B] 0,2;0,0
[14:53:08 A] 0,0;0,1
[14:53:08 B] 0,1;1,0
[14:53:08 A] 1,0;0,0
[14:53:08 B] 0,0;1,1
[14:53:08 A] 1,0;0,1
[14:53:08 B] 0,1;2,0
[14:53:08 A] 2,0;0,1
[14:53:08 B] 1,2;2,0
[14:53:08 A] 2,0;2,1
[14:53:08 B] 2,1;0,0
[14:53:08 A] 0,0;2,2
[14:53:08 B] 2,2;0,1
[14:53:08 A] 0,0;2,0
[14:53:08 B] 1,2;0,0
[14:53:08 A] 0,0;1,1
[14:53:08 B] 1,1;0,1
[14:53:08 A] 0,1;1,2
[14:53:08 B] 1,2;1,0
[14:53:08 A] 1,0;2,0
[14:53:08 B] 2,0;1,0
[14:53:08 A] 1,0;2,1
[14:53:08 B] 2,1;1,1
[14:53:08 A] 1,1;2,1
[14:53:08 B] 2,1;0,0
[14:53:08 A] 0,0;0,2
[14:53:08 B] 0,2;1,2
[14:53:08 A] 1,2;0,1
[14:53:08 B] 0,1;0,0
[14:53:08 A] 0,0;2,0
[14:53:08 B] 2,0;2,1
[14:53:08 A] 2,1;2,0
[14:53:08 B] 2,0;0,0
[14:53:08 A] 1,0;2,2
[14:53:08 B] 2,2;1,0
[14:53:08 A] 2,2;0,2
[14:53:08 B] 0,2;0,0
[14:53:08 A] 0,2;2,2
[14:53:08 B] 2,2;1,1
[14:53:08 A] 1,1;1,0
[14:53:08 B] 1,2;2,0
[14:53:08 A] 2,0;1,2
[14:53:08 B] 2,0;2,0
[14:53:08 A] 1,1;1,1
[14:53:08 B] 1,1;1,2
[14:53:08 A] 1,1;2,0
[14:53:08 B] 1,1;2,2
[14:53:08 A] 2,2;1,2
[14:53:08 B] 1,1;0,0
[14:53:08 A] 2,2;2,2
[14:53:08 B] 1,1;0,2
[14:53:08 A] 0,2;0,2
[14:53:08 B] 0,2;1,0
[14:53:08 A] 0,1;1,1
[14:53:08 B] 0,1;1,0
[14:53:08 A] 2,1;2,2
[14:53:08 B] 2,1;2,1
[14:53:08 A] 2,1;0,1
[14:53:08 B] 0,1;2,0
[14:53:08 A] 0,2;2,0
[14:53:08 B] 0,2;2,1
[14:53:08 A] 2,1;0,2
[14:53:08 B] 0,2;1,1
[14:53:08 A] 0,2;1,0
[14:53:08 B] 1,0;1,1
[14:53:08 A] 1,1;1,2
[14:53:08 B] 1,2;2,0
[14:53:08 A] 2,0;2,2
[14:53:08 B] 2,2;0,0
[14:53:08 A] 0,0;2,2
[14:53:08 B] 2,2;1,0
[14:53:08 A] 1,0;0,0
[14:53:08 B] 0,0;1,1
[14:53:08 A] 1,1;0,0
[14:53:08 B] 0,0;0,0
[14:53:08 A] 0,0;1,2
[14:53:08 B] 1,2;1,1
[14:53:08 A] 1,1;1,0
[14:53:08 B] 1,0;0,1
[14:53:08 A] 0,1;0,1
[14:53:08 B] 0,1;0,0
[14:53:08 A] 0,0;0,2
[14:53:08 B] 0,2;0,2
[14:53:08 A] 0,2;2,2
[14:53:08 B] 2,2;2,0
[14:53:08 A] 2,0;2,1
[14:53:08 B] 2,1;0,1
[14:53:08 A] 0,1;2,0
[14:53:09 B] 2,0;2,0
[14:53:09 A] 2,0;1,0
[14:53:09 B] 1,0;2,1
[14:53:09 A] 2,1;2,2
[14:53:09 B] 1,1;1,1
[14:53:09 A] 1,1;2,0
[14:53:09 B] 2,0;0,1
[14:53:09 A] 0,1;0,2
[14:53:09 B] 0,2;0,0
[14:53:09 A] 0,1;1,1
[14:53:09 B] 0,2;0,1
[14:53:09 A] 1,2;0,0
[14:53:09 B] 1,2;0,2
[14:53:09 B] 2,1;1,0
[14:53:09 A] 1,0;1,2
[14:53:09 B] 1,2;2,1
[14:53:09 A] 2,1;2,2
[14:53:09 B] 2,2;1,0
[14:53:09 A] 1,0;1,0
[14:53:09 B] 1,0;1,1
[14:53:09 A] 1,1;1,0
[14:53:09 B] 1,0;0,0
[14:53:09 A] 0,0;1,0
[14:53:09 B] 1,0;2,2
[14:53:09 A] 2,2;0,2
[14:53:09 B] 0,2;1,1
[14:53:09 A] 1,1;1,2
[14:53:09 B] 1,2;2,0
[14:53:09 A] 2,0;1,0
[14:53:09 B] 1,1;1,1
[14:53:09 A] 1,1;0,2
[14:53:09 B] 0,2;1,0
[14:53:09 A] 1,1;2,2
[14:53:09 B] 2,2;1,2
[14:53:09 A] 1,2;0,2
[14:53:09 B] 0,2;1,2
[14:53:09 A] 1,2;1,2
[14:53:09 B] 1,2;2,2
[14:53:09 A] 2,2;0,0
[14:53:09 B] 0,0;0,0
[14:53:09 A] 0,0;2,2
[14:53:09 B] 2,2;0,1
[14:53:09 A] 0,1;1,1
[14:53:09 B] 2,2;1,1
[14:53:09 A] 2,0;1,2
[14:53:09 B] 1,2;0,2
[14:53:09 A] 0,2;1,1
[14:53:09 B] 1,1;1,0
[14:53:09 A] 1,0;1,0
[14:53:09 B] 1,0;1,2
[14:53:09 A] 1,2;1,1
[14:53:09 B] 1,1;1,1
[14:53:09 A] 1,1;2,2
[14:53:09 B] 2,2;1,0
[14:53:09 A] 1,0;0,0
[14:53:09 B] 0,0;0,2
[14:53:09 A] 0,2;2,1
[14:53:09 B] 2,1;1,0
[14:53:09 A] 1,0;2,0
[14:53:09 B] 2,0;0,0
[14:53:09 A] 0,0;0,0
[14:53:09 B] 0,0;2,1
[14:53:09 A] 2,1;2,1
[14:53:09 B] 2,1;0,0
[14:53:09 A] 0,0;1,1
[14:53:09 B] 1,1;1,2
[14:53:09 A] 1,2;0,1
[14:53:09 B] 0,1;0,2
[14:53:09 A] 0,2;0,1
[14:53:09 B] 0,1;0,0
[14:53:09 A] 0,0;2,2
[14:53:09 B] 2,2;1,1
[14:53:09 A] 1,2;2,1
[14:53:09 B] 2,1;2,0
[14:53:09 A] 2,0;0,1
[14:53:09 B] 0,1;0,1
[14:53:09 B] 2,1;0,2
[14:53:09 A] 0,2;0,2
[14:53:09 B] 0,2;0,1
[14:53:09 A] 0,1;0,0
[14:53:09 B] 0,0;0,2
[14:53:09 A] 0,2;1,1
[14:53:09 B] 1,1;0,1
[14:53:09 A] 0,1;1,1
[14:53:09 B] 1,1;2,0
[14:53:09 A] 2,0;2,0
[14:53:09 B] 2,0;0,2
[14:53:09 A] 0,2;2,0
[14:53:09 B] 2,0;0,1
[14:53:09 A] 0,1;2,2
[14:53:09 B] 2,2;1,1
[14:53:09 A] 1,1;2,2
[14:53:09 B] 2,2;0,1
[14:53:09 A] 1,1;1,1
[14:53:09 B] 1,1;0,0
[14:53:09 A] 0,0;0,0
[14:53:09 B] 0,0;1,0
[14:53:09 A] 1,0;0,1
[14:53:09 B] 1,1;0,2
[14:53:09 A] 1,2;0,1
[14:53:09 B] 2,0;0,0
[14:53:09 A] 0,0;2,1
[14:53:09 B] 2,1;0,0
[14:53:09 A] 0,0;2,0
[14:53:09 B] 0,0;2,2
[14:53:09 A] 2,2;0,0
[14:53:09 B] 0,0;1,2
[14:53:09 A] 1,2;2,2
[14:53:09 B] 2,2;2,1
[14:53:09 A] 0,1;1,1
[14:53:10 B] 1,1;0,2
[14:53:10 A] 0,2;1,0
[14:53:10 B] 1,0;0,1
[14:53:10 A] 0,1;0,1
[14:53:10 B] 0,1;2,1
[14:53:10 A] 2,1;2,1
[14:53:10 B] 2,1;0,1
[14:53:10 A] 0,1;0,0
[14:53:10 B] 0,0;0,2
[14:53:10 A] 0,2;1,1
[14:53:10 B] 1,1;2,0
[14:53:10 A] 2,0;0,0
[14:53:10 B] 0,0;2,1
[14:53:10 A] 2,1;1,0
[14:53:10 B] 1,0;2,0
[14:53:10 A] 2,0;0,2
[14:53:10 B] 0,2;1,2
[14:53:10 A] 1,2;1,0
[14:53:10 B] 1,0;0,2
[14:53:10 A] 0,2;0,2
[14:53:10 B] 0,2;2,0
[14:53:10 A] 2,0;0,1
[14:53:10 B] 0,1;0,2
[14:53:10 A] 0,2;0,1
[14:53:10 B] 0,1;2,2
[14:53:10 A] 2,2;1,2
[14:53:10 B] 1,2;0,0
[14:53:10 A] 0,0;2,0
[14:53:10 B] 0,2;0,0
[14:53:10 A] 0,0;0,1
[14:53:10 B] 0,1;2,0
[14:53:10 A] 0,2;2,1
[14:53:10 B] 2,1;1,1
[14:53:10 A] 1,1;1,2
[14:53:10 B] 1,2;1,1
[14:53:10 A] 1,1;2,2
[14:53:10 B] 2,2;0,0
[14:53:10 A] 0,0;1,1
[14:53:10 B] 1,1;1,1
[14:53:10 A] 1,0;1,1
[14:53:10 B] 1,0;0,0
[14:53:10 A] 0,0;2,2
[14:53:10 B] 2,2;1,0
[14:53:10 A] 0,0;0,0
[14:53:10 B] 1,2;2,2
[14:53:10 B] 0,2;2,0
[14:53:10 A] 2,0;1,1
[14:53:10 B] 1,1;2,1
[14:53:10 A] 2,1;0,1
[14:53:10 B] 0,1;1,0
[14:53:10 A] 1,0;1,2
[14:53:10 B] 1,2;0,0
[14:53:10 A] 0,0;0,2
[14:53:10 B] 0,2;0,2
[14:53:10 A] 0,2;0,0
[14:53:10 B] 0,0;0,1
[14:53:10 A] 0,1;0,1
[14:53:10 B] 0,1;2,0
[14:53:10 A] 2,0;2,0
[14:53:10 B] 2,0;0,2
[14:53:10 A] 0,2;1,1
[14:53:10 B] 1,1;1,1
[14:53:10 A] 1,1;0,2
[14:53:10 B] 0,2;2,2
[14:53:10 A] 2,2;2,0
[14:53:10 B] 2,0;0,0
[14:53:10 A] 0,0;1,1
[14:53:10 B] 1,1;0,1
[14:53:10 A] 0,1;1,1
[14:53:10 B] 0,0;2,0
[14:53:10 A] 2,0;0,1
[14:53:10 B] 0,1;2,1
[14:53:10 A] 2,1;1,1
[14:53:10 B] 2,0;2,1
[14:53:10 A] 2,1;2,1
[14:53:10 B] 0,1;2,2
[14:53:10 A] 2,2;0,0
[14:53:10 B] 0,0;1,0
[14:53:10 A] 1,0;0,2
[14:53:10 B] 0,2;2,1
[14:53:10 A] 1,0;2,2
[14:53:10 B] 2,2;1,0
[14:53:10 A] 2,2;2,2
[14:53:10 B] 2,2;2,1
[14:53:10 A] 2,2;1,1
[14:53:10 B] 0,0;0,0
[14:53:10 A] 0,0;2,0
[14:53:10 B] 2,0;1,1
[14:53:10 A] 1,1;1,2
[14:53:10 B] 1,2;0,2
[14:53:10 A] 0,2;0,1
[14:53:10 B] 0,1;2,0
[14:53:10 A] 2,0;2,1
[14:53:10 B] 2,1;0,1
[14:53:10 A] 0,1;0,0
[14:53:10 B] 0,0;1,0
[14:53:10 A] 1,0;0,0
[14:53:10 B] 0,0;0,1
[14:53:10 A] 0,1;0,2
[14:53:10 B] 0,2;0,2
[14:53:10 A] 0,2;1,1
[14:53:10 B] 1,1;2,1
[14:53:10 A] 2,1;0,2
[14:53:10 B] 0,2;2,1
[14:53:10 A] 2,1;0,0
[14:53:10 B] 0,0;0,0
[14:53:10 A] 0,0;0,2
[14:53:10 B] 0,2;0,0
[14:53:10 A] 0,0;1,1
[14:53:10 B] 1,1;0,1
[14:53:10 A] 0,1;0,1
[14:53:10 B] 1,1;1,1
[14:53:10 A] 2,2;2,2
[14:53:11 B] 2,2;0,2
[14:53:11 A] 0,2;1,0
[14:53:11 B] 1,0;2,2
[14:53:11 A] 2,2;1,1
[14:53:11 B] 0,2;1,2
[14:53:11 A] 1,2;0,0
[14:53:11 B] 2,2;0,0
[14:53:11 A] 2,0;2,2
[14:53:11 B] 2,2;0,1
[14:53:11 A] 2,0;2,0
[14:53:11 B] 0,2;2,2
[14:53:11 A] 1,0;0,2
[14:53:11 B] 1,0;0,1
[14:53:11 A] 1,2;0,1
[14:53:11 B] 1,0;1,1
[14:53:11 A] 2,1;1,1
[14:53:11 B] 2,1;2,2
[14:53:11 A] 2,1;2,0
[14:53:11 B] 1,0;2,1
[14:53:11 A] 1,2;1,0
[14:53:11 B] 1,2;2,0
[14:53:11 A] 1,2;1,2
[14:53:11 B] 1,2;1,1
[14:53:11 B] 0,1;0,1
[14:53:11 A] 0,1;1,2
[14:53:11 B] 1,2;0,2
[14:53:11 A] 0,2;0,2
[14:53:11 B] 0,2;1,2
[14:53:11 A] 1,2;0,0
[14:53:11 B] 0,0;1,0
[14:53:11 A] 1,0;0,0
[14:53:11 B] 0,0;1,1
[14:53:11 A] 1,1;1,2
[14:53:11 B] 1,2;2,2
[14:53:11 A] 2,2;1,2
[14:53:11 B] 1,2;1,2
[14:53:11 A] 1,1;1,0
[14:53:11 B] 1,0;2,1
[14:53:11 A] 2,1;2,2
[14:53:11 B] 2,2;2,0
[14:53:11 A] 2,0;1,2
[14:53:11 B] 1,1;1,1
[14:53:11 A] 1,1;2,2
[14:53:11 B] 2,2;2,1
[14:53:11 A] 2,1;2,1
[14:53:11 B] 2,1;2,0
[14:53:11 A] 2,0;0,2
[14:53:11 B] 0,2;2,0
[14:53:11 A] 2,0;2,2
[14:53:11 B] 2,2;2,2
[14:53:11 A] 1,1;0,2
[14:53:11 B] 0,2;1,0
[14:53:11 A] 1,0;0,2
[14:53:11 B] 0,2;1,1
[14:53:11 A] 2,1;0,1
[14:53:11 B] 0,1;0,0
[14:53:11 A] 0,0;0,1
[14:53:11 B] 0,1;0,2
[14:53:11 A] 0,2;1,0
[14:53:11 B] 1,0;1,2
[14:53:11 A] 1,2;0,0
[14:53:11 B] 0,0;0,2
[14:53:11 A] 0,2;0,1
[14:53:11 B] 0,1;0,1
[14:53:11 A] 0,2;2,0
[14:53:11 B] 2,0;1,1
[14:53:11 A] 1,1;1,0
[14:53:11 B] 1,0;0,0
[14:53:11 A] 0,0;1,1
[14:53:11 B] 1,1;0,0
[14:53:11 A] 0,0;2,1
[14:53:11 B] 2,1;1,0
[14:53:11 A] 1,0;2,0
[14:53:11 B] 2,0;1,2
[14:53:11 A] 1,2;1,0
[14:53:11 B] 1,0;0,1
[14:53:11 A] 0,2;0,0
[14:53:11 B] 1,2;2,0
[14:53:11 A] 2,0;2,2
[14:53:11 B] 2,2;2,0
[14:53:11 A] 2,0;0,1
[14:53:11 B] 1,0;0,2
[14:53:11 A] 2,1;0,0
[14:53:11 B] 2,1;0,2
[14:53:11 A] 2,0;2,0
[14:53:11 B] 2,0;2,1
[14:53:11 A] 2,1;1,1
[14:53:11 B] 1,1;0,2
[14:53:11 A] 2,1;2,1
[14:53:11 B] 1,1;0,1
[14:53:11 A] 2,0;0,0
[14:53:11 B] 2,0;0,2
[14:53:11 A] 2,0;1,0
[14:53:11 B] 2,2;1,2
[14:53:11 A] 1,2;1,2
[14:53:11 B] 1,2;1,1
[14:53:11 A] 1,2;2,2
[14:53:11 B] 2,2;0,0
[14:53:11 A] 1,2;0,2
[14:53:11 B] 2,2;1,0
[14:53:11 B] 2,1;1,1
[14:53:11 A] 1,1;2,1
[14:53:11 B] 2,1;0,1
[14:53:11 A] 0,1;1,2
[14:53:11 B] 1,2;1,0
[14:53:11 A] 1,0;2,1
[14:53:11 B] 2,1;2,1
[14:53:11 A] 0,2;0,2
[14:53:11 B] 0,2;0,1
[14:53:12 A] 0,1;0,1
[14:53:12 B] 0,1;2,2
[14:53:12 A] 2,2;2,1
[14:53:12 B] 1,2;0,1
[14:53:12 A] 0,1;0,0
[14:53:12 B] 0,0;0,1
[14:53:12 A] 0,1;0,2
[14:53:12 B] 0,2;0,0
[14:53:12 A] 0,0;0,2
[14:53:12 B] 0,2;1,1
[14:53:12 A] 1,1;1,2
[14:53:12 B] 1,2;1,1
[14:53:12 A] 1,1;0,1
[14:53:12 B] 1,1;1,1
[14:53:12 A] 1,1;0,0
[14:53:12 B] 0,0;1,1
[14:53:12 A] 1,1;0,2
[14:53:12 B] 0,2;2,1
[14:53:12 A] 0,0;2,2
[14:53:12 B] 2,2;1,1
[14:53:12 A] 0,0;1,2
[14:53:12 B] 1,2;1,2
[14:53:12 A] 1,0;0,2
[14:53:12 B] 2,0;2,0
[14:53:12 A] 2,0;0,0
[14:53:12 B] 1,0;1,2
[14:53:12 A] 1,0;2,2
[14:53:12 B] 2,2;1,0
[14:53:12 A] 1,0;2,0
[14:53:12 B] 2,0;0,1
[14:53:12 A] 2,0;0,2
[14:53:12 B] 2,2;1,2
[14:53:12 A] 1,2;2,2
[14:53:12 B] 2,2;1,1
[14:53:12 A] 1,1;2,0
[14:53:12 B] 2,0;2,0
[14:53:12 A] 2,0;2,1
[14:53:12 B] 2,1;1,0
[14:53:12 A] 1,0;1,2
[14:53:12 B] 1,2;0,1
[14:53:12 A] 0,1;1,1
[14:53:12 B] 1,1;0,2
[14:53:12 A] 0,2;1,0
[14:53:12 B] 1,0;0,2
[14:53:12 A] 0,2;1,1
[14:53:12 B] 1,1;0,0
[14:53:12 A] 0,0;1,2
[14:53:12 B] 1,2;1,2
[14:53:12 A] 1,2;0,2
[14:53:12 B] 0,2;1,2
[14:53:12 A] 1,2;2,0
[14:53:12 B] 2,0;1,1
[14:53:12 A] 1,1;2,1
[14:53:12 B] 2,1;0,1
[14:53:12 A] 0,1;0,0
[14:53:12 B] 0,0;0,0
[14:53:12 A] 0,0;1,1
[14:53:12 B] 1,1;2,2
[14:53:12 A] 2,2;0,0
[14:53:12 B] 0,0;1,0
[14:53:12 A] 1,0;1,1
[14:53:12 B] 1,1;0,1
[14:53:12 A] 0,1;2,2
[14:53:12 B] 2,2;1,2
[14:53:12 A] 1,2;1,1
[14:53:12 B] 1,0;1,0
[14:53:12 A] 1,0;0,1
[14:53:12 B] 1,0;2,1
[14:53:12 A] 2,1;2,0
[14:53:12 B] 2,0;0,2
[14:53:12 A] 0,2;0,0
[14:53:12 B] 0,0;2,0
[14:53:12 A] 0,2;2,0
[14:53:12 B] 2,2;1,0
[14:53:12 B] 0,0;2,1
[14:53:12 A] 2,1;0,0
[14:53:12 B] 0,0;0,0
[14:53:12 A] 0,0;1,2
[14:53:12 B] 1,2;1,1
[14:53:12 A] 1,1;2,0
[14:53:12 B] 2,0;0,2
[14:53:12 A] 0,2;1,2
[14:53:12 B] 1,2;1,0
[14:53:12 A] 1,0;2,2
[14:53:12 B] 2,2;0,0
[14:53:12 A] 0,0;0,1
[14:53:12 B] 0,1;0,2
[14:53:12 A] 0,2;0,0
[14:53:12 B] 0,0;2,0
[14:53:12 A] 2,0;0,0
[14:53:12 B] 0,0;2,2
[14:53:12 A] 2,2;0,1
[14:53:12 B] 0,1;1,1
[14:53:12 A] 1,1;1,1
[14:53:12 B] 1,1;0,2
[14:53:12 A] 0,2;1,0
[14:53:12 B] 1,0;1,0
[14:53:12 A] 1,0;0,2
[14:53:12 B] 0,2;1,1
[14:53:12 A] 1,1;2,1
[14:53:12 B] 2,1;2,0
[14:53:12 A] 2,0;2,2
[14:53:12 B] 2,2;0,2
[14:53:12 A] 0,2;2,0
[14:53:12 B] 2,0;1,1
[14:53:12 A] 1,1;0,1
[14:53:12 B] 0,1;2,0
[14:53:12 A] 2,0;0,1
[14:53:12 B] 1,0;1,2
[14:53:12 A] 1,2;2,0
[14:53:12 B] 2,0;2,0
[14:53:12 A] 1,0;2,0
[14:53:13 B] 1,0;2,1
[14:53:13 A] 2,1;1,2
[14:53:13 B] 1,2;1,2
[14:53:13 A] 1,0;1,1
[14:53:13 B] 2,1;2,2
[14:53:13 A] 2,2;2,2
[14:53:13 B] 2,2;1,1
[14:53:13 A] 2,1;0,1
[14:53:13 B] 2,1;0,2
[14:53:13 A] 2,2;1,2
[14:53:13 B] 2,1;2,1
[14:53:13 A] 2,2;1,0
[14:53:13 B] 2,2;2,0
[14:53:13 A] 1,2;0,2
[14:53:13 B] 0,2;2,2
[14:53:13 A] 2,2;0,1
[14:53:13 B] 0,1;0,0
[14:53:13 A] 0,0;0,0
[14:53:13 B] 0,0;0,1
[14:53:13 A] 0,1;2,0
[14:53:13 B] 2,0;0,1
[14:53:13 A] 0,1;2,2
[14:53:13 B] 2,2;2,0
[14:53:13 A] 2,0;2,2
[14:53:13 B] 2,2;0,2
[14:53:13 A] 0,2;1,2
[14:53:13 B] 1,2;0,0
[14:53:13 A] 0,0;0,2
[14:53:13 B] 0,2;0,2
[14:53:13 A] 0,2;1,1
[14:53:13 B] 1,1;1,0
[14:53:13 A] 1,0;2,0
[14:53:13 B] 2,0;0,2
[14:53:13 A] 0,2;1,0
[14:53:13 B] 1,0;2,2
[14:53:13 A] 2,2;1,2
[14:53:13 B] 1,2;1,0
[14:53:13 A] 1,0;2,1
[14:53:13 B] 2,1;0,0
[14:53:13 A] 0,0;1,0
[14:53:13 B] 1,0;0,0
[14:53:13 A] 0,0;2,0
[14:53:13 B] 2,0;0,0
[14:53:13 A] 0,1;2,1
[14:53:13 B] 1,1;0,0
[14:53:13 A] 0,0;2,0
[14:53:13 B] 2,0;0,0
[14:53:13 A] 0,0;0,0
[14:53:13 B] 0,0;1,0
[14:53:13 A] 1,0;0,1
[14:53:13 B] 0,1;2,0
[14:53:13 A] 2,0;0,2
[14:53:13 B] 0,2;0,0
[14:53:13 A] 0,0;0,2
[14:53:13 B] 0,2;2,0
[14:53:13 A] 2,0;1,0
[14:53:13 B] 1,0;1,1
[14:53:13 A] 1,1;1,0
[14:53:13 B] 1,0;2,2
[14:53:13 A] 2,2;0,0
[14:53:13 B] 0,0;0,1
[14:53:13 A] 0,1;0,2
[14:53:13 B] 0,2;1,0
[14:53:13 A] 1,0;0,0
[14:53:13 B] 0,0;1,1
[14:53:13 A] 1,1;1,2
[14:53:13 B] 1,2;0,2
[14:53:13 A] 1,0;0,2
[14:53:13 B] 1,1;1,1
[14:53:13 A] 1,1;0,1
[14:53:13 B] 0,1;1,1
[14:53:13 A] 1,1;2,1
[14:53:13 B] 2,1;0,0
[14:53:13 A] 0,0;2,1
[14:53:13 B] 2,1;0,1
[14:53:13 A] 0,1;1,2
[14:53:13 B] 1,2;1,0
[14:53:13 A] 0,0;2,2
[14:53:13 B] 2,2;2,0
[14:53:13 A] 2,0;0,1
[14:53:13 B] 0,1;2,2
[14:53:13 A] 2,2;0,1
[14:53:13 B] 0,1;2,1
[14:53:13 A] 2,1;1,0
[14:53:13 B] 2,2;0,2
[14:53:13 A] 1,2;1,1
[14:53:13 B] 1,1;2,2
[14:53:13 A] 2,2;1,1
[14:53:13 B] 2,2;2,1
[14:53:13 A] 2,1;2,1
[14:53:13 B] 2,1;0,2
[14:53:13 A] 0,0;2,0
[14:53:13 B] 2,0;1,0
[14:53:13 A] 1,0;0,1
[14:53:13 B] 0,1;0,2
[14:53:13 A] 0,2;1,0
[14:53:13 B] 1,0;0,0
[14:53:13 A] 0,0;1,1
[14:53:13 B] 1,1;0,2
[14:53:13 A] 0,2;0,0
[14:53:13 B] 0,0;0,2
[14:53:13 A] 0,2;2,0
[14:53:13 B] 2,0;0,2
[14:53:13 A] 2,0;2,1
[14:53:13 B] 2,1;0,1
[14:53:13 A] 0,1;2,0
[14:53:13 B] 2,0;1,2
[14:53:13 A] 1,2;0,0
[14:53:13 B] 0,0;0,0
[14:53:13 A] 0,0;1,0
[14:53:13 B] 1,0;1,0
[14:53:14 A] 1,0;1,2
[14:53:14 B] 1,2;0,2
[14:53:14 A] 0,0;1,2
[14:53:14 B] 1,2;1,2
[14:53:14 A] 1,2;1,0
[14:53:14 B] 1,0;2,0
[14:53:14 A] 2,0;0,1
[14:53:14 B] 0,1;2,2
[14:53:14 A] 2,2;2,2
[14:53:14 B] 2,2;1,1
[14:53:14 A] 1,1;0,1
[14:53:14 B] 0,1;1,2
[14:53:14 A] 1,2;2,0
[14:53:14 B] 2,0;1,1
[14:53:14 A] 1,1;1,1
[14:53:14 B] 1,1;2,1
[14:53:14 A] 2,1;1,1
[14:53:14 B] 1,1;1,0
[14:53:14 A] 2,2;2,0
[14:53:14 B] 2,2;2,1
[14:53:14 A] 2,1;0,0
[14:53:14 B] 2,1;2,2
[14:53:14 A] 2,2;0,2
[14:53:14 B] 2,2;1,2
[14:53:14 A] 1,1;0,0
[14:53:14 B] 1,1;2,2
[14:53:14 A] 2,2;1,0
[14:53:14 B] 2,2;0,0
[14:53:14 A] 2,2;0,1
[14:53:14 B] 1,1;2,0
[14:53:14 A] 2,1;2,1
[14:53:14 B] 2,1;1,0
[14:53:14 A] 2,1;0,2
[14:53:14 B] 2,1;2,0
[14:53:14 A] 2,1;1,2
[14:53:14 B] 0,1;1,0
[14:53:14 A] 1,0;1,2
[14:53:14 B] 1,2;0,0
[14:53:14 A] 0,0;0,0
[14:53:14 B] 0,0;1,0
[14:53:14 A] 1,0;0,0
[14:53:14 B] 0,0;2,0
[14:53:14 A] 2,0;2,1
[14:53:14 B] 2,1;0,2
[14:53:14 A] 0,2;1,1
[14:53:14 B] 1,1;1,0
[14:53:14 A] 1,0;1,0
[14:53:14 B] 1,0;1,1
[14:53:14 A] 1,1;0,1
[14:53:14 B] 0,1;0,2
[14:53:14 A] 0,2;2,2
[14:53:14 B] 2,2;2,2
[14:53:14 A] 2,2;0,1
[14:53:14 B] 0,1;2,1
[14:53:14 A] 2,1;2,2
[14:53:14 B] 2,2;0,0
[14:53:14 A] 0,0;2,2
[14:53:14 B] 2,2;1,1
[14:53:14 A] 1,1;1,1
[14:53:14 B] 1,1;2,1
[14:53:14 A] 2,1;2,0
[14:53:14 B] 2,0;0,2
[14:53:14 A] 0,2;0,0
[14:53:14 B] 0,0;1,1
[14:53:14 A] 1,1;0,0
[14:53:14 B] 0,0;1,2
[14:53:14 A] 1,2;1,2
[14:53:14 B] 1,2;1,1
[14:53:14 A] 1,1;2,2
[14:53:14 B] 1,0;2,0
[14:53:14 A] 2,0;0,1
[14:53:14 B] 0,1;0,0
[14:53:14 A] 2,0;1,1
[14:53:14 A] 0,0;2,1
[14:53:14 B] 2,1;1,1
[14:53:14 A] 1,1;1,2
[14:53:14 B] 1,2;0,2
[14:53:14 A] 0,2;2,0
[14:53:14 B] 2,0;1,1
[14:53:14 A] 1,1;0,1
[14:53:14 B] 0,1;0,2
[14:53:14 A] 0,2;0,2
[14:53:14 B] 0,2;1,1
[14:53:14 A] 1,1;1,0
[14:53:14 B] 1,0;0,0
[14:53:14 A] 0,0;0,0
[14:53:14 B] 0,0;2,0
[14:53:14 A] 2,0;1,2
[14:53:14 B] 1,2;1,0
[14:53:14 A] 1,0;1,0
[14:53:14 B] 1,0;0,1
[14:53:14 A] 0,1;2,2
[14:53:14 B] 2,2;2,1
[14:53:14 A] 2,1;0,2
[14:53:14 B] 0,2;2,1
[14:53:14 A] 2,1;2,2
[14:53:14 B] 2,2;0,0
[14:53:14 A] 0,0;0,2
[14:53:14 B] 0,2;0,1
[14:53:14 A] 0,1;2,0
[14:53:14 B] 2,0;0,1
[14:53:14 A] 0,1;2,1
[14:53:14 B] 2,1;1,2
[14:53:14 A] 1,2;2,2
[14:53:14 B] 2,2;0,2
[14:53:14 A] 0,0;0,1
[14:53:14 B] 1,1;1,1
[14:53:14 A] 1,1;0,0
[14:53:14 B] 1,1;0,2
[14:53:14 A] 1,1;2,0
[14:53:14 B] 2,0;2,1
[14:53:14 A] 2,1;2,0
[14:53:15 B] 2,1;2,1
[14:53:15 A] 2,1;1,0
[14:53:15 B] 1,0;0,2
[14:53:15 A] 2,1;0,0
[14:53:15 B] 2,2;1,2
[14:53:15 A] 1,2;0,0
[14:53:15 B] 0,0;1,0
[14:53:15 A] 1,0;1,0
[14:53:15 B] 1,0;0,1
[14:53:15 A] 0,1;0,1
[14:53:15 B] 0,1;1,1
[14:53:15 A] 1,1;2,2
[14:53:15 B] 2,2;1,1
[14:53:15 A] 1,1;0,2
[14:53:15 B] 0,2;0,2
[14:53:15 A] 0,2;2,0
[14:53:15 B] 2,0;2,0
[14:53:15 A] 2,0;0,0
[14:53:15 B] 0,0;2,0
[14:53:15 A] 2,0;2,2
[14:53:15 B] 2,2;1,0
[14:53:15 A] 1,0;1,1
[14:53:15 B] 1,1;1,2
[14:53:15 A] 1,2;1,2
[14:53:15 B] 1,2;2,0
[14:53:15 A] 2,0;1,1
[14:53:15 B] 1,1;0,0
[14:53:15 A] 0,0;1,1
[14:53:15 B] 1,1;1,0
[14:53:15 A] 1,0;1,2
[14:53:15 B] 1,2;2,2
[14:53:15 A] 2,1;2,2
[14:53:15 B] 0,0;0,0
[14:53:15 A] 0,2;1,2
[14:53:15 B] 1,2;2,1
[14:53:15 A] 2,1;2,1
[14:53:15 B] 2,1;2,0
[14:53:15 A] 0,2;0,1
[14:53:15 B] 0,1;1,0
[14:53:15 A] 1,1;1,1
[14:53:15 B] 1,1;2,0
[14:53:15 A] 2,1;1,0
[14:53:15 B] 1,0;0,1
[14:53:15 A] 0,1;1,0
[14:53:15 B] 1,0;0,2
[14:53:15 A] 0,2;1,2
[14:53:15 B] 1,2;0,1
[14:53:15 A] 0,1;1,2
[14:53:15 B] 1,2;2,0
[14:53:15 A] 2,0;1,2
[14:53:15 B] 1,2;0,2
[14:53:15 A] 0,2;0,1
[14:53:15 B] 0,1;1,1
[14:53:15 A] 1,1;0,1
[14:53:15 B] 0,1;0,2
[14:53:15 A] 0,2;0,2
[14:53:15 B] 0,2;0,0
[14:53:15 A] 0,0;1,0
[14:53:15 B] 1,0;0,0
[14:53:15 A] 0,0;2,0
[14:53:15 B] 2,0;0,1
[14:53:15 A] 0,1;2,1
[14:53:15 B] 2,1;0,0
[14:53:15 A] 0,0;0,0
[14:53:15 B] 0,2;2,2
[14:53:15 A] 2,2;0,0
[14:53:15 B] 0,1;2,0
[14:53:15 A] 2,0;0,0
[14:53:15 B] 0,2;1,1
[14:53:15 A] 1,1;2,1
[14:53:15 B] 2,1;1,1
[14:53:15 A] 1,1;1,1
[14:53:15 B] 1,2;0,0
[14:53:15 A] 2,1;2,2
[14:53:15 B] 2,2;0,1
[14:53:15 A] 2,2;2,2
[14:53:15 B] 2,2;1,1
[14:53:15 A] 2,1;2,0
[14:53:15 B] 2,0;1,1
[14:53:15 A] 2,1;2,1
[14:53:15 B] 2,0;2,1
[14:53:15 A] 2,2;1,2
[14:53:15 B] 2,2;0,2
[14:53:15 A] 2,2;2,0
[14:53:15 B] 2,2;2,1
[14:53:15 B] 0,0;2,2
[14:53:15 A] 2,2;0,1
[14:53:15 B] 0,1;1,0
[14:53:15 A] 1,0;1,2
[14:53:15 B] 1,2;0,2
[14:53:15 A] 0,2;0,2
[14:53:15 B] 0,2;1,1
[14:53:15 A] 1,1;0,2
[14:53:15 B] 0,2;0,0
[14:53:15 A] 0,0;0,1
[14:53:15 B] 0,1;0,0
[14:53:15 A] 0,0;1,1
[14:53:15 B] 1,1;1,0
[14:53:15 A] 1,0;0,2
[14:53:15 B] 0,2;2,2
[14:53:15 A] 2,2;1,0
[14:53:15 B] 1,0;2,2
[14:53:15 A] 2,2;2,2
[14:53:15 B] 2,2;2,1
[14:53:15 A] 2,1;1,2
[14:53:15 B] 1,2;0,1
[14:53:15 A] 0,1;2,0
[14:53:15 B] 2,0;0,0
[14:53:15 A] 0,0;2,1
[14:53:15 B] 2,1;2,1
[14:53:15 A] 2,1;0,0
[14:53:15 B] 1,2;0,0
[14:53:15 A] 1,0;2,0
[14:53:16 B] 2,0;2,2
[14:53:16 A] 2,2;0,2
[14:53:16 B] 1,0;1,1
[14:53:16 A] 1,1;2,2
[14:53:16 B] 2,2;0,0
[14:53:16 A] 1,1;1,2
[14:53:16 B] 2,2;1,2
[14:53:16 A] 0,1;2,1
[14:53:16 B] 2,1;0,1
[14:53:16 A] 0,1;2,2
[14:53:16 B] 2,2;1,1
[14:53:16 A] 2,2;2,0
[14:53:16 B] 2,0;1,1
[14:53:16 A] 2,1;2,0
[14:53:16 B] 2,1;1,0
[14:53:16 A] 1,0;0,0
[14:53:16 B] 1,0;0,1
[14:53:16 A] 1,0;1,0
[14:53:16 B] 2,1;1,1
[14:53:16 A] 0,0;2,0
[14:53:16 B] 2,0;0,1
[14:53:16 A] 0,1;1,0
[14:53:16 B] 1,0;2,2
[14:53:16 A] 2,2;1,2
[14:53:16 B] 1,2;0,0
[14:53:16 A] 0,0;1,1
[14:53:16 B] 1,1;1,0
[14:53:16 A] 1,0;0,0
[14:53:16 B] 0,0;0,2
[14:53:16 A] 0,2;1,0
[14:53:16 B] 1,0;1,2
[14:53:16 A] 1,2;2,0
[14:53:16 B] 2,0;2,1
[14:53:16 A] 2,1;1,1
[14:53:16 B] 1,1;0,0
[14:53:16 A] 0,0;1,2
[14:53:16 B] 1,2;1,1
[14:53:16 A] 1,1;0,1
[14:53:16 B] 0,1;0,2
[14:53:16 A] 0,2;0,1
[14:53:16 B] 0,1;0,0
[14:53:16 A] 0,0;1,0
[14:53:16 B] 1,0;0,2
[14:53:16 A] 0,2;2,0
[14:53:16 B] 2,0;1,1
[14:53:16 A] 1,1;2,1
[14:53:16 B] 2,1;0,2
[14:53:16 A] 0,2;0,0
[14:53:16 B] 1,1;1,1
[14:53:16 A] 1,1;0,2
[14:53:16 B] 0,1;0,1
[14:53:16 A] 1,2;1,2
[14:53:16 B] 1,2;2,2
[14:53:16 A] 2,2;2,0
[14:53:16 B] 1,1;1,2
[14:53:16 B] 1,1;1,2
[14:53:16 A] 1,2;1,1
[14:53:16 B] 1,1;2,0
[14:53:16 A] 2,0;0,1
[14:53:16 B] 0,1;2,0
[14:53:16 A] 2,0;2,2
[14:53:16 B] 2,2;0,0
[14:53:16 A] 0,0;2,2
[14:53:16 B] 2,2;1,0
[14:53:16 A] 1,0;0,2
[14:53:16 B] 0,2;0,0
[14:53:16 A] 0,0;0,0
[14:53:16 B] 0,0;1,1
[14:53:16 A] 1,1;0,1
[14:53:16 B] 0,1;0,1
[14:53:16 A] 0,1;0,0
[14:53:16 B] 0,0;1,0
[14:53:16 A] 1,0;0,1
[14:53:16 B] 0,1;0,2
[14:53:16 A] 0,2;0,1
[14:53:16 B] 0,1;1,1
[14:53:16 A] 1,1;0,0
[14:53:16 B] 0,0;1,2
[14:53:16 A] 1,2;0,2
[14:53:16 B] 0,2;1,1
[14:53:16 A] 1,1;0,2
[14:53:16 B] 0,2;2,2
[14:53:16 A] 0,1;1,0
[14:53:16 B] 1,0;1,0
[14:53:16 A] 1,0;0,2
[14:53:16 B] 0,2;0,0
[14:53:16 A] 0,0;0,0
[14:53:16 B] 0,0;2,1
[14:53:16 A] 2,1;1,2
[14:53:16 B] 1,2;0,0
[14:53:16 A] 0,0;2,2
[14:53:16 B] 2,2;0,0
[14:53:16 A] 0,0;1,1
[14:53:16 B] 1,1;0,0
[14:53:16 A] 2,0;1,0
[14:53:16 B] 1,0;0,1
[14:53:16 A] 0,1;0,2
[14:53:16 B] 0,2;1,1
[14:53:16 A] 1,1;1,2
[14:53:16 B] 1,2;1,2
[14:53:16 A] 1,2;1,0
[14:53:16 B] 1,0;2,1
[14:53:16 A] 2,1;0,2
[14:53:16 B] 0,2;2,2
[14:53:16 A] 2,2;1,1
[14:53:16 B] 1,1;0,1
[14:53:16 A] 0,1;1,2
[14:53:16 B] 1,2;0,1
[14:53:16 A] 0,1;1,1
[14:53:16 B] 1,1;0,2
[14:53:16 A] 2,1;2,2
[14:53:17 B] 2,2;2,2
[14:53:17 A] 2,2;0,1
[14:53:17 B] 2,2;2,1
[14:53:17 A] 2,0;1,2
[14:53:17 B] 1,2;0,2
[14:53:17 A] 2,0;1,1
[14:53:17 B] 1,0;1,1
[14:53:17 B] 0,0;2,0
[14:53:17 A] 2,0;2,2
[14:53:17 B] 2,2;2,0
[14:53:17 A] 2,0;0,0
[14:53:17 B] 0,0;0,2
[14:53:17 A] 0,2;1,1
[14:53:17 B] 1,1;0,1
[14:53:17 A] 0,1;1,1
[14:53:17 B] 1,1;0,2
[14:53:17 A] 0,2;0,2
[14:53:17 B] 0,2;2,0
[14:53:17 A] 2,0;1,1
[14:53:17 B] 1,1;0,0
[14:53:17 A] 0,0;2,2
[14:53:17 B] 2,2;1,0
[14:53:17 A] 1,0;0,0
[14:53:17 B] 0,0;1,1
[14:53:17 A] 0,1;2,2
[14:53:17 B] 2,2;0,0
[14:53:17 A] 1,0;0,1
[14:53:17 B] 0,1;2,2
[14:53:17 A] 2,2;1,2
[14:53:17 B] 1,2;1,0
[14:53:17 A] 1,0;1,0
[14:53:17 B] 1,0;0,2
[14:53:17 A] 0,2;2,2
[14:53:17 B] 2,2;0,0
[14:53:17 A] 0,0;1,0
[14:53:17 B] 1,0;1,2
[14:53:17 A] 1,2;1,1
[14:53:17 B] 1,1;1,1
[14:53:17 A] 1,1;2,0
[14:53:17 B] 2,0;1,0
[14:53:17 A] 1,0;2,1
[14:53:17 B] 2,1;0,0
[14:53:17 A] 0,0;0,2
[14:53:17 B] 0,2;2,1
[14:53:17 A] 2,1;1,2
[14:53:17 B] 1,2;0,2
[14:53:17 A] 0,2;0,0
[14:53:17 B] 0,0;2,0
[14:53:17 A] 2,0;0,2
[14:53:17 B] 0,2;1,1
[14:53:17 A] 1,1;1,2
[14:53:17 B] 1,2;0,0
[14:53:17 A] 0,0;1,2
[14:53:17 B] 1,2;0,1
[14:53:17 A] 0,1;0,1
[14:53:17 B] 0,1;0,0
[14:53:17 A] 0,0;1,1
[14:53:17 B] 1,1;0,0
[14:53:17 A] 1,0;1,1
[14:53:17 B] 1,1;2,2
[14:53:17 A] 2,2;0,2
[14:53:17 B] 0,2;0,1
[14:53:17 A] 0,1;0,2
[14:53:17 B] 2,2;2,2
[14:53:17 A] 2,2;1,0
[14:53:17 B] 2,2;1,1
[14:53:17 B] 1,2;0,2
[14:53:17 A] 0,2;2,1
[14:53:17 B] 2,1;2,0
[14:53:17 A] 2,0;1,0
[14:53:17 B] 1,0;1,0
[14:53:17 A] 1,0;1,1
[14:53:17 B] 1,1;2,2
[14:53:17 A] 2,2;1,2
[14:53:17 B] 1,2;1,0
[14:53:17 A] 1,0;0,1
[14:53:17 B] 0,1;0,2
[14:53:17 A] 0,2;1,0
[14:53:17 B] 1,0;2,1
[14:53:17 A] 2,1;0,1
[14:53:17 B] 0,1;1,1
[14:53:17 A] 1,1;0,2
[14:53:17 B] 0,2;0,1
[14:53:17 A] 0,1;2,1
[14:53:17 B] 2,1;1,2
[14:53:17 A] 1,2;2,2
[14:53:17 B] 2,2;2,1
[14:53:17 A] 2,1;1,1
[14:53:17 B] 1,1;1,1
[14:53:17 A] 1,1;0,1
[14:53:17 B] 0,1;2,0
[14:53:17 A] 2,0;2,2
[14:53:17 B] 2,2;2,0
[14:53:17 A] 2,0;0,1
[14:53:17 B] 1,1;0,0
[14:53:17 A] 0,0;1,1
[14:53:17 B] 2,1;2,1
[14:53:17 A] 2,1;1,0
[14:53:17 B] 1,0;0,0
[14:53:17 A] 0,0;0,2
[14:53:17 B] 0,2;1,2
[14:53:17 A] 1,2;2,0
[14:53:17 B] 2,0;1,2
[14:53:17 A] 1,2;2,1
[14:53:17 B] 2,1;2,2
[14:53:17 A] 2,0;0,2
[14:53:17 B] 0,2;0,2
[14:53:17 A] 0,2;0,1
[14:53:17 B] 0,1;0,2
[14:53:17 A] 0,2;2,2
[14:53:18 B] 2,2;0,0
[14:53:18 A] 0,0;1,1
[14:53:18 B] 1,1;1,1
[14:53:18 A] 1,1;0,1
[14:53:18 B] 0,1;1,0
[14:53:18 A] 1,0;1,1
[14:53:18 B] 1,1;1,0
[14:53:18 A] 1,0;1,2
[14:53:18 B] 1,2;0,1
[14:53:18 A] 0,1;2,1
[14:53:18 B] 2,1;0,2
[14:53:18 A] 0,2;0,0
[14:53:18 B] 0,0;0,2
[14:53:18 A] 0,2;1,1
[14:53:18 B] 1,1;1,2
[14:53:18 A] 1,2;2,2
[14:53:18 B] 2,2;2,0
[14:53:18 A] 2,0;0,0
[14:53:18 B] 0,0;0,0
[14:53:18 A] 0,0;1,2
[14:53:18 B] 1,2;1,1
[14:53:18 A] 0,0;1,0
[14:53:18 B] 1,0;1,0
[14:53:18 A] 1,0;0,1
[14:53:18 B] 0,1;1,1
[14:53:18 A] 1,0;2,1
[14:53:18 B] 2,1;2,2
[14:53:18 A] 2,2;1,1
[14:53:18 B] 2,0;0,1
[14:53:18 A] 0,1;1,2
[14:53:18 B] 1,2;2,1
[14:53:18 A] 2,1;1,0
[14:53:18 B] 0,1;2,0
[14:53:18 A] 2,0;1,1
[14:53:18 B] 2,0;2,2
[14:53:18 A] 2,2;1,2
[14:53:18 B] 2,0;2,0
[14:53:18 A] 2,0;1,2
[14:53:18 B] 2,0;1,0
[14:53:18 A] 2,0;2,1
[14:53:18 B] 2,1;1,2
[14:53:18 B] 2,1;1,0
[14:53:18 A] 1,0;0,2
[14:53:18 B] 0,2;0,0
[14:53:18 A] 0,0;1,1
[14:53:18 B] 1,1;0,1
[14:53:18 A] 0,1;2,1
[14:53:18 B] 2,1;0,2
[14:53:18 A] 0,2;1,1
[14:53:18 B] 1,1;2,0
[14:53:18 A] 2,0;1,2
[14:53:18 B] 1,2;0,0
[14:53:18 A] 0,0;1,0
[14:53:18 B] 1,0;2,2
[14:53:18 A] 2,2;1,2
[14:53:18 B] 1,2;0,1
[14:53:18 A] 0,1;0,1
[14:53:18 B] 0,1;1,1
[14:53:18 A] 1,1;2,1
[14:53:18 B] 2,1;1,2
[14:53:18 A] 1,2;1,2
[14:53:18 B] 1,2;0,2
[14:53:18 A] 0,2;0,2
[14:53:18 B] 0,2;2,0
[14:53:18 A] 2,0;1,1
[14:53:18 B] 1,1;1,1
[14:53:18 A] 1,1;0,2
[14:53:18 B] 0,2;1,0
[14:53:18 A] 1,0;0,1
[14:53:18 B] 0,1;1,0
[14:53:18 A] 1,0;0,0
[14:53:18 B] 0,0;1,2
[14:53:18 A] 2,0;1,0
[14:53:18 B] 0,1;1,2
[14:53:18 A] 2,2;0,2
[14:53:18 B] 2,2;2,2
[14:53:18 A] 2,2;2,1
[14:53:18 B] 2,1;1,1
[14:53:18 A] 1,1;0,0
[14:53:18 B] 0,0;0,2
[14:53:18 A] 0,0;0,0
[14:53:18 B] 0,0;2,0
[14:53:18 A] 0,0;2,2
[14:53:18 A] 1,1;0,0
[14:53:18 B] 0,0;0,1
[14:53:18 A] 0,1;0,2
[14:53:18 B] 0,2;0,1
[14:53:18 A] 0,1;2,1
[14:53:18 B] 2,1;0,0
[14:53:18 A] 0,0;1,1
[14:53:18 B] 1,1;0,1
[14:53:18 A] 0,1;0,0
[14:53:18 B] 0,0;0,0
[14:53:18 A] 0,0;2,2
[14:53:18 B] 2,2;0,1
[14:53:18 A] 0,1;0,1
[14:53:18 B] 0,0;0,2
[14:53:18 A] 0,2;2,1
[14:53:18 B] 2,1;0,1
[14:53:18 A] 1,0;0,1
[14:53:18 B] 2,1;0,2
[14:53:18 A] 0,2;1,2
[14:53:18 B] 1,2;0,0
[14:53:18 A] 1,0;2,0
[14:53:18 B] 2,0;0,0
[14:53:18 A] 2,0;2,0
[14:53:18 B] 2,0;0,1
[14:53:18 A] 1,2;2,1
[14:53:18 B] 2,0;0,2
[14:53:18 A] 0,2;2,0
[14:53:18 B] 0,2;2,2
[14:53:19 A] 2,2;2,0
[14:53:19 B] 2,2;2,2
[14:53:19 A] 2,2;1,2
[14:53:19 B] 1,2;2,2
[14:53:19 A] 2,2;1,1
[14:53:19 B] 1,1;2,1
[14:53:19 A] 2,2;0,2
[14:53:19 B] 0,2;1,0
[14:53:19 A] 1,0;1,0
[14:53:19 B] 1,0;0,0
[14:53:19 A] 1,1;0,2
[14:53:19 B] 0,2;0,2
[14:53:19 A] 0,2;1,1
[14:53:19 B] 1,1;1,1
[14:53:19 A] 0,2;0,0
[14:53:19 B] 1,2;1,1
[14:53:19 A] 1,0;1,2
[14:53:19 B] 1,0;1,1
[14:53:19 A] 1,0;0,2
[14:53:19 B] 1,0;2,2
[14:53:19 B] 2,0;0,1
[14:53:19 A] 0,1;0,2
[14:53:19 B] 0,2;1,1
[14:53:19 A] 1,1;1,1
[14:53:19 B] 1,1;0,1
[14:53:19 A] 0,1;0,1
[14:53:19 B] 0,1;0,0
[14:53:19 A] 0,0;2,2
[14:53:19 B] 2,2;2,0
[14:53:19 A] 2,0;1,0
[14:53:19 B] 1,0;0,1
[14:53:19 A] 0,1;1,2
[14:53:19 B] 1,2;0,1
[14:53:19 A] 0,1;2,2
[14:53:19 B] 2,2;0,0
[14:53:19 A] 0,0;0,2
[14:53:19 B] 0,2;0,0
[14:53:19 A] 0,0;1,2
[14:53:19 B] 1,2;0,0
[14:53:19 A] 1,0;1,0
[14:53:19 B] 1,0;1,1
[14:53:19 A] 1,1;2,2
[14:53:19 B] 2,2;1,0
[14:53:19 A] 1,0;0,0
[14:53:19 B] 1,0;2,0
[14:53:19 A] 2,0;0,0
[14:53:19 B] 1,1;0,0
[14:53:19 A] 2,0;2,0
[14:53:19 B] 0,2;2,2
[14:53:19 A] 2,1;2,2
[14:53:19 B] 1,0;2,1
[14:53:19 A] 2,1;1,0
[14:53:19 B] 1,1;0,2
[14:53:19 A] 2,1;0,2
[14:53:19 B] 2,1;1,2
[14:53:19 A] 1,2;0,2
[14:53:19 B] 1,2;1,1
[14:53:19 A] 1,2;2,0
[14:53:19 B] 1,2;2,1
[14:53:19 A] 2,2;1,1
[14:53:19 B] 1,1;2,0
[14:53:19 A] 2,0;1,0
[14:53:19 B] 1,0;0,2
[14:53:19 A] 0,2;0,1
[14:53:19 B] 0,1;1,0
[14:53:19 A] 1,0;1,0
[14:53:19 B] 1,0;0,0
[14:53:19 A] 0,0;1,2
[14:53:19 B] 1,2;1,2
[14:53:19 A] 1,2;0,0
[14:53:19 B] 0,0;0,0
[14:53:19 A] 0,0;0,2
[14:53:19 B] 0,2;1,0
[14:53:19 A] 1,0;2,2
[14:53:19 B] 2,2;0,1
[14:53:19 A] 0,1;1,1
[14:53:19 B] 1,1;0,2
[14:53:19 A] 0,2;1,1
[14:53:19 B] 1,1;1,1
[14:53:19 A] 0,0;2,2
[14:53:19 B] 2,2;2,0
[14:53:19 A] 2,0;0,1
[14:53:19 B] 0,1;2,2
[14:53:19 A] 2,2;1,0
[14:53:19 B] 1,0;0,1
[14:53:19 A] 0,1;1,2
[14:53:19 B] 1,2;0,1
[14:53:19 A] 0,1;2,1
[14:53:19 B] 2,1;0,0
[14:53:19 A] 0,1;0,1
[14:53:19 B] 0,2;2,1
[14:53:19 A] 2,1;2,0
[14:53:19 B] 2,0;0,2
[14:53:19 A] 0,2;2,0
[14:53:19 B] 2,0;2,0
[14:53:19 A] 2,0;1,2
[14:53:19 B] 1,2;2,0
[14:53:19 A] 2,0;1,1
[14:53:19 B] 0,2;0,2
[14:53:19 A] 0,2;0,0
[14:53:19 B] 0,2;2,2
[14:53:19 A] 2,2;1,2
[14:53:19 B] 1,2;0,2
[14:53:19 A] 0,2;1,2
[14:53:19 B] 1,2;2,2
[14:53:19 B] 1,2;1,1
[14:53:19 A] 1,1;1,2
[14:53:19 B] 1,2;2,1
[14:53:19 A] 2,1;2,2
[14:53:20 B] 2,2;0,1
[14:53:20 A] 0,1;2,2
[14:53:20 B] 2,2;1,2
[14:53:20 A] 1,2;0,0
[14:53:20 B] 0,0;0,2
[14:53:20 A] 0,2;0,0
[14:53:20 B] 0,0;0,0
[14:53:20 A] 0,0;0,1
[14:53:20 B] 0,1;1,2
[14:53:20 A] 1,2;2,0
[14:53:20 B] 2,0;0,1
[14:53:20 A] 0,1;1,1
[14:53:20 B] 1,1;0,0
[14:53:20 A] 0,0;2,1
[14:53:20 B] 2,1;0,2
[14:53:20 A] 0,2;1,0
[14:53:20 B] 1,0;2,1
[14:53:20 A] 2,1;2,1
[14:53:20 B] 2,1;2,0
[14:53:20 A] 2,0;0,2
[14:53:20 B] 0,2;2,0
[14:53:20 A] 2,0;1,1
[14:53:20 B] 1,1;2,0
[14:53:20 A] 2,0;2,0
[14:53:20 B] 0,0;1,1
[14:53:20 A] 1,1;0,1
[14:53:20 B] 0,1;0,0
[14:53:20 A] 0,0;1,0
[14:53:20 B] 1,0;0,2
[14:53:20 A] 0,2;0,1
[14:53:20 B] 0,1;0,2
[14:53:20 A] 0,2;0,2
[14:53:20 B] 1,2;1,0
[14:53:20 A] 1,0;2,2
[14:53:20 B] 2,2;0,0
[14:53:20 A] 0,0;2,2
[14:53:20 B] 2,2;0,2
[14:53:20 A] 0,0;2,0
[14:53:20 B] 0,1;0,1
[14:53:20 A] 1,2;1,2
[14:53:20 B] 1,2;0,1
[14:53:20 A] 1,0;1,0
[14:53:20 B] 1,0;1,1
[14:53:20 A] 1,1;1,1
[14:53:20 B] 1,1;1,0
[14:53:20 A] 1,0;2,0
[14:53:20 B] 1,0;0,0
[14:53:20 A] 2,1;0,1
[14:53:20 B] 2,1;1,1
[14:53:20 A] 1,2;0,0
[14:53:20 B] 0,0;0,1
[14:53:20 A] 0,1;1,1
[14:53:20 B] 1,1;2,2
[14:53:20 A] 2,2;0,2
[14:53:20 B] 0,2;1,2
[14:53:20 A] 1,2;2,2
[14:53:20 B] 2,2;1,2
[14:53:20 A] 1,2;1,1
[14:53:20 B] 1,1;1,0
[14:53:20 A] 1,0;1,2
[14:53:20 B] 1,0;2,0
[14:53:20 A] 2,0;1,2
[14:53:20 B] 2,2;1,1
[14:53:20 A] 1,1;1,2
[14:53:20 B] 2,2;1,0
[14:53:20 A] 1,0;0,0
[14:53:20 B] 0,0;0,2
[14:53:20 A] 0,2;0,0
[14:53:20 B] 0,0;0,0
[14:53:20 A] 1,0;2,1
[14:53:20 B] 2,1;0,1
[14:53:20 A] 0,1;2,2
[14:53:20 B] 0,1;0,0
[14:53:20 A] 2,0;0,1
[14:53:20 B] 0,1;2,1
[14:53:20 A] 2,1;0,0
[14:53:20 B] 2,1;2,0
[14:53:20 A] 2,0;1,1
[14:53:20 B] 1,1;0,2
[14:53:20 A] 0,2;2,1
[14:53:20 B] 2,1;2,2
[14:53:20 A] 2,0;1,0
[14:53:20 B] 1,0;0,2
[14:53:20 A] 0,2;0,2
[14:53:20 B] 0,2;0,1
[14:53:20 A] 0,1;0,2
[14:53:20 B] 0,2;2,0
[14:53:20 A] 0,1;1,2
[14:53:20 B] 1,0;1,1
[14:53:20 A] 1,1;0,0
[14:53:20 B] 2,1;2,1
[14:53:20 A] 0,2;1,1
[14:53:20 B] 1,1;1,1
[14:53:20 A] 1,1;2,0
[14:53:20 B] 0,2;2,2
[14:53:20 A] 0,2;1,0
[14:53:20 B] 1,1;2,1
[14:53:20 A] 1,1;0,1
[14:53:20 B] 1,2;1,1
[14:53:20 A] 1,1;0,2
[14:53:20 B] 0,2;0,0
[14:53:20 A] 0,0;1,2
[14:53:20 B] 1,2;0,0
[14:53:20 A] 0,0;0,1
[14:53:20 B] 0,1;1,0
[14:53:20 A] 1,0;1,1
[14:53:20 B] 1,1;0,1
[14:53:20 A] 0,1;2,1
[14:53:20 B] 2,1;2,0
[14:53:20 A] 2,0;1,2
[14:53:20 B] 1,2;2,2
[14:53:20 A] 2,2;0,2
[14:53:21 B] 0,2;0,2
[14:53:21 A] 0,2;2,2
[14:53:21 B] 2,2;1,2
[14:53:21 A] 0,2;1,1
[14:53:21 B] 1,1;2,0
[14:53:21 A] 2,0;2,2
[14:53:21 B] 2,2;0,0
[14:53:21 A] 0,0;2,1
[14:53:21 B] 2,1;1,2
[14:53:21 A] 0,0;1,1
[14:53:21 B] 1,1;2,2
[14:53:21 A] 2,2;1,1
[14:53:21 B] 1,1;2,1
[14:53:21 A] 2,1;2,2
[14:53:21 B] 2,2;2,0
[14:53:21 A] 2,0;0,2
[14:53:21 B] 0,2;0,1
[14:53:21 A] 0,1;0,2
[14:53:21 B] 2,2;1,0
[14:53:21 A] 2,0;2,1
[14:53:21 B] 2,1;2,0
[14:53:21 A] 2,0;1,2
[14:53:21 B] 1,2;2,2
[14:53:21 A] 2,2;1,0
[14:53:21 B] 1,0;2,0
[14:53:21 A] 2,0;2,2
[14:53:21 B] 2,2;0,2
[14:53:21 A] 0,2;2,1
[14:53:21 B] 2,1;1,0
[14:53:21 A] 1,0;2,1
[14:53:21 B] 2,1;0,0
[14:53:21 A] 0,0;1,2
[14:53:21 B] 1,2;1,2
[14:53:21 A] 1,2;2,1
[14:53:21 B] 2,0;2,0
[14:53:21 A] 2,0;0,2
[14:53:21 B] 0,2;0,1
[14:53:21 A] 0,1;0,2
[14:53:21 B] 0,2;0,2
[14:53:21 A] 0,2;2,0
[14:53:21 B] 0,2;2,2
[14:53:21 A] 2,2;1,2
[14:53:21 B] 1,2;0,2
[14:53:21 A] 0,2;0,0
[14:53:21 B] 0,0;2,1
[14:53:21 A] 0,2;1,0
[14:53:21 B] 1,0;1,2
[14:53:21 A] 2,2;1,1
[14:53:21 B] 1,1;1,2
[14:53:21 A] 1,0;1,0
[14:53:21 B] 1,0;1,1
[14:53:21 A] 1,1;0,1
[14:53:21 B] 0,1;2,2
[14:53:21 A] 0,0;2,0
[14:53:21 B] 1,0;0,2
[14:53:21 A] 0,0;1,1
[14:53:21 B] 1,1;2,1
[14:53:21 A] 0,0;0,2
[14:53:21 B] 0,1;2,0
[14:53:21 A] 1,1;0,2
[14:53:21 B] 1,1;0,0
[14:53:21 A] 0,1;1,0
[14:53:21 B] 0,1;2,1
[14:53:21 A] 1,1;2,2
[14:53:21 B] 1,1;2,0
[14:53:21 A] 1,1;1,0
[14:53:21 B] 1,1;1,1
[14:53:21 B] 0,1;2,1
[14:53:21 A] 2,1;0,2
[14:53:21 B] 0,2;1,1
[14:53:21 A] 1,1;1,2
[14:53:21 B] 1,2;0,1
[14:53:21 A] 0,1;0,2
[14:53:21 B] 0,2;1,0
[14:53:21 A] 1,0;2,2
[14:53:21 B] 2,2;1,1
[14:53:21 A] 1,1;0,1
[14:53:21 B] 0,1;1,1
[14:53:21 A] 1,1;2,1
[14:53:21 B] 2,1;0,0
[14:53:21 A] 0,0;2,0
[14:53:21 B] 2,0;0,2
[14:53:21 A] 0,2;0,2
[14:53:21 B] 0,2;1,2
[14:53:21 A] 1,2;0,0
[14:53:21 B] 0,0;0,2
[14:53:21 A] 1,1;1,1
[14:53:21 B] 0,1;0,1
[14:53:21 A] 0,0;2,1
[14:53:21 B] 2,1;1,2
[14:53:21 A] 1,2;2,2
[14:53:21 B] 2,2;1,0
[14:53:21 A] 1,0;1,2
[14:53:21 B] 1,2;1,1
[14:53:21 A] 0,0;2,2
[14:53:21 B] 2,2;1,2
[14:53:21 A] 1,2;0,2
[14:53:21 B] 1,0;0,2
[14:53:21 A] 1,2;1,2
[14:53:21 B] 2,1;2,0
[14:53:21 A] 2,0;1,1
[14:53:21 B] 2,1;1,0
[14:53:21 A] 1,0;2,0
[14:53:21 B] 2,0;2,2
[14:53:21 A] 1,0;2,1
[14:53:21 A] 0,0;1,1
[14:53:21 B] 1,1;2,0
[14:53:21 A] 2,0;2,1
[14:53:21 B] 2,1;0,2
[14:53:21 A] 0,2;1,1
[14:53:22 B] 1,1;2,1
[14:53:22 A] 2,1;2,2
[14:53:22 B] 2,2;2,1
[14:53:22 A] 2,1;0,1
[14:53:22 B] 0,1;0,1
[14:53:22 A] 0,1;2,1
[14:53:22 B] 2,1;1,0
[14:53:22 A] 1,0;0,1
[14:53:22 B] 0,1;0,0
[14:53:22 A] 0,0;2,2
[14:53:22 B] 2,2;0,2
[14:53:22 A] 0,2;2,2
[14:53:22 B] 2,2;1,1
[14:53:22 A] 1,1;0,1
[14:53:22 B] 0,1;0,2
[14:53:22 A] 0,2;0,0
[14:53:22 B] 0,0;0,0
[14:53:22 A] 0,0;0,2
[14:53:22 B] 0,0;1,2
[14:53:22 A] 1,2;2,2
[14:53:22 B] 2,2;0,1
[14:53:22 A] 0,0;2,0
[14:53:22 B] 2,0;0,1
[14:53:22 A] 1,1;1,1
[14:53:22 B] 1,1;2,2
[14:53:22 A] 1,0;2,0
[14:53:22 B] 2,0;0,0
[14:53:22 A] 2,1;2,0
[14:53:22 B] 2,0;0,2
[14:53:22 A] 2,1;2,1
[14:53:22 B] 1,0;0,0
[14:53:22 A] 1,2;0,2
[14:53:22 B] 1,2;1,2
[14:53:22 A] 1,2;1,0
[14:53:22 B] 1,0;0,2
[14:53:22 A] 1,0;2,1
[14:53:22 B] 1,0;2,2
[14:53:22 A] 1,0;1,1
[14:53:22 B] 1,2;0,0
[14:53:22 A] 1,2;2,0
[14:53:22 B] 1,2;2,1
[14:53:22 A] 1,2;1,1
[14:53:22 B] 0,1;1,2
[14:53:22 A] 1,2;1,1
[14:53:22 B] 1,1;0,1
[14:53:22 A] 0,1;1,1
[14:53:22 B] 1,1;1,1
[14:53:22 A] 1,1;2,1
[14:53:22 B] 2,1;0,0
[14:53:22 A] 0,0;1,0
[14:53:22 B] 1,0;0,0
[14:53:22 A] 0,0;1,1
[14:53:22 B] 1,1;0,2
[14:53:22 A] 0,2;1,1
[14:53:22 B] 1,1;0,0
[14:53:22 A] 0,0;1,2
[14:53:22 B] 1,2;1,0
[14:53:22 A] 1,0;2,1
[14:53:22 B] 2,1;0,2
[14:53:22 A] 0,2;2,1
[14:53:22 B] 2,1;0,1
[14:53:22 A] 0,1;0,0
[14:53:22 B] 0,1;2,2
[14:53:22 A] 2,2;1,1
[14:53:22 B] 0,2;0,1
[14:53:22 A] 0,1;2,0
[14:53:22 B] 2,0;1,0
[14:53:22 A] 1,0;1,0
[14:53:22 B] 1,0;2,0
[14:53:22 A] 2,0;0,2
[14:53:22 B] 0,2;2,0
[14:53:22 A] 2,0;2,0
[14:53:22 B] 2,0;1,1
[14:53:22 A] 0,1;0,2
[14:53:22 B] 0,2;2,2
[14:53:22 A] 2,2;2,1
[14:53:22 B] 2,2;0,1
[14:53:22 A] 2,0;2,2
[14:53:22 B] 2,2;1,2
[14:53:22 A] 1,2;2,2
[14:53:22 B] 2,2;0,0
[14:53:22 A] 1,2;0,0
[14:53:22 B] 2,0;2,1
[14:53:22 A] 2,0;1,2
[14:53:22 B] 2,2;0,2
[14:53:22 A] 0,2;0,2
[14:53:22 B] 0,2;0,0
[14:53:22 A] 0,2;1,0
[14:53:22 B] 1,0;0,1
[14:53:22 A] 0,2;1,2
[14:53:22 A] 2,1;1,0
[14:53:22 B] 1,0;2,0
[14:53:22 A] 2,0;1,1
[14:53:22 B] 1,1;0,0
[14:53:22 A] 0,0;0,1
[14:53:22 B] 0,1;1,0
[14:53:22 A] 1,0;0,1
[14:53:22 B] 0,1;1,1
[14:53:22 A] 1,1;2,2
[14:53:22 B] 2,2;0,0
[14:53:22 A] 0,0;0,0
[14:53:22 B] 0,0;0,2
[14:53:22 A] 0,2;2,1
[14:53:22 B] 2,1;0,2
[14:53:22 A] 0,2;1,2
[14:53:22 B] 1,2;0,0
[14:53:22 A] 0,0;2,0
[14:53:22 B] 2,0;0,0
[14:53:22 A] 0,0;1,0
[14:53:22 B] 1,0;2,1
[14:53:22 A] 2,1;2,1
[14:53:22 B] 2,1;2,2
[14:53:23 A] 2,2;0,1
[14:53:23 B] 0,1;1,2
[14:53:23 A] 1,2;0,2
[14:53:23 B] 0,2;0,2
[14:53:23 A] 0,2;1,1
[14:53:23 B] 1,1;1,1
[14:53:23 A] 1,1;0,2
[14:53:23 B] 0,2;1,0
[14:53:23 A] 1,0;1,0
[14:53:23 B] 1,0;2,2
[14:53:23 A] 2,2;2,1
[14:53:23 B] 2,1;1,2
[14:53:23 A] 1,2;1,1
[14:53:23 B] 1,1;1,2
[14:53:23 A] 1,2;2,0
[14:53:23 B] 2,0;2,2
[14:53:23 A] 2,2;1,1
[14:53:23 B] 1,1;1,0
[14:53:23 B] 2,0;0,0
[14:53:23 A] 0,0;0,2
[14:53:23 B] 0,2;0,2
[14:53:23 A] 0,2;2,2
[14:53:23 B] 2,2;2,0
[14:53:23 A] 2,0;1,2
[14:53:23 B] 1,2;0,1
[14:53:23 A] 0,1;1,2
[14:53:23 B] 1,2;1,0
[14:53:23 A] 1,0;1,2
[14:53:23 B] 1,2;2,0
[14:53:23 A] 2,0;0,2
[14:53:23 B] 0,2;1,2
[14:53:23 A] 1,2;0,2
[14:53:23 B] 0,2;2,0
[14:53:23 A] 2,0;2,2
[14:53:23 B] 2,2;0,1
[14:53:23 A] 0,1;2,2
[14:53:23 B] 2,2;0,2
[14:53:23 A] 0,2;0,0
[14:53:23 B] 0,0;1,1
[14:53:23 A] 1,1;1,0
[14:53:23 B] 1,0;2,0
[14:53:23 A] 0,2;1,1
[14:53:23 B] 1,1;0,1
[14:53:23 A] 0,1;0,2
[14:53:23 B] 1,2;0,0
[14:53:23 A] 0,0;1,2
[14:53:23 B] 0,0;2,2
[14:53:23 A] 2,2;1,0
[14:53:23 B] 1,0;0,2
[14:53:23 A] 2,2;0,0
[14:53:23 B] 0,0;0,0
[14:53:23 A] 1,0;2,1
[14:53:23 B] 2,1;2,0
[14:53:23 A] 2,2;2,2
[14:53:23 B] 2,2;1,1
[14:53:23 A] 1,1;0,0
[14:53:23 B] 1,1;2,0
[14:53:23 A] 1,0;1,0
[14:53:23 B] 1,0;1,1
[14:53:23 A] 1,1;2,2
[14:53:23 B] 1,1;1,1
[14:53:23 A] 1,1;1,2
[14:53:23 B] 1,1;0,2
[14:53:23 A] 2,1;0,1
[14:53:23 B] 0,1;2,1
[14:53:23 A] 2,1;1,2
[14:53:23 B] 1,2;0,0
[14:53:23 A] 0,0;2,0
[14:53:23 B] 2,0;1,0
[14:53:23 A] 1,0;0,0
[14:53:23 B] 0,0;0,2
[14:53:23 A] 0,2;2,0
[14:53:23 B] 2,0;2,0
[14:53:23 A] 2,0;0,0
[14:53:23 B] 0,0;2,2
[14:53:23 A] 2,2;0,1
[14:53:23 B] 0,1;0,0
[14:53:23 A] 0,0;1,0
[14:53:23 B] 1,0;0,1
[14:53:23 A] 0,1;0,2
[14:53:23 B] 0,2;0,0
[14:53:23 A] 0,0;0,0
[14:53:23 B] 2,0;1,1
[14:53:23 A] 1,1;1,1
[14:53:23 B] 1,1;2,0
[14:53:23 A] 2,0;1,2
[14:53:23 B] 1,2;0,2
[14:53:23 A] 0,2;2,1
[14:53:23 B] 2,1;0,2
[14:53:23 A] 0,2;2,2
[14:53:23 B] 2,2;0,2
[14:53:23 A] 2,2;1,1
[14:53:23 B] 1,1;0,0
[14:53:23 A] 2,2;2,1
[14:53:23 B] 2,1;1,0
[14:53:23 A] 1,0;1,2
[14:53:23 B] 1,2;0,1
[14:53:23 A] 0,1;1,0
[14:53:23 B] 1,0;2,2
[14:53:23 A] 0,1;1,1
[14:53:23 B] 1,1;1,0
[14:53:23 A] 1,0;1,0
[14:53:23 B] 1,0;1,1
[14:53:23 A] 0,1;1,2
[14:53:23 B] 2,0;0,2
[14:53:23 A] 0,2;1,2
[14:53:23 B] 1,2;0,2
[14:53:23 A] 0,2;0,0
[14:53:24 B] 0,0;2,1
[14:53:24 A] 2,1;2,1
[14:53:24 B] 2,1;0,2
[14:53:24 A] 0,2;2,2
[14:53:24 B] 2,2;2,1
[14:53:24 A] 2,1;0,1
[14:53:24 B] 0,1;0,0
[14:53:24 A] 0,0;0,1
[14:53:24 B] 0,1;0,1
[14:53:24 A] 0,1;2,0
[14:53:24 B] 2,0;2,0
[14:53:24 A] 2,0;1,1
[14:53:24 B] 1,1;2,0
[14:53:24 A] 2,0;0,1
[14:53:24 B] 0,1;0,2
[14:53:24 A] 0,2;1,1
[14:53:24 B] 1,1;1,1
[14:53:24 A] 1,1;1,0
[14:53:24 B] 1,0;0,2
[14:53:24 A] 2,0;2,1
[14:53:24 B] 2,1;1,1
[14:53:24 A] 1,1;2,2
[14:53:24 B] 2,2;2,0
[14:53:24 A] 1,1;1,2
[14:53:24 B] 1,2;1,1
[14:53:24 A] 1,1;0,2
[14:53:24 A] 2,2;1,1
[14:53:24 B] 1,1;0,0
[14:53:24 A] 0,0;0,2
[14:53:24 B] 0,2;2,0
[14:53:24 A] 2,0;2,1
[14:53:24 B] 2,1;0,0
[14:53:24 A] 0,0;1,1
[14:53:24 B] 1,1;1,1
[14:53:24 A] 1,1;0,1
[14:53:24 B] 0,1;0,0
[14:53:24 A] 0,0;2,0
[14:53:24 B] 2,0;0,1
[14:53:24 A] 0,1;2,0
[14:53:24 B] 2,0;0,0
[14:53:24 A] 2,0;1,1
[14:53:24 B] 1,1;2,2
[14:53:24 A] 2,2;0,1
[14:53:24 B] 0,1;0,1
[14:53:24 A] 0,1;2,2
[14:53:24 B] 2,2;2,1
[14:53:24 A] 2,1;1,1
[14:53:24 B] 0,1;2,1
[14:53:24 A] 2,1;0,1
[14:53:24 B] 0,1;0,2
[14:53:24 A] 0,2;1,1
[14:53:24 B] 2,1;2,1
[14:53:24 A] 2,1;2,2
[14:53:24 B] 2,2;1,0
[14:53:24 A] 1,0;1,1
[14:53:24 B] 2,0;0,2
[14:53:24 A] 0,2;0,2
[14:53:24 B] 0,2;2,1
[14:53:24 A] 2,1;1,2
[14:53:24 B] 1,2;0,0
[14:53:24 A] 2,1;0,2
[14:53:24 B] 0,2;2,2
