[12:06:28 B] 0,0;2,2
[12:06:30 A] 2,2;0,2
[12:06:30 B] 0,2;1,2
[12:06:30 A] 1,2;0,2
[12:06:30 B] 0,2;1,0
[12:06:31 A] 1,0;2,2
[12:06:31 B] 2,2;0,0
[12:06:31 A] 0,0;0,2
[12:06:31 B] 0,2;0,1
[12:06:31 A] 0,1;1,0
[12:06:31 B] 1,0;1,0
[12:06:31 A] 1,0;0,2
[12:06:31 B] 0,2;2,2
[12:06:31 A] 2,2;0,1
[12:06:31 B] 0,1;1,1
[12:06:31 A] 1,1;2,1
[12:06:31 B] 2,1;0,1
[12:06:31 A] 0,1;0,2
[12:06:31 B] 0,2;1,1
[12:06:31 A] 1,1;2,2
[12:06:31 B] 2,2;1,0
[12:06:31 A] 1,0;1,2
[12:06:31 B] 1,2;0,0
[12:06:31 A] 0,0;0,0
[12:06:31 B] 0,0;1,0
[12:06:31 A] 2,2;2,0
[12:06:31 B] 2,0;0,0
[12:06:31 A] 0,0;0,1
[12:06:31 B] 0,1;2,2
[12:06:31 A] 2,2;1,1
[12:06:31 B] 1,1;0,2
[12:06:31 A] 0,1;0,0
[12:06:31 B] 0,1;2,1
[12:06:31 A] 2,1;0,0
[12:06:31 B] 2,0;0,1
[12:06:31 A] 0,1;2,0
[12:06:31 B] 2,0;2,0
[12:06:31 A] 2,0;0,2
[12:06:31 B] 1,2;1,0
[12:06:31 A] 1,2;2,0
[12:06:31 B] 2,0;1,1
[12:06:31 A] 1,1;2,0
[12:06:32 A] 0,1;2,1
[12:06:32 B] 2,1;2,0
[12:06:32 A] 2,0;0,2
[12:06:32 B] 0,2;0,1
[12:06:32 A] 0,1;1,0
[12:06:32 B] 1,0;0,1
[12:06:32 A] 0,1;1,1
[12:06:32 B] 1,1;2,1
[12:06:32 A] 2,1;0,1
[12:06:32 B] 0,1;2,2
[12:06:32 A] 2,2;0,1
[12:06:32 B] 0,1;2,0
[12:06:32 A] 2,0;1,0
[12:06:32 B] 1,0;2,0
[12:06:32 A] 2,0;1,2
[12:06:32 B] 1,2;1,1
[12:06:32 A] 1,1;0,0
[12:06:32 B] 0,0;0,2
[12:06:33 A] 0,2;2,1
[12:06:33 B] 2,1;1,0
[12:06:33 A] 1,0;1,0
[12:06:33 B] 1,0;0,0
[12:06:33 A] 0,0;1,1
[12:06:33 B] 1,1;2,2
[12:06:33 A] 2,2;0,0
[12:06:33 B] 0,0;0,1
[12:06:33 A] 0,1;1,2
[12:06:33 B] 1,2;2,0
[12:06:33 A] 2,0;1,1
[12:06:33 B] 1,1;1,2
[12:06:33 A] 1,2;0,2
[12:06:33 B] 0,2;0,2
[12:06:33 A] 0,2;0,0
[12:06:33 B] 0,0;2,1
[12:06:33 A] 2,1;0,0
[12:06:33 B] 0,0;1,2
[12:06:33 A] 1,2;0,1
[12:06:33 B] 0,0;2,0
[12:06:33 A] 0,0;0,0
[12:06:33 B] 0,0;2,2
[12:06:33 A] 2,2;0,2
[12:06:33 B] 0,2;1,1
[12:06:33 A] 1,1;2,0
[12:06:33 B] 2,1;0,2
[12:06:33 A] 0,2;2,0
[12:06:33 B] 1,1;1,1
[12:06:33 A] 1,1;1,0
[12:06:33 B] 1,0;1,2
[12:06:33 A] 1,2;0,0
[12:06:33 B] 0,2;1,2
[12:06:33 A] 0,2;1,0
[12:06:33 B] 0,0;0,0
[12:06:34 A] 0,0;2,2
[12:06:34 B] 2,2;2,2
[12:06:34 A] 2,2;1,1
[12:06:34 B] 1,1;0,0
[12:06:34 A] 0,0;0,1
[12:06:34 B] 0,1;1,1
[12:06:34 A] 1,1;2,0
[12:06:34 B] 2,0;1,0
[12:06:34 A] 1,0;0,0
[12:06:34 B] 0,0;0,2
[12:06:34 A] 0,2;0,1
[12:06:34 B] 0,1;0,2
[12:06:34 A] 0,2;2,1
[12:06:34 B] 2,1;0,1
[12:06:34 A] 0,1;2,0
[12:06:34 B] 2,0;1,1
[12:06:34 A] 1,1;1,0
[12:06:34 B] 1,0;1,1
[12:06:34 A] 1,1;1,2
[12:06:34 B] 1,2;1,0
[12:06:34 A] 1,0;0,1
[12:06:34 B] 0,1;1,0
[12:06:34 A] 1,0;0,2
[12:06:34 B] 0,2;0,2
[12:06:34 A] 0,2;1,1
[12:06:34 B] 1,1;2,1
[12:06:34 A] 2,1;0,0
[12:06:34 B] 0,0;2,1
[12:06:34 A] 2,1;1,0
[12:06:34 B] 0,0;1,2
[12:06:35 A] 1,2;2,0
[12:06:35 B] 2,0;0,2
[12:06:35 A] 0,1;1,2
[12:06:35 B] 1,2;0,0
[12:06:35 A] 0,0;2,0
[12:06:35 B] 2,0;2,0
[12:06:35 A] 1,1;1,1
[12:06:35 B] 0,0;1,1
[12:06:35 A] 0,0;1,0
[12:06:35 B] 2,1;2,2
[12:06:35 A] 2,2;0,0
[12:06:35 B] 0,1;0,0
[12:06:35 A] 0,1;0,1
[12:06:35 B] 0,1;2,1
[12:06:35 A] 2,1;2,0
[12:06:35 B] 1,2;0,1
[12:06:35 A] 0,1;2,2
[12:06:35 B] 2,2;2,1
[12:06:35 A] 1,2;0,2
[12:06:35 B] 2,2;0,2
[12:06:35 A] 2,2;2,0
[12:06:35 B] 1,2;2,1
[12:06:35 A] 1,2;1,1
[12:06:35 A] 2,0;2,2
[12:06:35 B] 2,2;1,1
[12:06:36 A] 1,1;1,1
[12:06:36 B] 1,1;0,0
[12:06:36 A] 0,0;0,2
[12:06:36 B] 0,2;1,0
[12:06:36 A] 1,0;1,1
[12:06:36 B] 1,1;0,1
[12:06:36 A] 0,1;2,1
[12:06:36 B] 2,1;1,2
[12:06:36 A] 1,2;0,0
[12:06:36 B] 0,0;0,0
[12:06:36 A] 0,0;0,1
[12:06:36 B] 0,1;0,1
[12:06:36 A] 0,1;0,0
[12:06:36 B] 0,0;1,1
[12:06:36 A] 1,1;0,2
[12:06:36 B] 0,2;1,1
[12:06:36 A] 1,1;2,0
[12:06:36 B] 2,0;1,0
[12:06:36 A] 1,0;1,2
[12:06:36 B] 1,2;0,1
[12:06:37 A] 0,1;1,2
[12:06:37 B] 1,2;2,1
[12:06:37 A] 2,1;1,0
[12:06:37 B] 1,0;2,0
[12:06:37 A] 2,0;2,0
[12:06:37 B] 2,0;0,2
[12:06:37 A] 0,2;1,2
[12:06:37 B] 1,2;0,2
[12:06:37 A] 0,2;2,0
[12:06:37 B] 2,0;1,2
[12:06:37 A] 1,2;1,1
[12:06:37 B] 0,0;2,2
[12:06:37 A] 2,2;0,0
[12:06:37 B] 0,2;2,1
[12:06:37 A] 2,1;0,2
[12:06:37 B] 0,2;0,1
[12:06:37 A] 0,1;2,2
[12:06:37 B] 2,2;1,2
[12:06:37 A] 1,2;2,2
[12:06:37 B] 2,2;2,2
[12:06:37 A] 2,2;1,0
[12:06:37 B] 1,0;0,2
[12:06:37 A] 2,0;1,1
[12:06:37 B] 2,0;0,0
[12:06:37 A] 2,0;0,1
[12:06:37 B] 0,1;0,2
[12:06:37 A] 2,2;0,2
[12:06:37 B] 1,0;2,1
[12:06:37 A] 2,1;0,0
[12:06:37 B] 1,0;2,2
[12:06:37 A] 2,2;0,1
[12:06:37 B] 0,1;1,1
[12:06:37 A] 0,1;2,0
[12:06:37 B] 2,0;2,1
[12:06:38 A] 2,1;0,1
[12:06:38 B] 0,0;2,0
[12:06:38 A] 2,0;2,1
[12:06:38 B] 2,1;1,0
[12:06:38 A] 1,0;2,0
[12:06:38 B] 2,0;2,2
[12:06:39 A] 2,2;1,1
[12:06:39 B] 1,1;0,0
[12:06:39 A] 0,0;0,1
[12:06:39 B] 0,1;0,1
[12:06:39 A] 0,1;0,0
[12:06:39 B] 0,0;0,0
[12:06:39 A] 0,0;1,0
[12:06:39 B] 1,0;0,2
[12:06:39 A] 0,2;0,1
[12:06:39 B] 0,1;2,2
[12:06:39 A] 2,2;0,0
[12:06:39 B] 0,0;1,1
[12:06:39 A] 1,1;0,2
[12:06:39 B] 0,2;2,0
[12:06:39 A] 2,0;0,0
[12:06:39 B] 0,0;1,2
[12:06:40 A] 1,2;1,2
[12:06:40 B] 1,2;2,0
[12:06:40 A] 2,0;1,0
[12:06:40 B] 1,0;0,1
[12:06:40 A] 0,1;2,1
[12:06:40 B] 2,1;2,0
[12:06:40 A] 2,0;2,0
[12:06:40 B] 0,0;2,1
[12:06:40 A] 2,1;0,0
[12:06:40 B] 0,0;0,2
[12:06:40 A] 0,2;0,2
[12:06:40 B] 0,2;1,2
[12:06:40 A] 1,2;0,0
[12:06:40 B] 1,1;1,1
[12:06:40 A] 1,1;2,2
[12:06:40 B] 2,2;1,2
[12:06:40 A] 1,2;1,0
[12:06:40 B] 1,0;1,2
[12:06:40 A] 1,2;1,1
[12:06:40 B] 1,1;2,0
[12:06:40 A] 1,0;0,0
[12:06:40 B] 2,2;2,0
[12:06:40 A] 1,0;2,2
[12:06:40 B] 2,2;1,0
[12:06:40 A] 1,0;2,1
[12:06:40 B] 2,1;2,1
[12:06:40 A] 2,1;2,2
[12:06:41 B] 2,2;2,2
[12:06:41 A] 2,2;2,1
[12:06:41 B] 2,1;0,2
[12:06:41 A] 0,2;0,0
[12:06:41 B] 1,1;1,2
[12:06:41 A] 1,1;1,0
[12:06:41 B] 1,1;0,1
[12:06:41 A] 0,1;1,0
[12:06:41 B] 1,1;2,1
[12:06:41 A] 2,1;1,1
[12:06:41 B] 2,2;0,1
[12:06:41 A] 0,1;2,0
[12:06:41 B] 2,2;0,2
[12:06:41 A] 0,1;1,2
[12:06:42 B] 1,2;2,1
[12:06:42 A] 2,1;0,2
[12:06:42 B] 0,2;2,0
[12:06:42 A] 2,0;1,1
[12:06:42 B] 1,1;1,0
[12:06:42 A] 1,0;1,2
[12:06:42 B] 1,2;1,2
[12:06:42 A] 1,2;0,2
[12:06:42 B] 0,2;1,1
[12:06:42 A] 1,1;1,1
[12:06:42 B] 1,1;0,0
[12:06:42 A] 0,0;0,2
[12:06:42 B] 0,2;1,0
[12:06:42 A] 1,0;0,0
[12:06:42 B] 0,0;2,0
[12:06:42 A] 2,0;0,2
[12:06:42 B] 0,2;0,0
[12:06:43 A] 0,0;0,0
[12:06:43 B] 0,0;1,0
[12:06:43 A] 1,0;0,1
[12:06:43 B] 0,1;0,2
[12:06:43 A] 1,1;2,0
[12:06:43 B] 2,0;0,0
[12:06:43 A] 0,0;0,1
[12:06:43 B] 0,1;0,0
[12:06:43 A] 0,1;0,1
[12:06:43 B] 0,1;1,0
[12:06:43 A] 1,0;0,2
[12:06:43 B] 2,2;0,1
[12:06:43 A] 0,1;2,0
[12:06:43 B] 2,0;2,2
[12:06:43 A] 2,2;0,2
[12:06:43 B] 1,1;1,2
[12:06:43 A] 1,2;0,1
[12:06:43 B] 0,1;2,1
[12:06:43 A] 2,1;0,1
[12:06:43 B] 0,1;2,2
[12:06:43 A] 2,2;2,1
[12:06:43 B] 2,1;1,1
[12:06:43 A] 1,1;0,2
[12:06:43 B] 0,1;1,1
[12:06:43 A] 1,2;0,0
[12:06:43 B] 0,0;2,2
[12:06:43 A] 2,2;1,1
[12:06:43 B] 1,1;0,0
[12:06:43 A] 0,0;1,2
[12:06:43 B] 1,2;0,1
[12:06:43 A] 0,1;1,2
[12:06:43 B] 1,2;0,0
[12:06:43 A] 0,0;0,0
[12:06:43 B] 0,0;1,0
[12:06:44 A] 1,0;0,0
[12:06:44 B] 0,0;2,0
[12:06:44 A] 2,0;2,2
[12:06:44 B] 2,2;2,2
[12:06:44 A] 2,2;0,0
[12:06:44 B] 0,0;2,1
[12:06:44 A] 2,1;1,2
[12:06:44 B] 1,2;2,2
[12:06:44 A] 2,2;0,2
[12:06:44 B] 0,2;1,2
[12:06:44 A] 1,2;0,2
[12:06:44 B] 0,2;2,0
[12:06:44 A] 2,0;0,2
[12:06:44 B] 0,2;1,0
[12:06:44 A] 1,0;1,0
[12:06:44 B] 1,0;2,0
[12:06:44 A] 2,0;1,2
[12:06:44 B] 1,2;1,1
[12:06:44 A] 1,1;2,1
[12:06:44 B] 2,1;2,1
[12:06:44 A] 2,1;0,1
[12:06:44 B] 0,1;0,0
[12:06:44 A] 0,2;1,1
[12:06:44 B] 1,1;1,0
[12:06:44 A] 1,0;1,1
[12:06:44 B] 1,1;2,2
[12:06:44 A] 2,2;0,1
[12:06:44 B] 0,1;2,2
[12:06:44 A] 0,1;1,1
[12:06:44 B] 1,1;1,2
[12:06:44 A] 0,2;0,0
[12:06:44 B] 2,1;1,0
[12:06:44 A] 1,0;1,2
[12:06:44 B] 0,2;0,1
[12:06:44 A] 0,1;1,0
[12:06:44 B] 2,1;2,0
[12:06:44 A] 1,1;1,1
[12:06:44 B] 1,1;0,2
[12:06:44 A] 0,2;2,2
[12:06:44 B] 2,1;1,1
[12:06:44 A] 2,1;2,2
[12:06:44 B] 2,1;0,0
[12:06:45 A] 1,2;1,2
[12:06:45 B] 1,2;0,1
[12:06:45 A] 0,1;0,2
[12:06:45 B] 0,2;0,0
[12:06:45 A] 0,0;0,0
[12:06:45 B] 0,0;2,1
[12:06:45 A] 2,1;0,0
[12:06:45 B] 0,0;2,0
[12:06:45 A] 2,0;0,2
[12:06:45 B] 0,2;0,1
[12:06:45 A] 0,1;2,1
[12:06:45 B] 2,1;0,1
[12:06:45 A] 0,1;0,0
[12:06:45 B] 0,0;1,0
[12:06:45 A] 1,0;0,0
[12:06:45 B] 0,0;2,2
[12:06:45 A] 2,2;0,1
[12:06:45 B] 0,1;1,0
[12:06:45 A] 1,0;0,1
[12:06:45 B] 0,1;2,0
[12:06:45 A] 2,0;0,0
[12:06:45 B] 1,1;0,1
[12:06:45 A] 0,1;0,1
[12:06:45 B] 1,0;1,0
[12:06:45 A] 1,0;0,2
[12:06:45 B] 0,2;2,0
[12:06:45 A] 2,0;0,1
[12:06:45 B] 2,2;1,1
[12:06:45 A] 1,1;0,2
[12:06:45 B] 0,2;1,1
[12:06:45 A] 1,1;1,2
[12:06:45 B] 1,2;1,0
[12:06:45 A] 0,2;0,2
[12:06:45 B] 0,2;2,2
[12:06:45 A] 2,2;2,1
[12:06:45 B] 2,1;1,2
[12:06:45 A] 1,2;0,2
[12:06:45 B] 2,1;1,0
[12:06:45 A] 2,1;1,1
[12:06:45 B] 1,1;1,1
[12:06:45 A] 1,1;2,1
[12:06:45 B] 2,1;0,2
[12:06:45 A] 2,1;2,2
[12:06:45 B] 2,2;2,0
[12:06:45 A] 2,2;0,2
[12:06:45 B] 2,2;1,2
[12:06:45 A] 1,2;2,2
[12:06:45 B] 2,2;2,2
[12:06:45 A] 2,2;1,0
[12:06:45 B] 1,1;0,0
[12:06:45 A] 1,1;2,2
[12:06:45 B] 0,0;1,1
[12:06:46 A] 1,1;1,0
[12:06:46 B] 1,0;0,1
[12:06:46 A] 0,1;1,2
[12:06:46 B] 1,2;0,1
[12:06:46 A] 0,1;2,2
[12:06:46 B] 2,2;0,2
[12:06:46 A] 0,2;0,2
[12:06:46 B] 0,2;2,1
[12:06:46 A] 2,1;1,2
[12:06:46 B] 1,2;2,1
[12:06:46 A] 2,1;1,1
[12:06:46 B] 1,1;0,2
[12:06:46 A] 0,2;0,0
[12:06:46 B] 0,0;1,0
[12:06:46 A] 1,0;2,1
[12:06:46 B] 2,1;0,0
[12:06:46 A] 0,0;1,2
[12:06:46 B] 1,2;1,2
[12:06:46 A] 1,2;1,1
[12:06:46 B] 1,1;0,0
[12:06:46 A] 0,0;0,1
[12:06:46 B] 0,1;0,2
[12:06:46 A] 0,2;0,1
[12:06:46 B] 0,1;1,1
[12:06:46 A] 1,1;0,1
[12:06:46 B] 0,1;2,0
[12:06:46 A] 2,0;0,0
[12:06:46 B] 0,0;2,0
[12:06:46 A] 2,0;0,1
[12:06:46 B] 0,0;2,2
[12:06:46 A] 2,2;1,2
[12:06:46 B] 1,2;2,2
[12:06:46 A] 2,2;0,1
[12:06:46 B] 0,0;2,1
[12:06:46 A] 2,1;1,0
[12:06:46 B] 1,0;1,0
[12:06:46 A] 1,0;2,0
[12:06:46 B] 2,0;2,1
[12:06:46 A] 1,2;2,0
[12:06:46 B] 2,0;2,2
[12:06:46 A] 2,2;2,0
[12:06:46 B] 2,0;2,0
[12:06:46 A] 1,2;0,2
[12:06:46 B] 1,0;1,2
[12:06:46 A] 1,0;1,1
[12:06:46 B] 1,1;1,2
[12:06:46 A] 1,1;2,2
[12:06:46 B] 2,2;0,0
[12:06:46 A] 1,0;2,2
[12:06:46 B] 2,2;2,2
[12:06:46 A] 2,2;1,1
[12:06:46 B] 1,1;2,1
[12:06:46 A] 2,2;1,0
[12:06:47 A] 1,1;0,1
[12:06:47 B] 0,1;1,2
[12:06:47 A] 1,2;1,1
[12:06:47 B] 1,1;1,1
[12:06:47 A] 1,1;0,2
[12:06:47 B] 0,2;0,1
[12:06:47 A] 0,1;2,0
[12:06:47 B] 2,0;1,2
[12:06:47 A] 1,2;0,0
[12:06:47 B] 0,0;2,1
[12:06:47 A] 2,1;0,0
[12:06:47 B] 0,0;0,1
[12:06:47 A] 0,1;0,0
[12:06:47 B] 0,0;0,0
[12:06:47 A] 0,0;0,2
[12:06:47 B] 0,2;1,2
[12:06:47 A] 1,2;2,2
[12:06:47 B] 2,2;1,0
[12:06:47 A] 1,0;0,2
[12:06:47 B] 0,2;1,0
[12:06:47 A] 1,0;0,1
[12:06:47 B] 0,1;2,2
[12:06:47 A] 2,2;2,0
[12:06:47 B] 2,0;1,1
[12:06:47 A] 1,1;0,0
[12:06:47 B] 0,0;2,0
[12:06:47 A] 2,0;1,0
[12:06:47 B] 1,0;2,1
[12:06:47 A] 2,1;0,1
[12:06:47 B] 0,1;0,1
[12:06:47 A] 0,1;0,2
[12:06:47 B] 0,2;2,1
[12:06:47 A] 2,1;0,2
[12:06:47 B] 0,2;0,2
[12:06:47 A] 0,2;0,0
[12:06:47 B] 0,0;2,2
[12:06:47 A] 2,2;0,0
[12:06:47 B] 1,0;2,2
[12:06:47 A] 2,2;0,1
[12:06:47 B] 0,1;1,0
[12:06:47 A] 1,0;2,0
[12:06:47 B] 2,0;0,2
[12:06:47 A] 0,2;1,1
[12:06:47 B] 2,2;2,2
[12:06:47 A] 2,2;0,2
[12:06:47 B] 0,2;2,2
[12:06:47 A] 0,1;1,1
