[15:52:17 server] init
[15:52:17 server] move
[15:52:17 player] 0,0;0,0
[15:52:17 server] opponent 0,0;2,1
[15:52:17 player] 2,1;0,0
[15:52:17 server] opponent 0,0;1,2
[15:52:17 player] 1,2;0,0
[15:52:17 server] opponent 0,0;1,0
[15:52:17 player] 1,0;0,0
[15:52:17 server] opponent 0,0;1,1
[15:52:17 player] 1,1;0,0
[15:52:17 server] opponent 2,2;0,1
[15:52:17 player] 0,1;0,0
[15:52:17 server] opponent 0,1;1,2
[15:52:17 player] 1,2;0,1
[15:52:17 server] opponent 0,1;0,1
[15:52:17 player] 0,1;0,2
[15:52:17 server] opponent 0,2;0,1
[15:52:17 player] 0,1;1,0
[15:52:17 server] opponent 1,0;0,2
[15:52:17 player] 0,2;0,0
[15:52:17 server] opponent 1,2;0,2
[15:52:17 player] 0,2;0,2
[15:52:18 server] opponent 0,2;1,0
[15:52:18 player] 1,0;0,1
[15:52:18 server] opponent 0,1;1,1
[15:52:18 player] 1,1;0,1
[15:52:18 server] opponent 0,1;2,0
[15:52:18 player] 2,0;0,0
[15:52:18 server] opponent 1,0;2,1
[15:52:18 player] 2,1;0,1
[15:52:18 server] opponent 0,1;2,1
[15:52:18 player] 2,1;0,2
[15:52:18 server] opponent 0,2;2,2
[15:52:18 player] 2,2;0,0
[15:52:18 server] opponent 2,0;2,2
[15:52:18 player] 2,2;0,2
[15:52:18 server] opponent 0,2;1,2
[15:52:18 player] 1,2;1,0
[15:52:18 server] opponent 1,0;1,0
[15:52:18 player] 1,0;1,1
[15:52:18 server] opponent 1,1;1,0
[15:52:18 player] 1,0;2,2
[15:52:18 server] opponent 2,2;1,0
[15:52:18 player] 0,2;1,1
[15:52:18 server] opponent 1,1;2,2
[15:52:18 player] 2,2;1,1
[15:52:18 server] opponent 1,1;1,2
[15:52:18 player] 1,2;2,0
[15:52:18 server] opponent 2,0;1,0
[15:52:18 player] 0,2;2,0
[15:52:18 server] opponent 2,0;2,1
[15:52:18 player] 1,1;0,2
[15:52:18 server] init
[15:52:18 server] opponent 0,0;2,2
[15:52:18 player] 2,2;0,0
[15:52:18 server] opponent 0,0;0,0
[15:52:18 player] 0,0;1,1
[15:52:18 server] opponent 1,1;1,1
[15:52:18 player] 1,1;0,0
[15:52:18 server] opponent 0,0;0,1
[15:52:19 player] 0,1;0,0
[15:52:19 server] opponent 0,0;0,2
[15:52:19 player] 0,2;0,0
[15:52:19 server] opponent 0,2;2,2
[15:52:19 player] 2,2;0,1
[15:52:19 server] opponent 0,1;1,2
[15:52:19 player] 1,2;0,0
[15:52:19 server] opponent 0,1;2,2
[15:52:19 player] 2,2;0,2
[15:52:19 server] opponent 0,2;0,2
[15:52:19 player] 0,2;1,2
[15:52:19 server] opponent 1,2;2,0
[15:52:19 player] 2,0;0,0
[15:52:19 server] opponent 1,1;2,2
[15:52:19 player] 0,1;0,2
[15:52:19 server] opponent 0,2;1,0
[15:52:19 player] 1,0;0,0
[15:52:19 server] opponent 1,1;0,1
[15:52:19 player] 0,1;0,1
[15:52:19 server] opponent 1,1;2,0
[15:52:19 player] 2,0;0,1
[15:52:19 server] opponent 1,0;2,0
[15:52:19 player] 2,0;0,2
[15:52:19 server] opponent 0,2;2,0
[15:52:19 player] 0,2;2,1
[15:52:19 server] opponent 2,1;0,1
[15:52:19 player] 0,2;1,1
[15:52:19 server] opponent 1,1;1,2
[15:52:19 player] 1,2;0,1
[15:52:19 server] opponent 0,2;0,1
[15:52:19 player] 1,1;1,0
[15:52:19 server] opponent 1,0;2,2
[15:52:19 player] 1,0;2,1
[15:52:19 server] opponent 2,1;2,1
[15:52:19 player] 2,1;1,1
[15:52:19 server] opponent 1,1;2,1
[15:52:19 player] 2,1;0,0
[15:52:19 server] opponent 1,0;0,2
[15:52:20 player] 1,0;1,2
[15:52:20 server] opponent 1,2;0,2
[15:52:20 player] 1,0;1,1
[15:52:20 server] opponent 1,0;1,0
[15:52:20 player] 1,0;0,1
[15:52:20 server] opponent 2,1;2,2
[15:52:20 player] 1,2;1,1
[15:52:20 server] opponent 2,1;1,0
[15:52:20 player] 1,2;2,1
[15:52:20 server] opponent 2,1;2,0
[15:52:20 server] init
[15:52:20 server] move
[15:52:20 player] 0,0;0,0
[15:52:20 server] opponent 0,0;2,0
[15:52:20 player] 2,0;0,0
[15:52:20 server] opponent 0,0;2,2
[15:52:20 player] 2,2;0,0
[15:52:20 server] opponent 0,0;1,1
[15:52:20 player] 1,1;0,0
[15:52:20 server] opponent 0,0;2,1
[15:52:20 player] 2,1;0,0
[15:52:20 server] opponent 1,0;2,2
[15:52:20 player] 2,2;0,1
[15:52:20 server] opponent 0,1;1,0
[15:52:20 player] 1,0;0,0
[15:52:20 server] opponent 1,1;2,1
[15:52:20 player] 2,1;0,1
[15:52:20 server] opponent 0,1;2,2
[15:52:20 player] 2,2;0,2
[15:52:20 server] opponent 0,2;1,1
[15:52:20 player] 1,1;0,1
[15:52:20 server] opponent 0,1;0,0
[15:52:20 player] 0,1;2,0
[15:52:20 server] opponent 2,0;1,0
[15:52:20 player] 1,0;0,1
[15:52:20 server] opponent 0,1;0,1
[15:52:20 player] 0,1;0,2
[15:52:21 server] opponent 0,2;0,2
[15:52:21 player] 0,2;2,0
[15:52:21 server] opponent 2,0;0,2
[15:52:21 player] 0,2;0,0
[15:52:21 server] opponent 0,2;0,1
[15:52:21 player] 0,1;1,1
[15:52:21 server] opponent 1,1;1,2
[15:52:21 player] 1,2;0,0
[15:52:21 server] opponent 1,2;0,1
[15:52:21 player] 0,2;1,0
[15:52:21 server] opponent 1,0;0,2
[15:52:21 player] 1,0;1,2
[15:52:21 server] opponent 1,2;2,2
[15:52:21 player] 1,1;0,2
[15:52:21 server] opponent 2,0;2,1
[15:52:21 player] 2,1;0,2
[15:52:21 server] init
[15:52:21 server] opponent 0,0;0,2
[15:52:21 player] 0,2;0,0
[15:52:21 server] opponent 0,0;1,0
[15:52:21 player] 1,0;0,0
[15:52:21 server] opponent 0,0;0,1
[15:52:21 player] 0,1;0,0
[15:52:21 server] opponent 0,0;0,0
[15:52:21 player] 0,1;0,1
[15:52:21 server] opponent 0,1;1,1
[15:52:21 player] 1,1;0,0
[15:52:21 server] opponent 2,2;1,0
[15:52:21 player] 1,0;0,1
[15:52:21 server] opponent 0,1;2,1
[15:52:21 player] 2,1;0,0
[15:52:21 server] opponent 1,2;2,2
[15:52:21 player] 2,2;0,0
[15:52:21 server] opponent 2,0;2,0
[15:52:21 player] 2,0;0,0
[15:52:21 server] opponent 0,2;1,2
[15:52:21 player] 1,2;0,0
[15:52:21 server] opponent 1,2;1,1
[15:52:21 player] 1,1;0,1
[15:52:22 server] opponent 0,1;2,2
[15:52:22 player] 2,2;0,1
[15:52:22 server] opponent 0,1;1,0
[15:52:22 player] 1,0;0,2
[15:52:22 server] opponent 0,2;2,2
[15:52:22 player] 2,2;0,2
[15:52:22 server] opponent 0,2;1,1
[15:52:22 player] 1,1;0,2
[15:52:22 server] opponent 0,2;0,2
[15:52:22 player] 0,1;0,2
[15:52:22 server] opponent 1,2;2,0
[15:52:22 player] 2,0;0,1
[15:52:22 server] opponent 1,2;0,1
[15:52:22 player] 1,2;2,1
[15:52:22 server] opponent 2,1;0,1
[15:52:22 player] 1,2;0,2
[15:52:22 server] opponent 2,1;1,0
[15:52:22 player] 2,0;0,2
[15:52:22 server] opponent 1,2;1,0
[15:52:22 player] 1,2;1,2
[15:52:22 server] opponent 2,1;0,2
[15:52:22 player] 2,1;1,1
[15:52:22 server] opponent 2,1;2,2
[15:52:22 player] 2,1;1,2
[15:52:22 server] opponent 2,1;2,1
[15:52:22 player] 2,1;2,0
[15:52:22 server] init
[15:52:22 server] move
[15:52:22 player] 0,0;0,0
[15:52:22 server] opponent 0,0;0,2
[15:52:22 player] 0,2;0,0
[15:52:22 server] opponent 0,0;2,1
[15:52:22 player] 2,1;0,0
[15:52:22 server] opponent 0,0;2,0
[15:52:22 player] 2,0;0,0
[15:52:22 server] opponent 0,0;1,0
[15:52:22 player] 1,0;0,0
[15:52:22 server] opponent 0,0;0,1
[15:52:23 player] 0,1;0,0
[15:52:23 server] opponent 0,0;1,1
[15:52:23 player] 1,1;0,0
[15:52:23 server] opponent 2,0;1,1
[15:52:23 player] 1,1;0,1
[15:52:23 server] opponent 0,1;1,2
[15:52:23 player] 1,2;0,0
[15:52:23 server] opponent 2,0;1,0
[15:52:23 player] 1,0;0,1
[15:52:23 server] opponent 0,1;1,1
[15:52:23 player] 1,1;0,2
[15:52:23 server] opponent 0,2;1,0
[15:52:23 player] 1,0;0,2
[15:52:23 server] opponent 0,2;0,1
[15:52:23 player] 0,1;1,0
[15:52:23 server] opponent 2,1;2,1
[15:52:23 player] 2,1;0,1
[15:52:23 server] opponent 0,1;2,0
[15:52:23 player] 2,0;1,2
[15:52:23 server] opponent 1,2;2,0
[15:52:23 player] 2,0;0,1
[15:52:23 server] opponent 0,1;0,1
[15:52:23 player] 0,1;2,1
[15:52:23 server] opponent 2,1;0,2
[15:52:23 player] 0,2;0,2
[15:52:23 server] opponent 0,2;2,1
[15:52:23 player] 2,1;1,0
[15:52:23 server] opponent 0,1;2,2
[15:52:23 player] 2,2;0,0
[15:52:23 server] opponent 0,2;2,0
[15:52:23 player] 2,0;0,2
[15:52:23 server] opponent 0,2;2,2
[15:52:23 player] 2,2;0,1
[15:52:23 server] opponent 0,1;0,2
[15:52:23 server] init
[15:52:23 server] opponent 0,0;0,2
[15:52:23 player] 0,2;0,0
[15:52:24 server] opponent 0,0;1,0
[15:52:24 player] 1,0;0,0
[15:52:24 server] opponent 0,0;0,0
[15:52:24 player] 0,0;0,1
[15:52:24 server] opponent 0,1;1,0
[15:52:24 player] 1,0;0,1
[15:52:24 server] opponent 0,1;1,2
[15:52:24 player] 1,2;0,0
[15:52:24 server] opponent 0,0;1,1
[15:52:24 player] 1,1;0,0
[15:52:24 server] opponent 0,0;2,2
[15:52:24 player] 2,2;0,0
[15:52:24 server] opponent 2,1;2,1
[15:52:24 player] 2,1;0,0
[15:52:24 server] opponent 0,2;2,2
[15:52:24 player] 2,2;0,1
[15:52:24 server] opponent 0,1;2,2
[15:52:24 player] 2,2;0,2
[15:52:24 server] opponent 0,2;0,2
[15:52:24 player] 0,2;1,2
[15:52:24 server] opponent 1,2;2,2
[15:52:24 player] 0,1;1,1
[15:52:24 server] opponent 1,1;0,1
[15:52:24 player] 0,1;0,2
[15:52:24 server] opponent 0,2;2,1
[15:52:24 player] 2,1;0,1
[15:52:24 server] opponent 0,1;0,1
[15:52:24 player] 0,1;2,0
[15:52:24 server] opponent 2,0;2,0
[15:52:24 player] 2,0;0,0
[15:52:24 server] opponent 2,0;2,1
[15:52:24 player] 2,1;0,2
[15:52:24 server] opponent 0,2;1,1
[15:52:24 player] 1,1;0,2
[15:52:24 server] opponent 0,2;0,1
[15:52:24 player] 1,0;0,2
[15:52:24 server] opponent 1,1;1,1
[15:52:24 player] 1,1;2,1
[15:52:25 server] opponent 1,2;2,0
[15:52:25 player] 2,0;2,2
[15:52:25 server] opponent 1,2;0,1
[15:52:25 player] 1,2;2,1
[15:52:25 server] opponent 2,0;1,2
[15:52:25 player] 1,2;0,2
[15:52:25 server] opponent 1,2;1,2
[15:52:25 player] 1,2;1,0
[15:52:25 server] opponent 1,1;1,0
[15:52:25 player] 1,1;1,2
[15:52:25 server] opponent 1,2;1,1
[15:52:25 player] 1,1;2,2
[15:52:25 server] init
[15:52:25 server] move
[15:52:25 player] 0,0;0,0
[15:52:25 server] opponent 0,0;2,2
[15:52:25 player] 2,2;0,0
[15:52:25 server] opponent 0,0;0,1
[15:52:25 player] 0,1;0,0
[15:52:25 server] opponent 0,0;1,1
[15:52:25 player] 1,1;0,0
[15:52:25 server] opponent 0,0;1,2
[15:52:25 player] 1,2;0,0
[15:52:25 server] opponent 0,0;2,1
[15:52:25 player] 2,1;0,0
[15:52:25 server] opponent 1,0;0,2
[15:52:25 player] 0,2;0,0
[15:52:25 server] opponent 2,0;2,2
[15:52:25 player] 2,2;0,1
[15:52:25 server] opponent 0,1;0,1
[15:52:25 player] 0,1;0,2
[15:52:25 server] opponent 0,2;1,0
[15:52:25 player] 1,0;0,0
[15:52:25 server] opponent 2,1;2,2
[15:52:25 player] 2,2;0,2
[15:52:25 server] opponent 0,2;2,1
[15:52:25 player] 2,1;0,1
[15:52:25 server] opponent 0,1;2,0
[15:52:26 player] 2,0;0,0
[15:52:26 server] opponent 0,1;1,0
[15:52:26 player] 1,0;0,1
[15:52:26 server] opponent 0,1;2,2
[15:52:26 player] 0,1;2,1
[15:52:26 server] opponent 2,1;1,0
[15:52:26 player] 1,0;1,0
[15:52:26 server] opponent 1,0;2,0
[15:52:26 player] 2,0;0,1
[15:52:26 server] opponent 0,1;1,1
[15:52:26 player] 1,1;0,1
[15:52:26 server] opponent 0,1;1,2
[15:52:26 player] 1,2;0,1
[15:52:26 server] opponent 1,2;1,2
[15:52:26 player] 1,2;0,2
[15:52:26 server] opponent 0,2;2,2
[15:52:26 player] 0,2;2,0
[15:52:26 server] opponent 2,0;2,1
[15:52:26 player] 2,1;0,2
[15:52:26 server] opponent 0,2;0,2
[15:52:26 player] 0,2;1,2
[15:52:26 server] opponent 0,2;0,1
[15:52:26 player] 0,2;1,1
[15:52:26 server] opponent 1,1;1,1
[15:52:26 player] 1,1;0,2
[15:52:26 server] opponent 1,0;2,2
[15:52:26 player] 1,0;2,1
[15:52:26 server] opponent 1,0;1,1
[15:52:26 player] 2,0;0,2
[15:52:26 server] init
[15:52:26 server] opponent 0,0;2,1
[15:52:26 player] 2,1;0,0
[15:52:26 server] opponent 0,0;1,1
[15:52:26 player] 1,1;0,0
[15:52:26 server] opponent 0,0;2,2
[15:52:26 player] 2,2;0,0
[15:52:26 server] opponent 0,0;0,0
[15:52:26 player] 0,1;0,0
[15:52:27 server] opponent 1,1;2,0
[15:52:27 player] 2,0;0,0
[15:52:27 server] opponent 0,2;2,1
[15:52:27 player] 2,1;0,1
[15:52:27 server] opponent 0,1;2,2
[15:52:27 player] 2,2;0,1
[15:52:27 server] opponent 0,1;0,1
[15:52:27 player] 0,1;0,2
[15:52:27 server] opponent 0,2;1,0
[15:52:27 player] 1,0;0,0
[15:52:27 server] opponent 1,1;0,1
[15:52:27 player] 0,1;1,0
[15:52:27 server] opponent 1,0;1,1
[15:52:27 player] 1,1;0,2
[15:52:27 server] opponent 0,2;2,2
[15:52:27 player] 2,2;0,2
[15:52:27 server] opponent 0,2;1,2
[15:52:27 player] 1,2;0,0
[15:52:27 server] opponent 2,1;2,0
[15:52:27 player] 2,0;0,1
[15:52:27 server] opponent 0,1;2,1
[15:52:27 player] 2,1;0,2
[15:52:27 server] opponent 0,2;0,1
[15:52:27 player] 0,1;2,0
[15:52:27 server] opponent 2,0;2,1
[15:52:27 player] 0,2;1,1
[15:52:27 server] opponent 1,1;2,2
[15:52:27 player] 0,2;2,0
[15:52:27 server] opponent 2,0;2,2
[15:52:27 player] 0,2;0,2
[15:52:27 server] opponent 2,0;0,2
[15:52:27 player] 1,1;2,1
[15:52:27 server] opponent 1,1;1,1
[15:52:27 player] 1,1;1,0
[15:52:27 server] opponent 1,0;0,1
[15:52:27 player] 1,0;2,1
[15:52:27 server] opponent 2,0;1,0
[15:52:27 player] 1,0;0,2
[15:52:28 server] opponent 1,2;0,1
[15:52:28 player] 2,0;2,0
[15:52:28 server] opponent 2,0;1,2
[15:52:28 player] 1,2;0,2
[15:52:28 server] opponent 1,1;1,2
[15:52:28 player] 1,2;1,0
[15:52:28 server] opponent 1,0;1,2
[15:52:28 player] 1,2;2,0
[15:52:28 server] init
[15:52:28 server] move
[15:52:28 player] 0,0;0,0
[15:52:28 server] opponent 0,0;2,1
[15:52:28 player] 2,1;0,0
[15:52:28 server] opponent 0,0;1,2
[15:52:28 player] 1,2;0,0
[15:52:28 server] opponent 0,0;0,1
[15:52:28 player] 0,1;0,0
[15:52:28 server] opponent 0,0;1,1
[15:52:28 player] 1,1;0,0
[15:52:28 server] opponent 2,0;0,0
[15:52:28 player] 0,1;0,1
[15:52:28 server] opponent 0,1;2,2
[15:52:28 player] 2,2;0,0
[15:52:28 server] opponent 2,2;2,0
[15:52:28 player] 2,0;0,1
[15:52:28 server] opponent 0,1;1,1
[15:52:28 player] 1,1;0,1
[15:52:28 server] opponent 0,1;2,1
[15:52:28 player] 2,1;0,1
[15:52:28 server] opponent 0,1;1,0
[15:52:28 player] 1,0;0,0
[15:52:28 server] opponent 1,2;2,2
[15:52:28 player] 2,2;0,1
[15:52:28 server] opponent 0,1;0,2
[15:52:28 player] 0,2;0,0
[15:52:28 server] opponent 0,2;0,2
[15:52:28 player] 0,2;0,1
[15:52:28 server] opponent 0,1;1,2
[15:52:29 player] 1,2;0,1
[15:52:29 server] opponent 1,2;0,2
[15:52:29 player] 0,2;1,0
[15:52:29 server] opponent 1,0;1,2
[15:52:29 player] 1,2;1,2
[15:52:29 server] opponent 1,2;2,0
[15:52:29 player] 2,0;0,2
[15:52:29 server] opponent 0,2;1,1
[15:52:29 player] 1,1;0,2
[15:52:29 server] opponent 0,2;2,1
[15:52:29 player] 2,1;0,2
[15:52:29 server] opponent 0,2;1,2
[15:52:29 player] 1,2;2,1
[15:52:29 server] opponent 2,2;2,2
[15:52:29 player] 2,2;0,2
[15:52:29 server] opponent 0,2;2,2
[15:52:29 server] init
[15:52:29 server] opponent 0,0;1,1
[15:52:29 player] 1,1;0,0
[15:52:29 server] opponent 0,0;0,1
[15:52:29 player] 0,1;0,0
[15:52:29 server] opponent 0,0;2,1
[15:52:29 player] 2,1;0,0
[15:52:29 server] opponent 1,1;2,2
[15:52:29 player] 2,2;0,0
[15:52:29 server] opponent 0,1;0,2
[15:52:29 player] 0,2;0,0
[15:52:29 server] opponent 2,0;2,1
[15:52:29 player] 2,1;0,1
[15:52:29 server] opponent 0,1;1,2
[15:52:29 player] 1,2;0,0
[15:52:29 server] opponent 2,0;1,0
[15:52:29 player] 1,0;0,0
[15:52:29 server] opponent 1,2;1,0
[15:52:29 player] 1,0;0,1
[15:52:29 server] opponent 0,1;1,1
[15:52:29 player] 1,1;0,1
[15:52:29 server] opponent 0,1;0,1
[15:52:30 player] 0,1;1,0
[15:52:30 server] opponent 1,0;2,0
[15:52:30 player] 2,0;0,0
[15:52:30 server] opponent 2,1;2,0
[15:52:30 player] 2,0;0,1
[15:52:30 server] opponent 0,1;2,2
[15:52:30 player] 2,2;0,1
[15:52:30 server] opponent 1,1;2,1
[15:52:30 player] 2,1;0,2
[15:52:30 server] opponent 0,2;2,2
[15:52:30 player] 2,2;0,2
[15:52:30 server] opponent 0,2;1,2
[15:52:30 player] 1,2;0,1
[15:52:30 server] opponent 0,2;1,1
[15:52:30 player] 1,1;0,2
[15:52:30 server] opponent 0,2;0,2
[15:52:30 server] init
[15:52:30 server] move
[15:52:30 player] 0,0;0,0
[15:52:30 server] opponent 0,0;1,0
[15:52:30 player] 1,0;0,0
[15:52:30 server] opponent 0,0;0,2
[15:52:30 player] 0,2;0,0
[15:52:30 server] opponent 0,0;2,1
[15:52:30 player] 2,1;0,0
[15:52:30 server] opponent 0,0;1,1
[15:52:30 player] 1,1;0,0
[15:52:30 server] opponent 0,0;2,0
[15:52:30 player] 2,0;0,0
[15:52:30 server] opponent 0,2;0,1
[15:52:30 player] 0,1;0,0
[15:52:30 server] opponent 1,1;1,2
[15:52:30 player] 1,2;0,0
[15:52:30 server] opponent 2,1;1,2
[15:52:30 player] 1,2;0,1
[15:52:30 server] opponent 0,1;2,0
[15:52:30 player] 2,0;0,1
[15:52:30 server] opponent 0,1;2,2
[15:52:31 player] 2,2;0,0
[15:52:31 server] opponent 2,1;2,1
[15:52:31 player] 2,1;0,1
[15:52:31 server] opponent 0,1;1,0
[15:52:31 player] 1,0;0,1
[15:52:31 server] opponent 0,1;1,1
[15:52:31 player] 1,1;0,1
[15:52:31 server] opponent 0,1;0,1
[15:52:31 player] 0,1;1,2
[15:52:31 server] opponent 1,2;1,2
[15:52:31 player] 1,2;0,2
[15:52:31 server] opponent 0,2;1,1
[15:52:31 player] 1,1;0,2
[15:52:31 server] opponent 0,2;0,2
[15:52:31 player] 0,2;2,1
[15:52:31 server] opponent 2,1;0,2
[15:52:31 player] 0,2;2,0
[15:52:31 server] opponent 2,0;1,2
[15:52:31 player] 0,1;2,1
[15:52:31 server] opponent 2,1;2,0
[15:52:31 player] 2,0;0,2
[15:52:31 server] opponent 0,2;2,2
[15:52:31 player] 2,2;0,1
[15:52:31 server] opponent 0,1;0,2
[15:52:31 player] 0,2;1,0
[15:52:31 server] init
[15:52:31 server] opponent 0,0;2,0
[15:52:31 player] 2,0;0,0
[15:52:31 server] opponent 0,0;2,1
[15:52:31 player] 2,1;0,0
[15:52:31 server] opponent 0,0;1,2
[15:52:31 player] 1,2;0,0
[15:52:31 server] opponent 0,0;1,1
[15:52:31 player] 1,1;0,0
[15:52:31 server] opponent 0,0;2,2
[15:52:31 player] 2,2;0,0
[15:52:31 server] opponent 2,2;2,0
[15:52:31 player] 2,0;0,1
[15:52:32 server] opponent 0,1;2,0
[15:52:32 player] 2,0;0,2
[15:52:32 server] opponent 0,2;2,1
[15:52:32 player] 2,1;0,1
[15:52:32 server] opponent 0,1;0,1
[15:52:32 player] 0,1;0,0
[15:52:32 server] opponent 2,2;1,0
[15:52:32 player] 1,0;0,0
[15:52:32 server] opponent 0,1;1,0
[15:52:32 player] 1,0;0,1
[15:52:32 server] opponent 0,1;1,2
[15:52:32 player] 1,2;0,1
[15:52:32 server] opponent 0,1;2,1
[15:52:32 player] 2,1;0,2
[15:52:32 server] opponent 0,2;1,1
[15:52:32 player] 1,1;0,1
[15:52:32 server] opponent 0,1;2,2
[15:52:32 player] 2,2;0,1
[15:52:32 server] opponent 2,2;0,2
[15:52:32 player] 0,2;0,1
[15:52:32 server] opponent 1,1;2,2
[15:52:32 player] 2,2;1,1
[15:52:32 server] opponent 1,1;2,0
[15:52:32 player] 1,0;0,2
[15:52:32 server] opponent 0,2;1,2
[15:52:32 player] 1,2;0,2
[15:52:32 server] opponent 0,2;2,2
[15:52:32 player] 2,2;2,1
[15:52:32 server] init
[15:52:32 server] move
[15:52:32 player] 0,0;0,0
[15:52:32 server] opponent 0,0;2,2
[15:52:32 player] 2,2;0,0
[15:52:32 server] opponent 0,0;1,2
[15:52:32 player] 1,2;0,0
[15:52:32 server] opponent 0,0;0,1
[15:52:32 player] 0,1;0,0
[15:52:33 server] opponent 0,0;2,1
[15:52:33 player] 2,1;0,0
[15:52:33 server] opponent 0,0;1,0
[15:52:33 player] 1,0;0,0
[15:52:33 server] opponent 0,0;0,2
[15:52:33 player] 0,2;0,0
[15:52:33 server] opponent 0,2;1,1
[15:52:33 player] 1,1;0,0
[15:52:33 server] opponent 1,1;1,0
[15:52:33 player] 1,0;0,1
[15:52:33 server] opponent 0,1;0,2
[15:52:33 player] 0,2;0,1
[15:52:33 server] opponent 0,1;1,2
[15:52:33 player] 1,2;0,1
[15:52:33 server] opponent 0,1;0,1
[15:52:33 player] 0,1;2,2
[15:52:33 server] opponent 2,2;1,1
[15:52:33 player] 1,1;0,1
[15:52:33 server] opponent 0,1;2,1
[15:52:33 player] 2,1;0,1
[15:52:33 server] opponent 0,1;1,1
[15:52:33 player] 1,1;0,2
[15:52:33 server] opponent 0,2;2,1
[15:52:33 player] 2,1;0,2
[15:52:33 server] opponent 0,2;1,0
[15:52:33 player] 1,0;0,2
[15:52:33 server] opponent 0,2;2,0
[15:52:33 player] 2,0;0,0
[15:52:33 server] opponent 2,0;2,0
[15:52:33 player] 2,0;0,1
[15:52:33 server] opponent 2,2;0,1
[15:52:33 player] 0,2;0,2
[15:52:33 server] opponent 2,2;1,2
[15:52:33 player] 1,2;0,2
[15:52:33 server] init
[15:52:33 server] opponent 0,0;2,2
[15:52:33 player] 2,2;0,0
[15:52:33 server] opponent 0,0;1,1
[15:52:34 player] 1,1;0,0
[15:52:34 server] opponent 0,0;0,1
[15:52:34 player] 0,1;0,0
[15:52:34 server] opponent 0,0;2,0
[15:52:34 player] 2,0;0,0
[15:52:34 server] opponent 0,0;1,0
[15:52:34 player] 1,0;0,0
[15:52:34 server] opponent 0,0;0,0
[15:52:34 player] 0,1;0,1
[15:52:34 server] opponent 0,1;1,0
[15:52:34 player] 1,0;0,1
[15:52:34 server] opponent 0,1;0,2
[15:52:34 player] 0,2;0,0
[15:52:34 server] opponent 2,0;2,2
[15:52:34 player] 2,2;0,1
[15:52:34 server] opponent 0,1;2,0
[15:52:34 player] 2,0;0,1
[15:52:34 server] opponent 0,1;1,2
[15:52:34 player] 1,2;0,0
[15:52:34 server] opponent 2,0;0,2
[15:52:34 player] 0,2;0,1
[15:52:34 server] opponent 0,1;1,1
[15:52:34 player] 1,1;0,1
[15:52:34 server] opponent 2,0;1,2
[15:52:34 player] 1,2;0,1
[15:52:34 server] opponent 2,2;1,2
[15:52:34 player] 1,2;0,2
[15:52:34 server] opponent 0,2;0,2
[15:52:34 player] 0,2;1,0
[15:52:34 server] opponent 1,0;1,1
[15:52:34 player] 1,1;0,2
[15:52:34 server] opponent 0,2;1,2
[15:52:34 player] 0,2;2,0
[15:52:34 server] opponent 1,0;2,0
[15:52:34 player] 1,0;0,2
[15:52:34 server] init
[15:52:34 server] move
[15:52:34 player] 0,0;0,0
[15:52:35 server] opponent 0,0;1,2
[15:52:35 player] 1,2;0,0
[15:52:35 server] opponent 0,0;2,0
[15:52:35 player] 2,0;0,0
[15:52:35 server] opponent 0,0;2,2
[15:52:35 player] 2,2;0,0
[15:52:35 server] opponent 0,0;1,0
[15:52:35 player] 1,0;0,0
[15:52:35 server] opponent 0,0;1,1
[15:52:35 player] 1,1;0,0
[15:52:35 server] opponent 1,0;2,0
[15:52:35 player] 2,0;0,1
[15:52:35 server] opponent 0,1;1,1
[15:52:35 player] 1,1;0,1
[15:52:35 server] opponent 0,1;2,2
[15:52:35 player] 2,2;0,1
[15:52:35 server] opponent 0,1;0,2
[15:52:35 player] 0,2;0,0
[15:52:35 server] opponent 1,0;1,2
[15:52:35 player] 1,2;0,1
[15:52:35 server] opponent 0,1;1,2
[15:52:35 player] 1,2;0,2
[15:52:35 server] opponent 0,2;1,0
[15:52:35 player] 1,0;0,1
[15:52:35 server] opponent 1,0;0,2
[15:52:35 player] 0,2;0,1
[15:52:35 server] opponent 1,0;2,1
[15:52:35 player] 2,1;0,0
[15:52:35 server] opponent 2,2;1,0
[15:52:35 player] 1,0;2,2
[15:52:35 server] opponent 2,2;1,2
[15:52:35 player] 0,2;0,2
[15:52:35 server] opponent 2,1;2,1
[15:52:35 player] 2,1;0,1
[15:52:35 server] opponent 1,1;0,2
[15:52:35 player] 1,0;1,1
[15:52:35 server] opponent 1,1;1,2
[15:52:35 player] 1,1;2,2
[15:52:36 server] opponent 2,2;2,2
[15:52:36 player] 2,2;0,2
[15:52:36 server] init
[15:52:36 server] opponent 0,0;2,0
[15:52:36 player] 2,0;0,0
[15:52:36 server] opponent 0,0;0,0
[15:52:36 player] 0,0;1,0
[15:52:36 server] opponent 1,0;0,0
[15:52:36 player] 0,0;0,1
[15:52:36 server] opponent 0,1;0,1
[15:52:36 player] 0,1;0,0
[15:52:36 server] opponent 0,0;2,1
[15:52:36 player] 2,1;0,0
[15:52:36 server] opponent 0,0;1,2
[15:52:36 player] 1,2;0,0
[15:52:36 server] opponent 0,0;1,1
[15:52:36 player] 1,1;0,0
[15:52:36 server] opponent 0,0;2,2
[15:52:36 player] 2,2;0,0
[15:52:36 server] opponent 1,2;2,1
[15:52:36 player] 2,1;0,1
[15:52:36 server] opponent 0,1;1,0
[15:52:36 player] 1,0;0,1
[15:52:36 server] opponent 0,1;0,2
[15:52:36 player] 0,2;0,0
[15:52:36 server] opponent 0,1;1,2
[15:52:36 player] 1,2;0,1
[15:52:36 server] opponent 0,1;2,1
[15:52:36 player] 2,1;0,2
[15:52:36 server] opponent 0,2;2,2
[15:52:36 player] 2,2;0,1
[15:52:36 server] opponent 0,1;2,2
[15:52:36 player] 2,2;0,2
[15:52:36 server] opponent 0,2;1,2
[15:52:36 player] 1,2;0,2
[15:52:36 server] opponent 0,2;0,1
[15:52:36 player] 0,2;0,2
[15:52:36 server] opponent 0,2;1,0
[15:52:37 player] 1,0;0,2
[15:52:37 server] opponent 0,2;2,1
[15:52:37 player] 0,2;1,1
[15:52:37 server] opponent 1,1;1,2
[15:52:37 player] 0,2;2,0
[15:52:37 server] init
[15:52:37 server] move
[15:52:37 player] 0,0;0,0
[15:52:37 server] opponent 0,0;1,0
[15:52:37 player] 1,0;0,0
[15:52:37 server] opponent 0,0;1,2
[15:52:37 player] 1,2;0,0
[15:52:37 server] opponent 0,0;2,1
[15:52:37 player] 2,1;0,0
[15:52:37 server] opponent 0,0;2,0
[15:52:37 player] 2,0;0,0
[15:52:37 server] opponent 0,0;0,2
[15:52:37 player] 0,2;0,0
[15:52:37 server] opponent 0,0;1,1
[15:52:37 player] 1,1;0,0
[15:52:37 server] opponent 0,2;1,2
[15:52:37 player] 1,2;0,1
[15:52:37 server] opponent 0,1;0,2
[15:52:37 player] 0,2;0,1
[15:52:37 server] opponent 0,1;0,0
[15:52:37 player] 0,1;0,1
[15:52:37 server] opponent 0,1;2,0
[15:52:37 player] 2,0;0,1
[15:52:37 server] opponent 0,1;2,2
[15:52:37 player] 2,2;0,0
[15:52:37 server] opponent 0,1;1,2
[15:52:37 player] 1,2;0,2
[15:52:37 server] opponent 0,2;2,2
[15:52:37 player] 2,2;0,1
[15:52:37 server] opponent 0,2;2,0
[15:52:37 player] 2,0;0,2
[15:52:37 server] opponent 0,2;1,0
[15:52:37 player] 1,0;0,1
[15:52:37 server] opponent 0,2;0,2
[15:52:38 server] init
[15:52:38 server] opponent 0,0;0,2
[15:52:38 player] 0,2;0,0
[15:52:38 server] opponent 0,0;2,1
[15:52:38 player] 2,1;0,0
[15:52:38 server] opponent 0,0;1,1
[15:52:38 player] 1,1;0,0
[15:52:38 server] opponent 0,0;1,2
[15:52:38 player] 1,2;0,0
[15:52:38 server] opponent 0,0;2,2
[15:52:38 player] 2,2;0,0
[15:52:38 server] opponent 1,1;2,2
[15:52:38 player] 2,2;0,1
[15:52:38 server] opponent 0,1;2,0
[15:52:38 player] 2,0;0,0
[15:52:38 server] opponent 1,2;2,2
[15:52:38 player] 2,2;0,2
[15:52:38 server] opponent 0,2;1,1
[15:52:38 player] 1,1;0,1
[15:52:38 server] opponent 0,1;2,2
[15:52:38 player] 0,1;2,1
[15:52:38 server] opponent 2,1;2,0
[15:52:38 player] 2,0;0,1
[15:52:38 server] opponent 0,1;0,2
[15:52:38 player] 0,2;0,1
[15:52:38 server] opponent 0,1;1,1
[15:52:38 player] 1,1;0,2
[15:52:38 server] opponent 0,2;0,2
[15:52:38 player] 0,2;2,0
[15:52:38 server] opponent 2,0;1,2
[15:52:38 player] 1,2;0,1
[15:52:38 server] opponent 2,0;2,0
[15:52:38 player] 2,0;0,2
[15:52:38 server] opponent 0,2;2,1
[15:52:38 player] 2,1;0,1
[15:52:38 server] opponent 0,2;1,2
[15:52:38 player] 1,2;0,2
[15:52:39 server] opponent 0,2;1,0
[15:52:39 server] init
[15:52:39 server] move
[15:52:39 player] 0,0;0,0
[15:52:39 server] opponent 0,0;0,2
[15:52:39 player] 0,2;0,0
[15:52:39 server] opponent 0,0;1,2
[15:52:39 player] 1,2;0,0
[15:52:39 server] opponent 0,0;2,1
[15:52:39 player] 2,1;0,0
[15:52:39 server] opponent 0,0;1,0
[15:52:39 player] 1,0;0,0
[15:52:39 server] opponent 0,0;2,2
[15:52:39 player] 2,2;0,0
[15:52:39 server] opponent 2,0;2,1
[15:52:39 player] 2,1;0,1
[15:52:39 server] opponent 0,1;0,1
[15:52:39 player] 0,1;0,0
[15:52:39 server] opponent 2,1;2,1
[15:52:39 player] 2,1;0,2
[15:52:39 server] opponent 0,2;2,0
[15:52:39 player] 2,0;0,0
[15:52:39 server] opponent 1,0;1,0
[15:52:39 player] 1,0;0,1
[15:52:39 server] opponent 0,1;1,2
[15:52:39 player] 1,2;0,1
[15:52:39 server] opponent 0,1;0,2
[15:52:39 player] 0,2;0,1
[15:52:39 server] opponent 0,1;2,1
[15:52:39 player] 0,1;1,1
[15:52:39 server] opponent 1,1;2,2
[15:52:39 player] 2,2;0,1
[15:52:39 server] opponent 0,1;1,0
[15:52:39 player] 1,0;0,2
[15:52:39 server] opponent 0,2;0,2
[15:52:39 player] 0,2;1,1
[15:52:39 server] opponent 1,1;2,0
[15:52:39 player] 2,0;0,1
[15:52:39 server] opponent 0,1;2,2
[15:52:40 player] 2,2;0,2
[15:52:40 server] opponent 0,2;2,2
[15:52:40 player] 0,2;2,1
[15:52:40 server] opponent 1,2;1,1
[15:52:40 player] 1,1;2,1
[15:52:40 server] opponent 2,0;2,2
[15:52:40 player] 1,2;0,2
[15:52:40 server] init
[15:52:40 server] opponent 0,0;1,0
[15:52:40 player] 1,0;0,0
[15:52:40 server] opponent 0,0;0,0
[15:52:40 player] 0,0;2,0
[15:52:40 server] opponent 2,0;2,0
[15:52:40 player] 2,0;0,0
[15:52:40 server] opponent 0,0;2,1
[15:52:40 player] 2,1;0,0
[15:52:40 server] opponent 0,0;0,1
[15:52:40 player] 0,1;0,0
[15:52:40 server] opponent 0,0;1,2
[15:52:40 player] 1,2;0,0
[15:52:40 server] opponent 0,0;1,1
[15:52:40 player] 1,1;0,0
[15:52:40 server] opponent 0,1;1,0
[15:52:40 player] 1,0;0,1
[15:52:40 server] opponent 0,1;0,2
[15:52:40 player] 0,2;0,0
[15:52:40 server] opponent 2,1;1,0
[15:52:40 player] 1,0;0,2
[15:52:40 server] opponent 0,2;0,2
[15:52:40 player] 0,2;0,1
[15:52:40 server] opponent 0,1;2,0
[15:52:40 player] 2,0;0,1
[15:52:40 server] opponent 0,1;2,2
[15:52:40 player] 2,2;0,0
[15:52:40 server] opponent 2,1;1,1
[15:52:40 player] 1,1;0,1
[15:52:40 server] opponent 0,1;1,1
[15:52:40 player] 1,1;0,2
[15:52:41 server] opponent 0,2;2,2
[15:52:41 player] 2,2;0,1
[15:52:41 server] opponent 2,0;2,2
[15:52:41 player] 2,2;0,2
[15:52:41 server] opponent 0,2;1,0
[15:52:41 player] 0,2;1,2
