[12:05:48 A] 0,2;0,2
[12:05:48 B] 0,2;2,0
[12:05:49 A] 2,0;2,2
[12:05:49 B] 2,2;1,1
[12:05:49 A] 1,1;0,2
[12:05:49 B] 0,2;2,1
[12:05:49 A] 2,1;0,0
[12:05:49 B] 0,0;0,2
[12:05:49 A] 0,2;2,2
[12:05:49 B] 2,2;1,2
[12:05:49 A] 1,2;0,0
[12:05:49 B] 0,0;2,1
[12:05:49 A] 2,1;2,1
[12:05:49 B] 2,1;0,1
[12:05:49 A] 0,1;0,1
[12:05:49 B] 0,1;1,0
[12:05:49 A] 1,0;0,1
[12:05:49 B] 0,1;2,2
[12:05:49 A] 2,2;1,0
[12:05:49 B] 1,0;2,0
[12:05:49 A] 2,0;1,2
[12:05:49 B] 1,2;1,2
[12:05:49 A] 1,2;0,1
[12:05:49 B] 0,1;2,0
[12:05:49 A] 2,0;0,2
[12:05:49 B] 0,2;1,1
[12:05:49 A] 1,1;2,0
[12:05:49 B] 0,0;0,0
[12:05:49 A] 0,0;0,1
[12:05:49 B] 0,1;2,1
[12:05:50 A] 2,1;1,0
[12:05:50 B] 1,0;0,0
[12:05:50 A] 0,0;1,1
[12:05:50 B] 1,1;0,0
[12:05:50 A] 0,0;1,2
[12:05:50 B] 1,2;1,0
[12:05:50 A] 1,0;1,0
[12:05:50 B] 1,0;1,1
[12:05:50 A] 1,1;1,1
[12:05:50 B] 0,0;2,0
[12:05:50 A] 0,0;2,2
[12:05:50 B] 2,2;2,0
[12:05:50 A] 0,0;1,0
[12:05:50 B] 1,0;2,1
[12:05:50 A] 2,1;2,0
[12:05:50 B] 2,2;0,2
[12:05:50 A] 0,2;0,1
[12:05:50 B] 1,2;2,0
[12:05:50 A] 1,0;2,2
[12:05:50 B] 0,2;1,0
[12:05:50 A] 1,0;0,2
[12:05:50 B] 0,2;1,2
[12:05:50 A] 1,2;1,1
[12:05:50 B] 1,0;1,2
[12:05:50 A] 1,2;0,2
[12:05:50 B] 0,0;2,1
[12:05:50 A] 2,1;2,2
[12:05:50 B] 2,2;2,1
[12:05:50 A] 2,1;0,2
[12:05:50 B] 0,2;0,0
[12:05:50 A] 0,0;0,0
[12:05:50 B] 0,0;0,2
[12:05:50 A] 0,2;0,1
[12:05:50 B] 0,1;2,0
[12:05:50 A] 2,0;0,0
[12:05:50 B] 0,0;1,0
[12:05:50 A] 1,0;0,2
[12:05:50 B] 0,2;2,1
[12:05:50 A] 2,1;1,2
[12:05:50 B] 1,2;0,1
[12:05:50 A] 0,1;0,2
[12:05:50 B] 0,2;2,0
[12:05:50 A] 2,0;2,1
[12:05:50 B] 0,0;2,2
[12:05:50 A] 2,2;1,0
[12:05:50 B] 1,0;2,0
[12:05:50 A] 2,0;0,1
[12:05:50 B] 0,1;2,2
[12:05:50 A] 2,2;0,0
[12:05:50 B] 0,0;0,1
[12:05:50 A] 0,1;2,1
[12:05:50 B] 0,0;1,2
[12:05:50 A] 1,2;0,2
[12:05:50 B] 0,2;1,0
[12:05:50 A] 1,0;0,0
[12:05:50 B] 2,0;1,2
[12:05:50 A] 1,2;1,0
[12:05:50 B] 1,0;2,2
[12:05:51 A] 2,2;2,0
[12:05:51 B] 2,0;1,0
[12:05:51 A] 1,0;2,1
[12:05:51 B] 1,1;0,1
[12:05:51 A] 0,1;0,0
[12:05:51 B] 1,1;1,0
[12:05:51 A] 1,0;0,1
[12:05:51 B] 0,1;1,0
[12:05:51 A] 2,0;1,1
[12:05:51 A] 2,2;0,1
[12:05:51 B] 0,1;2,0
[12:05:51 A] 2,0;1,1
[12:05:51 B] 1,1;1,2
[12:05:51 A] 1,2;0,1
[12:05:51 B] 0,1;0,1
[12:05:51 A] 0,1;1,0
[12:05:51 B] 1,0;1,1
[12:05:51 A] 1,1;0,0
[12:05:51 B] 0,0;2,0
[12:05:51 A] 2,0;1,2
[12:05:51 B] 1,2;0,0
[12:05:51 A] 0,0;0,2
[12:05:51 B] 0,2;1,0
[12:05:51 A] 1,0;2,1
[12:05:51 B] 2,1;0,2
[12:05:51 A] 0,2;0,0
[12:05:51 B] 0,0;2,2
[12:05:51 A] 2,2;1,0
[12:05:51 B] 1,0;1,0
[12:05:51 A] 1,0;1,2
[12:05:51 B] 1,2;1,1
[12:05:51 A] 1,1;1,0
[12:05:51 B] 1,0;2,0
[12:05:51 A] 2,0;1,0
[12:05:51 B] 1,0;0,2
[12:05:51 A] 0,2;0,2
[12:05:51 B] 0,2;1,2
[12:05:51 A] 1,2;2,2
[12:05:51 B] 2,2;0,0
[12:05:51 A] 0,0;2,1
[12:05:51 B] 2,1;1,2
[12:05:51 A] 1,2;1,2
[12:05:51 B] 1,2;0,2
[12:05:51 A] 0,2;1,1
[12:05:51 B] 1,1;0,2
[12:05:51 A] 0,2;0,1
[12:05:51 B] 0,1;0,2
[12:05:51 A] 0,1;0,0
[12:05:51 B] 0,0;1,1
[12:05:51 A] 1,1;2,2
[12:05:51 B] 2,2;1,2
[12:05:51 A] 1,2;2,0
[12:05:51 B] 0,0;0,1
[12:05:51 A] 0,1;1,1
[12:05:51 B] 1,1;1,1
[12:05:51 A] 1,1;2,0
[12:05:51 B] 0,0;1,1
[12:05:52 A] 1,1;0,1
[12:05:52 B] 0,1;2,2
[12:05:52 A] 2,2;1,2
[12:05:52 B] 1,2;0,1
[12:05:52 A] 0,1;1,0
[12:05:52 B] 1,0;0,2
[12:05:52 A] 0,2;2,0
[12:05:52 B] 2,0;1,1
[12:05:52 A] 1,1;1,1
[12:05:52 B] 1,1;1,0
[12:05:52 A] 1,0;0,0
[12:05:52 B] 0,0;2,2
[12:05:52 A] 2,2;0,0
[12:05:52 B] 0,0;1,2
[12:05:52 A] 1,2;0,2
[12:05:52 B] 0,2;1,1
[12:05:52 A] 1,1;2,1
[12:05:52 B] 2,1;1,1
[12:05:52 A] 0,0;1,0
[12:05:52 B] 1,0;2,0
[12:05:52 A] 2,0;0,2
[12:05:52 B] 0,2;0,0
[12:05:52 A] 0,0;0,2
[12:05:52 B] 0,2;0,2
[12:05:52 A] 0,2;0,1
[12:05:52 B] 0,1;2,1
[12:05:52 A] 2,1;2,2
[12:05:52 B] 2,2;1,0
[12:05:52 A] 1,0;1,1
[12:05:52 B] 0,0;0,1
[12:05:52 A] 0,1;2,0
[12:05:52 B] 2,0;2,2
[12:05:52 A] 2,2;2,1
[12:05:52 B] 2,1;1,2
[12:05:52 A] 1,2;1,0
[12:05:52 B] 1,0;2,2
[12:05:52 A] 2,2;1,1
[12:05:52 B] 0,0;2,0
[12:05:52 A] 2,0;0,0
[12:05:52 B] 0,0;0,0
[12:05:52 A] 0,2;2,2
[12:05:52 B] 2,2;2,2
[12:05:52 A] 2,2;0,1
[12:05:52 B] 0,1;0,2
[12:05:52 A] 0,2;2,1
[12:05:52 B] 2,1;1,0
[12:05:52 A] 1,0;2,1
[12:05:52 B] 2,0;2,0
[12:05:52 A] 2,0;2,1
[12:05:52 B] 0,1;0,1
[12:05:52 A] 0,1;0,0
[12:05:52 B] 1,2;2,1
[12:05:52 A] 1,0;1,2
[12:05:52 B] 1,2;2,0
[12:05:52 A] 2,0;0,1
[12:05:52 A] 0,1;2,0
[12:05:52 B] 2,0;1,1
[12:05:53 A] 1,1;2,0
[12:05:53 B] 2,0;0,2
[12:05:53 A] 0,2;2,1
[12:05:53 B] 2,1;1,0
[12:05:54 A] 1,0;0,1
[12:05:54 B] 0,1;1,1
[12:05:54 A] 1,1;0,0
[12:05:54 B] 0,0;1,2
[12:05:54 A] 1,2;0,0
[12:05:54 B] 0,0;1,0
[12:05:54 A] 1,0;1,0
[12:05:54 B] 1,0;2,1
[12:05:54 A] 2,1;1,2
[12:05:54 B] 1,2;0,2
[12:05:54 A] 0,2;0,2
[12:05:54 B] 0,2;1,2
[12:05:54 A] 1,2;1,0
[12:05:54 B] 1,0;1,2
[12:05:54 A] 1,2;2,0
[12:05:54 B] 2,0;1,0
[12:05:54 A] 1,0;0,0
[12:05:54 B] 0,0;2,0
[12:05:54 A] 2,0;1,2
[12:05:54 B] 0,0;2,1
[12:05:54 A] 2,1;1,1
[12:05:54 B] 1,1;1,1
[12:05:54 A] 1,1;1,0
[12:05:54 B] 1,0;1,1
[12:05:54 A] 0,0;1,1
[12:05:54 B] 0,0;0,0
[12:05:54 A] 2,0;2,0
[12:05:54 B] 2,0;0,0
[12:05:54 A] 2,0;0,1
[12:05:54 B] 0,1;2,1
[12:05:54 A] 2,1;0,0
[12:05:54 B] 0,2;1,0
[12:05:54 A] 1,0;0,2
[12:05:54 B] 0,0;1,0
[12:05:54 A] 1,0;1,0
[12:05:54 B] 1,0;2,1
[12:05:54 A] 2,1;0,2
[12:05:54 B] 0,2;2,0
[12:05:54 A] 2,0;1,2
[12:05:54 B] 1,2;1,1
[12:05:54 A] 1,1;0,1
[12:05:54 B] 0,1;2,1
[12:05:54 A] 2,1;1,2
[12:05:54 B] 1,2;1,0
[12:05:54 A] 1,0;2,0
[12:05:54 B] 2,0;0,2
[12:05:54 A] 0,2;1,0
[12:05:54 B] 1,0;0,2
[12:05:54 A] 0,2;2,1
[12:05:54 B] 2,1;0,1
[12:05:54 A] 0,1;1,0
[12:05:54 B] 1,0;1,2
[12:05:54 A] 1,2;1,2
[12:05:54 B] 1,2;0,1
[12:05:55 A] 0,1;0,1
[12:05:55 B] 0,1;1,1
[12:05:55 A] 1,1;1,2
[12:05:55 B] 1,2;0,2
[12:05:55 A] 0,2;0,0
[12:05:55 B] 0,0;1,1
[12:05:55 A] 1,1;0,2
[12:05:55 B] 0,2;1,1
[12:05:55 A] 1,1;0,0
[12:05:55 B] 0,0;2,0
[12:05:55 A] 2,0;0,0
[12:05:55 B] 0,0;2,2
[12:05:55 A] 2,2;0,1
[12:05:55 B] 0,1;2,0
[12:05:55 A] 2,0;1,1
[12:05:55 B] 0,0;0,2
[12:05:55 A] 0,2;0,2
[12:05:55 B] 0,2;0,1
[12:05:55 A] 0,1;2,2
[12:05:55 B] 2,2;0,0
[12:05:55 A] 0,1;0,2
[12:05:55 B] 0,2;2,2
[12:05:55 A] 2,2;1,0
[12:05:55 B] 1,0;1,1
[12:05:55 A] 1,0;0,1
[12:05:55 B] 0,1;0,0
[12:05:55 A] 1,0;2,2
[12:05:55 B] 2,2;0,2
[12:05:55 A] 0,2;1,2
[12:05:55 B] 1,2;0,0
[12:05:55 A] 0,1;1,2
[12:05:55 B] 2,1;0,0
[12:05:55 A] 1,0;0,0
[12:05:55 B] 2,1;2,0
[12:05:55 A] 2,0;1,0
[12:05:55 B] 2,1;1,0
[12:05:55 A] 2,2;1,1
[12:05:55 B] 2,2;2,0
[12:05:55 A] 2,2;1,2
[12:05:55 A] 0,1;0,1
[12:05:55 B] 0,1;2,1
[12:05:55 A] 2,1;0,1
[12:05:55 B] 0,1;1,0
[12:05:56 A] 1,0;2,1
[12:05:56 B] 2,1;2,1
[12:05:56 A] 2,1;0,2
[12:05:56 B] 0,2;1,1
[12:05:56 A] 1,1;1,1
[12:05:56 B] 1,1;0,1
[12:05:56 A] 0,1;0,0
[12:05:56 B] 0,0;1,0
[12:05:56 A] 1,0;0,1
[12:05:56 B] 0,1;0,2
[12:05:56 A] 0,2;0,0
[12:05:56 B] 0,0;2,1
[12:05:57 A] 2,1;0,0
[12:05:57 B] 0,0;1,2
[12:05:57 A] 1,2;0,2
[12:05:57 B] 0,2;2,0
[12:05:57 A] 2,0;0,1
[12:05:57 B] 0,1;2,2
[12:05:57 A] 2,2;1,0
[12:05:57 B] 1,0;0,2
[12:05:57 A] 0,2;0,2
[12:05:57 B] 0,2;1,2
[12:05:57 A] 1,2;1,1
[12:05:57 B] 1,1;2,2
[12:05:57 A] 2,2;2,1
[12:05:57 B] 0,0;2,0
[12:05:57 A] 2,0;1,0
[12:05:57 B] 1,0;1,1
[12:05:57 A] 1,1;0,0
[12:05:57 B] 0,0;0,2
[12:05:57 A] 0,2;1,0
[12:05:57 B] 1,0;1,2
[12:05:57 A] 1,2;2,0
[12:05:57 B] 2,0;2,1
[12:05:57 A] 0,0;1,1
[12:05:57 B] 1,1;2,1
[12:05:57 A] 0,0;2,2
[12:05:57 B] 2,2;1,2
[12:05:57 A] 0,0;0,0
[12:05:57 B] 0,2;2,1
[12:05:57 A] 0,1;2,0
[12:05:57 B] 2,0;2,2
[12:05:57 A] 2,2;0,1
[12:05:57 B] 0,1;1,2
[12:05:57 A] 0,2;2,2
[12:05:57 B] 2,2;2,2
[12:05:57 A] 2,2;0,2
[12:05:57 B] 0,2;0,1
[12:05:57 A] 1,0;1,0
[12:05:57 B] 1,0;2,0
[12:05:57 A] 2,0;2,0
[12:05:57 B] 2,0;1,1
[12:05:57 A] 1,1;2,0
[12:05:57 B] 2,0;0,0
[12:05:57 A] 1,1;1,0
[12:05:57 B] 2,2;1,1
[12:05:57 A] 2,2;0,0
[12:05:57 B] 0,0;1,1
[12:05:57 A] 1,1;0,1
[12:05:57 B] 0,1;2,0
[12:05:57 A] 2,0;1,1
[12:05:57 B] 1,1;2,0
[12:05:57 A] 2,0;1,2
[12:05:57 B] 1,2;0,0
[12:05:57 A] 0,0;1,2
[12:05:57 B] 1,2;1,1
[12:05:57 A] 1,1;0,0
[12:05:57 B] 0,0;0,2
[12:05:57 A] 0,2;2,0
[12:05:57 B] 2,0;0,2
[12:05:57 A] 0,2;1,0
[12:05:57 B] 1,0;1,0
[12:05:58 A] 1,0;1,1
[12:05:58 B] 1,1;0,2
[12:05:58 A] 0,2;0,0
[12:05:58 B] 0,0;0,1
[12:05:58 A] 0,1;2,1
[12:05:58 B] 2,1;1,1
[12:05:58 A] 1,1;1,1
[12:05:58 B] 1,1;2,1
[12:05:58 A] 2,1;0,0
[12:05:58 B] 0,0;0,0
[12:05:58 A] 1,1;2,2
[12:05:58 B] 2,2;1,2
[12:05:58 A] 1,2;2,2
[12:05:58 B] 2,2;2,0
[12:05:58 A] 2,0;1,0
[12:05:58 A] 0,2;0,1
[12:05:58 B] 0,1;0,1
[12:05:58 A] 0,1;0,0
[12:05:58 B] 0,0;1,2
[12:05:58 A] 1,2;0,0
[12:05:58 B] 0,0;2,1
[12:05:58 A] 2,1;0,2
[12:05:58 B] 0,2;1,1
[12:05:58 A] 1,1;1,1
[12:05:58 B] 1,1;0,0
[12:05:58 A] 0,0;0,2
[12:05:58 B] 0,2;2,2
[12:05:58 A] 2,2;1,0
[12:05:58 B] 1,0;2,1
[12:05:58 A] 2,1;1,1
[12:05:58 B] 1,1;2,1
[12:05:58 A] 2,1;2,0
[12:05:58 B] 2,0;2,0
[12:05:58 A] 2,0;1,0
[12:05:58 B] 1,0;1,0
[12:05:58 A] 1,0;0,2
[12:05:58 B] 0,2;0,0
[12:05:58 A] 0,0;1,1
[12:05:58 B] 1,1;1,2
[12:05:58 A] 1,2;0,1
[12:05:58 B] 0,1;2,0
[12:05:58 A] 2,0;0,0
[12:05:58 B] 0,0;1,0
[12:05:58 A] 1,0;0,1
[12:05:58 B] 0,1;1,1
[12:05:58 A] 1,1;0,1
[12:05:58 B] 0,1;2,2
[12:05:58 A] 2,2;1,2
[12:05:58 B] 1,2;2,2
[12:05:58 A] 2,2;1,1
[12:05:58 B] 1,1;1,0
[12:05:58 A] 1,0;0,0
[12:05:58 B] 0,0;0,1
[12:05:59 A] 0,1;2,1
[12:05:59 B] 0,0;2,0
[12:05:59 A] 2,0;1,1
[12:05:59 B] 1,1;2,2
[12:05:59 A] 0,0;2,2
[12:05:59 B] 0,0;0,0
[12:05:59 A] 0,1;0,2
[12:05:59 B] 0,1;1,2
[12:05:59 A] 1,2;0,2
[12:05:59 B] 0,1;1,0
[12:05:59 B] 0,0;2,0
[12:05:59 A] 2,0;1,1
[12:05:59 B] 1,1;2,0
[12:05:59 A] 2,0;0,0
[12:05:59 B] 0,0;0,0
[12:05:59 A] 0,0;1,0
[12:05:59 B] 1,0;1,0
[12:05:59 A] 1,0;1,2
[12:05:59 B] 1,2;0,2
[12:05:59 A] 0,2;0,0
[12:05:59 B] 0,0;1,2
[12:05:59 A] 1,2;0,0
[12:05:59 B] 0,0;2,1
[12:05:59 A] 2,1;2,2
[12:05:59 B] 2,2;0,1
[12:05:59 A] 0,1;1,1
[12:05:59 B] 1,1;0,0
[12:05:59 A] 0,0;2,2
[12:05:59 B] 2,2;1,0
[12:05:59 A] 1,0;0,1
[12:05:59 B] 0,1;0,2
[12:05:59 A] 0,2;2,1
[12:05:59 B] 2,1;0,0
[12:05:59 A] 0,0;0,1
[12:05:59 B] 0,1;2,0
[12:05:59 A] 2,0;2,2
[12:05:59 B] 2,2;2,0
[12:05:59 A] 1,1;1,0
[12:05:59 B] 1,0;2,0
[12:05:59 A] 1,0;0,0
[12:05:59 B] 0,0;0,2
[12:05:59 A] 0,2;1,1
[12:05:59 B] 1,1;1,2
[12:05:59 A] 1,2;1,0
[12:05:59 B] 1,0;2,2
[12:05:59 A] 2,2;0,0
[12:05:59 B] 0,0;1,1
[12:05:59 A] 1,1;2,1
[12:05:59 B] 2,1;1,0
[12:05:59 A] 1,0;2,1
[12:05:59 B] 2,1;1,2
[12:05:59 A] 1,2;2,0
[12:05:59 B] 0,2;2,2
[12:05:59 A] 2,2;0,2
[12:05:59 B] 0,2;1,0
[12:05:59 A] 1,0;0,2
[12:05:59 B] 0,2;0,2
[12:05:59 A] 0,2;1,2
[12:05:59 B] 2,2;2,1
[12:05:59 A] 2,1;1,1
[12:05:59 B] 1,1;0,2
[12:05:59 A] 0,2;0,1
[12:05:59 B] 0,1;0,0
[12:05:59 A] 0,1;0,1
[12:05:59 B] 0,1;1,2
[12:05:59 A] 0,1;1,0
[12:05:59 B] 2,2;1,2
[12:05:59 A] 0,1;2,2
[12:05:59 B] 2,2;2,2
[12:05:59 A] 1,1;0,1
[12:05:59 B] 0,1;2,1
[12:05:59 A] 2,1;2,0
[12:05:59 B] 2,1;0,1
[12:05:59 A] 1,1;2,2
[12:05:59 B] 2,1;2,1
[12:05:59 A] 2,1;0,2
[12:05:59 B] 1,1;1,1
