[13:51:42 B] 1,0;0,2
[13:51:42 A] 0,2;1,2
[13:51:42 B] 1,2;0,1
[13:51:42 A] 0,1;0,0
[13:51:42 B] 0,0;0,0
[13:51:42 A] 0,0;0,1
[13:51:42 B] 0,1;0,1
[13:51:42 A] 0,1;0,2
[13:51:42 B] 0,2;0,0
[13:51:42 A] 0,0;0,2
[13:51:42 B] 0,2;0,1
[13:51:42 A] 0,1;2,2
[13:51:42 B] 2,2;0,0
[13:51:42 A] 0,0;1,2
[13:51:42 B] 1,2;1,0
[13:51:42 A] 1,0;2,2
[13:51:42 B] 2,2;0,2
[13:51:42 A] 0,2;2,1
[13:51:42 B] 2,1;1,2
[13:51:42 A] 1,2;0,2
[13:51:42 B] 0,2;0,2
[13:51:42 A] 0,0;2,2
[13:51:42 B] 2,2;0,1
[13:51:42 A] 0,1;1,1
[13:51:42 B] 1,1;1,0
[13:51:42 A] 1,0;1,1
[13:51:42 B] 1,1;0,1
[13:51:42 A] 1,0;0,0
[13:51:42 B] 2,0;1,1
[13:51:42 A] 1,1;0,0
[13:51:42 B] 1,1;0,2
[13:51:42 A] 2,1;2,1
[13:51:42 B] 2,1;0,0
[13:51:42 A] 1,2;0,0
[13:51:42 B] 1,1;2,0
[13:51:42 A] 2,0;2,1
[13:51:42 B] 2,1;0,1
[13:51:42 A] 1,1;2,2
[13:51:42 B] 1,1;1,1
[13:51:43 A] 2,0;0,1
[13:51:43 B] 2,1;0,2
[13:51:43 A] 2,0;0,0
[13:51:43 B] 2,0;0,2
[13:51:43 A] 1,2;2,1
[13:51:43 B] 2,0;2,0
[13:51:43 A] 1,0;0,2
[13:51:43 B] 0,2;0,2
[13:51:43 A] 0,2;0,1
[13:51:43 B] 0,1;0,0
[13:51:43 A] 0,0;1,0
[13:51:43 B] 1,0;2,2
[13:51:43 A] 2,2;2,2
[13:51:43 B] 2,2;0,0
[13:51:43 A] 0,0;2,1
[13:51:43 B] 2,1;1,1
[13:51:43 A] 1,1;0,2
[13:51:43 B] 0,2;2,0
[13:51:43 A] 2,0;1,2
[13:51:43 B] 1,2;0,2
[13:51:43 A] 0,2;1,2
[13:51:43 B] 1,2;0,0
[13:51:43 A] 0,0;2,2
[13:51:43 B] 2,2;1,1
[13:51:43 A] 1,1;1,2
[13:51:43 B] 1,2;0,1
[13:51:43 A] 0,1;2,0
[13:51:43 B] 2,0;1,1
[13:51:43 A] 1,1;2,2
[13:51:43 B] 2,2;2,1
[13:51:43 A] 2,1;0,2
[13:51:43 B] 0,2;1,1
[13:51:43 A] 0,0;2,0
[13:51:43 B] 2,0;2,2
[13:51:43 A] 2,2;1,0
[13:51:43 B] 1,0;2,1
[13:51:43 A] 2,1;0,0
[13:51:43 B] 2,1;0,1
[13:51:43 A] 0,1;1,2
[13:51:43 B] 1,0;2,0
[13:51:43 A] 2,0;0,0
[13:51:43 B] 2,1;2,1
[13:51:43 A] 2,2;0,2
[13:51:43 B] 2,2;1,2
[13:51:43 A] 2,0;2,1
[13:51:43 B] 2,2;0,1
[13:51:44 B] 0,1;1,1
[13:51:44 A] 1,1;2,2
[13:51:44 B] 2,2;0,1
[13:51:44 A] 0,1;0,0
[13:51:44 B] 0,0;0,2
[13:51:44 A] 0,2;0,2
[13:51:44 B] 0,2;0,0
[13:51:44 A] 0,0;2,0
[13:51:44 B] 2,0;0,1
[13:51:44 A] 0,1;2,2
[13:51:44 B] 2,2;2,0
[13:51:44 A] 2,0;1,0
[13:51:44 B] 1,0;1,0
[13:51:44 A] 1,0;2,2
[13:51:44 B] 2,2;1,0
[13:51:44 A] 1,0;1,2
[13:51:44 B] 1,2;0,0
[13:51:44 A] 0,0;0,0
[13:51:44 B] 0,0;1,0
[13:51:44 A] 1,0;0,2
[13:51:44 B] 0,2;0,1
[13:51:44 A] 0,1;2,0
[13:51:44 B] 2,0;1,2
[13:51:44 A] 1,2;2,0
[13:51:44 B] 2,0;1,1
[13:51:44 A] 1,1;1,0
[13:51:44 B] 0,1;2,1
[13:51:44 A] 2,1;1,2
[13:51:44 B] 1,2;1,0
[13:51:44 A] 0,1;1,0
[13:51:44 B] 2,0;2,1
[13:51:44 A] 2,1;1,0
[13:51:44 B] 2,1;1,1
[13:51:44 A] 1,1;0,1
[13:51:44 B] 2,2;0,0
[13:51:44 A] 0,0;0,1
[13:51:45 B] 2,1;0,2
[13:51:45 A] 0,2;2,1
[13:51:45 B] 2,1;2,0
[13:51:45 A] 2,1;1,2
[13:51:45 B] 1,2;0,1
[13:51:45 A] 0,1;2,2
[13:51:45 B] 2,2;1,1
[13:51:45 A] 1,1;0,0
[13:51:45 B] 0,0;1,2
[13:51:45 A] 1,2;2,0
[13:51:45 B] 2,0;0,1
[13:51:45 A] 0,1;0,2
[13:51:45 B] 0,2;1,2
[13:51:45 A] 1,2;0,0
[13:51:45 B] 0,0;0,1
[13:51:45 A] 0,1;1,2
[13:51:45 B] 1,2;1,0
[13:51:45 A] 1,0;2,1
[13:51:45 B] 2,1;0,2
[13:51:45 A] 0,2;1,0
[13:51:45 B] 1,0;2,0
[13:51:45 A] 2,0;0,2
[13:51:46 B] 0,2;2,0
[13:51:46 A] 2,0;2,2
[13:51:46 B] 2,2;1,0
[13:51:46 A] 1,0;2,2
[13:51:46 B] 2,2;1,2
[13:51:46 A] 1,2;1,1
[13:51:46 B] 1,1;0,2
[13:51:46 A] 0,2;1,1
[13:51:46 B] 1,1;0,1
[13:51:46 A] 1,2;0,2
[13:51:46 B] 0,2;2,2
[13:51:46 A] 2,0;1,2
[13:51:46 B] 0,2;2,1
[13:51:46 A] 2,1;2,0
[13:51:46 B] 1,0;0,0
[13:51:46 A] 0,0;2,2
[13:51:46 B] 1,0;1,0
[13:51:46 A] 1,1;1,2
[13:51:46 B] 0,0;0,0
[13:51:46 A] 0,0;2,0
[13:51:46 B] 0,0;2,1
[13:51:46 A] 2,1;2,1
[13:51:46 B] 2,1;2,2
[13:51:46 A] 1,1;1,1
[13:51:46 B] 1,1;1,0
[13:51:46 A] 1,1;2,2
[13:51:46 B] 0,0;0,2
[13:51:46 A] 2,1;0,0
[13:51:46 B] 2,1;1,0
[13:51:46 A] 2,1;0,1
[13:51:46 B] 2,1;1,1
[13:51:47 B] 0,2;1,2
[13:51:47 A] 1,2;0,2
[13:51:47 B] 0,2;0,0
[13:51:47 A] 0,0;0,0
[13:51:47 B] 0,0;1,0
[13:51:47 A] 1,0;0,2
[13:51:47 B] 0,2;2,0
[13:51:47 A] 2,0;1,1
[13:51:47 B] 1,1;2,1
[13:51:47 A] 2,1;1,1
[13:51:47 B] 1,1;1,0
[13:51:47 A] 1,0;2,2
[13:51:47 B] 2,2;1,0
[13:51:47 A] 1,0;1,2
[13:51:47 B] 1,2;2,1
[13:51:47 A] 2,1;2,0
[13:51:47 B] 2,0;2,2
[13:51:47 A] 2,2;2,0
[13:51:47 B] 2,0;2,1
[13:51:47 A] 2,1;0,2
[13:51:47 B] 0,2;1,0
[13:51:47 A] 2,0;2,0
[13:51:47 B] 2,0;0,2
[13:51:47 A] 2,0;0,1
[13:51:47 B] 0,1;0,0
[13:51:47 A] 0,0;2,1
[13:51:47 B] 2,0;1,2
[13:51:47 A] 1,2;0,1
[13:51:47 B] 0,1;1,0
[13:51:47 A] 1,2;0,0
[13:51:47 B] 0,0;2,2
[13:51:47 A] 2,2;0,0
[13:51:47 B] 0,0;2,0
[13:51:47 A] 1,1;2,0
[13:51:47 B] 0,1;2,0
[13:51:47 A] 1,1;1,2
[13:51:47 B] 0,0;0,2
[13:51:47 A] 2,2;0,1
[13:51:47 B] 2,2;0,2
[13:51:47 A] 0,0;0,1
[13:51:47 B] 0,0;1,1
[13:51:47 A] 2,2;0,2
[13:51:47 B] 0,2;2,1
[13:51:47 A] 2,1;1,1
[13:51:47 B] 1,1;0,0
[13:51:47 A] 0,0;1,2
[13:51:47 B] 1,2;0,0
[13:51:47 A] 0,0;1,1
[13:51:47 B] 1,1;0,2
[13:51:47 A] 0,2;0,0
[13:51:47 B] 0,0;1,0
[13:51:47 A] 1,0;1,2
[13:51:47 B] 1,2;0,2
[13:51:47 A] 0,2;0,2
[13:51:47 B] 0,2;0,1
[13:51:47 A] 0,1;1,0
[13:51:47 B] 1,0;2,2
[13:51:47 A] 2,2;1,0
[13:51:47 B] 1,0;0,1
[13:51:47 A] 0,1;2,0
[13:51:47 B] 2,0;0,1
[13:51:47 A] 0,1;0,0
[13:51:47 B] 0,0;0,2
[13:51:47 A] 0,2;2,0
[13:51:47 B] 2,0;1,0
[13:51:47 A] 1,0;1,1
[13:51:47 B] 1,1;0,1
[13:51:47 A] 0,2;1,0
[13:51:47 B] 1,0;1,0
[13:51:47 A] 1,0;0,2
[13:51:47 B] 1,0;2,0
[13:51:47 A] 2,0;0,2
[13:51:47 B] 1,0;2,1
[13:51:47 A] 2,1;1,2
[13:51:47 B] 1,2;0,1
[13:51:48 B] 1,1;0,1
[13:51:48 A] 0,1;2,2
[13:51:49 B] 2,2;0,0
[13:51:49 A] 0,0;1,0
[13:51:49 B] 1,0;0,0
[13:51:49 A] 0,0;0,0
[13:51:49 B] 0,0;2,0
[13:51:49 A] 2,0;2,0
[13:51:49 B] 2,0;1,0
[13:51:49 A] 1,0;0,2
[13:51:49 B] 0,2;0,2
[13:51:49 A] 0,2;2,1
[13:51:49 B] 2,1;0,0
[13:51:49 A] 0,0;1,2
[13:51:49 B] 1,2;1,2
[13:51:49 A] 1,2;2,2
[13:51:49 B] 2,2;1,2
[13:51:49 A] 1,2;0,1
[13:51:49 B] 0,1;0,1
[13:51:49 A] 0,1;1,0
[13:51:49 B] 1,0;2,2
[13:51:49 A] 2,2;0,1
[13:51:49 B] 0,1;0,0
[13:51:49 A] 0,0;1,1
[13:51:49 B] 1,1;0,2
[13:51:49 A] 0,2;1,1
[13:51:49 B] 1,1;0,0
[13:51:49 A] 0,2;0,1
[13:51:49 B] 0,1;0,2
[13:51:49 A] 2,2;2,2
[13:51:49 B] 2,2;1,0
[13:51:49 A] 1,0;2,1
[13:51:49 B] 2,1;0,2
[13:51:49 A] 2,0;1,1
[13:51:49 B] 2,0;0,2
[13:51:49 A] 1,2;0,0
[13:51:49 B] 1,2;0,2
[13:51:49 A] 1,2;1,1
[13:51:49 B] 1,0;1,1
[13:51:49 A] 2,1;1,2
[13:51:49 B] 2,1;0,1
[13:51:49 A] 2,0;0,1
[13:51:49 B] 0,1;0,0
[13:51:49 A] 0,0;2,0
[13:51:49 B] 2,0;1,1
[13:51:49 A] 1,1;0,2
[13:51:49 B] 0,2;0,1
[13:51:49 A] 0,1;1,1
[13:51:49 B] 1,1;2,1
[13:51:49 A] 2,1;2,0
[13:51:49 B] 2,0;0,2
[13:51:49 A] 0,2;1,1
[13:51:49 B] 1,1;0,0
[13:51:49 A] 0,0;1,2
[13:51:49 B] 1,2;1,0
[13:51:49 A] 1,0;2,0
[13:51:49 B] 2,0;2,0
[13:51:49 A] 0,1;2,0
[13:51:49 B] 0,1;0,2
[13:51:49 A] 0,2;1,2
[13:51:49 B] 1,2;0,1
[13:51:49 A] 0,1;2,1
[13:51:49 B] 2,1;2,2
[13:51:49 A] 2,2;0,0
[13:51:49 B] 0,0;1,1
[13:51:49 A] 1,1;1,2
[13:51:49 B] 1,2;2,0
[13:51:49 A] 0,1;0,1
[13:51:49 B] 0,2;1,0
[13:51:49 A] 1,0;2,2
[13:51:49 B] 2,2;0,1
[13:51:49 A] 1,0;2,1
[13:51:49 B] 2,1;1,1
[13:51:49 A] 1,1;2,2
[13:51:49 B] 2,2;1,2
[13:51:49 A] 1,2;0,2
[13:51:49 B] 0,2;2,1
[13:51:49 A] 2,1;0,0
[13:51:49 B] 0,0;0,2
[13:51:49 A] 0,2;2,0
[13:51:49 B] 0,2;0,2
[13:51:49 A] 0,2;2,2
[13:51:49 B] 2,2;1,1
[13:51:49 A] 0,2;0,0
[13:51:49 B] 0,0;2,2
[13:51:49 A] 2,2;2,0
[13:51:49 B] 2,1;1,0
[13:51:49 A] 2,2;1,0
[13:51:49 B] 0,0;0,0
[13:51:49 A] 1,2;2,2
[13:51:49 B] 1,2;1,2
[13:51:49 A] 1,2;2,1
[13:51:49 B] 2,1;1,2
[13:51:49 A] 1,2;0,0
[13:51:49 B] 1,2;1,1
[13:51:50 B] 0,0;2,0
[13:51:50 A] 2,0;1,0
[13:51:50 B] 1,0;0,2
[13:51:50 A] 0,2;0,2
[13:51:50 B] 0,2;0,0
[13:51:50 A] 0,0;1,0
[13:51:50 B] 1,0;0,1
[13:51:50 A] 0,1;0,2
[13:51:50 B] 0,2;1,2
[13:51:50 A] 1,2;0,0
[13:51:50 B] 0,0;2,2
[13:51:50 A] 2,2;2,0
[13:51:51 B] 2,0;0,0
[13:51:51 A] 0,0;2,1
[13:51:51 B] 2,1;1,0
[13:51:51 A] 1,0;1,0
[13:51:51 B] 1,0;0,0
[13:51:51 A] 0,0;1,1
[13:51:51 B] 1,1;0,2
[13:51:51 A] 0,2;1,1
[13:51:51 B] 1,1;0,0
[13:51:51 A] 0,0;0,1
[13:51:51 B] 0,1;1,2
[13:51:51 A] 1,2;1,2
[13:51:51 B] 1,2;0,2
[13:51:51 A] 0,2;2,0
[13:51:51 B] 2,0;2,1
[13:51:51 A] 2,1;1,1
[13:51:51 B] 1,1;0,1
[13:51:51 A] 0,1;1,1
[13:51:51 B] 0,1;2,0
[13:51:51 A] 2,0;2,0
[13:51:51 B] 2,0;1,1
[13:51:51 A] 0,1;0,1
[13:51:51 B] 0,1;0,0
[13:51:51 A] 0,1;2,1
[13:51:51 A] 1,2;1,1
[13:51:51 B] 1,1;2,2
[13:51:51 A] 2,2;2,2
[13:51:51 B] 2,2;0,1
[13:51:51 A] 0,1;2,0
[13:51:51 B] 2,0;0,0
[13:51:51 A] 0,0;1,2
[13:51:51 B] 1,2;1,0
[13:51:51 A] 1,0;0,0
[13:51:51 B] 0,0;2,0
[13:51:51 A] 2,0;1,1
[13:51:51 B] 1,1;0,0
[13:51:51 A] 0,0;1,0
[13:51:51 B] 1,0;0,1
[13:51:51 A] 0,1;0,2
[13:51:51 B] 0,2;1,0
[13:51:51 A] 1,0;2,1
[13:51:51 B] 2,1;2,1
[13:51:51 A] 2,1;2,2
[13:51:51 B] 2,2;1,0
[13:51:51 A] 1,0;1,2
[13:51:51 B] 1,2;0,1
[13:51:51 A] 0,1;1,1
[13:51:51 B] 1,1;1,1
[13:51:51 A] 0,0;1,1
[13:51:51 B] 0,2;2,1
[13:51:51 A] 2,1;1,2
[13:51:51 B] 1,2;1,2
[13:51:51 A] 1,2;2,0
[13:51:51 B] 2,0;1,2
[13:51:52 A] 1,2;0,2
[13:51:52 B] 0,2;1,1
[13:51:52 A] 2,1;0,2
[13:51:52 B] 0,2;1,2
[13:51:52 A] 2,0;2,0
[13:51:52 B] 2,0;0,2
[13:51:52 A] 2,2;0,2
[13:51:52 B] 2,2;1,2
[13:51:52 A] 2,0;0,1
[13:51:52 B] 2,0;2,1
[13:51:52 A] 2,0;2,2
[13:51:52 B] 2,2;1,1
[13:51:52 A] 2,0;1,0
[13:51:52 B] 1,0;0,2
[13:51:52 A] 1,0;1,0
[13:51:52 B] 1,0;1,1
[13:51:52 A] 1,0;2,0
